number,value,datetime_start,datetime_complete,duration,params_learning_rate,params_max_depth,params_n_estimators,params_num_leaves,params_reg_alpha,params_reg_lambda,user_attrs_mean_fit_time,user_attrs_mean_score_time,user_attrs_mean_test_score,user_attrs_split0_test_score,user_attrs_split1_test_score,user_attrs_split2_test_score,user_attrs_split3_test_score,user_attrs_std_fit_time,user_attrs_std_score_time,user_attrs_std_test_score,state,key
11,-2.2363666669313624,2023-04-25 18:21:42.195569,2023-04-25 18:21:44.237879,0 days 00:00:02.042310,1.8831682412688283e-06,19,67,38,6.343034033014062e-05,381471.9426544701,0.5009003281593323,0.008429467678070068,-2.2363666669313624,-3.958647574308609,-2.1489777248527577,-1.260035212552886,-1.5778061560111976,0.1253206936559083,0.0019587987534617993,1.0441280341110029,COMPLETE,7_0
12,-2.236164172696314,2023-04-25 18:21:43.195922,2023-04-25 18:22:21.361953,0 days 00:00:38.166031,1.034129454486463e-06,40,390,32,7.296158848162275e-06,0.0036555399836795967,9.463133752346039,0.07641381025314331,-2.236164172696314,-3.9586336274246747,-2.148947379355279,-1.2595245523739038,-1.5775511316313995,0.339852704310422,0.0336110169192506,1.044282514140353,COMPLETE,7_0
13,-2.236368718152096,2023-04-25 18:21:44.239725,2023-04-25 18:21:44.772772,0 days 00:00:00.533047,1.342878386420616e-07,1,9,29,248.7171148007703,2847.1581261541633,0.12275940179824829,0.006760120391845703,-2.236368718152096,-3.9586479962273904,-2.1489754471272957,-1.2600387096323062,-1.5778127196213916,0.0071244592530733805,0.0021101092660040944,1.0441264032966742,COMPLETE,7_0
14,-2.087309301466351,2023-04-25 18:21:44.774493,2023-04-25 18:21:46.671858,0 days 00:00:01.897365,0.9482311377847318,47,162,23,597.6360959597899,0.04656388551940504,0.46267640590667725,0.007442355155944824,-2.087309301466351,-3.8405137086352465,-2.2131117833407172,-0.8601135560560265,-1.4354981578334134,0.014048811138611438,0.0017464982304769986,1.1203145900013385,COMPLETE,7_0
15,-2.0023383634487053,2023-04-25 18:21:46.673673,2023-04-25 18:21:56.242385,0 days 00:00:09.568712,0.009919432110403702,47,183,27,241.89323130883986,16639.999280064487,2.3655858039855957,0.022712290287017822,-2.0023383634487053,-3.9339671686724214,-2.1447745058309535,-0.7502054757315306,-1.1804063035599155,0.716746468870906,0.0031288328372012096,1.224222914281006,COMPLETE,7_0
16,-2.234785951103943,2023-04-25 18:21:56.244179,2023-04-25 18:21:59.730303,0 days 00:00:03.486124,0.004875101455021293,39,170,32,0.006679712461711004,3871283.2737734145,0.8503682017326355,0.016905248165130615,-2.234785951103943,-3.9579845271801104,-2.150760032658679,-1.2573853239459016,-1.5730139206310814,0.15730479133094252,0.003384565709820536,1.0451947060053701,COMPLETE,7_0
17,-2.2353686213928663,2023-04-25 18:21:56.534686,2023-04-25 18:22:00.094829,0 days 00:00:03.560143,0.003627613923602016,37,188,31,0.0019531329725926264,5065247.528861402,0.8705054521560669,0.015562057495117188,-2.2353686213928663,-3.958229179599731,-2.1500995118819484,-1.258361173458773,-1.5747846206310128,0.15120774189104605,0.0032156225502272934,1.0448007105954322,COMPLETE,7_0
18,-2.168308317394183,2023-04-25 18:21:59.732590,2023-04-25 18:22:13.249980,0 days 00:00:13.517390,0.9646427654958449,8,179,25,18.925909456219486,33559.48470468055,3.340958535671234,0.03247958421707153,-2.168308317394183,-3.9433572278900058,-2.232503094291514,-1.529022349993888,-0.9683505974013246,0.13981816295463442,0.011056275838326229,1.1184257554615211,COMPLETE,7_0
19,-2.079425723103555,2023-04-25 18:22:00.096461,2023-04-25 18:22:01.809173,0 days 00:00:01.712712,0.5052719359778067,7,22,24,35.45733345736888,17358.77308103142,0.4154375195503235,0.00850832462310791,-2.079425723103555,-3.936927149698959,-2.267463342858758,-0.8513419821435271,-1.2619704177129754,0.04405817260327088,0.002207143725820184,1.1897575958329438,COMPLETE,7_0
20,-1.9301792766948294,2023-04-25 18:22:01.810553,2023-04-25 18:22:06.468554,0 days 00:00:04.658001,0.06208513640629079,6,191,14,5012.54116415397,89796.55290009106,1.13955819606781,0.020286738872528076,-1.9301792766948294,-3.899439508406138,-2.1574203497436515,-0.8067495979763855,-0.8571076506531419,0.16696922340536471,0.006707945590127374,1.2592856430454167,COMPLETE,7_0
21,-2.2363690547587627,2023-04-25 18:22:06.470687,2023-04-25 18:22:08.983259,0 days 00:00:02.512572,0.12885348758998855,7,327,12,104164.08198346118,146662.44264769176,0.6175444722175598,0.006284773349761963,-2.2363690547587627,-3.9586485361323644,-2.14897523127419,-1.2600392414947599,-1.577813210133736,0.06677028186982527,0.001490101712872482,1.0441264287793026,COMPLETE,7_0
22,-2.0905282608503546,2023-04-25 18:22:08.985395,2023-04-25 18:22:10.983238,0 days 00:00:01.997843,0.04214340931181352,7,148,14,24619.16126239831,767.3517513171042,0.47992151975631714,0.014027714729309082,-2.0905282608503546,-3.92444042751806,-2.150248097231572,-1.0330688223881523,-1.254355696263633,0.04408501168848156,0.006275568714759061,1.1384425013664028,COMPLETE,7_0
23,-2.2363690547587627,2023-04-25 18:22:10.985686,2023-04-25 18:22:12.599809,0 days 00:00:01.614123,0.5582085250557068,4,206,17,8428765.384909006,257029.34833409707,0.3936476707458496,0.005853593349456787,-2.2363690547587627,-3.9586485361323644,-2.14897523127419,-1.2600392414947599,-1.577813210133736,0.006473575094620852,0.001833902834615163,1.0441264287793026,COMPLETE,7_0
24,-2.0308716167083425,2023-04-25 18:22:12.601253,2023-04-25 18:22:24.748744,0 days 00:00:12.147491,0.021162410299639844,-1,206,25,32.987691760203084,9244.554915156601,2.9973557591438293,0.03499346971511841,-2.0308716167083425,-3.9442792956843125,-2.1864130003624513,-0.6854188393173127,-1.3073753314692933,0.48913834308682935,0.010161199961522717,1.2266837529429888,COMPLETE,7_0
25,-1.9537341795740857,2023-04-25 18:22:13.251256,2023-04-25 18:22:16.012129,0 days 00:00:02.760873,0.023029983933201315,21,123,10,5546.39594466301,1514.7843533515208,0.6729097366333008,0.012670457363128662,-1.9537341795740857,-3.9022976376918512,-2.1485658359460396,-0.7629553130590362,-1.0011179315994154,0.12521302619922045,0.002721868064559545,1.2409966709746554,COMPLETE,7_0
26,-1.9918672337903975,2023-04-25 18:22:16.014120,2023-04-25 18:22:18.205039,0 days 00:00:02.190919,0.029866045382208505,23,127,10,15835.813425373653,1547.4072252062188,0.5312928557395935,0.011708319187164307,-1.9918672337903975,-3.8822484233883907,-2.1453710335895653,-0.9263106820272026,-1.013538796156432,0.05838553109180102,0.00395190528395883,1.1926484976122986,COMPLETE,7_0
27,-2.198993957921375,2023-04-25 18:22:18.206660,2023-04-25 18:22:21.092411,0 days 00:00:02.885751,0.0007541363136013632,21,123,10,8040.1760082123055,434.86577214814315,0.7031092047691345,0.013560831546783447,-2.198993957921375,-3.9497146213030025,-2.1426466262988444,-1.1954416740758214,-1.50817291000783,0.13624578436499507,0.002874587859766416,1.0668351289707774,COMPLETE,7_0
28,-1.9485175940864274,2023-04-25 18:22:20.741667,2023-04-25 18:22:23.497876,0 days 00:00:02.756209,0.021640915853882,21,125,9,6416.954587183045,1772.1746625971932,0.6706090569496155,0.013888180255889893,-1.9485175940864274,-3.9024186548528377,-2.1416393168810948,-0.7700703115766175,-0.9799420930351596,0.09975676023227485,0.00384637155488411,1.243171534219107,COMPLETE,7_0
29,-2.0472228869993505,2023-04-25 18:22:21.093824,2023-04-25 18:22:22.452744,0 days 00:00:01.358920,0.03923484554832218,26,47,5,2843.791971287228,3092.801575585403,0.3257160782814026,0.008680224418640137,-2.0472228869993505,-4.018878028875767,-2.137147998842673,-0.8154175274934021,-1.2174479927855606,0.03343183149705347,0.0024158457125568415,1.2350487179665048,COMPLETE,7_0
30,-1.9423824286636828,2023-04-25 18:22:21.363977,2023-04-25 18:22:26.573885,0 days 00:00:05.209908,0.02269936352116434,25,222,8,5679.191518564202,1973.1406927497906,1.2743034958839417,0.022597551345825195,-1.9423824286636828,-3.8995007919151496,-2.169786825371525,-0.7900003390273397,-0.9102417583407177,0.28220322941344334,0.007421780612384314,1.2525298291126168,COMPLETE,7_0
31,-2.2363690547587627,2023-04-25 18:22:22.454318,2023-04-25 18:22:25.072804,0 days 00:00:02.618486,0.0019010759907219566,11,221,15,251065.57216262235,48.49379679083386,0.6436858177185059,0.006244242191314697,-2.2363690547587627,-3.9586485361323644,-2.14897523127419,-1.2600392414947599,-1.577813210133736,0.20746450729117064,0.0017110242871262542,1.0441264287793026,COMPLETE,7_0
32,-2.2363690547587627,2023-04-25 18:22:23.499872,2023-04-25 18:22:26.804353,0 days 00:00:03.304481,0.0017755932734458677,11,237,15,622966.963317381,109.8317251786853,0.8150615692138672,0.0056969523429870605,-2.2363690547587627,-3.9586485361323644,-2.14897523127419,-1.2600392414947599,-1.577813210133736,0.45219454407036913,0.0022442761136259497,1.0441264287793026,COMPLETE,7_0
33,-2.2363690547587627,2023-04-25 18:22:24.750688,2023-04-25 18:22:26.971978,0 days 00:00:02.221290,0.002253029813749939,18,229,15,785440.3780125348,89.6822794257351,0.5423117876052856,0.007633209228515625,-2.2363690547587627,-3.9586485361323644,-2.14897523127419,-1.2600392414947599,-1.577813210133736,0.04612627249237632,0.002729292063241593,1.0441264287793026,COMPLETE,7_0
34,-2.2363690547587627,2023-04-25 18:22:25.074562,2023-04-25 18:22:26.492477,0 days 00:00:01.417915,0.014760472372115724,24,123,10,802580.6073974892,728.8036832625302,0.34257757663726807,0.007203936576843262,-2.2363690547587627,-3.9586485361323644,-2.14897523127419,-1.2600392414947599,-1.577813210133736,0.02923505277346843,0.002459738392948993,1.0441264287793026,COMPLETE,7_0
35,-2.2261966413814402,2023-04-25 18:22:26.494081,2023-04-25 18:22:28.732585,0 days 00:00:02.238504,0.0025782641772435903,33,143,9,15532.83355222715,193718.17092942866,0.5426717400550842,0.012113511562347412,-2.2261966413814402,-3.94692080502928,-2.15515409130903,-1.2467533854814472,-1.555958283706004,0.01915577362921647,0.002888457298700698,1.0457613540992268,COMPLETE,7_0
36,-2.0548079778352086,2023-04-25 18:22:26.576402,2023-04-25 18:22:33.780614,0 days 00:00:07.204212,0.002756553989504944,18,295,7,3048.3938616272444,115.10273605365568,1.7665647268295288,0.02989143133163452,-2.0548079778352086,-3.9047344008304656,-2.125834453995209,-0.8108126258759838,-1.3778504306391761,0.19441601995045607,0.010043833185350199,1.1654471767537942,COMPLETE,7_0
37,-1.9538047239539031,2023-04-25 18:22:26.806438,2023-04-25 18:22:32.562736,0 days 00:00:05.756298,0.2615893442747104,31,297,7,5288.977722509791,122284.92620919326,1.4083819389343262,0.026295483112335205,-1.9538047239539031,-3.918539801976093,-2.1881244388349232,-0.8178780299508046,-0.8906766250537919,0.11333339178298196,0.005659403667277348,1.2585368950106863,COMPLETE,7_0
38,-2.2119539650430045,2023-04-25 18:22:26.974487,2023-04-25 18:22:31.154368,0 days 00:00:04.179881,0.00885029991128745,33,299,7,4317.426850642576,744938.7342321815,1.0168229937553406,0.023104071617126465,-2.2119539650430045,-3.9480650431957236,-2.1582808210772457,-1.2276641017529286,-1.5138058941461205,0.06997107194678857,0.008391965351183951,1.057497014882359,COMPLETE,7_0
39,-2.225744319871593,2023-04-25 18:22:28.734502,2023-04-25 18:22:33.708025,0 days 00:00:04.973523,0.006879845885723179,30,295,7,2477.4455303449135,1255893.9212307706,1.214895248413086,0.023498833179473877,-2.225744319871593,-3.953152455705272,-2.1614121839617577,-1.2429743499179637,-1.5454382899013783,0.17460143778320045,0.006460052859571583,1.050800956379418,COMPLETE,7_0
40,-2.2363690547587627,2023-04-25 18:22:31.156147,2023-04-25 18:22:33.571622,0 days 00:00:02.415475,0.192306866058407,30,286,5,5983706.237851951,65968.80799935656,0.5908674597740173,0.00716930627822876,-2.2363690547587627,-3.9586485361323644,-2.14897523127419,-1.2600392414947599,-1.577813210133736,0.03599540745288029,0.0027043865110946363,1.0441264287793026,COMPLETE,7_0
41,-2.2363690547587627,2023-04-25 18:22:32.564817,2023-04-25 18:22:33.569284,0 days 00:00:01.004467,0.09252387196042369,27,74,5,127222.74169746756,1.2745130800150342,0.23773890733718872,0.008041024208068848,-2.2363690547587627,-3.9586485361323644,-2.14897523127419,-1.2600392414947599,-1.577813210133736,0.017853591077229936,0.001571612798224758,1.0441264287793026,COMPLETE,7_0
42,-1.9686231763316153,2023-04-25 18:22:33.573561,2023-04-25 18:22:44.854826,0 days 00:00:11.281265,0.014591641594862509,16,338,12,1443.6682675938569,4813.449021873709,2.76962149143219,0.041373252868652344,-1.9686231763316153,-3.911953461452373,-2.2011120880146366,-0.6838289855677472,-1.0775981702917041,0.361589711224403,0.015373207029705334,1.2525180003828376,COMPLETE,7_0
43,-1.9943981440784615,2023-04-25 18:22:33.574318,2023-04-25 18:22:48.403952,0 days 00:00:14.829634,0.020084256386233523,17,337,21,947.1956306659895,4363.450230595323,3.648567795753479,0.04968917369842529,-1.9943981440784615,-3.9168825061527546,-2.203897360976563,-0.6931932742979832,-1.1636194348865447,0.6457187967284623,0.017385412524841066,1.2372513306810522,COMPLETE,7_0
44,-2.2199097181675524,2023-04-25 18:22:33.710940,2023-04-25 18:22:36.966318,0 days 00:00:03.255378,0.01905281325366767,17,344,12,38178.014865058685,4865.334531364669,0.797358512878418,0.009242892265319824,-2.2199097181675524,-3.9586485361323644,-2.14897523127419,-1.194201895129918,-1.577813210133736,0.204170960239104,0.005291895226074449,1.0597887575359441,COMPLETE,7_0
45,-2.1722733752984658,2023-04-25 18:22:33.782201,2023-04-25 18:22:35.534278,0 days 00:00:01.752077,0.22046607063733736,22,109,12,31643.316293524716,9905.51564126436,0.42349278926849365,0.009247064590454102,-2.1722733752984658,-3.9586485361323644,-2.1609997266408474,-1.1330922081548924,-1.4363530302657577,0.09039031811416785,0.0032233753806232422,1.0968978487964742,COMPLETE,7_0
46,-2.232906844428721,2023-04-25 18:22:35.536825,2023-04-25 18:22:40.160797,0 days 00:00:04.623972,0.016688526132098175,14,255,11,749.2651677133268,8932284.506643455,1.1276694536209106,0.023587703704833984,-2.232906844428721,-3.957032575302823,-2.1529039482652594,-1.254315247697429,-1.5673756064493722,0.15303402059862345,0.009477335797361866,1.0463727038173494,COMPLETE,7_0
47,-1.9148721881739148,2023-04-25 18:22:36.967969,2023-04-25 18:22:48.298250,0 days 00:00:11.330281,0.0666636485851081,25,250,21,1022.6961951482349,57190.50935704107,2.790995180606842,0.03636747598648071,-1.9148721881739148,-3.9079166991667615,-2.2328484933998047,-0.8146523317086598,-0.7040712284204325,0.5533026937162305,0.008146759856983422,1.299024446477452,COMPLETE,7_0
48,-1.8890233124944587,2023-04-25 18:22:40.162783,2023-04-25 18:22:49.280246,0 days 00:00:09.117463,0.06493847479614717,25,204,20,189.67603261789557,120498.76611375672,2.2488120198249817,0.025135517120361328,-1.8890233124944587,-3.9234281829108,-2.195792326414301,-0.7607244808345174,-0.6761482598182155,0.6592394609885176,0.005433770671414376,1.3207038418590171,COMPLETE,7_0
49,-1.9046968270759883,2023-04-25 18:22:44.856834,2023-04-25 18:22:54.145259,0 days 00:00:09.288425,0.04458514273656449,26,369,17,93.10619390635277,68697.07662595889,2.2762959599494934,0.04042482376098633,-1.9046968270759883,-3.920789820358073,-2.2468571060358298,-0.7992529630761741,-0.6518874188338754,0.9145993587700948,0.010252954495328866,1.320344856836064,COMPLETE,7_0
0,-2.8214783849895073,2023-04-25 18:22:56.470341,2023-04-25 18:23:09.228379,0 days 00:00:12.758038,0.24062389020679512,39,219,22,0.0004838861573714578,45.282812224017114,3.177034854888916,0.011117696762084961,-2.8214783849895073,-2.9671956707250766,-2.719156022346613,-2.778083461896832,,0.1440855084514378,0.006077573672984189,0.10580880966659433,COMPLETE,7_3
1,-3.1490427908619267,2023-04-25 18:22:56.471057,2023-04-25 18:22:58.999642,0 days 00:00:02.528585,0.0008975313186521583,15,186,5,0.26040108034015874,2203.006344794053,0.6244357824325562,0.006388545036315918,-3.1490427908619267,-3.6627577837982894,-3.1566353439568218,-2.6277352448306694,,0.022266128535645833,0.0033561465275568072,0.4225802875901168,COMPLETE,7_3
2,-3.3636582085197184,2023-04-25 18:22:56.471286,2023-04-25 18:22:57.423222,0 days 00:00:00.951936,0.0030559051231760577,7,172,43,8545689.551067613,1.399792608522622e-07,0.23213118314743042,0.004450321197509766,-3.3636582085197184,-3.8879543545786257,-3.3746193915912204,-2.8284008793893105,,0.02897073782591539,0.002099166795000802,0.4326303289932287,COMPLETE,7_3
3,-2.4274021582729444,2023-04-25 18:22:56.471514,2023-04-25 18:22:57.959362,0 days 00:00:01.487848,0.041870083555122964,31,42,41,2206.757674018517,5.9683481467994275,0.36652618646621704,0.0039618611335754395,-2.4274021582729444,-2.6934913406428507,-2.2707645546768007,-2.317950579499182,,0.021368839680075316,0.0019259324827684459,0.1891370225794842,COMPLETE,7_3
4,-2.6808637231816514,2023-04-25 18:22:57.424560,2023-04-25 18:23:16.769697,0 days 00:00:19.345137,0.01780790444834951,27,252,35,0.39924240977957737,18.140419427892116,4.819684684276581,0.01568782329559326,-2.6808637231816514,-2.782709098798364,-2.601402848982073,-2.6584792217645172,,0.05448160969459586,0.008646066245540514,0.0756914283274845,COMPLETE,7_3
5,-3.36321662397656,2023-04-25 18:22:57.960685,2023-04-25 18:23:13.730119,0 days 00:00:15.769434,9.095469349950518e-07,5,319,21,0.016548726941329795,0.32979372042740246,3.927131772041321,0.014401555061340332,-3.36321662397656,-3.8874902349432205,-3.3742248424006123,-2.827934794585846,,0.1635195938168725,0.008033959308216976,0.4326317282650308,COMPLETE,7_3
6,-3.3636572613095477,2023-04-25 18:22:59.000773,2023-04-25 18:23:09.340800,0 days 00:00:10.340027,1.2240258434324754e-07,35,336,28,3.9622130250315445e-07,648497.2103786686,2.5712302327156067,0.012791752815246582,-3.3636572613095477,-3.8879533831248514,-3.374618368805377,-2.8284000319984153,,0.38739278379314895,0.006307043900148914,0.43263027739550436,COMPLETE,7_3
7,-3.3636582085197184,2023-04-25 18:23:09.230051,2023-04-25 18:23:09.883650,0 days 00:00:00.653599,0.0013166276420988983,34,74,44,78414.1249602073,4.731166253363514e-05,0.15962255001068115,0.0028867721557617188,-3.3636582085197184,-3.8879543545786257,-3.3746193915912204,-2.8284008793893105,,0.03248495520765869,0.0014959087030665809,0.4326303289932287,COMPLETE,7_3
8,-3.3588161181442087,2023-04-25 18:23:09.342377,2023-04-25 18:23:14.653314,0 days 00:00:05.310937,0.0002136116085211933,3,453,49,15836.506835224833,67214.55796388982,1.3147814869880676,0.01210474967956543,-3.3588161181442087,-3.8853552924025334,-3.369244506972262,-2.8218485550578314,,0.1389156779311952,0.006942231620694555,0.4342374224350507,COMPLETE,7_3
9,-2.5094719610944685,2023-04-25 18:23:09.884925,2023-04-25 18:23:21.790851,0 days 00:00:11.905926,0.006687806059093297,23,442,9,0.026768527910684774,0.00046047440131280785,2.958545446395874,0.016907215118408203,-2.5094719610944685,-2.605879356298807,-2.413458250411769,-2.5090782765728292,,0.1522774180767752,0.009703682486671956,0.07855608076749852,COMPLETE,7_3
10,-3.3636582085197184,2023-04-25 18:23:13.731368,2023-04-25 18:23:14.218037,0 days 00:00:00.486669,1.400617337636911e-05,12,73,15,108439.57056652091,69674.4508154228,0.1182824969291687,0.0026634931564331055,-3.3636582085197184,-3.8879543545786257,-3.3746193915912204,-2.8284008793893105,,0.018815831285259266,0.001094611368061791,0.4326303289932287,COMPLETE,7_3
11,-3.3636399330015165,2023-04-25 18:23:14.220846,2023-04-25 18:23:17.322541,0 days 00:00:03.101695,1.0455266122719873e-07,21,114,8,6.881426008404075,0.03490182607703966,0.7685570120811462,0.00545811653137207,-3.3636399330015165,-3.887935159934078,-3.374602710850717,-2.828381928219754,,0.03417828989192289,0.0031183181262712445,0.4326302498151627,COMPLETE,7_3
12,-3.3589409452303713,2023-04-25 18:23:14.654963,2023-04-25 18:23:24.257858,0 days 00:00:09.602895,2.5749932689221564e-05,38,119,33,9.286835021895756e-05,1.31266029892731e-07,2.392354726791382,0.007542729377746582,-3.3589409452303713,-3.883125274694991,-3.3703563060898056,-2.8233412549063166,,0.40240084978279095,0.004104916813977971,0.43273030476847324,COMPLETE,7_3
13,-2.4561817754429587,2023-04-25 18:23:16.771558,2023-04-25 18:23:17.926562,0 days 00:00:01.155004,0.30648494458680614,47,15,36,442.7122340253115,0.18515086789422075,0.28164517879486084,0.003666520118713379,-2.4561817754429587,-2.5101537415777577,-2.245641835978446,-2.6127497487726723,,0.030147339244539672,0.002171146046879604,0.15465398961418192,COMPLETE,7_3
14,-2.596463617783414,2023-04-25 18:23:17.324168,2023-04-25 18:23:28.799721,0 days 00:00:11.475553,0.08106643973810546,27,311,36,207.78751105289675,23.12175232158128,2.85445636510849,0.01115405559539795,-2.596463617783414,-2.726456236704392,-2.449957778360404,-2.612976838285447,,0.1726896284640341,0.006940648232392232,0.11348234577872175,COMPLETE,7_3
15,-3.126754390718954,2023-04-25 18:23:17.927656,2023-04-25 18:23:18.174799,0 days 00:00:00.247143,0.1659942377359788,47,1,34,203.24270639854583,0.09212262051403443,0.05525869131088257,0.002675771713256836,-3.126754390718954,-3.64109465752507,-3.171965057018602,-2.5672034576131897,,0.005392716657574548,0.0013914656718167142,0.43957826801946454,COMPLETE,7_3
16,-2.5216755094738432,2023-04-25 18:23:18.176113,2023-04-25 18:23:19.028166,0 days 00:00:00.852053,0.2916806269323083,47,9,36,301.2954420097695,0.005190785505368989,0.20607751607894897,0.0031273961067199707,-2.5216755094738432,-2.6824647710836538,-2.3494991559732648,-2.533062601364612,,0.028302553661822327,0.0016156068037457185,0.13617090880643717,COMPLETE,7_3
17,-2.559512325705493,2023-04-25 18:23:19.030056,2023-04-25 18:23:27.638657,0 days 00:00:08.608601,0.026344057363897104,26,110,41,211.2370615710092,35.48585021695115,2.139916718006134,0.008966028690338135,-2.559512325705493,-2.6991261052103654,-2.48108308912386,-2.4983277827822543,,0.27406239591241977,0.004928925511140575,0.09897255658537961,COMPLETE,7_3
