number,value,datetime_start,datetime_complete,duration,params_learning_rate,params_max_depth,params_n_estimators,params_num_leaves,params_reg_alpha,params_reg_lambda,user_attrs_mean_fit_time,user_attrs_mean_score_time,user_attrs_mean_test_score,user_attrs_split0_test_score,user_attrs_split1_test_score,user_attrs_split2_test_score,user_attrs_split3_test_score,user_attrs_std_fit_time,user_attrs_std_score_time,user_attrs_std_test_score,state,key
5,-3.8528810512147347,2023-04-25 18:18:36.942461,2023-04-25 18:19:10.053232,0 days 00:00:33.110771,0.013538779553297312,8,371,29,19.688505783752895,558.0094132876933,8.115460276603699,0.1607016921043396,-3.8528810512147347,-3.955833125561247,-3.900632897182592,-3.45836707748408,-4.09669110463102,0.4972278125802227,0.03769054868708209,0.23872787123689151,COMPLETE,6_2
6,-3.03742512042197,2023-04-25 18:18:40.316520,2023-04-25 18:18:47.886375,0 days 00:00:07.569855,2.5047885161855382e-05,26,121,50,268.49395829345696,4036704.5401519197,1.8567950129508972,0.03477722406387329,-3.03742512042197,-2.8182381803060017,-3.0653661823864713,-2.815438250885976,-3.45065786810943,0.23321584739770754,0.005522552809593066,0.25926004882589593,COMPLETE,6_2
7,-4.104928076844703,2023-04-25 18:18:45.683082,2023-04-25 18:18:56.056828,0 days 00:00:10.373746,0.7845502582107018,39,264,14,1.8085991510675156e-05,1.5755101441831899e-06,2.5499812960624695,0.04224890470504761,-4.104928076844703,-4.039257705365037,-4.7432595696438,-3.418343146001853,-4.218851886368125,0.1312906450523638,0.009545680671752994,0.47332789745223414,COMPLETE,6_2
8,-3.0375323544735373,2023-04-25 18:18:47.887556,2023-04-25 18:18:58.436417,0 days 00:00:10.548861,1.1141591086319234e-05,19,111,34,288.13391658492867,0.1257255016471651,2.5949560403823853,0.04118824005126953,-3.0375323544735373,-2.81825722973543,-3.065702396441101,-2.815497155299707,-3.450672636417911,0.1264604130464292,0.010164274405039388,0.2592583912965047,COMPLETE,6_2
9,-4.004041638720302,2023-04-25 18:18:56.059255,2023-04-25 18:19:04.813560,0 days 00:00:08.754305,0.46540553786510586,3,350,44,0.023655126888517463,0.000606808777303213,2.1168575286865234,0.0707014799118042,-4.004041638720302,-3.9082481523208252,-4.23874210321986,-3.322165907347379,-4.5470103919931475,0.3011426407857575,0.018970546684286466,0.4538805680294381,COMPLETE,6_2
10,-3.042513507804604,2023-04-25 18:18:58.438787,2023-04-25 18:19:02.391121,0 days 00:00:03.952334,0.00032287405578254114,47,139,28,49291.312689441176,1.5861359782087768e-05,0.9587349891662598,0.02817469835281372,-3.042513507804604,-2.822926385525396,-3.0615488654922633,-2.8111707219123026,-3.474408058288455,0.12820889192177376,0.008066900041007644,0.2686229869329968,COMPLETE,6_2
11,-3.3401745828016622,2023-04-25 18:18:59.904403,2023-04-25 18:19:14.315496,0 days 00:00:14.411093,0.010784497648098443,38,143,31,802.017861728341,7354.053118566962,3.5457260608673096,0.055681467056274414,-3.3401745828016622,-3.192954317000879,-3.400825612819497,-3.154986747334209,-3.6119316540520634,0.14503713895911882,0.014059816893804594,0.1826874340809965,COMPLETE,6_2
12,-4.226556609727364,2023-04-25 18:19:02.392626,2023-04-25 18:19:15.736876,0 days 00:00:13.344250,0.6411866785613709,42,231,22,0.10812754517816078,5.658799870178019e-05,3.2949756383895874,0.039662837982177734,-4.226556609727364,-4.103676670031712,-4.645316871657728,-3.8895907815309467,-4.26764211568907,0.13064066372244576,0.007458216883274672,0.2764478362746855,COMPLETE,6_2
13,-3.0374261779622254,2023-04-25 18:19:04.815596,2023-04-25 18:19:05.466133,0 days 00:00:00.650537,1.348642914389252e-07,21,7,49,604718.2275952965,8169966.874714761,0.1485426425933838,0.009524822235107422,-3.0374261779622254,-2.81822705694321,-3.0653694740905753,-2.8154474224697066,-3.450660758345411,0.010562925700713731,0.0016020212516842708,0.2592616770603113,COMPLETE,6_2
14,-3.0374261779622254,2023-04-25 18:19:05.467797,2023-04-25 18:19:06.098772,0 days 00:00:00.630975,2.6087856522257636e-07,21,7,50,1026911.3765484329,4211386.2049304815,0.14518535137176514,0.00884997844696045,-3.0374261779622254,-2.81822705694321,-3.0653694740905753,-2.8154474224697066,-3.450660758345411,0.017640188806279947,0.0020967699708904584,0.2592616770603113,COMPLETE,6_2
15,-3.0374261779622254,2023-04-25 18:19:06.100964,2023-04-25 18:19:06.794687,0 days 00:00:00.693723,1.1128628709326036e-07,28,18,49,7643075.361018155,2136557.950303291,0.16087114810943604,0.007590949535369873,-3.0374261779622254,-2.81822705694321,-3.0653694740905753,-2.8154474224697066,-3.450660758345411,0.013004821887769283,0.0017565137281919494,0.2592616770603113,COMPLETE,6_2
16,-3.0374642964509606,2023-04-25 18:19:06.796078,2023-04-25 18:19:25.820790,0 days 00:00:19.024712,2.7332796899547112e-06,15,249,41,4211.157601858575,4814.4558488450575,4.655468463897705,0.09572494029998779,-3.0374642964509606,-2.8182965415006964,-3.065618419080925,-2.815309756387308,-3.4506324688349137,0.5599731572751273,0.009508923611561691,0.2592719314604799,COMPLETE,6_2
17,-3.0374900468512207,2023-04-25 18:19:10.054862,2023-04-25 18:19:20.966248,0 days 00:00:10.911386,2.613324568474679e-06,15,476,41,51918.59365147469,82157.2365526718,2.653255045413971,0.0702204704284668,-3.0374900468512207,-2.81826435887463,-3.065330010226924,-2.8154051266472124,-3.450960691656116,0.6618725566929853,0.014704913281173597,0.2593813079844839,COMPLETE,6_2
18,-3.0374334830492082,2023-04-25 18:19:14.318225,2023-04-25 18:19:39.968899,0 days 00:00:25.650674,2.6620912537488998e-06,15,486,41,15083.09497922447,15.221292636900904,6.248799562454224,0.15893149375915527,-3.0374334830492082,-2.8181355635424232,-3.0658142540129294,-2.8150740774402565,-3.4507100372012243,1.4916492895104962,0.03980105370607747,0.2593926854862286,COMPLETE,6_2
19,-3.037426168381585,2023-04-25 18:19:15.738727,2023-04-25 18:19:18.368122,0 days 00:00:02.629395,1.5839100011482589e-06,18,59,41,30762.135974976885,8241368.091489049,0.6368633508682251,0.015880465507507324,-3.037426168381585,-2.8182271547493865,-3.0653694332707135,-2.8154473382186036,-3.4506607472876363,0.07876603429423668,0.002414054189766672,0.25926166891491115,COMPLETE,6_2
20,-3.0374173970742575,2023-04-25 18:19:18.370519,2023-04-25 18:19:21.688229,0 days 00:00:03.317710,4.25630441646905e-06,17,63,40,13263.505723064582,65755.08585065849,0.802975594997406,0.021894752979278564,-3.0374173970742575,-2.818249398112089,-3.0653450263001805,-2.8154200852723523,-3.450655078612408,0.12906346121882462,0.00182566663664966,0.2592598851218406,COMPLETE,6_2
21,-3.037494379495068,2023-04-25 18:19:20.970196,2023-04-25 18:19:27.673646,0 days 00:00:06.703450,1.4379747137025208e-05,28,61,43,4462.499860107004,13.039777242828869,1.6436672806739807,0.02662944793701172,-3.037494379495068,-2.8183750992440597,-3.0656348056925626,-2.8153034135633948,-3.4506641994802547,0.2262889665866024,0.0025656084656817154,0.25926977651306476,COMPLETE,6_2
22,-3.038107108347744,2023-04-25 18:19:21.689997,2023-04-25 18:19:45.614868,0 days 00:00:23.924871,4.5113636185183635e-05,26,208,44,2.0962655653199573,88.30331760157992,5.8935224413871765,0.08354103565216064,-3.038107108347744,-2.8184413372669863,-3.067839163713209,-2.815829848861178,-3.450318083549602,0.2363309226809268,0.017534812919506593,0.259066648887156,COMPLETE,6_2
23,-3.0377908930022905,2023-04-25 18:19:25.823164,2023-04-25 18:19:34.793607,0 days 00:00:08.970443,5.33286869430744e-05,27,72,45,6.3215910975410825,9.748182814665348,2.211202621459961,0.026741981506347656,-3.0377908930022905,-2.8182322439745104,-3.066509060224807,-2.815866560239086,-3.4505557075707594,0.08353594046764642,0.005460759808917258,0.25916015082843097,COMPLETE,6_2
24,-3.0374153716762513,2023-04-25 18:19:27.675229,2023-04-25 18:19:33.996664,0 days 00:00:06.321435,3.1043951489864546e-05,15,61,36,3.8518396491414855,322210.65648353484,1.553375482559204,0.02253854274749756,-3.0374153716762513,-2.8182869064109557,-3.06534677758134,-2.815387371479207,-3.4506404312335044,0.1527322488459253,0.002885158877024756,0.25925317280746674,COMPLETE,6_2
25,-3.037383428825539,2023-04-25 18:19:33.998325,2023-04-25 18:19:42.495925,0 days 00:00:08.497600,5.360127405410708e-05,11,84,36,3.0672838723758695,209953.3430854468,2.0909462571144104,0.029334962368011475,-3.037383428825539,-2.8184108686204694,-3.065292267231026,-2.8152423558457365,-3.4505882236049237,0.10531233705915308,0.003102170180395359,0.25923577305090334,COMPLETE,6_2
26,-3.0373320159773214,2023-04-25 18:19:34.795642,2023-04-25 18:19:52.599570,0 days 00:00:17.803928,6.312926024480178e-05,0,207,36,2.2123360911891745,257598.46315713352,4.370746195316315,0.07603120803833008,-3.0373320159773214,-2.818715579180342,-3.065181909545596,-2.8149465700424106,-3.4504840051409373,0.12353855257171055,0.01895629506644504,0.2591903816324468,COMPLETE,6_2
27,-3.0370979414692645,2023-04-25 18:19:39.970159,2023-04-25 18:20:00.676472,0 days 00:00:20.706313,8.314269014666449e-05,32,199,37,2.004006583144961,169580.7523917444,5.09645813703537,0.07452058792114258,-3.0370979414692645,-2.818916205361625,-3.0645732404242834,-2.814557353258237,-3.4503449668329127,0.13498547022512386,0.015149516938839796,0.2591599792583845,COMPLETE,6_2
28,-3.036913090122081,2023-04-25 18:19:42.497661,2023-04-25 18:20:02.806652,0 days 00:00:20.308991,9.407303453107873e-05,11,192,36,0.7365389967388105,116017.43751521569,5.006134212017059,0.06708484888076782,-3.036913090122081,-2.8192507076163933,-3.0639453473922327,-2.8141534878061005,-3.450302817673597,0.37660032580669245,0.012098225272159492,0.2591430893156628,COMPLETE,6_2
29,-3.037393707388432,2023-04-25 18:19:45.617132,2023-04-25 18:19:49.463680,0 days 00:00:03.846548,0.00011982833095567376,-1,39,35,0.3599879107913841,266129.8615686383,0.941436231136322,0.015669286251068115,-3.037393707388432,-2.818398948948865,-3.0653039240401854,-2.8152728262719333,-3.4505991302927432,0.044068560897034446,0.002660364084017441,0.2592364228667784,COMPLETE,6_2
30,-3.0366803315080007,2023-04-25 18:19:49.465832,2023-04-25 18:20:08.693598,0 days 00:00:19.227766,9.598191396001826e-05,-1,298,24,0.19213672054674982,134155.6973233587,4.709814488887787,0.09282296895980835,-3.0366803315080007,-2.8196767438979706,-3.063344786680597,-2.813609583250297,-3.4500902122031385,0.16333585819757546,0.015264459094240772,0.2590703757620192,COMPLETE,6_2
31,-3.035289360898261,2023-04-25 18:19:52.601161,2023-04-25 18:20:11.180395,0 days 00:00:18.579234,0.00019456132812797994,-1,295,24,0.5487184597401557,42960.68162429236,4.548497915267944,0.08923530578613281,-3.035289360898261,-2.82408555517639,-3.0575793304561736,-2.8086366020525655,-3.4508559559079157,0.125777596108106,0.021809212858109044,0.2594084415909484,COMPLETE,6_2
32,-3.0582619019233137,2023-04-25 18:20:00.679189,2023-04-25 18:20:23.387790,0 days 00:00:22.708601,0.0008692074825228606,-1,300,23,0.04195104578852045,13351.621519500099,5.563929796218872,0.10814118385314941,-3.0582619019233137,-2.8431921416613837,-3.135702174107386,-2.7909486266283867,-3.4632046652960975,0.1256995811011928,0.02166168464905415,0.2681823196502498,COMPLETE,6_2
33,-3.049355273608088,2023-04-25 18:20:02.808786,2023-04-25 18:20:26.328204,0 days 00:00:23.519418,0.0008265780220553538,-1,295,25,1.7366730730889885e-07,20619.75612110729,5.7489036321640015,0.12536561489105225,-3.049355273608088,-2.8479071758628294,-3.091696043546078,-2.789447527851955,-3.4683703471714904,0.1033954543544436,0.03594452524959701,0.26716088086652173,COMPLETE,6_2
34,-3.0364147101498666,2023-04-25 18:20:08.695396,2023-04-25 18:20:27.612141,0 days 00:00:18.916745,0.00021277982135989613,-1,296,22,0.059380141457296226,21663.83396526525,4.62947815656662,0.09456628561019897,-3.0364147101498666,-2.8258825664636698,-3.058500699059787,-2.8064681985777526,-3.4548073764982568,0.18160472671405065,0.01901516294450616,0.2611222873815706,COMPLETE,6_2
35,-3.015383929009415,2023-04-25 18:20:11.181997,2023-04-25 18:20:16.194241,0 days 00:00:05.012244,0.0007969778494017047,2,310,23,0.02815581723371062,18056.635504615915,1.2116147875785828,0.036796748638153076,-3.015383929009415,-2.8799599754289473,-3.0409129994074147,-2.7407414825114023,-3.3999212586898966,0.035032778113247454,0.006743893138708306,0.24611420721636523,COMPLETE,6_2
36,-3.01532569910073,2023-04-25 18:20:16.195632,2023-04-25 18:20:21.221659,0 days 00:00:05.026027,0.0007096135136834278,2,302,22,0.017288807928317225,11131.311965760144,1.2137776613235474,0.03797024488449097,-3.01532569910073,-2.873407955047017,-3.0458661307768184,-2.7429357210730796,-3.3990929895060065,0.09592217818448968,0.007876625647920313,0.2462453031832124,COMPLETE,6_2
37,-3.0155714903590347,2023-04-25 18:20:21.223134,2023-04-25 18:20:28.021343,0 days 00:00:06.798209,0.0009260997936603179,2,302,24,0.017180393265163393,19347.107145158643,1.6538832783699036,0.040768206119537354,-3.0155714903590347,-2.887736641807437,-3.0454851000538197,-2.7338160838287493,-3.395248135746134,0.6364612418545256,0.004630986018885262,0.24534518372622957,COMPLETE,6_2
38,-3.066205668357932,2023-04-25 18:20:23.389819,2023-04-25 18:20:32.522442,0 days 00:00:09.132623,0.0015307747421790519,3,300,24,0.007810795972867627,882.4935819635606,2.2280585169792175,0.04872298240661621,-3.066205668357932,-2.913633844358642,-3.2481119999187142,-2.7746668844908897,-3.3284099446634823,0.06245224901419878,0.012179770533520838,0.22919097929017784,COMPLETE,6_2
39,-3.1861475374697283,2023-04-25 18:20:26.331270,2023-04-25 18:20:37.373981,0 days 00:00:11.042711,0.0025691857994863203,3,396,18,0.018010846883986353,862.3871329742914,2.686368763446808,0.06860089302062988,-3.1861475374697283,-3.118521009706492,-3.4018742391711383,-2.825474845858878,-3.398720055142405,0.14089708208509263,0.013168330776999845,0.23789872993975655,COMPLETE,6_2
40,-3.158496477798331,2023-04-25 18:20:27.614000,2023-04-25 18:20:41.595603,0 days 00:00:13.981603,0.001553397222924359,4,376,18,0.006850939720195034,1731.863382234742,3.4009889364242554,0.0889025330543518,-3.158496477798331,-3.0560368206925848,-3.3273910577434864,-2.857272003654232,-3.3932860291030207,0.2278359443520234,0.009976416523331082,0.21499167291683882,COMPLETE,6_2
41,-3.233886105761563,2023-04-25 18:20:28.022648,2023-04-25 18:20:42.983267,0 days 00:00:14.960619,0.0021451847788936467,4,399,18,0.0017548800255857936,957.9507827643191,3.6490567326545715,0.08582454919815063,-3.233886105761563,-3.18120279178387,-3.3965988679503396,-2.911784889242658,-3.4459578740693853,0.23068015541777967,0.014082769868741433,0.21093518148174017,COMPLETE,6_2
42,-3.3268347780466327,2023-04-25 18:20:32.524569,2023-04-25 18:20:55.831047,0 days 00:00:23.306478,0.0026071486613530406,6,390,18,0.0035038672343157117,838.6081326007372,5.701739728450775,0.11993598937988281,-3.3268347780466327,-3.3092416118971286,-3.400816012643092,-3.0276129808153494,-3.56966850683096,0.2669894192287989,0.01542556098705482,0.19639542149780367,COMPLETE,6_2
43,-3.3335578288385426,2023-04-25 18:20:37.375924,2023-04-25 18:20:53.843685,0 days 00:00:16.467761,0.004068392765084187,6,332,13,0.002459228621131087,2367.7116126680626,4.010083436965942,0.10226505994796753,-3.3335578288385426,-3.343337503321815,-3.404821234460333,-3.0237383075776174,-3.562334269994405,0.15308686444168373,0.024798149512568063,0.19589596141581456,COMPLETE,6_2
44,-3.0445182573394636,2023-04-25 18:20:41.597627,2023-04-25 18:20:56.137508,0 days 00:00:14.539881,0.0002898684684774267,6,328,13,0.0015440917784145557,210.068665690648,3.5533434748649597,0.07466119527816772,-3.0445182573394636,-2.850872608590689,-3.0785943780700684,-2.8193692916802133,-3.429236751016883,0.22108323033885424,0.01889130740434735,0.24359812981539564,COMPLETE,6_2
45,-3.0519853485930732,2023-04-25 18:20:42.985228,2023-04-25 18:20:59.167830,0 days 00:00:16.182602,0.0002511049441104429,7,331,15,0.08529738168425416,171.90723896807617,3.93891578912735,0.10174471139907837,-3.0519853485930732,-2.8414935578084055,-3.0779201475852918,-2.8298219198525385,-3.4587057691260576,0.15881860261625297,0.01898202027945145,0.254832051229227,COMPLETE,6_2
46,-3.036553713239475,2023-04-25 18:20:53.846381,2023-04-25 18:21:12.717670,0 days 00:00:18.871289,0.00018716518514145006,10,266,21,0.05070174947511177,21303.872373601163,4.627954959869385,0.0851893424987793,-3.036553713239475,-2.824156830147401,-3.059937668761667,-2.8081871608262667,-3.4539331932225665,0.23170396038410074,0.02083825363122203,0.2607758414305007,COMPLETE,6_2
47,-3.0424559053784233,2023-04-25 18:20:55.833225,2023-04-25 18:21:17.597771,0 days 00:00:21.764546,0.00025071859072573095,9,335,26,0.06809647099725812,12851.706717415585,5.328601241111755,0.10596209764480591,-3.0424559053784233,-2.821982963372366,-3.0903139530591295,-2.8038204667463003,-3.453706238335897,1.7917788290288728,0.02694085153716669,0.263140846227545,COMPLETE,6_2
48,-3.0405938390981238,2023-04-25 18:20:56.138697,2023-04-25 18:21:12.984716,0 days 00:00:16.846019,0.00028699863936604134,9,274,21,0.07976843958962694,15986.19022027851,4.111234724521637,0.094451904296875,-3.0405938390981238,-2.8169035256176405,-3.0854362141796425,-2.8042730424937847,-3.4557625741014273,0.099491372621964,0.03644633055461624,0.26469831524770854,COMPLETE,6_2
49,-3.0379843015954666,2023-04-25 18:20:59.169737,2023-04-25 18:21:14.572843,0 days 00:00:15.403106,0.0005215085155141794,10,255,21,0.00028893346244626933,22217.245321842965,3.770193099975586,0.07576018571853638,-3.0379843015954666,-2.835001818175384,-3.058667102615643,-2.7984363187531085,-3.459831966837731,0.43668563028725454,0.005357720420295374,0.2631389155881436,COMPLETE,6_2
0,-2.2363690547587627,2023-04-25 18:21:19.717122,2023-04-25 18:21:22.932312,0 days 00:00:03.215190,0.005204425005015829,31,386,48,1431369.8580573539,16120.477813805546,0.7954686284065247,0.007091522216796875,-2.2363690547587627,-3.9586485361323644,-2.14897523127419,-1.2600392414947599,-1.577813210133736,0.08309244078217598,0.002067499074732985,1.0441264287793026,COMPLETE,7_0
1,-2.2362694409417867,2023-04-25 18:21:19.719626,2023-04-25 18:21:56.532669,0 days 00:00:36.813043,6.073428507880911e-07,44,319,47,3.768702923753853e-07,0.018408125874743827,9.124182999134064,0.07787328958511353,-2.2362694409417867,-3.9586409715221693,-2.1489619701987634,-1.2597879490595123,-1.577686872986702,0.41912816183371754,0.019958854209254823,1.0442022537090574,COMPLETE,7_0
2,-2.215616735974507,2023-04-25 18:21:19.720974,2023-04-25 18:21:23.814153,0 days 00:00:04.093179,0.0005061978838694147,15,89,13,6.004874463273366e-06,55.91758150936541,1.0091146230697632,0.013290226459503174,-2.215616735974507,-3.957334510426155,-2.144983693759359,-1.2099975687330387,-1.5501511709794755,0.12542586546053994,0.005007329143665699,1.0597976410866075,COMPLETE,7_0
3,-2.162430260289256,2023-04-25 18:21:19.721907,2023-04-25 18:21:24.931597,0 days 00:00:05.209690,0.11114624721207104,15,255,6,2.129916437104336e-07,2203506.294765992,1.2776229977607727,0.023827672004699707,-2.162430260289256,-3.9247527359417123,-2.1498133924946705,-1.1186337523510506,-1.4565211603695907,0.11572720522196313,0.004646415089824983,1.0832541831071012,COMPLETE,7_0
4,-2.0296028898892775,2023-04-25 18:21:22.933950,2023-04-25 18:21:28.357661,0 days 00:00:05.423711,0.010181702418080451,46,106,20,699.6321635633556,6.226067245002464,1.3381723165512085,0.016816914081573486,-2.0296028898892775,-3.9468211416354073,-2.117168411078968,-0.7300460785374767,-1.3243759283052576,0.23110780022287808,0.0024468793210369474,1.211361477698296,COMPLETE,7_0
5,-2.234251191066675,2023-04-25 18:21:23.815782,2023-04-25 18:21:34.477703,0 days 00:00:10.661921,4.5698430551917654e-05,27,90,41,0.48142752456111426,3.837548324096328e-05,2.6450985074043274,0.019226253032684326,-2.234251191066675,-3.9585166660295545,-2.148604812432767,-1.2547321470469726,-1.5751511387574062,0.11595916338977873,0.005064559383523479,1.045741025167491,COMPLETE,7_0
6,-1.9953418953608781,2023-04-25 18:21:24.933869,2023-04-25 18:21:29.427942,0 days 00:00:04.494073,0.10959237607418391,0,90,18,9.977462239282591,21269.261288025635,1.1042882204055786,0.01789271831512451,-1.9953418953608781,-3.8685544922242636,-2.293545552836102,-0.7768279879080143,-1.0424395484751323,0.11326585760232846,0.0040967222687260385,1.2237902066669433,COMPLETE,7_0
7,-2.2355536116774557,2023-04-25 18:21:28.362773,2023-04-25 18:21:43.193732,0 days 00:00:14.830959,6.128513440010487e-06,30,260,18,0.5665573447723213,0.07251753296502862,3.6678603291511536,0.03827667236328125,-2.2355536116774557,-3.958577838691186,-2.1488609042319435,-1.2580124262232009,-1.5767632775634919,0.20528256289874808,0.01735009702332738,1.044739152370317,COMPLETE,7_0
8,-2.2363690547587627,2023-04-25 18:21:29.429318,2023-04-25 18:21:32.690065,0 days 00:00:03.260747,0.00038485014325269167,15,496,47,96664.28257456375,253.35271600014423,0.8067720532417297,0.007314562797546387,-2.2363690547587627,-3.9586485361323644,-2.14897523127419,-1.2600392414947599,-1.577813210133736,0.022196504748280405,0.0024698844395927527,1.0441264287793026,COMPLETE,7_0
9,-2.1242988187234313,2023-04-25 18:21:32.691962,2023-04-25 18:22:20.739703,0 days 00:00:48.047741,0.0006877354784150425,47,414,49,8.722713974500033,15.005000639524058,11.909781515598297,0.1003575325012207,-2.1242988187234313,-3.9563905765952345,-2.13120793070838,-0.9700010158614762,-1.4395957517286346,0.45662348916219997,0.03230727001846108,1.1355427835108451,COMPLETE,7_0
10,-2.3169145393574944,2023-04-25 18:21:34.479313,2023-04-25 18:21:42.193305,0 days 00:00:07.713992,0.05578327204026336,0,265,8,0.5068493065500601,6.139064961511294,1.8953730463981628,0.031706154346466064,-2.3169145393574944,-3.909163084681481,-2.1558349472016696,-1.6314797652788562,-1.5711803602679706,0.037709776437550024,0.016527457662164735,0.9469876398974273,COMPLETE,7_0
