number,value,datetime_start,datetime_complete,duration,params_learning_rate,params_max_depth,params_n_estimators,params_num_leaves,params_reg_alpha,params_reg_lambda,user_attrs_mean_fit_time,user_attrs_mean_score_time,user_attrs_mean_test_score,user_attrs_split0_test_score,user_attrs_split1_test_score,user_attrs_split2_test_score,user_attrs_split3_test_score,user_attrs_std_fit_time,user_attrs_std_score_time,user_attrs_std_test_score,state,key
15,-2.954618268309289,2023-04-25 19:10:36.513540,2023-04-25 19:10:59.034805,0 days 00:00:22.521265,0.5332838973540461,15,349,49,47.08607888807411,43.42596390164813,5.574447751045227,0.051862120628356934,-2.954618268309289,-2.2465051520114003,-3.874444378243746,-2.8240031755834827,-2.8735203673985263,1.0714665279470552,0.00873540937794343,0.5854787421354779,COMPLETE,10_3
16,-2.8949219755446762,2023-04-25 19:10:40.279072,2023-04-25 19:10:49.783304,0 days 00:00:09.504232,0.8529319723984654,15,368,50,131.81187302014058,189.57521211636885,2.3535887002944946,0.018020987510681152,-2.8949219755446762,-2.2600229232793847,-3.8667018589602145,-2.8520807175263143,-2.600882402412791,0.4442376166882679,0.004588624563671935,0.599113426726246,COMPLETE,10_3
17,-3.2395636887760384,2023-04-25 19:10:43.120096,2023-04-25 19:10:44.818219,0 days 00:00:01.698123,0.9133579214384793,47,221,49,4214792.4159866385,248.5463026199325,0.41423261165618896,0.006236433982849121,-3.2395636887760384,-2.245032814659616,-4.269593465545505,-3.0599729657682517,-3.383655509130782,0.024556849444400928,0.0023481273616311974,0.725097972877827,COMPLETE,10_3
18,-2.6811726849793294,2023-04-25 19:10:44.821186,2023-04-25 19:11:26.600659,0 days 00:00:41.779473,0.012633898176624076,9,415,36,74.46713242782815,1174.91306835303,10.357993364334106,0.08261996507644653,-2.6811726849793294,-2.121581637089898,-3.8320401972769345,-2.5962037891764687,-2.174865116374016,0.37624546731837477,0.01689725516668537,0.6894209960214897,COMPLETE,10_3
19,-2.5939961278508665,2023-04-25 19:10:49.784870,2023-04-25 19:11:30.736981,0 days 00:00:40.952111,0.017738806180706865,8,420,37,5.0190883409337,16456.517947914574,10.152031898498535,0.08161532878875732,-2.5939961278508665,-1.9756215784585485,-3.783800743386097,-2.65178774746816,-1.9647744420906608,0.5079762880041458,0.012283612907566242,0.7411615727380223,COMPLETE,10_3
20,-3.270424074220905,2023-04-25 19:10:59.036273,2023-04-25 19:11:03.690219,0 days 00:00:04.653946,0.015803538681554492,8,431,37,113232.47669822758,6042.174534399393,1.1349542737007141,0.02470219135284424,-3.270424074220905,-2.245032814659616,-4.089594344715461,-3.3049444598029663,-3.4421246777055785,0.37450104686927377,0.011549056548863191,0.6620309512221739,COMPLETE,10_3
21,-2.5686864762387507,2023-04-25 19:11:03.692120,2023-04-25 19:11:12.212496,0 days 00:00:08.520376,0.011664279325951089,8,249,42,7025.207896072947,1.3609201647363403,2.0943331122398376,0.03094637393951416,-2.5686864762387507,-1.76622076356843,-3.6899195848084667,-2.6740103693326946,-2.1445951872454114,0.4087518335858231,0.00950548630158488,0.7231980101640371,COMPLETE,10_3
22,-2.592171344127009,2023-04-25 19:11:05.894024,2023-04-25 19:11:13.087265,0 days 00:00:07.193241,0.01803989650301319,22,246,43,9392.084990530722,3.258737655004976,1.764597475528717,0.02877819538116455,-2.592171344127009,-1.7618021496840315,-3.677008482552344,-2.7453667216284305,-2.1845080226432314,0.29264521540642846,0.006505451314867459,0.7169453994827183,COMPLETE,10_3
23,-3.2395636887760384,2023-04-25 19:11:12.216751,2023-04-25 19:11:13.847619,0 days 00:00:01.630868,0.010256970545018026,8,255,42,9997789.753666257,1.1256696654075593,0.3980620503425598,0.005474209785461426,-3.2395636887760384,-2.245032814659616,-4.269593465545505,-3.0599729657682517,-3.383655509130782,0.0129699697667349,0.000921139406034849,0.725097972877827,COMPLETE,10_3
24,-2.6103279978307645,2023-04-25 19:11:13.095455,2023-04-25 19:11:21.021947,0 days 00:00:07.926492,0.015343016096944988,8,239,42,10080.705904760967,1.3631169342511986,1.9425216317176819,0.03516513109207153,-2.6103279978307645,-1.7376615556710582,-3.675225628540636,-2.7676422370249028,-2.260782570086461,0.23091503311221842,0.01612079872620982,0.7145774029231118,COMPLETE,10_3
25,-2.6562277923598474,2023-04-25 19:11:13.849431,2023-04-25 19:11:19.124762,0 days 00:00:05.275331,0.017038250339683345,23,223,43,12583.749602048276,1.0168555801760513,1.2814038395881653,0.0327911376953125,-2.6562277923598474,-1.7190010538609763,-3.6740771924538533,-2.8171865395682216,-2.414646383556338,0.07808752976905016,0.01767373169690172,0.7068735134398757,COMPLETE,10_3
26,-2.765440253911189,2023-04-25 19:11:19.126765,2023-04-25 19:11:27.976478,0 days 00:00:08.849713,0.003495213670406878,10,274,38,8138.54988207157,0.019137176275383343,2.1741241216659546,0.03396809101104736,-2.765440253911189,-1.7560661283733836,-3.7719784141284296,-2.851245980378873,-2.6824704927640672,0.17200646203514625,0.01192095390019191,0.7152275507204288,COMPLETE,10_3
27,-3.2395636887760384,2023-04-25 19:11:21.024091,2023-04-25 19:11:22.562607,0 days 00:00:01.538516,0.003961173063250027,4,193,38,259139.16152686466,0.00420104695795305,0.3745342493057251,0.0058479905128479,-3.2395636887760384,-2.245032814659616,-4.269593465545505,-3.0599729657682517,-3.383655509130782,0.04846450503395422,0.0005556580503078424,0.725097972877827,COMPLETE,10_3
28,-3.202349139197368,2023-04-25 19:11:22.564919,2023-04-25 19:11:25.172821,0 days 00:00:02.607902,0.0006216214764909662,21,98,35,20161.402556265977,2.1144477192744446,0.6372315883636475,0.010558009147644043,-3.202349139197368,-2.1958061061306564,-4.230029356356186,-3.0311718326459487,-3.3523892616566804,0.10336639598529027,0.0018198994155467798,0.7281945507178242,COMPLETE,10_3
29,-3.2395636887760384,2023-04-25 19:11:25.174406,2023-04-25 19:11:27.413449,0 days 00:00:02.239043,0.020743746170932317,5,281,42,576450.2104162258,0.07465552447794702,0.5495972633361816,0.005782008171081543,-3.2395636887760384,-2.245032814659616,-4.269593465545505,-3.0599729657682517,-3.383655509130782,0.055456600127254674,0.0004902117470691423,0.725097972877827,COMPLETE,10_3
30,-3.175610437194578,2023-04-25 19:11:26.602538,2023-04-25 19:11:37.643012,0 days 00:00:11.040474,0.00021447696406038752,28,266,42,4713.9652610433195,0.11654135229867443,2.7118902802467346,0.043793678283691406,-3.175610437194578,-2.180537550160499,-4.20002276858401,-3.0144963513548158,-3.307385078678986,0.3910555900646148,0.010257612345265735,0.7216150254823197,COMPLETE,10_3
31,-2.8172221265076565,2023-04-25 19:11:27.415570,2023-04-25 19:11:37.261810,0 days 00:00:09.846240,0.002491577898704635,20,254,31,6118.325054048532,0.4119071986375587,2.4164737462997437,0.040360331535339355,-2.8172221265076565,-1.8199159160548117,-3.831693859958161,-2.8284386052988544,-2.788840124718799,0.17640228635583832,0.01213185769433637,0.7114604561744633,COMPLETE,10_3
32,-3.1679166994677335,2023-04-25 19:11:27.978023,2023-04-25 19:11:45.234723,0 days 00:00:17.256700,0.00023693501083971508,28,216,31,7.143430032349377,0.4344240790088304,4.276376783847809,0.032940685749053955,-3.1679166994677335,-2.177828952569576,-4.200513314035572,-3.0067946822671634,-3.2865298489986214,0.39795767915298486,0.008170057108050395,0.722246304705543,COMPLETE,10_3
33,-3.227395868474141,2023-04-25 19:11:30.738192,2023-04-25 19:11:45.650652,0 days 00:00:14.912460,0.00022633881103083713,28,184,33,11.205735354139081,44157.485249370584,3.694413721561432,0.0284883975982666,-3.227395868474141,-2.2278759966693165,-4.257570953543855,-3.054629613217299,-3.3695069104660926,0.5982695239219505,0.006451606792339288,0.7263512248290485,COMPLETE,10_3
34,-2.824004226584159,2023-04-25 19:11:37.263291,2023-04-25 19:12:03.292794,0 days 00:00:26.029503,0.03490347530425882,27,210,45,5.398934736332756,4.23216404134559,6.463359355926514,0.03924894332885742,-2.824004226584159,-2.171967315848558,-3.8562031643442882,-2.7175264696644548,-2.550319956479334,0.2966377323341004,0.008194116303631446,0.6278589356886282,COMPLETE,10_3
35,-2.827899605654001,2023-04-25 19:11:37.644935,2023-04-25 19:12:04.306458,0 days 00:00:26.661523,0.03901287970748259,12,212,45,6.400884186256756,4.720286022677763,6.624220430850983,0.036817312240600586,-2.827899605654001,-2.1787337268053752,-3.8574183625350402,-2.719177044160349,-2.556269289115241,0.24240660840081155,0.00514756572137515,0.6258851398762949,COMPLETE,10_3
36,-2.6698695491025974,2023-04-25 19:11:45.238256,2023-04-25 19:11:56.622233,0 days 00:00:11.383977,0.06252530795070435,12,299,45,745.6015011045938,6.003010500775179,2.812667965888977,0.027826964855194092,-2.6698695491025974,-2.1152796510775946,-3.826958790519548,-2.6248851447086254,-2.1123546101046218,0.38744483199715474,0.006049095231737843,0.6998699828251733,COMPLETE,10_3
37,-2.645845778847688,2023-04-25 19:11:45.652411,2023-04-25 19:11:59.509863,0 days 00:00:13.857452,0.04538215209905061,12,307,45,1012.6686218593522,6.350782847249196,3.420603394508362,0.03859210014343262,-2.645845778847688,-2.100873415144815,-3.8144940783237775,-2.609187418028123,-2.0588282038940373,0.46926800468888447,0.012554821812130296,0.7086372827107488,COMPLETE,10_3
38,-2.6482059782214207,2023-04-25 19:11:56.635744,2023-04-25 19:12:09.817616,0 days 00:00:13.181872,0.02680332087271005,5,308,40,0.006733977594257309,87560.83400162903,3.2404722571372986,0.04670381546020508,-2.6482059782214207,-1.7455248779551948,-3.6681341161812213,-2.797428855104035,-2.3817360636452314,0.2001493806568637,0.0107144619748396,0.6979183794935042,COMPLETE,10_3
39,-2.9899302878386287,2023-04-25 19:11:59.516334,2023-04-25 19:12:11.209712,0 days 00:00:11.693378,0.005996126831602254,5,235,40,0.004524190323732267,61636.76873511366,2.8870378136634827,0.0318264365196228,-2.9899302878386287,-1.9264429394934603,-3.9993510676156383,-2.9668362901471723,-3.067090854098243,0.28040659521698197,0.010059667878996897,0.7342381657968245,COMPLETE,10_3
40,-3.056850071104847,2023-04-25 19:12:03.294762,2023-04-25 19:12:08.553454,0 days 00:00:05.258692,0.007472673304933307,5,106,40,0.0035068215222189476,49041.68938809477,1.292165994644165,0.01778799295425415,-3.056850071104847,-2.004914031032807,-4.0715723364374465,-2.987464474529486,-3.16344944241965,0.08545324225551022,0.006222956542510423,0.7335544450040838,COMPLETE,10_3
41,-3.1149481282274114,2023-04-25 19:12:04.308313,2023-04-25 19:12:09.142345,0 days 00:00:04.834032,0.009811148368437946,5,102,39,0.00092001068970668,113994.05627574783,1.187999427318573,0.015476107597351074,-3.1149481282274114,-2.069782017624116,-4.1373823254263655,-3.0146347871658867,-3.2379933826932774,0.17643903774710398,0.001682570998623204,0.7353480107059829,COMPLETE,10_3
42,-2.846932361174206,2023-04-25 19:12:08.555027,2023-04-25 19:12:29.926061,0 days 00:00:21.371034,0.0013857535698845393,18,337,40,0.8983898208769299,1690.3018712530752,5.2852982878685,0.052098989486694336,-2.846932361174206,-1.8568794879271626,-3.8727199081719994,-2.788669289885176,-2.8694607587124845,2.3625928323569996,0.018066886838306578,0.7135031355173131,COMPLETE,10_3
43,-3.10903953386884,2023-04-25 19:12:09.144424,2023-04-25 19:12:12.313723,0 days 00:00:03.169299,0.0013376092931891778,1,337,29,50809.19749790556,995.1738036446042,0.7659487724304199,0.021442711353302002,-3.10903953386884,-1.9010724943661206,-4.120848323530417,-3.0662261130603983,-3.3480112045184236,0.07917404400188786,0.004835216660187147,0.7971640113138205,COMPLETE,10_3
44,-3.5938012294935042,2023-04-25 19:12:09.819533,2023-04-25 19:12:13.034007,0 days 00:00:03.214474,0.07562119677290897,2,329,47,58954.86608520879,497.63761099814417,0.7860550880432129,0.012889981269836426,-3.5938012294935042,-2.802965544113299,-4.073204725624073,-3.9437991408019517,-3.555235507434692,0.10794784830961984,0.0047013166509981864,0.4947814280597002,COMPLETE,10_3
45,-3.728009631928313,2023-04-25 19:12:11.211715,2023-04-25 19:12:14.997585,0 days 00:00:03.785870,0.1673380878588861,1,459,47,56611.69383593424,1020.6586750164307,0.9246890544891357,0.016745388507843018,-3.728009631928313,-2.8514137952436505,-4.179195030584408,-3.994873022298849,-3.8865566795863438,0.014387699037561806,0.00415493943848477,0.5168030960371847,COMPLETE,10_3
46,-2.494433636568858,2023-04-25 19:12:12.319476,2023-04-25 19:12:16.869693,0 days 00:00:04.550217,0.10066346315883752,2,440,47,1660.5830782888745,11.15252161109657,1.1157994270324707,0.017399072647094727,-2.494433636568858,-1.9778192050791454,-3.7325547784357083,-2.499431326861853,-1.767929235898726,0.08665786617634043,0.0045588650769342815,0.7628348533369533,COMPLETE,10_3
47,-2.5860789209984016,2023-04-25 19:12:13.035800,2023-04-25 19:12:17.495052,0 days 00:00:04.459252,0.1731946473466055,32,394,47,1972.4753667946768,25.968274742819425,1.099924087524414,0.009739875793457031,-2.5860789209984016,-2.0568545518161914,-3.7764642035925307,-2.571161633537107,-1.9398352950477773,0.04347478891753747,0.0017081264697834705,0.7271431948901169,COMPLETE,10_3
48,-2.8109534435730166,2023-04-25 19:12:14.999012,2023-04-25 19:12:24.590722,0 days 00:00:09.591710,0.06949814631990298,17,156,34,0.7570814357223672,21.731396447615623,2.3668412566184998,0.025718748569488525,-2.8109534435730166,-2.173738982888392,-3.859758799316639,-2.714837994216877,-2.4954779978701587,0.5413293087890452,0.0031296477482898296,0.6353734885066523,COMPLETE,10_3
49,-2.5279784107614085,2023-04-25 19:12:16.871167,2023-04-25 19:12:17.469571,0 days 00:00:00.598404,0.2137156483032686,33,12,6,1852.9832193627615,17.30610702045261,0.13893640041351318,0.006283760070800781,-2.5279784107614085,-1.8871960165739041,-3.7337222094936413,-2.540771918197689,-1.9502234987803995,0.020738941806986877,0.0007058915244702721,0.7413475225952756,COMPLETE,10_3
0,-2.6013100067331334,2023-04-25 19:12:33.051566,2023-04-25 19:12:54.708789,0 days 00:00:21.657223,0.048100044379914435,27,442,20,0.04313971321609245,2.0326256212412948,5.330038607120514,0.08099788427352905,-2.6013100067331334,-2.597603661685541,-2.7123537152070045,-1.4266285041452933,-3.668654145894695,0.24203875490782875,0.05067423139536606,0.7955257045045439,COMPLETE,10_1
1,-2.3282522632365295,2023-04-25 19:12:33.053792,2023-04-25 19:12:40.800599,0 days 00:00:07.746807,2.201538093960685e-05,42,170,32,0.25086480350844226,2941389.2358706114,1.9200267791748047,0.015932440757751465,-2.3282522632365295,-2.211469565182639,-2.0859441355994326,-2.1073474308878093,-2.908247921276236,0.5979174160312669,0.0017810878196781103,0.3382104875605095,COMPLETE,10_1
2,-2.3282517572088137,2023-04-25 19:12:33.054893,2023-04-25 19:12:36.326026,0 days 00:00:03.271133,0.027018665350508023,47,431,15,200349.8027393253,80910.59468438341,0.8114359378814697,0.005441248416900635,-2.3282517572088137,-2.2114745830126212,-2.085941828200712,-2.1073570714489738,-2.908233546172948,0.0569914909388213,0.0006587706689237427,0.3382027305611735,COMPLETE,10_1
3,-2.638469277069116,2023-04-25 19:12:33.056609,2023-04-25 19:12:51.961412,0 days 00:00:18.904803,0.12793448794664564,23,431,15,0.016564271158011287,4.988748756921138e-07,4.688122034072876,0.037039756774902344,-2.638469277069116,-2.5978986724134283,-2.773636319076944,-1.5090793907129754,-3.6732627260731157,0.02848454452836163,0.004513403926989457,0.7691285816936599,COMPLETE,10_1
4,-2.328240108854622,2023-04-25 19:12:36.327737,2023-04-25 19:12:42.259459,0 days 00:00:05.931722,3.3257216738052944e-07,2,458,44,1.1438765791078122e-07,1.0255570436391718e-06,1.4570907354354858,0.024931788444519043,-2.328240108854622,-2.2114401609224927,-2.0858957479618097,-2.107292323054153,-2.908332203480032,0.15202706514411868,0.0016118666620649205,0.33826682492912286,COMPLETE,10_1
5,-2.3282517572088137,2023-04-25 19:12:40.802671,2023-04-25 19:12:43.466529,0 days 00:00:02.663858,5.5041720915290376e-06,15,361,34,1365245.0246452868,1.3092361043922083,0.6587808728218079,0.006319403648376465,-2.3282517572088137,-2.2114745830126212,-2.085941828200712,-2.1073570714489738,-2.908233546172948,0.032928405289553694,0.002140473966389854,0.3382027305611735,COMPLETE,10_1
6,-2.3279525957541054,2023-04-25 19:12:42.261276,2023-04-25 19:12:57.739044,0 days 00:00:15.477768,4.572701878908683e-06,21,197,26,0.057601996497149914,201.63326153524795,3.848562180995941,0.0200650691986084,-2.3279525957541054,-2.211273823325115,-2.0855817325358283,-2.1061445716821754,-2.9088102554733024,0.15213713663688733,0.004487926104331373,0.3387299778842527,COMPLETE,10_1
7,-2.3282984515048706,2023-04-25 19:12:43.468646,2023-04-25 19:12:54.228269,0 days 00:00:10.759623,0.00017523078595529327,28,230,28,3.8152107630852205e-06,376061.50859086466,2.6701446771621704,0.01890486478805542,-2.3282984515048706,-2.211070805461033,-2.086132643218011,-2.106593463678304,-2.909396893662135,0.7777422503668188,0.0028547292087519605,0.3388270579532371,COMPLETE,10_1
8,-2.322210689571907,2023-04-25 19:12:51.963605,2023-04-25 19:13:32.827776,0 days 00:00:40.864171,6.30261094670209e-05,-1,285,45,1.9836454727745407e-07,3.990498428229199e-06,10.175189912319183,0.03942430019378662,-2.322210689571907,-2.2076564697370054,-2.0803467582924973,-2.0810110225079352,-2.919828507750189,1.1938989639674342,0.024004698669039107,0.34890728228709084,COMPLETE,10_1
9,-2.328525226821877,2023-04-25 19:12:54.229492,2023-04-25 19:13:05.737204,0 days 00:00:11.507712,0.000270945757074856,0,172,33,0.06403164399175168,48596.81632711995,2.860686779022217,0.015422940254211426,-2.328525226821877,-2.2087949868874874,-2.0864848802334452,-2.102598182117397,-2.9162228580491782,0.8196899509615004,0.002813938148341932,0.3425457615452553,COMPLETE,10_1
10,-2.3282517572088137,2023-04-25 19:12:54.711567,2023-04-25 19:12:57.261600,0 days 00:00:02.550033,0.0014910299203627574,37,408,5,5908797.462220012,174214.80225886015,0.6314212083816528,0.005146503448486328,-2.3282517572088137,-2.2114745830126212,-2.085941828200712,-2.1073570714489738,-2.908233546172948,0.05023136014175646,0.0003832766460071176,0.3382027305611735,COMPLETE,10_1
11,-2.6756321960311262,2023-04-25 19:12:57.263316,2023-04-25 19:13:04.622607,0 days 00:00:07.359291,0.1639745004969754,30,460,5,1.802234948092607e-07,2.0714258955605787,1.8061620593070984,0.03259313106536865,-2.6756321960311262,-2.5748878967884785,-2.937410396456222,-1.580856282981229,-3.609374207898575,0.14117579493846202,0.003212062527967783,0.7329880088664823,COMPLETE,10_1
12,-2.3282517572088137,2023-04-25 19:12:57.740362,2023-04-25 19:12:59.968730,0 days 00:00:02.228368,0.9871654629362818,10,299,26,1006882.0288777491,3687.5925965139127,0.5508816838264465,0.005400538444519043,-2.3282517572088137,-2.2114745830126212,-2.085941828200712,-2.1073570714489738,-2.908233546172948,0.09871841676084105,0.0007341900587582958,0.3382027305611735,COMPLETE,10_1
13,-2.32825144946747,2023-04-25 19:12:59.970683,2023-04-25 19:13:02.025620,0 days 00:00:02.054937,1.0318287999940728e-07,16,11,46,105.98736029266364,399.74353511628254,0.5020378232002258,0.007448554039001465,-2.32825144946747,-2.2114743329825206,-2.085941480815437,-2.107355722581555,-2.908234261490367,0.09680985034537723,0.0012854771494875189,0.3382033412908322,COMPLETE,10_1
14,-2.3282338107766587,2023-04-25 19:13:02.028142,2023-04-25 19:13:20.561316,0 days 00:00:18.533174,3.6600860903459623e-07,0,141,46,2.7127999316188775e-07,6.34795156874714e-05,4.598337113857269,0.022998332977294922,-2.3282338107766587,-2.2114629164106128,-2.085925017447146,-2.107280339186286,-2.9082669700625896,0.13408669860888806,0.006498556404367863,0.33823360846274075,COMPLETE,10_1
15,-2.3282339886451187,2023-04-25 19:13:04.625286,2023-04-25 19:13:23.667575,0 days 00:00:19.042289,3.240766687515018e-07,0,157,50,0.00031352349785216993,2.298531588211858e-05,4.736251771450043,0.020404279232025146,-2.3282339886451187,-2.21146308077211,-2.0859247838396433,-2.107281590865643,-2.9082664991030773,0.19594485655870905,0.009193522725805628,0.338233229788119,COMPLETE,10_1
16,-2.328240260319594,2023-04-25 19:13:05.738530,2023-04-25 19:13:17.417379,0 days 00:00:11.678849,3.69886646818024e-07,-1,89,49,6.654867847759606e-05,3.6420322862158755e-05,2.902172803878784,0.01313406229019165,-2.328240260319594,-2.211467140490939,-2.0859307996045224,-2.1073082340516702,-2.9082548671312445,0.1471476757729308,0.0051532783765667655,0.33822246399827965,COMPLETE,10_1
17,-2.3281172316177385,2023-04-25 19:13:17.419256,2023-04-25 19:13:42.284234,0 days 00:00:24.864978,1.3805333966213492e-06,6,303,41,0.0002593965982390012,0.002395591114357132,6.158776938915253,0.05358529090881348,-2.3281172316177385,-2.2113801368563144,-2.0858287056683915,-2.1067554902749204,-2.9085045936713283,0.9891442292236785,0.032793998469092915,0.33844563435723857,COMPLETE,10_1
18,-2.3281565310489523,2023-04-25 19:13:20.564415,2023-04-25 19:13:32.613088,0 days 00:00:12.048673,2.47588058981161e-06,8,110,40,0.00011939018163989843,0.003584646507908757,2.992346227169037,0.014859259128570557,-2.3281565310489523,-2.211413060783096,-2.0858488387535368,-2.106954297496664,-2.9084099271625123,0.21221520410435768,0.0045342990499051185,0.3383661062462838,COMPLETE,10_1
19,-2.3281587380397015,2023-04-25 19:13:23.669806,2023-04-25 19:13:29.989940,0 days 00:00:06.320134,3.8351720630558755e-06,8,70,40,36.93455994500964,0.010626153431320765,1.566398799419403,0.009689509868621826,-2.3281587380397015,-2.2114140119665104,-2.085850975250264,-2.106962841648648,-2.908407123293384,0.11195188734573483,0.0019029822541453273,0.3383630432478089,COMPLETE,10_1
20,-2.3282264061082154,2023-04-25 19:13:29.991983,2023-04-25 19:13:31.530307,0 days 00:00:01.538324,5.223892906832474e-06,8,14,38,20.37906580290308,0.015239952097145472,0.373995840549469,0.00631868839263916,-2.3282264061082154,-2.21145806221788,-2.0859173755736724,-2.107249317648503,-2.908280868992806,0.05572247802663529,0.0010346793000097269,0.33824642124860105,COMPLETE,10_1
