number,value,datetime_start,datetime_complete,duration,params_learning_rate,params_max_depth,params_n_estimators,params_num_leaves,params_reg_alpha,params_reg_lambda,user_attrs_mean_fit_time,user_attrs_mean_score_time,user_attrs_mean_test_score,user_attrs_split0_test_score,user_attrs_split1_test_score,user_attrs_split2_test_score,user_attrs_split3_test_score,user_attrs_std_fit_time,user_attrs_std_score_time,user_attrs_std_test_score,state,key
39,-2.4790123346579174,2023-04-25 20:47:43.769459,2023-04-25 20:47:54.007595,0 days 00:00:10.238136,9.514535518369375e-05,31,388,32,17525.499456136662,0.38103820493450297,2.502491772174835,0.05254405736923218,-2.4790123346579174,-2.390470007104467,-2.209034746277412,-2.842613143549481,-2.4739314417003104,0.5836618511414836,0.007464459794492021,0.23073740794254738,COMPLETE,0_1
40,-2.481087361599238,2023-04-25 20:47:45.506964,2023-04-25 20:47:52.767013,0 days 00:00:07.260049,5.7895850455702966e-05,47,314,32,20408.062455187403,0.22150488025318682,1.7747546434402466,0.03195023536682129,-2.481087361599238,-2.3959214241549764,-2.2105225771557926,-2.8418297114195594,-2.4760757336666237,0.17504743987867558,0.005687012798047291,0.22946606440283826,COMPLETE,0_1
41,-2.482840734393983,2023-04-25 20:47:46.983051,2023-04-25 20:47:51.291666,0 days 00:00:04.308615,8.677704764663178e-05,47,456,28,42458.11280900164,2.093011893360949e-05,1.0582252740859985,0.014572739601135254,-2.482840734393983,-2.4002038375417674,-2.2121145793698997,-2.841240693831478,-2.4778038268327873,0.24014239003903867,0.013681481400669892,0.22836232674089754,COMPLETE,0_1
42,-2.4509695403676357,2023-04-25 20:47:51.293799,2023-04-25 20:48:20.482920,0 days 00:00:29.189121,0.000582053517373239,34,322,33,105.34602751188194,8.475814414399006e-05,7.216680109500885,0.0754351019859314,-2.4509695403676357,-2.3251987684188014,-2.195527818961232,-2.859597919352978,-2.4235536547375323,0.19804246442586146,0.00930537823043536,0.24939804680908392,COMPLETE,0_1
43,-2.462023847420509,2023-04-25 20:47:52.769053,2023-04-25 20:48:30.523313,0 days 00:00:37.754260,0.0004933872703014202,34,344,40,235.29311279554346,6.376070356971007e-05,9.33728975057602,0.09630578756332397,-2.462023847420509,-2.3248421310288543,-2.1910472363752467,-2.864891135794698,-2.467314886483238,0.47660986165654134,0.016029472742461127,0.2522782165497404,COMPLETE,0_1
44,-2.441251575093202,2023-04-25 20:47:54.008785,2023-04-25 20:48:20.420295,0 days 00:00:26.411510,0.0007845971644826428,34,355,27,59.89173325318014,2.2950307604586095,6.51432591676712,0.08352124691009521,-2.441251575093202,-2.316855219442935,-2.188499290040131,-2.844607417663373,-2.415044373226368,0.17284356935662334,0.01202690980638749,0.24634372534316668,COMPLETE,0_1
45,-2.449249880402404,2023-04-25 20:47:57.224169,2023-04-25 20:48:22.260549,0 days 00:00:25.036380,0.0005167380590066677,33,334,27,123.68094077945163,4.320627228803766e-05,6.17968213558197,0.0747268795967102,-2.449249880402404,-2.333803346390248,-2.1933986921706476,-2.8439872183473955,-2.4258102647013247,0.18762188125645946,0.010507126275067578,0.24246376754431487,COMPLETE,0_1
46,-2.4500444431266306,2023-04-25 20:48:20.433221,2023-04-25 20:48:45.862981,0 days 00:00:25.429760,0.00047066530195850794,33,348,26,63.868412169358216,2.456905694937186,6.28010094165802,0.07102948427200317,-2.4500444431266306,-2.33609890513028,-2.194777557355032,-2.835713695387788,-2.4335876146334234,0.43745271107753336,0.013103364866618755,0.2383046201527276,COMPLETE,0_1
47,-2.4811629659800296,2023-04-25 20:48:20.484297,2023-04-25 20:48:46.227918,0 days 00:00:25.743621,1.5490243382986957e-05,23,339,27,15.672271042574469,2.932385632443694,6.349146723747253,0.08149486780166626,-2.4811629659800296,-2.3972209537683735,-2.210441463186105,-2.841097248451648,-2.4758921985139914,0.31661098856152425,0.02962046837912202,0.22908342485718095,COMPLETE,0_1
48,-2.4811312594529533,2023-04-25 20:48:22.262041,2023-04-25 20:48:44.376033,0 days 00:00:22.113992,1.4699293438116192e-05,23,345,21,9.357698067984915,2.326458520607977,5.454822480678558,0.06849372386932373,-2.4811312594529533,-2.3973988487930744,-2.210448172846324,-2.84071543682507,-2.4759625793473448,0.1192363751469947,0.016642595598548394,0.2289148017495935,COMPLETE,0_1
49,-2.4670921439897286,2023-04-25 20:48:30.525357,2023-04-25 20:48:49.479770,0 days 00:00:18.954413,0.0001795064283831823,39,400,21,7.481219660184009,2.3817843274944823,4.66542375087738,0.06746196746826172,-2.4670921439897286,-2.3660663477596775,-2.2024414219836257,-2.8370986621504413,-2.4627621440651692,1.383611140505854,0.015521143220436878,0.23300739716961125,COMPLETE,0_1
