number,value,datetime_start,datetime_complete,duration,params_learning_rate,params_max_depth,params_n_estimators,params_num_leaves,params_reg_alpha,params_reg_lambda,user_attrs_mean_fit_time,user_attrs_mean_score_time,user_attrs_mean_test_score,user_attrs_split0_test_score,user_attrs_split1_test_score,user_attrs_split2_test_score,user_attrs_split3_test_score,user_attrs_std_fit_time,user_attrs_std_score_time,user_attrs_std_test_score,state,key
30,-0.9530029456745709,2023-04-25 17:51:30.265713,2023-04-25 17:54:01.869802,0 days 00:02:31.604089,0.012231869490136799,26,403,31,0.0009473581874378006,277233.4834117107,36.034120202064514,1.8551112413406372,-0.9530029456745709,-1.0716946418678848,-0.9630072078274933,-0.8524833347832169,-0.9248265982196885,0.2078086303360174,0.0976872616745599,0.07919264917926061,COMPLETE,3_0
31,-0.9736348946649633,2023-04-25 17:51:38.733296,2023-04-25 17:54:28.752236,0 days 00:02:50.018940,0.012916535070426222,28,415,32,0.000406888221931215,293.2983533328248,39.602987349033356,2.8888520002365112,-0.9736348946649633,-1.0641170888160556,-0.9858526896726197,-0.8012316088837281,-1.0433381912874504,0.4573104270628519,0.5538340453504853,0.103582991462708,COMPLETE,3_0
32,-0.9718263769248404,2023-04-25 17:52:26.102007,2023-04-25 17:54:28.307864,0 days 00:02:02.205857,0.016510219444062064,28,417,18,7.856414929023194e-05,1472.7015611987915,28.116963267326355,2.4226145148277283,-0.9718263769248404,-1.018635505982191,-1.0026381711505985,-0.8238314776477565,-1.0422003529188153,0.42810191450800417,0.7771745930455933,0.08659596979039053,COMPLETE,3_0
33,-0.9886159565535813,2023-04-25 17:52:39.359823,2023-04-25 17:55:10.686089,0 days 00:02:31.326266,0.017132392029214856,7,419,32,8.075788136163733e-05,1319.9666185884855,35.50540453195572,2.3130860328674316,-0.9886159565535813,-1.0694036861795957,-1.0106794945808497,-0.7931860691559472,-1.0811945762979323,0.9434822604118253,0.43287884959112616,0.11594944878095344,COMPLETE,3_0
34,-1.0868798261294197,2023-04-25 17:54:01.873515,2023-04-25 17:54:59.879150,0 days 00:00:58.005635,0.9994914255169609,5,245,17,1.0500993902760176e-07,4540.7490409076745,13.505961000919342,0.973932683467865,-1.0868798261294197,-1.0584458833835773,-1.0847438546661006,-0.9435294012286181,-1.2608001652393825,0.6558396756190404,0.4730649817445754,0.1135899204920168,COMPLETE,3_0
35,-1.3073603129439122,2023-04-25 17:54:28.311409,2023-04-25 17:55:25.291896,0 days 00:00:56.980487,0.0023009997102678855,5,236,17,1.0657353137234983e-07,1023512.3245678497,13.397949934005737,0.8334560394287109,-1.3073603129439122,-1.3952495899571389,-1.2766738815656649,-1.2621075144763396,-1.2954102657765052,0.47992072392274193,0.2568306126030555,0.052097988159547894,COMPLETE,3_0
36,-0.9193436244433645,2023-04-25 17:54:28.753779,2023-04-25 17:55:42.381160,0 days 00:01:13.627381,0.3220605557131586,6,249,16,6.126595053262537e-07,1246174.4338362885,17.40954428911209,0.9846482872962952,-0.9193436244433645,-1.0142417750747417,-0.9942534532521953,-0.7899769016412584,-0.8789023678052628,0.4164135631008981,0.027527177422280585,0.0908135254965493,COMPLETE,3_0
37,-0.9148054710751665,2023-04-25 17:54:59.883964,2023-04-25 17:56:15.524564,0 days 00:01:15.640600,0.3375226648607895,11,244,15,8.823247836895107e-07,1294468.1573579935,17.56293773651123,1.3334916830062866,-0.9148054710751665,-0.9931325878997633,-1.0037080687653959,-0.7938208054718806,-0.8685604221636261,0.2600946356564655,0.40096017090745995,0.08777058585610342,COMPLETE,3_0
38,-0.9188325001343476,2023-04-25 17:55:10.689591,2023-04-25 17:56:16.885276,0 days 00:01:06.195685,0.37815140547848053,-1,178,23,6.046932018416213e-07,1246126.7346237618,15.444913923740387,1.0905437469482422,-0.9188325001343476,-1.0084701869822184,-1.0055335199085,-0.7964239272007635,-0.8649023664459085,0.6916485241470581,0.1894221463323147,0.09143891373562518,COMPLETE,3_0
39,-1.0225446877585043,2023-04-25 17:55:25.296636,2023-04-25 17:56:24.858955,0 days 00:00:59.562319,0.2941025967540371,12,163,24,1.2893728802822705e-06,24188.76872915129,13.743072926998138,1.129443347454071,-1.0225446877585043,-1.0445132820888567,-1.0330267662369237,-0.8854069455223915,-1.1272317571858446,0.37869252858320196,0.3505963610300518,0.08711864891770103,COMPLETE,3_0
40,-1.026237243869823,2023-04-25 17:55:42.390042,2023-04-25 17:56:39.822243,0 days 00:00:57.432201,0.35088514314036967,0,160,23,1.043367984303281e-06,17578.069534068283,13.133237600326538,1.2117699980735779,-1.026237243869823,-1.0611723350136821,-1.032934115019329,-0.838862466906713,-1.1719800585395683,0.657524292563328,0.3873109165576916,0.12001623197119818,COMPLETE,3_0
41,-0.9254582215282341,2023-04-25 17:56:15.528189,2023-04-25 17:56:22.881570,0 days 00:00:07.353381,0.3722468887539759,5,9,9,1.8563353177362834e-06,23304.847190529443,1.6369121670722961,0.1902782917022705,-0.9254582215282341,-1.0195934074016049,-0.9788924967771238,-0.7924225958945583,-0.9109243860396496,0.14912747276914506,0.07815059375603899,0.08606155508201808,COMPLETE,3_0
42,-0.9655330198650272,2023-04-25 17:56:16.919178,2023-04-25 17:56:41.829863,0 days 00:00:24.910685,0.37244290870925323,1,179,23,1.2339401802278462e-06,27036.505409782385,5.903352975845337,0.31198734045028687,-0.9655330198650272,-1.0553926324160066,-0.9692569163120586,-0.8246433684638153,-1.0128391622682287,0.585790871715196,0.020182962273370297,0.08685675326879791,COMPLETE,3_0
43,-0.9352074218077187,2023-04-25 17:56:22.886034,2023-04-25 17:56:34.486681,0 days 00:00:11.600647,0.3017526141127483,-1,18,8,1.8727834094167675e-06,12654.019731927765,2.674514949321747,0.2123502492904663,-0.9352074218077187,-0.9833076622830309,-0.9592544866117962,-0.8268251442715465,-0.9714423940645008,0.4276050721317273,0.05957163862334046,0.063149793661286,COMPLETE,3_0
44,-0.9269634911117125,2023-04-25 17:56:24.864352,2023-04-25 17:56:38.744040,0 days 00:00:13.879688,0.3339832385688819,0,30,10,1.6299108417106432e-06,466324.63452438836,3.246963858604431,0.2104966640472412,-0.9269634911117125,-1.0288177857116465,-0.9554847801445049,-0.8228562972018563,-0.9006951013888423,0.12033031601079634,0.039095061436771814,0.07535930164710794,COMPLETE,3_0
45,-0.9134100661664587,2023-04-25 17:56:34.493025,2023-04-25 17:57:07.942540,0 days 00:00:33.449515,0.3776586254813462,-1,91,15,8.96581424208295e-07,868934.3716386309,7.836408972740173,0.5058695077896118,-0.9134100661664587,-1.0032618983364294,-0.9929435887789201,-0.7849248097880026,-0.8725099677624827,0.4474314875458376,0.10765318248987038,0.09024994753397368,COMPLETE,3_0
46,-1.0613736926331585,2023-04-25 17:56:38.747668,2023-04-25 17:57:07.898891,0 days 00:00:29.151223,0.030185483866019613,-1,100,9,2.6792395816398548e-05,680093.9481172243,6.680540859699249,0.5814899802207947,-1.0613736926331585,-1.174925853638054,-1.0602830590116277,-0.9871739536540083,-1.0231119042289443,0.7727576754935634,0.20710301618211996,0.07047135671150552,COMPLETE,3_0
47,-1.3534370779104985,2023-04-25 17:56:39.824563,2023-04-25 17:56:46.851193,0 days 00:00:07.026630,0.03227407939196534,2,7,9,4.1943087975194344e-05,826141.3745877708,1.6046137809753418,0.14088857173919678,-1.3534370779104985,-1.4412984793894605,-1.3180961259144157,-1.3111156720587742,-1.3432380342793433,0.2693655557655283,0.041837164818300326,0.052114610816193736,COMPLETE,3_0
48,-1.0422449569696823,2023-04-25 17:56:41.843085,2023-04-25 17:57:05.565056,0 days 00:00:23.721971,0.036141165130172105,3,96,5,4.847109854135787e-05,697320.4930568042,5.6667128801345825,0.24865657091140747,-1.0422449569696823,-1.1699334151351282,-1.0440426845617825,-0.9685044533985716,-0.9864992747832467,0.6425171752682723,0.03128864139606153,0.07882388141057932,COMPLETE,3_0
49,-0.9426175918488178,2023-04-25 17:56:46.856524,2023-04-25 17:57:09.091221,0 days 00:00:22.234697,0.13544634698286265,4,82,15,3.117447246217102e-05,694855.063254289,5.274510741233826,0.2701299786567688,-0.9426175918488178,-1.045064136238449,-0.96037212494508,-0.843958406444321,-0.9210756997674208,1.3778791287755172,0.06525647214617289,0.07247103883960884,COMPLETE,3_0
0,-1.6230292474766757,2023-04-25 17:57:15.655978,2023-04-25 17:57:27.215790,0 days 00:00:11.559812,0.03632903026036339,42,165,39,0.0009279809901262659,4273280.887407052,2.7819294333457947,0.10547733306884766,-1.6230292474766757,-1.6302725617686187,-1.596140833385246,-1.6047912740025674,-1.6609123207502703,0.3692820444436689,0.016335152317128225,0.025215091370937335,COMPLETE,4_0
1,-1.806234444896439,2023-04-25 17:57:15.657970,2023-04-25 17:58:26.270048,0 days 00:01:10.612078,4.188815160342255e-05,30,497,20,4.120852924373127,700.9932694944674,17.23146653175354,0.4177551865577698,-1.806234444896439,-1.7634177827058366,-1.777892689830095,-1.8125820794519496,-1.8710452275978746,0.4868217394016495,0.02471063652333084,0.041464598334627005,COMPLETE,4_0
2,-1.8364802785996543,2023-04-25 17:57:15.659029,2023-04-25 17:57:55.598349,0 days 00:00:39.939320,3.280437567497484e-07,31,450,46,6.877639061167975,91149.80012908395,9.712683498859406,0.26944541931152344,-1.8364802785996543,-1.7888260768041204,-1.8072612257437053,-1.8453910092301162,-1.9044428026206752,0.7658329981654055,0.05889234177985138,0.04422381086655894,COMPLETE,4_0
3,-1.7318068613468738,2023-04-25 17:57:15.660007,2023-04-25 17:57:46.458516,0 days 00:00:30.798509,0.0004718958510612301,17,163,27,0.00821096572907666,0.15165242440959584,7.501897692680359,0.19504982233047485,-1.7318068613468738,-1.69556791800334,-1.7147780222163,-1.7405771092484192,-1.7763043959194358,0.32071022668194965,0.02492876696879798,0.030249752924948494,COMPLETE,4_0
4,-0.9738914549230765,2023-04-25 17:57:27.218867,2023-04-25 17:58:16.303879,0 days 00:00:49.085012,0.0062914776058103404,9,243,34,0.00016772799955446977,329.92059845678335,11.894040763378143,0.37402427196502686,-0.9738914549230765,-1.0704349830779039,-0.9369571341037575,-0.9976086142486644,-0.8905650882619803,0.0648701253944,0.05265077392957477,0.06743623638367782,COMPLETE,4_0
5,-0.8885030453395258,2023-04-25 17:57:46.459940,2023-04-25 17:58:17.815543,0 days 00:00:31.355603,0.005362484099992922,36,462,6,1.271063294149209,5.149211338063829,7.550649344921112,0.2855544090270996,-0.8885030453395258,-0.9666898678491669,-0.8065269762585868,-0.9094028933612752,-0.8713924438890746,0.18430894430740932,0.015478585835655837,0.058229785001847216,COMPLETE,4_0
6,-1.836512727653566,2023-04-25 17:57:55.601385,2023-04-25 17:58:22.221533,0 days 00:00:26.620148,1.396859054909435e-07,38,395,6,0.0010680727618624568,2161.865577751801,6.400874495506287,0.25179117918014526,-1.836512727653566,-1.788838107444659,-1.8073014515994514,-1.8454286950387628,-1.9044826565313908,0.26692243777524627,0.03982298435811078,0.04423113656363484,COMPLETE,4_0
7,-0.9213451502828467,2023-04-25 17:58:16.305411,2023-04-25 17:59:23.000367,0 days 00:01:06.694956,0.1763410581181803,14,345,48,19.518679966712053,5.705784265466085e-05,16.21165293455124,0.45873069763183594,-0.9213451502828467,-0.9768344670757968,-0.832619609713943,-0.9910417120281004,-0.8848848123135465,0.14801788019256834,0.06322850849915625,0.06545657490149119,COMPLETE,4_0
8,-1.5870028411514117,2023-04-25 17:58:17.817759,2023-04-25 17:58:37.366028,0 days 00:00:19.548269,0.002389852180100033,45,83,41,1.1479526430336817e-05,77.25255415572795,4.77117121219635,0.11317437887191772,-1.5870028411514117,-1.5674564742846382,-1.5832264295946046,-1.5977223031140497,-1.5996061576123535,0.17665542826276387,0.008073239091178814,0.012942876346855604,COMPLETE,4_0
9,-1.7120119116038883,2023-04-25 17:58:22.223376,2023-04-25 17:58:47.662643,0 days 00:00:25.439267,0.00038772152365897355,19,479,34,111808.59253087768,28.14012860879166,6.099160254001617,0.257360577583313,-1.7120119116038883,-1.7023836719267618,-1.6713185929479568,-1.7164086624581498,-1.7579367190826853,0.2359051988985274,0.02538968810830464,0.03113305535340371,COMPLETE,4_0
10,-0.9105687407392472,2023-04-25 17:58:26.274090,2023-04-25 18:00:12.014656,0 days 00:01:45.740566,0.004902107738926467,9,457,49,0.0017888853232463102,847.5203857027884,25.65074396133423,0.7810013294219971,-0.9105687407392472,-1.0147743786501284,-0.8398186192352857,-0.9803641469966563,-0.8073178180749182,0.5328244927737564,0.04293539330267723,0.08859535319489256,COMPLETE,4_0
11,-1.820446826813249,2023-04-25 17:58:37.367159,2023-04-25 17:58:57.298789,0 days 00:00:19.931630,0.0003006606136990828,19,366,42,6.056961449503022e-07,1124682.7124207255,4.793430745601654,0.18670380115509033,-1.820446826813249,-1.776060147939141,-1.791286418843768,-1.827648366174983,-1.8867923742951038,0.4207286349136351,0.010620240494026855,0.04264416869357819,COMPLETE,4_0
12,-1.8365629179663419,2023-04-25 17:58:47.665306,2023-04-25 17:58:56.365368,0 days 00:00:08.700062,7.423089539963095e-06,41,141,26,0.8307872042429534,6268073.424763212,2.087615728378296,0.08487367630004883,-1.8365629179663419,-1.7888789821666482,-1.8073527190437864,-1.8454781096130413,-1.9045418610418925,0.18425974467431508,0.010383161707344116,0.044236892969022196,COMPLETE,4_0
13,-0.9287546625213281,2023-04-25 17:58:56.366528,2023-04-25 17:59:14.465253,0 days 00:00:18.098725,0.6566514136258365,4,327,7,3.431748056049406e-07,0.0001048730278508227,4.3069334626197815,0.21185553073883057,-0.9287546625213281,-0.9692591419611836,-0.9040214674049895,-0.9526250139177441,-0.8891130268013951,0.15738502321424083,0.044515938877109494,0.03314210597448809,COMPLETE,4_0
14,-1.0065311185907027,2023-04-25 17:58:57.300650,2023-04-25 17:59:11.661282,0 days 00:00:14.360632,0.2552490577718052,3,284,5,4.4567153887752736e-07,0.0003549279994919536,3.4092318415641785,0.17552286386489868,-1.0065311185907027,-0.9725163507998178,-0.8966112047757722,-1.148768354935912,-1.0082285638513084,0.167064655649699,0.055293006749616035,0.09147910226451349,COMPLETE,4_0
15,-0.8718997099077743,2023-04-25 17:59:11.663633,2023-04-25 17:59:39.853348,0 days 00:00:28.189715,0.011456120596045742,5,278,15,1229.9818858125625,0.07233252612579888,6.779811084270477,0.26187270879745483,-0.8718997099077743,-0.9830431825492904,-0.8202078374005882,-0.8804707044409013,-0.8038771152403178,0.28814104724661976,0.03598368832767893,0.07022367216027403,COMPLETE,4_0
16,-0.9669091798676969,2023-04-25 17:59:14.466918,2023-04-25 17:59:40.868491,0 days 00:00:26.401573,0.9054365779313546,-1,317,15,2.8410317230745996e-07,6.309019290584135e-07,6.37443870306015,0.21939730644226074,-0.9669091798676969,-1.0339436926066439,-0.911371375040811,-1.0172013459095217,-0.905120305913811,0.16859206477079855,0.01931950998750205,0.0590026282736731,COMPLETE,4_0
17,-0.8887931618200199,2023-04-25 17:59:23.002153,2023-04-25 17:59:46.902847,0 days 00:00:23.900694,0.08256490464335409,28,398,16,2454.9751693474846,2.875393990719028e-06,5.744116723537445,0.22582793235778809,-0.8887931618200199,-0.9250870297902896,-0.8427669986824664,-0.9264895168029239,-0.8608291020043999,0.7317181172391668,0.01924919689413417,0.03754549362365855,COMPLETE,4_0
18,-1.8074614113331433,2023-04-25 17:59:39.855362,2023-04-25 17:59:42.003547,0 days 00:00:02.148185,0.01937073078708359,27,1,15,3574.1405185020803,0.08762055601709835,0.4972723126411438,0.03445029258728027,-1.8074614113331433,-1.763688876452468,-1.7800959552182551,-1.8149184598760852,-1.871142353785765,0.03889137607490297,0.003420848130366178,0.041157541844969635,COMPLETE,4_0
19,-1.7788102004445672,2023-04-25 17:59:40.870697,2023-04-25 17:59:43.100208,0 days 00:00:02.229511,0.019219281392407472,28,2,13,1119.9142983548409,0.2662973760307981,0.5171564817428589,0.03346472978591919,-1.7788102004445672,-1.7382070407304793,-1.7542379051091923,-1.7850451643626157,-1.8377506915759823,0.06150726096216773,0.004883412212717674,0.03796468933986028,COMPLETE,4_0
20,-1.836593331707063,2023-04-25 17:59:42.006073,2023-04-25 17:59:55.213372,0 days 00:00:13.207299,0.04170459234624723,35,420,12,5917729.954895308,4.397286885987615,3.2645429372787476,0.031435370445251465,-1.836593331707063,-1.788903981247272,-1.8073790237606937,-1.8455135652726475,-1.9045767565476395,0.21848659670072218,0.003010221204069969,0.044241006306313134,COMPLETE,4_0
21,-1.836593331707063,2023-04-25 17:59:43.101393,2023-04-25 17:59:56.335304,0 days 00:00:13.233911,0.0027376653815223712,33,418,21,1482883.213149592,3.5210832305935584,3.2719059586524963,0.030361950397491455,-1.836593331707063,-1.788903981247272,-1.8073790237606937,-1.8455135652726475,-1.9045767565476395,0.15368635186298416,0.001340724905915008,0.044241006306313134,COMPLETE,4_0
22,-1.836593331707063,2023-04-25 17:59:46.904119,2023-04-25 17:59:55.238545,0 days 00:00:08.334426,0.0037701817204917783,35,236,20,2495524.0063230717,0.00936441991419647,2.044242560863495,0.03382331132888794,-1.836593331707063,-1.788903981247272,-1.8073790237606937,-1.8455135652726475,-1.9045767565476395,0.03374630329694059,0.006481739512022259,0.044241006306313134,COMPLETE,4_0
23,-1.2295417615905282,2023-04-25 17:59:55.215386,2023-04-25 18:00:33.703647,0 days 00:00:38.488261,0.002780846622824546,22,237,22,0.26311038884440313,0.026416095316777966,9.337258160114288,0.2778699994087219,-1.2295417615905282,-1.2663226146458653,-1.2433780328520474,-1.2526443606460373,-1.1558220382181625,0.21069816696196422,0.03254995145050063,0.043337631600949215,COMPLETE,4_0
24,-0.8745581210254342,2023-04-25 17:59:55.240060,2023-04-25 18:00:19.612826,0 days 00:00:24.372766,0.11551185355077172,24,433,20,1149.0936265959642,6.3303657070417065,5.903596341609955,0.1839929223060608,-0.8745581210254342,-0.9203218881372723,-0.8061354949841313,-0.9017103256292872,-0.8700647753510458,0.3495704379187283,0.040089527183320345,0.04339761083531438,COMPLETE,4_0
25,-0.9650482334224575,2023-04-25 17:59:56.337106,2023-04-25 18:00:27.233722,0 days 00:00:30.896616,0.10580558401662404,10,381,10,195.52069850475252,2.8589802902345554e-07,7.380471885204315,0.33733636140823364,-0.9650482334224575,-0.9340409078465531,-0.87415124165382,-1.0984786693000637,-0.9535221148893935,0.30449857913083295,0.022755508208893643,0.08240183550577636,COMPLETE,4_0
26,-0.9329611811369942,2023-04-25 18:00:12.015653,2023-04-25 18:00:35.412460,0 days 00:00:23.396807,0.10001500685702372,24,281,10,459.82575923895865,0.007881226686128246,5.578760027885437,0.26173877716064453,-0.9329611811369942,-0.9266995066616668,-0.8577732887999002,-1.0041006652607978,-0.9432712638256121,0.16195762331454638,0.02473792884555759,0.052104586477047396,COMPLETE,4_0
27,-0.9583825138576219,2023-04-25 18:00:19.614460,2023-04-25 18:00:41.988306,0 days 00:00:22.373846,0.0882798130620002,24,287,9,0.1970363516670935,0.00770620010436529,5.3615575432777405,0.22562652826309204,-0.9583825138576219,-0.9397141753568976,-0.8778426317852313,-1.0594956995964835,-0.9564775486918748,0.07566435480714516,0.017258260084510008,0.06531210586322501,COMPLETE,4_0
28,-0.9083624777606141,2023-04-25 18:00:27.235710,2023-04-25 18:01:12.432980,0 days 00:00:45.197270,0.016522925676510293,23,275,24,0.19368306893871,0.021705782780585627,10.913182973861694,0.37751632928848267,-0.9083624777606141,-0.9626419925993597,-0.8357699828688263,-0.9658141191225189,-0.8692238164517516,0.31608919957264037,0.05994482779999992,0.057114932263749155,COMPLETE,4_0
29,-0.9348341746829333,2023-04-25 18:00:33.704860,2023-04-25 18:00:54.789027,0 days 00:00:21.084167,0.015152148336039312,47,292,10,38797.78529357472,2.7342745185880375,5.084328651428223,0.18042033910751343,-0.9348341746829333,-1.1284064315744375,-0.8088211287272697,-0.9818397162969813,-0.8202694221330448,0.3138726541473089,0.015851195545308682,0.13103826717636902,COMPLETE,4_0
30,-0.926454960633796,2023-04-25 18:00:35.413707,2023-04-25 18:01:06.074490,0 days 00:00:30.660783,0.012855911071373436,24,438,18,35629.65269116601,1.1907051282539123,7.396614968776703,0.26314932107925415,-0.926454960633796,-1.1168653619807292,-0.7979559346300624,-0.984867414627493,-0.8061311312968994,0.5465668056054852,0.03224310654385852,0.13290782455603278,COMPLETE,4_0
31,-0.926604794113101,2023-04-25 18:00:41.989547,2023-04-25 18:01:15.007905,0 days 00:00:33.018358,0.01325747889221811,13,451,18,24236.76199197355,0.8351060357441444,7.915006995201111,0.33295875787734985,-0.926604794113101,-1.0936773091373746,-0.8192143411401265,-1.0020614236051189,-0.7914661025697844,0.6207025975498563,0.03379349655668068,0.1258988716714849,COMPLETE,4_0
32,-0.8993038470045756,2023-04-25 18:00:54.790408,2023-04-25 18:02:09.393503,0 days 00:01:14.603095,0.0324695669343938,40,440,31,67.60544610233201,0.5196473589842058,17.65561270713806,0.9881705045700073,-0.8993038470045756,-0.9502048078454873,-0.7870708732033987,-0.9705552084525748,-0.8893844985168411,0.5102287432450139,0.5381882846538385,0.07134826242698246,COMPLETE,4_0
33,-0.9093818117848523,2023-04-25 18:01:06.075638,2023-04-25 18:01:24.173083,0 days 00:00:18.097445,0.3289088732607348,40,205,31,132.75255021470775,21.857967183286547,4.39161479473114,0.1265466809272766,-0.9093818117848523,-0.9662646403729386,-0.7920616602662529,-0.993443954612588,-0.8857569918876297,0.20401543659552335,0.01666694223534255,0.07846057945314891,COMPLETE,4_0
34,-0.9236544485741779,2023-04-25 18:01:12.434185,2023-04-25 18:01:55.039557,0 days 00:00:42.605372,0.050334769947969135,39,407,17,63.53202520675943,17.104425138512788,10.251498997211456,0.393071711063385,-0.9236544485741779,-0.9492900452380035,-0.872810344213079,-1.0058994456858192,-0.8666179591598094,0.23362657848340135,0.017817544210298342,0.057575401516624096,COMPLETE,4_0
35,-0.8974499865821093,2023-04-25 18:01:15.009255,2023-04-25 18:02:50.541625,0 days 00:01:35.532370,0.03755205480880307,28,499,32,186.96829257000573,20.67176616167234,22.81275898218155,1.0625945329666138,-0.8974499865821093,-0.9649511419406472,-0.7872589610164267,-0.9585898334003932,-0.8790000099709704,3.475243185137111,0.2258150512991722,0.0720710597186367,COMPLETE,4_0
