number,value,datetime_start,datetime_complete,duration,params_learning_rate,params_max_depth,params_n_estimators,params_num_leaves,params_reg_alpha,params_reg_lambda,user_attrs_mean_fit_time,user_attrs_mean_score_time,user_attrs_mean_test_score,user_attrs_split0_test_score,user_attrs_split1_test_score,user_attrs_split2_test_score,user_attrs_split3_test_score,user_attrs_std_fit_time,user_attrs_std_score_time,user_attrs_std_test_score,state,key
18,-2.7259658540818776,2023-04-25 18:23:21.792138,2023-04-25 18:23:25.025349,0 days 00:00:03.233211,0.696271857936282,39,102,41,102.33494640120202,6.758196294877117,0.8007126450538635,0.004075407981872559,-2.7259658540818776,-2.855029995158218,-2.6276095969442057,-2.695257970143209,,0.12239487842443436,0.0022291223263749904,0.09534932260884375,COMPLETE,7_3
19,-2.7908102399758477,2023-04-25 18:23:24.259300,2023-04-25 18:23:28.677343,0 days 00:00:04.418043,0.7379478077458168,31,51,40,37.510820490281965,22.77170356885698,1.0945284962654114,0.006271779537200928,-2.7908102399758477,-2.9862282545833216,-2.6166522947373125,-2.769550170606908,,0.039606847050346686,0.0016517037972965717,0.15162583428999124,COMPLETE,7_3
20,-2.4858649991916764,2023-04-25 18:23:25.026594,2023-04-25 18:23:26.301949,0 days 00:00:01.275355,0.03908638231707039,30,40,48,4024.8556727814803,654.7158544369308,0.31048744916915894,0.0043427348136901855,-2.4858649991916764,-2.8309704813309002,-2.3509512569340716,-2.2756732593100577,,0.02172040634403702,0.002498525989749942,0.24595397887068196,COMPLETE,7_3
21,-2.666309362988994,2023-04-25 18:23:26.303507,2023-04-25 18:23:38.364675,0 days 00:00:12.061168,0.03401844670488444,43,165,28,21.074639117043414,0.796804016935639,3.0015379786491394,0.01026695966720581,-2.666309362988994,-2.7707546058841817,-2.5726655361843203,-2.65550794689848,,0.11443148654161159,0.0058324492294110995,0.08122939872488469,COMPLETE,7_3
22,-2.8701920587435503,2023-04-25 18:23:27.639986,2023-04-25 18:23:41.707332,0 days 00:00:14.067346,0.8386303633885588,43,284,28,17.22878670388378,0.22531739464001946,3.494469165802002,0.018492281436920166,-2.8701920587435503,-3.0353135960201247,-2.7777333804890807,-2.7975291997214464,,0.1560440996948099,0.009632696484718883,0.11703791456676028,COMPLETE,7_3
23,-2.756460347461909,2023-04-25 18:23:28.678576,2023-04-25 18:23:45.035585,0 days 00:00:16.357009,0.07011619783110942,43,280,29,3.237266674803062,0.9196335006783036,4.069672226905823,0.015787601470947266,-2.756460347461909,-2.8441727793392673,-2.680564554897588,-2.7446437081488733,,0.1088614523965202,0.00893343879314589,0.0673133840070979,COMPLETE,7_3
24,-2.521174927236933,2023-04-25 18:23:28.801673,2023-04-25 18:23:29.870790,0 days 00:00:01.069117,0.04499665673188019,43,36,48,4894.544216156468,1058.8821766683252,0.2604024410247803,0.003184676170349121,-2.521174927236933,-2.895631487471979,-2.393438846480549,-2.27445444775827,,0.01805952152989504,0.0016461178461558365,0.26919956465061723,COMPLETE,7_3
25,-2.4293784811434396,2023-04-25 18:23:29.872129,2023-04-25 18:23:34.024578,0 days 00:00:04.152449,0.01183929081002941,17,157,46,3836.9468081799337,0.4199587655131654,1.0262733697891235,0.008221983909606934,-2.4293784811434396,-2.715217140000572,-2.273952791308571,-2.298965512121175,,0.07840958425070964,0.004330332615232433,0.2023762390920197,COMPLETE,7_3
26,-2.619811541655363,2023-04-25 18:23:34.025816,2023-04-25 18:23:43.645301,0 days 00:00:09.619485,0.00884566697645562,17,138,28,9.862575267082534,0.4663919205562259,2.391999304294586,0.00905686616897583,-2.619811541655363,-2.9282621200229526,-2.6366152327898837,-2.294557272153253,,0.0954964389803425,0.005038958497053575,0.2589816358743068,COMPLETE,7_3
27,-3.3636582085197184,2023-04-25 18:23:38.365802,2023-04-25 18:23:39.220709,0 days 00:00:00.854907,0.015338867626992705,19,151,46,1275999.3609117058,1.3770000779462734,0.20734935998916626,0.0021888017654418945,-3.3636582085197184,-3.8879543545786257,-3.3746193915912204,-2.8284008793893105,,0.006386629143047002,0.0010935734528193485,0.4326303289932287,COMPLETE,7_3
28,-2.381374818180167,2023-04-25 18:23:39.222162,2023-04-25 18:23:41.408131,0 days 00:00:02.185969,0.13422880119073435,-1,210,39,2134.475062075515,0.015835583356054266,0.5369184017181396,0.0053675174713134766,-2.381374818180167,-2.446274246453118,-2.167316998580801,-2.5305332095065816,,0.050055709070693864,0.002931944975927708,0.15522125243758172,COMPLETE,7_3
29,-3.3636582085197184,2023-04-25 18:23:41.409491,2023-04-25 18:23:42.720041,0 days 00:00:01.310550,0.003896177479609886,10,251,50,400074.149437376,0.006015940237636372,0.3212282657623291,0.0026726722717285156,-3.3636582085197184,-3.8879543545786257,-3.3746193915912204,-2.8284008793893105,,0.016096578545166027,0.0013610699008672217,0.4326303289932287,COMPLETE,7_3
30,-2.4986133230545424,2023-04-25 18:23:41.708974,2023-04-25 18:23:46.910029,0 days 00:00:05.201055,0.0063161831512529324,9,214,39,3924.765340103559,0.005718275548351375,1.28067946434021,0.015400052070617676,-2.4986133230545424,-2.85762712614048,-2.373336180394652,-2.2648766626284944,,0.12319733725447138,0.009760210409836271,0.25769368101577284,COMPLETE,7_3
31,-2.3443971765723615,2023-04-25 18:23:42.721420,2023-04-25 18:23:46.203144,0 days 00:00:03.481724,0.09325098627483164,16,371,31,2964.1832269175197,1.9207073022286194,0.8602962493896484,0.005965173244476318,-2.3443971765723615,-2.4329122164767236,-2.126380252117229,-2.473899061123132,,0.07537519664158508,0.0035793743300551175,0.15506668430103104,COMPLETE,7_3
32,-2.352780657860192,2023-04-25 18:23:43.646384,2023-04-25 18:23:45.751101,0 days 00:00:02.104717,0.12097516583564287,-1,202,39,3582.4940008105696,2.153692639312028,0.5167510509490967,0.004700958728790283,-2.352780657860192,-2.481098876759023,-2.145301933120056,-2.431941163701498,,0.03504091658827748,0.00267465443262846,0.1480758501649441,COMPLETE,7_3
33,-2.3776991282073836,2023-04-25 18:23:45.037129,2023-04-25 18:23:46.993065,0 days 00:00:01.955936,0.18515115373124286,-1,210,39,2120.3674664698838,0.015819690751257304,0.480415403842926,0.0045792460441589355,-2.3776991282073836,-2.4422619089437134,-2.157243697769667,-2.5335917779087693,,0.0775250294694395,0.0026988336571740655,0.16028252940438767,COMPLETE,7_3
34,-2.3828367446387593,2023-04-25 18:23:45.752647,2023-04-25 18:23:47.955438,0 days 00:00:02.202791,0.13655860872520004,-1,212,39,1814.2139653702375,3.4933711266757626,0.5424928069114685,0.004205226898193359,-2.3828367446387593,-2.4311977618447,-2.1630623014163706,-2.554250170655207,,0.03347033517139161,0.002513186402970519,0.16332192800070297,COMPLETE,7_3
35,-3.740769370997898,2023-04-25 18:23:46.204508,2023-04-25 18:23:48.567467,0 days 00:00:02.362959,0.17669980787109113,-1,392,32,22900.624223828858,147.44971080101246,0.5830960869789124,0.0033785104751586914,-3.740769370997898,-4.875961057856524,-3.667105447361212,-2.679241607775959,,0.07365779722960439,0.0016764116888348794,0.8983183792786492,COMPLETE,7_3
36,-3.3636582085197184,2023-04-25 18:23:46.911612,2023-04-25 18:23:48.645783,0 days 00:00:01.734171,0.11364218700675359,-1,380,23,50904.94183265369,337.9890572597877,0.42675918340682983,0.002652764320373535,-3.3636582085197184,-3.8879543545786257,-3.3746193915912204,-2.8284008793893105,,0.04402867266071229,0.0013556810241927438,0.4326303289932287,COMPLETE,7_3
37,-3.226711304605999,2023-04-25 18:23:46.994999,2023-04-25 18:23:49.314125,0 days 00:00:02.319126,0.14189216360290174,-1,377,22,19652.127036140377,324.50865842130565,0.5700005888938904,0.00337064266204834,-3.226711304605999,-3.951755095958951,-3.225806043699344,-2.5025727741597015,,0.09061235095546875,0.0017335634949262808,0.5916265517350439,COMPLETE,7_3
38,-3.736661687268821,2023-04-25 18:23:47.956670,2023-04-25 18:23:50.294515,0 days 00:00:02.337845,0.2108507810834618,0,425,32,28174.1251678714,164.8579639612331,0.5764532685279846,0.003466308116912842,-3.736661687268821,-4.312296929941228,-3.4368604509097396,-3.4608276809554956,,0.10452949840135532,0.0005527257558079031,0.4071531705913694,COMPLETE,7_3
39,-3.3636582085197184,2023-04-25 18:23:48.568665,2023-04-25 18:23:49.792008,0 days 00:00:01.223343,0.08068385163117374,1,196,19,1321436.677189072,0.01910277747859048,0.29882872104644775,0.0026592016220092773,-3.3636582085197184,-3.8879543545786257,-3.3746193915912204,-2.8284008793893105,,0.024280109952251872,0.0015069294009703855,0.4326303289932287,COMPLETE,7_3
40,-3.3636582085197184,2023-04-25 18:23:48.647860,2023-04-25 18:23:49.726002,0 days 00:00:01.078142,0.37872970587422167,3,199,24,382654.414855698,0.02574450894134199,0.26224327087402344,0.003231525421142578,-3.3636582085197184,-3.8879543545786257,-3.3746193915912204,-2.8284008793893105,,0.011767854374494964,0.0018261597022372071,0.4326303289932287,COMPLETE,7_3
41,-3.3636582085197184,2023-04-25 18:23:49.315520,2023-04-25 18:23:50.286697,0 days 00:00:00.971177,0.02236437975992583,4,191,32,1447880.0910204363,0.031287773689756514,0.2359297275543213,0.0022370219230651855,-3.3636582085197184,-3.8879543545786257,-3.3746193915912204,-2.8284008793893105,,0.011500069099458023,0.0011249882706160783,0.4326303289932287,COMPLETE,7_3
42,-3.3636582085197184,2023-04-25 18:23:49.727246,2023-04-25 18:23:50.820870,0 days 00:00:01.093624,0.06859518382510732,5,234,31,4773540.506693004,0.00038168735155772387,0.26652592420578003,0.002491891384124756,-3.3636582085197184,-3.8879543545786257,-3.3746193915912204,-2.8284008793893105,,0.012060574609215904,0.0012483214007369679,0.4326303289932287,COMPLETE,7_3
43,-2.4116782609475065,2023-04-25 18:23:49.793611,2023-04-25 18:23:56.098662,0 days 00:00:06.305051,0.02022569679253584,7,277,44,1082.160664007353,0.00021158247753727072,1.5584819912910461,0.013335466384887695,-2.4116782609475065,-2.464269358957297,-2.1973497849546315,-2.573415638930591,,0.5203848205575315,0.007536120174916719,0.1579678223016182,COMPLETE,7_3
44,-2.5020987248471527,2023-04-25 18:23:50.290228,2023-04-25 18:23:52.060098,0 days 00:00:01.769870,0.4141499851587501,7,245,38,479.6940954822749,2.356351769817772,0.4303499460220337,0.003053009510040283,-2.5020987248471527,-2.539713848360268,-2.327224869822196,-2.6393574563589937,,0.04154244228532976,0.0015588015505688816,0.13017388635262223,COMPLETE,7_3
45,-2.413449192799496,2023-04-25 18:23:50.298096,2023-04-25 18:23:51.698795,0 days 00:00:01.400699,0.4327210448562153,6,223,38,1621.103425169824,2.236864600483532,0.3404577970504761,0.0027670860290527344,-2.413449192799496,-2.463422504750536,-2.1937025704650255,-2.5832225031829266,,0.024769815091086486,0.0014410074442656148,0.1628996489185014,COMPLETE,7_3
46,-2.454304504089387,2023-04-25 18:23:50.822342,2023-04-25 18:23:52.362700,0 days 00:00:01.540358,0.437593799706179,7,230,38,772.3667871966488,4.427679358337396,0.3776090145111084,0.002814352512359619,-2.454304504089387,-2.5004048800392735,-2.241279537391354,-2.6212290948375325,,0.018303022219990084,0.001501857072922329,0.15850205056071545,COMPLETE,7_3
47,-2.4271186381535017,2023-04-25 18:23:51.699900,2023-04-25 18:23:55.108925,0 days 00:00:03.409025,0.16166533155321483,8,494,43,900.9587436102196,2.514667683150783,0.842490017414093,0.00562596321105957,-2.4271186381535017,-2.471898161484379,-2.2034564994886225,-2.6060012534875034,,0.11865161861020353,0.0035636572404616515,0.1673608357717148,COMPLETE,7_3
48,-2.4203057841084594,2023-04-25 18:23:52.061659,2023-04-25 18:23:53.540094,0 days 00:00:01.478435,0.9100905103018184,2,297,43,1084.0136456471548,4.506897337354505,0.3627208471298218,0.0026124119758605957,-2.4203057841084594,-2.360700496003083,-2.2193504791882663,-2.6808663771340284,,0.03456405221939792,0.0012753276156144213,0.19306963129359048,COMPLETE,7_3
49,-2.9726872373952262,2023-04-25 18:23:52.364439,2023-04-25 18:23:54.687706,0 days 00:00:02.323267,0.0016809842865553029,2,278,44,8007.244524449373,49.98016428371842,0.5677477717399597,0.008358180522918701,-2.9726872373952262,-3.5126349099700462,-2.9442575566562796,-2.4611692455593537,,0.052628755714020356,0.004630276183695505,0.4297295241729334,COMPLETE,7_3
0,-3.0173043375933872,2023-04-25 18:23:57.818897,2023-04-25 18:24:02.589550,0 days 00:00:04.770653,5.550264719246008e-06,2,296,33,0.0011530297666905022,0.009912664278286297,1.1636045575141907,0.027460575103759766,-3.0173043375933872,-3.0589445890444087,-2.95074277880139,-3.2531095248398376,-2.8064204576879144,0.09697204975808389,0.004587472060932789,0.1629727345187257,COMPLETE,7_1
1,-2.345507496308048,2023-04-25 18:23:57.821283,2023-04-25 18:24:07.687018,0 days 00:00:09.865735,0.2812440441146968,3,387,37,41.657895536727935,1.3505957459085281e-06,2.414386570453644,0.05082845687866211,-2.345507496308048,-1.7153085511003625,-2.7823287574054607,-3.0206455710965727,-1.8637471056297965,0.1332250620129312,0.008094362009796352,0.5647716394134957,COMPLETE,7_1
2,-2.7801450932591694,2023-04-25 18:23:57.822632,2023-04-25 18:24:10.282361,0 days 00:00:12.459729,0.0015917466060928948,41,118,49,846.9904705290277,7.930744763363514e-07,3.084300220012665,0.02961951494216919,-2.7801450932591694,-2.7512366934650054,-2.721211339862285,-3.1416739213872726,-2.506458418322114,0.16184682019859362,0.004139928603642677,0.22908315764907566,COMPLETE,7_1
3,-3.0192812751575726,2023-04-25 18:23:57.824075,2023-04-25 18:24:02.353878,0 days 00:00:04.529803,1.1609855808834223e-06,4,128,9,1.8535789020943964e-06,8.430357736247813e-06,1.114479124546051,0.016357362270355225,-3.0192812751575726,-3.061399520265123,-2.952828772532564,-3.2542335532744153,-2.808663254558187,0.06597433755654192,0.0018291313217968274,0.16259797451810698,COMPLETE,7_1
4,-3.0165472271629583,2023-04-25 18:24:02.355903,2023-04-25 18:24:13.730530,0 days 00:00:11.374627,1.6088378195385923e-05,30,111,35,37.024856836149965,0.057868921519167865,2.817378580570221,0.025173604488372803,-3.0165472271629583,-3.0580925330895963,-2.9501188129462523,-3.2525043253201757,-2.8054732372958084,0.08070237893202675,0.006225474413761433,0.16306956186632182,COMPLETE,7_1
5,-3.0191541083255533,2023-04-25 18:24:02.591501,2023-04-25 18:24:23.912355,0 days 00:00:21.320854,2.5887856596823438e-06,8,486,30,3.463765600162717e-07,131775.23871138034,5.248961925506592,0.07983696460723877,-3.0191541083255533,-3.0613057188209924,-2.952753275880746,-3.2540458062887425,-2.808511632311732,0.9202742839628967,0.023773154699593547,0.16258089624090674,COMPLETE,7_1
6,-2.399541892112373,2023-04-25 18:24:07.688850,2023-04-25 18:24:41.005649,0 days 00:00:33.316799,0.05007406890966151,35,281,44,1.7418283975245315e-06,0.04427052863398475,8.272043406963348,0.05591541528701782,-2.399541892112373,-1.7992597512713329,-2.839979268536458,-3.45679182216441,-1.502136726477291,0.3191935435547586,0.007080900953620015,0.7869938336905187,COMPLETE,7_1
7,-2.4314858650150493,2023-04-25 18:24:10.284482,2023-04-25 18:24:45.257611,0 days 00:00:34.973129,0.4716019526576505,10,387,45,0.00028109005682435,0.12656361613098227,8.690530121326447,0.051210224628448486,-2.4314858650150493,-1.7692081269470794,-2.8776088661037207,-3.5266840547297593,-1.5524424122796365,0.16428884190877466,0.009954033200981484,0.8077459379334821,COMPLETE,7_1
8,-2.9428861362286716,2023-04-25 18:24:13.732081,2023-04-25 18:24:29.305639,0 days 00:00:15.573558,0.003844113551271548,47,323,33,0.01982689353659556,633113.3017148428,3.834180772304535,0.05801945924758911,-2.9428861362286716,-2.9742291256690727,-2.8871021715920677,-3.190791674435602,-2.7194215732179443,0.5715131749947916,0.005590891727137447,0.16991748033448625,COMPLETE,7_1
9,-3.0194874451653706,2023-04-25 18:24:23.913926,2023-04-25 18:24:25.953793,0 days 00:00:02.039867,4.819264641013081e-07,20,86,6,3.231309914811185e-05,4097349.0173101914,0.4972437620162964,0.011532843112945557,-3.0194874451653706,-3.0616833338820686,-2.953049791527371,-3.2543224287579755,-2.8088942264940684,0.028569930338021007,0.002135768392140685,0.16255109051832958,COMPLETE,7_1
10,-2.360483984756497,2023-04-25 18:24:25.955387,2023-04-25 18:24:51.577455,0 days 00:00:25.622068,0.01147750290025935,12,410,27,0.000146983179672019,50971.21786029576,6.317574977874756,0.08637475967407227,-2.360483984756497,-1.9899033120004708,-2.5901290194848916,-2.958609882003463,-1.9032937255371616,0.1701691694455144,0.016012697067390513,0.4349840224302055,COMPLETE,7_1
11,-3.0194878727469945,2023-04-25 18:24:29.307510,2023-04-25 18:24:31.887089,0 days 00:00:02.579579,2.7582559507802973e-06,9,331,16,786720.4408039976,246.60899183357463,0.6378433108329773,0.005929291248321533,-3.0194878727469945,-3.061683816433924,-2.9530501634488293,-3.254322784062191,-2.808894727043035,0.033318421290358634,0.0006148401300205857,0.1625510500353068,COMPLETE,7_1
12,-2.529045233617139,2023-04-25 18:24:31.888689,2023-04-25 18:24:42.754512,0 days 00:00:10.865823,0.006585954407109965,4,486,6,0.0025877982962758312,108352.31339059027,2.6695674657821655,0.0456392765045166,-2.529045233617139,-2.3985396384243014,-2.54579911196979,-3.029326729446491,-2.142515454627972,0.12176443025058266,0.00916265556526546,0.32287739466055854,COMPLETE,7_1
13,-2.499125447594262,2023-04-25 18:24:41.007215,2023-04-25 18:25:06.925256,0 days 00:00:25.918041,0.7078692772081768,18,472,20,0.4309333402702708,1.613496128323363e-07,6.422841250896454,0.052178263664245605,-2.499125447594262,-1.912616048545802,-2.880924158777968,-3.53854925295705,-1.6644123300962288,0.17425055723383218,0.011405673363818819,0.752813284737967,COMPLETE,7_1
14,-2.455498493630519,2023-04-25 18:24:42.756218,2023-04-25 18:25:27.865746,0 days 00:00:45.109528,0.4602913514442357,30,392,46,0.5271906794311161,0.00010748055175452385,11.214830815792084,0.05873143672943115,-2.455498493630519,-1.7724175803251365,-2.939831190057318,-3.502428833267043,-1.6073163708725788,0.10714291391455265,0.006575294952084859,0.7931982325320359,COMPLETE,7_1
15,-2.464416444907442,2023-04-25 18:24:45.259817,2023-04-25 18:25:20.414261,0 days 00:00:35.154444,0.5502376582849159,30,409,41,0.5507201397421739,0.00010244494749804565,8.72545474767685,0.05881279706954956,-2.464416444907442,-1.850239338282033,-2.9492527248106577,-3.534956749511562,-1.523216967025515,0.23363434877569056,0.012860773825245614,0.8130486974284262,COMPLETE,7_1
16,-2.446073096020188,2023-04-25 18:24:51.579579,2023-04-25 18:25:12.361774,0 days 00:00:20.782195,0.7082082783790534,18,410,21,0.08154220939570468,82.3193770380781,5.139939308166504,0.05181324481964111,-2.446073096020188,-1.85067105205109,-2.8399351415835237,-3.4922990787055475,-1.6013871117405913,0.05588133294862774,0.010156039521687619,0.7612020303083558,COMPLETE,7_1
17,-2.370078519234202,2023-04-25 18:25:06.926564,2023-04-25 18:25:21.714632,0 days 00:00:14.788068,0.03924782934490824,14,203,24,0.8720835168800335,172.90432432154864,3.6508452892303467,0.04199880361557007,-2.370078519234202,-1.7902502678232992,-2.7270380022450853,-3.4070716058391897,-1.5559542010292344,0.1009845705744238,0.005483057897937799,0.7419187861223197,COMPLETE,7_1
18,-2.392733838004885,2023-04-25 18:25:12.363431,2023-04-25 18:25:31.199970,0 days 00:00:18.836539,0.043041645047948496,13,208,38,11.500959930121896,0.00040209194237269565,4.655080616474152,0.04943126440048218,-2.392733838004885,-1.784863434625954,-2.817161827170001,-3.436144714644804,-1.53276537557878,0.10579539264587923,0.01068575878466257,0.7710216532544354,COMPLETE,7_1
19,-2.3964090814756975,2023-04-25 18:25:20.416117,2023-04-25 18:25:33.739878,0 days 00:00:13.323761,0.030253481287759905,13,203,25,15.213798553142928,0.0003824324748947121,3.285173177719116,0.041656434535980225,-2.3964090814756975,-1.8473702400606198,-2.7384907036350263,-3.409377161764964,-1.59039822044218,0.1772139563007797,0.007123571278029839,0.72357123446667,COMPLETE,7_1
20,-2.950456642512261,2023-04-25 18:25:21.716274,2023-04-25 18:26:01.464327,0 days 00:00:39.748053,0.00011747225977165074,-1,379,37,83.10742514088946,2.9969964429184506,9.851102948188782,0.08112877607345581,-2.950456642512261,-2.975626735186684,-2.885140024441569,-3.2151027475881855,-2.725957062832606,0.11131759776020901,0.020661053417211202,0.17701512390868662,COMPLETE,7_1
21,-2.9608422904942344,2023-04-25 18:25:27.867434,2023-04-25 18:25:48.527445,0 days 00:00:20.660011,0.00020390467830282857,-1,191,39,477.6008256281727,1.7270458582857344,5.113827288150787,0.04633444547653198,-2.9608422904942344,-2.9891791137635475,-2.8955845263561937,-3.22137057995816,-2.7372349418990356,0.159196271533019,0.011392298918487689,0.17531171330666,COMPLETE,7_1
22,-2.9576792623107835,2023-04-25 18:25:31.201531,2023-04-25 18:25:34.656464,0 days 00:00:03.454933,0.0001836925747020356,1,362,28,3.7377858723316886e-05,2.2612596898922193,0.833507776260376,0.026217639446258545,-2.9576792623107835,-2.991460380160293,-2.892319647266062,-3.1947496707249345,-2.752187351091845,0.04534664304084091,0.004567307103951021,0.16112289356576634,COMPLETE,7_1
23,-3.0063304395329853,2023-04-25 18:25:33.741707,2023-04-25 18:25:37.174659,0 days 00:00:03.432952,0.00020850250399176028,-1,39,29,2.4260751914156364e-05,2.450432934526734,0.8437707424163818,0.009971141815185547,-3.0063304395329853,-3.045420802444534,-2.939673043179843,-3.246761944457384,-2.79346596805018,0.03115663833611012,0.0013405663046139001,0.16514376823014076,COMPLETE,7_1
24,-2.962169731631976,2023-04-25 18:25:34.658262,2023-04-25 18:25:35.222122,0 days 00:00:00.563860,0.05533103751563232,24,1,23,0.012755866400502747,7338.30940209087,0.1310778260231018,0.005930840969085693,-2.962169731631976,-2.992308318000613,-2.8921268119520165,-3.222832529254552,-2.741411267320723,0.00947216179676276,0.0007821392870045128,0.1749955275250512,COMPLETE,7_1
25,-2.3901765702785904,2023-04-25 18:25:35.223668,2023-04-25 18:25:41.228804,0 days 00:00:06.005136,0.11941544352251589,15,236,15,618.0403497333327,2216.829935899158,1.4720193147659302,0.02386653423309326,-2.3901765702785904,-1.832931011499853,-2.7274840855566,-3.384073611561645,-1.6162175724962646,0.15560762332068673,0.0038248036496471224,0.7090738381087481,COMPLETE,7_1
