number,value,datetime_start,datetime_complete,duration,params_learning_rate,params_max_depth,params_n_estimators,params_num_leaves,params_reg_alpha,params_reg_lambda,user_attrs_mean_fit_time,user_attrs_mean_score_time,user_attrs_mean_test_score,user_attrs_split0_test_score,user_attrs_split1_test_score,user_attrs_split2_test_score,user_attrs_split3_test_score,user_attrs_std_fit_time,user_attrs_std_score_time,user_attrs_std_test_score,state,key
41,-2.4473935522016976,2023-04-25 20:12:58.390538,2023-04-25 20:13:08.113343,0 days 00:00:09.722805,0.2145416776537465,3,143,25,0.02272644135816216,995766.3199659981,2.309982478618622,0.11412167549133301,-2.4473935522016976,-2.3020624701209487,-2.4960698294899673,-2.4930009637620505,-2.4984409454338237,0.279873318387093,0.03280603967456301,0.08392910063624628,COMPLETE,14_3
42,-2.4742647713089587,2023-04-25 20:12:59.781765,2023-04-25 20:13:16.803069,0 days 00:00:17.021304,0.3034313566773772,3,302,25,0.035359137326488536,1761791.4831531844,4.0508517026901245,0.19578766822814941,-2.4742647713089587,-2.3048051169192214,-2.5214371587312776,-2.537722396187105,-2.533094413398231,0.3958476375291261,0.025859731338748984,0.09801735247462302,COMPLETE,14_3
43,-2.4443606753709624,2023-04-25 20:13:04.158460,2023-04-25 20:13:15.736284,0 days 00:00:11.577824,0.1785470879218443,4,141,32,0.2770777444298408,1621219.299449801,2.742403030395508,0.13686919212341309,-2.4443606753709624,-2.3200278463292108,-2.5220292587818376,-2.461977455931204,-2.473408140441597,0.129888019646291,0.0621730008215722,0.07524155668730373,COMPLETE,14_3
44,-2.451364999307372,2023-04-25 20:13:05.641933,2023-04-25 20:13:26.238627,0 days 00:00:20.596694,0.18842820383029968,4,277,32,0.24201728389085453,1836920.6174130423,4.919179320335388,0.22397160530090332,-2.451364999307372,-2.309356194153703,-2.501549829914343,-2.4955700803087746,-2.498983892852667,0.3936466896489026,0.047486991098858566,0.08201625779844163,COMPLETE,14_3
45,-2.4430755315075334,2023-04-25 20:13:08.115703,2023-04-25 20:13:20.187326,0 days 00:00:12.071623,0.252105778954323,4,143,32,0.309631345630742,1870685.8399355435,2.8658567667007446,0.14534705877304077,-2.4430755315075334,-2.3121930448795514,-2.5103598671793996,-2.4711915821045496,-2.4785576318666327,0.22221971115950637,0.015111375943652828,0.07698522403649195,COMPLETE,14_3
46,-2.443796094441737,2023-04-25 20:13:15.741922,2023-04-25 20:13:24.497409,0 days 00:00:08.755487,0.21699206568350676,3,142,31,0.18555201469000515,1299344.4342154567,2.0990485548973083,0.082802414894104,-2.443796094441737,-2.310228940379373,-2.4995674820722025,-2.4822604126425043,-2.4831275426728676,0.3317054187962111,0.01812071217987883,0.07742270164033754,COMPLETE,14_3
47,-2.4524623624801145,2023-04-25 20:13:16.810845,2023-04-25 20:13:43.590669,0 days 00:00:26.779824,0.15414461911296756,-1,268,34,0.20822015453240247,1440289.164470283,6.425730049610138,0.2587866187095642,-2.4524623624801145,-2.302845124048366,-2.506904535755359,-2.5036602951344404,-2.4964394949822926,2.3356278028887623,0.036851109310225456,0.08646456609222289,COMPLETE,14_3
48,-2.445017308479081,2023-04-25 20:13:20.189838,2023-04-25 20:13:35.980232,0 days 00:00:15.790394,0.2381858531189529,-1,139,33,0.2139593141595617,1974491.3075206522,3.8035327792167664,0.13505780696868896,-2.445017308479081,-2.3153493409888735,-2.5202851938024127,-2.4699847851897188,-2.4744499139353198,0.620801757817726,0.009721278285462114,0.07740912335010418,COMPLETE,14_3
49,-2.4693419975633497,2023-04-25 20:13:24.499086,2023-04-25 20:13:39.718558,0 days 00:00:15.219472,0.7925215035988141,-1,141,34,0.18169037394322157,2730689.3622251404,3.635587513446808,0.16140121221542358,-2.4693419975633497,-2.3103933663133667,-2.510488149840815,-2.517794987465342,-2.5386914866338754,0.5166383767749833,0.013963107292958164,0.09235084878910015,COMPLETE,14_3
0,-2.6629211942677684,2023-04-25 20:13:47.813357,2023-04-25 20:14:18.126370,0 days 00:00:30.313013,7.924299156195186e-07,29,461,5,7.564804672026946,62776.634174300445,7.209461987018585,0.36538970470428467,-2.6629211942677684,-2.811103883929004,-2.5827427549406865,-2.563123123978338,-2.6947150142230454,0.45105349624050894,0.12596714894214125,0.09919323750766389,COMPLETE,14_1
1,-2.6541595244363547,2023-04-25 20:13:47.815622,2023-04-25 20:14:49.338336,0 days 00:01:01.522714,6.11817037269718e-05,18,234,47,0.0034436689810013773,0.12358123672939099,14.842637956142426,0.5304293036460876,-2.6541595244363547,-2.8004646564433737,-2.5712894602463083,-2.5538748563427576,-2.6910091247129793,0.6107381607603498,0.15645729889540808,0.09960866790300382,COMPLETE,14_1
2,-2.3548140743845343,2023-04-25 20:13:47.816930,2023-04-25 20:14:37.853825,0 days 00:00:50.036895,0.01985393113199431,29,230,45,3.5593014320858622,108178.41784091365,11.942250490188599,0.5641803741455078,-2.3548140743845343,-2.2737594685841906,-2.1130672170128784,-2.437666487376843,-2.594763124564226,0.34486668119981306,0.11246321728940498,0.1798968184761095,COMPLETE,14_1
3,-2.6625598760317395,2023-04-25 20:13:47.818249,2023-04-25 20:14:08.503329,0 days 00:00:20.685080,1.132411498888977e-05,14,200,19,60428.90175735102,87169.58561546338,4.835465729236603,0.33225858211517334,-2.6625598760317395,-2.810691028297003,-2.5822755363855983,-2.562803707228927,-2.6944692322154307,0.39581849522126655,0.09608265608008765,0.09919414510207299,COMPLETE,14_1
4,-2.6543351225581224,2023-04-25 20:14:08.509377,2023-04-25 20:14:37.612492,0 days 00:00:29.103115,0.00010557988163419257,29,186,26,4492.024655038478,21244.1920920908,6.944454908370972,0.3284198045730591,-2.6543351225581224,-2.7994304342914327,-2.5708548606812553,-2.5564965114611033,-2.6905586837986992,0.3376291684304511,0.0650388484476564,0.09862320191055493,COMPLETE,14_1
5,-2.663056071547506,2023-04-25 20:14:18.128216,2023-04-25 20:14:26.087780,0 days 00:00:07.959564,0.03820682637995399,38,226,10,843364.9800156603,5959.372037293259,1.9533342123031616,0.03383445739746094,-2.663056071547506,-2.8112688052490915,-2.5828939978653143,-2.563231407648503,-2.6948300754271153,0.0691429816149717,0.0024618893578042234,0.09920625400323381,COMPLETE,14_1
6,-2.6630256753130155,2023-04-25 20:14:26.089849,2023-04-25 20:15:26.307323,0 days 00:01:00.217474,1.7350918114906567e-07,47,271,40,819.031575726775,6.654320949985107e-07,14.568259239196777,0.4831569194793701,-2.6630256753130155,-2.8112347496144903,-2.582852126047996,-2.563199825456014,-2.694816000133563,0.748787025342452,0.04467536503486072,0.09920881104886685,COMPLETE,14_1
7,-2.6629807074673346,2023-04-25 20:14:37.613771,2023-04-25 20:14:50.609088,0 days 00:00:12.995317,2.0344508506083555e-06,30,70,28,0.5428073421569929,9667.250524211708,3.1390169262886047,0.1075945496559143,-2.6629807074673346,-2.811176784295452,-2.582789681661918,-2.5631631414728573,-2.694793222439112,0.04959933676933602,0.02974612473293371,0.09920718269971884,COMPLETE,14_1
8,-2.6242716409052913,2023-04-25 20:14:37.855587,2023-04-25 20:16:12.827751,0 days 00:01:34.972164,0.00017048571730453335,35,377,47,9.585826884294658,1.2139220025617924e-06,22.98695260286331,0.7514247298240662,-2.6242716409052913,-2.7594069667697485,-2.53471127365799,-2.524950161758161,-2.678018161435265,0.6839360178571467,0.14720209042767113,0.09878772743491113,COMPLETE,14_1
9,-2.6624743021863133,2023-04-25 20:14:49.342258,2023-04-25 20:15:05.466166,0 days 00:00:16.123908,1.3667512888935076e-05,46,100,43,26981.17734643874,0.0001479138099312805,3.8173947930336,0.21056240797042847,-2.6624743021863133,-2.8105089319772527,-2.5820501684189856,-2.562784211133995,-2.6945538972150196,0.15518081416719776,0.06838539114171989,0.09918355153551273,COMPLETE,14_1
10,-2.389435437499916,2023-04-25 20:14:50.610444,2023-04-25 20:15:19.268469,0 days 00:00:28.658025,0.1338736142775598,21,384,8,1.554863827163016,9295.29254707412,6.819108605384827,0.34266793727874756,-2.389435437499916,-2.1506899313302545,-2.161369265467928,-2.625781692477579,-2.619900860723903,0.1952937579019212,0.04953829112453297,0.23344563557995157,COMPLETE,14_1
11,-2.663056071547506,2023-04-25 20:15:05.470168,2023-04-25 20:15:11.180453,0 days 00:00:05.710285,7.896100394223046e-07,33,134,35,3374477.395602855,1.5153865394711876e-07,1.3849487900733948,0.04004925489425659,-2.663056071547506,-2.8112688052490915,-2.5828939978653143,-2.563231407648503,-2.6948300754271153,0.07147827829319581,0.006768199179842765,0.09920625400323381,COMPLETE,14_1
12,-2.607369511069697,2023-04-25 20:15:11.182235,2023-04-25 20:16:27.092449,0 days 00:01:15.910214,0.00025870452530671784,47,374,34,1.3713876123533383e-05,1.2572594787648436e-06,18.350873351097107,0.6235283613204956,-2.607369511069697,-2.735592079634662,-2.5139068553267236,-2.5092661139624295,-2.6707129953549735,0.5127204263473764,0.14567353177390552,0.09850503620794218,COMPLETE,14_1
13,-2.6630053012346226,2023-04-25 20:15:19.269985,2023-04-25 20:15:21.591889,0 days 00:00:02.321904,0.00417112764144239,-1,1,50,6.728186749916794e-07,6324443.989136278,0.537409245967865,0.03665822744369507,-2.6630053012346226,-2.8112152034768494,-2.582835503838248,-2.5631825192503297,-2.6947879783730637,0.030645322369858057,0.002591124668231948,0.0992069779632414,COMPLETE,14_1
14,-2.635961028128872,2023-04-25 20:15:21.593215,2023-04-25 20:15:58.570680,0 days 00:00:36.977465,0.731555693670087,10,381,18,19.940417676606423,105.84307433685696,8.888708591461182,0.3491535186767578,-2.635961028128872,-2.409689937835223,-2.341129209626248,-2.863870433355943,-2.929154531698074,0.3459469261274804,0.07011383184316955,0.2626925650976736,COMPLETE,14_1
15,-2.6762406770671907,2023-04-25 20:15:26.309071,2023-04-25 20:15:58.609188,0 days 00:00:32.300117,0.9654435484080457,12,361,16,1.439653419082382,23.883324126235156,7.797134697437286,0.27041953802108765,-2.6762406770671907,-2.5274504452863145,-2.430939788980965,-2.865473735788949,-2.8810987382125335,0.22879860237775904,0.01612699452143795,0.2000543891662461,COMPLETE,14_1
16,-2.4214216776385866,2023-04-25 20:15:58.574252,2023-04-25 20:17:03.954921,0 days 00:01:05.380669,0.0030669764199956926,21,334,34,0.034480601502673985,15.895441855096903,15.745316743850708,0.5921812057495117,-2.4214216776385866,-2.343131311390168,-2.231377159415693,-2.4773755067529084,-2.6338027329955764,0.24710476781265173,0.049170565373844614,0.15040183178820235,COMPLETE,14_1
17,-2.637056088918541,2023-04-25 20:15:58.610675,2023-04-25 20:16:50.555567,0 days 00:00:51.944892,0.0023739703711859648,22,319,33,0.012065174042377655,1958568.4683814985,12.350896418094635,0.6287156939506531,-2.637056088918541,-2.782560546714066,-2.551825421458397,-2.5403410727534386,-2.673497314748262,0.657185724183921,0.03827541289422381,0.09889081252302985,COMPLETE,14_1
18,-2.657491471181209,2023-04-25 20:16:12.830906,2023-04-25 20:17:00.340457,0 days 00:00:47.509551,0.002212029346625935,20,305,32,0.012817396765766688,9297537.475694759,11.183008670806885,0.686375617980957,-2.657491471181209,-2.8053806209408383,-2.5764752014810473,-2.5578740845680916,-2.6902359777348597,0.7049144473810189,0.23656586312966674,0.09928577818326347,COMPLETE,14_1
19,-2.64157369164988,2023-04-25 20:16:27.094036,2023-04-25 20:17:10.163869,0 days 00:00:43.069833,0.007493129534302893,24,295,26,0.016980098466253136,7418905.993610272,10.036036193370819,0.7250211238861084,-2.64157369164988,-2.7878144092235457,-2.557425851140066,-2.5440217613452045,-2.677032744890704,0.36890334043674444,0.26916553598345594,0.09904661794053045,COMPLETE,14_1
20,-2.4431224800117186,2023-04-25 20:16:50.559375,2023-04-25 20:17:57.367503,0 days 00:01:06.808128,0.041771297937540745,25,458,26,295.19033055035237,186.3041787858878,16.09715712070465,0.5978736281394958,-2.4431224800117186,-2.1823716446690953,-2.237837501575953,-2.660059088812997,-2.69222168498883,1.1537023473079207,0.11062599261458893,0.23411793324181535,COMPLETE,14_1
21,-2.4923418339035237,2023-04-25 20:17:00.342120,2023-04-25 20:18:00.850148,0 days 00:01:00.508028,0.0905161936793735,6,497,24,239.58142509042622,537.0853494692983,14.582814991474152,0.5370685458183289,-2.4923418339035237,-2.267718593853401,-2.2633460247015664,-2.6964064129699836,-2.7418963040891433,0.9603593449164621,0.06237297191834132,0.22738429289523884,COMPLETE,14_1
22,-2.4263803842913463,2023-04-25 20:17:03.956796,2023-04-25 20:17:40.042200,0 days 00:00:36.085404,0.06812679317244248,6,422,12,338.5315085117353,584.0849945756349,8.570288002490997,0.44356560707092285,-2.4263803842913463,-2.148951020118137,-2.2073775159275524,-2.6527452554106725,-2.696447745709024,0.6267947100569969,0.09927816961788002,0.24955297185021458,COMPLETE,14_1
23,-2.4507015805615597,2023-04-25 20:17:10.165629,2023-04-25 20:17:50.200342,0 days 00:00:40.034713,0.10808118728790042,5,495,12,214.96250851763313,893.1031970722703,9.574712455272675,0.4273979663848877,-2.4507015805615597,-2.206208383611631,-2.2036295725223587,-2.6758852731174962,-2.7170830929947534,0.35307090603120783,0.0811974812041247,0.24621550828016595,COMPLETE,14_1
24,-2.4856500451855323,2023-04-25 20:17:40.045966,2023-04-25 20:18:58.768544,0 days 00:01:18.722578,0.05210649602022468,25,479,39,0.3580511231894349,3.0777968481156535,19.109471917152405,0.5631400346755981,-2.4856500451855323,-2.215271783554095,-2.291821750613851,-2.714935333575836,-2.720571312998346,0.3394961101977458,0.12511399913766105,0.2336843799242949,COMPLETE,14_1
25,-2.45071235541279,2023-04-25 20:17:50.201951,2023-04-25 20:18:54.760550,0 days 00:01:04.558599,0.017713755176394792,26,340,40,0.3534780665572088,4.578894499450764,15.580581188201904,0.5529584884643555,-2.45071235541279,-2.2028827251072793,-2.2224989093543246,-2.6940428839133843,-2.683424903276172,0.7354944142687062,0.11705065212436405,0.23815214603940252,COMPLETE,14_1
26,-2.5436643851278102,2023-04-25 20:17:57.369516,2023-04-25 20:19:06.017642,0 days 00:01:08.648126,0.0007065629779035444,16,335,40,0.12299942359833213,5.925699252670419,16.64418214559555,0.511248767375946,-2.5436643851278102,-2.6354301184404405,-2.4327757485235364,-2.4598010833026276,-2.6466505902446373,0.21027558858277098,0.045363394232521684,0.09792401566488472,COMPLETE,14_1
27,-2.510992959363249,2023-04-25 20:18:00.851230,2023-04-25 20:19:05.345009,0 days 00:01:04.493779,0.0010137605897704188,17,332,39,0.0001458418457445463,2.289758859003561,15.56225436925888,0.5540132522583008,-2.510992959363249,-2.5794793430167715,-2.390357671305748,-2.4401659484458835,-2.6339688746845926,0.7247972610086847,0.11613148129179397,0.09922549911094497,COMPLETE,14_1
28,-2.4803330912009045,2023-04-25 20:18:54.764691,2023-04-25 20:20:21.800667,0 days 00:01:27.035976,0.001103261081115267,17,418,38,0.1662144757068526,0.6306390263079602,21.156791031360626,0.5942054986953735,-2.4803330912009045,-2.516556352509984,-2.34813235442999,-2.4286481036641443,-2.6279955541995,1.1171337418443024,0.05882675215466003,0.10400084179722431,COMPLETE,14_1
29,-2.5843888657483327,2023-04-25 20:18:58.770393,2023-04-25 20:19:46.914539,0 days 00:00:48.144146,0.0013371158948138789,18,409,22,0.0003583447595371123,281586.0374661543,11.525688767433167,0.5039555430412292,-2.5843888657483327,-2.7165085741332855,-2.4816437115122474,-2.498768120136846,-2.6406350572109516,0.2670271416277082,0.08065306359459216,0.09811565904054058,COMPLETE,14_1
30,-2.618674796257764,2023-04-25 20:19:05.346668,2023-04-25 20:19:53.889577,0 days 00:00:48.542909,0.000807949821445347,40,421,21,0.092892795398561,366585.6683212252,11.651530265808105,0.47799116373062134,-2.618674796257764,-2.758977326606109,-2.527572911841397,-2.524384946046505,-2.6637640005370438,0.17582181606795758,0.07315598583390295,0.09862551085008585,COMPLETE,14_1
31,-2.4085343181367094,2023-04-25 20:19:06.019404,2023-04-25 20:19:55.613960,0 days 00:00:49.594556,0.008176502622810887,40,410,22,18.988008577700835,236534.62118694998,11.891517043113708,0.5000514388084412,-2.4085343181367094,-2.425480188473289,-2.2081281851038495,-2.4036058722011915,-2.5969230267685086,0.3496618714134639,0.09182603282199053,0.137808178093632,COMPLETE,14_1
32,-2.4351909258343647,2023-04-25 20:19:46.917667,2023-04-25 20:20:08.860984,0 days 00:00:21.943317,0.008617066774206098,29,277,8,9.026065671000051,219852.63785003405,5.25150865316391,0.22670459747314453,-2.4351909258343647,-2.488555719847939,-2.257472664319267,-2.4058834074328814,-2.5888519117373714,0.38989103949194165,0.05985492746444092,0.12134888847821922,COMPLETE,14_1
33,-2.3682655450626746,2023-04-25 20:19:53.890944,2023-04-25 20:20:13.994582,0 days 00:00:20.103638,0.010319774115097225,28,257,7,3.7419894479628097,5925.065190988751,4.803900837898254,0.21488076448440552,-2.3682655450626746,-2.273791902940979,-2.1153930036171573,-2.498040261592729,-2.5858370120998333,0.29908257458640736,0.026085548225208543,0.18510038600176557,COMPLETE,14_1
34,-2.3487477717580405,2023-04-25 20:19:55.615967,2023-04-25 20:20:25.885269,0 days 00:00:30.269302,0.013971453191810305,42,443,6,4.486840803357777,67904.14232675871,7.242452442646027,0.31763553619384766,-2.3487477717580405,-2.220757851156007,-2.0996738233369228,-2.48045214663799,-2.594107265901242,0.17390833198651864,0.04892361287325028,0.19746301887095624,COMPLETE,14_1
35,-2.402815117125684,2023-04-25 20:20:08.865129,2023-04-25 20:21:31.641995,0 days 00:01:22.776866,0.010712349759823743,39,458,31,1.621887912284875,4121.061782048783,19.90724229812622,0.7788770794868469,-2.402815117125684,-2.1916649042969505,-2.1311898753053944,-2.6423447900232073,-2.6460608988771845,0.33136088755493337,0.16322619719546583,0.24233636691066585,COMPLETE,14_1
36,-2.3644787652970414,2023-04-25 20:20:13.997052,2023-04-25 20:20:26.315597,0 days 00:00:12.318545,0.22880230915369895,42,180,6,36.921781173080845,34103.71225494502,2.933287739753723,0.13975441455841064,-2.3644787652970414,-2.1485271063183644,-2.0879591370438813,-2.6346509308703205,-2.5867778869555997,0.2167298598463678,0.029087721053905422,0.24774388103726727,COMPLETE,14_1
37,-2.4337745602632745,2023-04-25 20:20:21.802513,2023-04-25 20:20:47.314548,0 days 00:00:25.512035,0.3171390999294556,41,216,16,3.591570187401959,16724.568005132955,6.1343525648117065,0.23483890295028687,-2.4337745602632745,-2.173566161901779,-2.2155811887807535,-2.714284442214634,-2.631666448155931,0.19454691728443146,0.012524181167846758,0.24143516267460371,COMPLETE,14_1
38,-2.3675738173843675,2023-04-25 20:20:25.887677,2023-04-25 20:20:37.431997,0 days 00:00:11.544320,0.23792255673756657,34,170,5,1.6391889675854734,23508.1159581819,2.7524741291999817,0.12712526321411133,-2.3675738173843675,-2.1808483631783475,-2.076197737488965,-2.615328339206431,-2.5979208296637264,0.14639253849147554,0.03082889749134356,0.2419754452072373,COMPLETE,14_1
39,-2.3553403033614377,2023-04-25 20:20:26.324525,2023-04-25 20:20:38.258744,0 days 00:00:11.934219,0.02684117079773833,43,175,5,48.90704436841821,84799.43102322635,2.856798768043518,0.12150675058364868,-2.3553403033614377,-2.2567481538124747,-2.1283759028689055,-2.4473495076100957,-2.5888876491542745,0.0850821376959676,0.010129813712881732,0.17624082063824612,COMPLETE,14_1
40,-2.3577231113127897,2023-04-25 20:20:37.433263,2023-04-25 20:20:48.781867,0 days 00:00:11.348604,0.20168794789317493,43,181,5,59.007335796461945,63701.721801526044,2.7104350924491882,0.12079769372940063,-2.3577231113127897,-2.146374551922831,-2.050080862935217,-2.6147212774520403,-2.6197157529410693,0.15650465611453093,0.005757601231178049,0.261725126902883,COMPLETE,14_1
41,-2.362266691347732,2023-04-25 20:20:38.260469,2023-04-25 20:20:58.860616,0 days 00:00:20.600147,0.022624364533229833,43,174,14,41.87294010998942,44008.251365643904,4.955799221992493,0.1876997947692871,-2.362266691347732,-2.24934513033939,-2.109286992497428,-2.4768264038986825,-2.613608238655427,0.15290787302879788,0.03057391134639903,0.19560579497661496,COMPLETE,14_1
42,-2.356958192680404,2023-04-25 20:20:47.319414,2023-04-25 20:20:59.642511,0 days 00:00:12.323097,0.021388475014770182,44,171,5,39.681488525739255,57879.42946486185,2.9265348315238953,0.14794456958770752,-2.356958192680404,-2.268549621376223,-2.138694617352483,-2.4384691977252118,-2.5821193342676985,0.18655064570745683,0.04492100185271649,0.16792606067796761,COMPLETE,14_1
43,-2.5168224336518015,2023-04-25 20:20:48.783457,2023-04-25 20:21:03.961565,0 days 00:00:15.178108,0.022607440023746362,44,149,12,3225.7030217953356,1032597.8972612597,3.6397104263305664,0.14818799495697021,-2.5168224336518015,-2.629869432757129,-2.3985560769552525,-2.4443420138562653,-2.59452221103856,0.17728003653449131,0.006216730555911032,0.09754130124296613,COMPLETE,14_1
44,-2.529893573723749,2023-04-25 20:20:58.862373,2023-04-25 20:21:13.525417,0 days 00:00:14.663044,0.01993598519055034,45,147,11,3953.3340622908745,1018134.0681361625,3.5093451738357544,0.14841151237487793,-2.529893573723749,-2.647498921840468,-2.4156675087154396,-2.4535174431085087,-2.602890421230578,0.0876237678206493,0.03489387404611537,0.09751982478787158,COMPLETE,14_1
45,-2.509816323273471,2023-04-25 20:20:59.645919,2023-04-25 20:21:13.365310,0 days 00:00:13.719391,0.029464244471033383,37,138,11,2527.672053435602,1189108.1283796711,3.264398217201233,0.1583043336868286,-2.509816323273471,-2.6207016762954325,-2.38967898481563,-2.4391831222087923,-2.58970150977403,0.15416965644912445,0.02841559428009109,0.09759512503374759,COMPLETE,14_1
46,-2.3612146328345927,2023-04-25 20:21:03.965490,2023-04-25 20:21:25.244262,0 days 00:00:21.278772,0.03342923926231453,38,234,10,70.61991685974553,4135.33460834034,5.091499865055084,0.22044575214385986,-2.3612146328345927,-2.1522454124979777,-2.0855366113808382,-2.590583248761827,-2.616493258697727,0.2631884753389887,0.010451134899462568,0.24364094758255167,COMPLETE,14_1
47,-2.356942651742069,2023-04-25 20:21:13.370425,2023-04-25 20:21:31.971828,0 days 00:00:18.601403,0.04596449402250127,37,230,9,82.41352880658799,2387.551740850701,4.432892739772797,0.2103818655014038,-2.356942651742069,-2.1309714359868286,-2.069819353368536,-2.6151095880805104,-2.6118702295324,0.2810886785897035,0.04014140247083647,0.2574592277212162,COMPLETE,14_1
