number,value,datetime_start,datetime_complete,duration,params_learning_rate,params_max_depth,params_n_estimators,params_num_leaves,params_reg_alpha,params_reg_lambda,user_attrs_mean_fit_time,user_attrs_mean_score_time,user_attrs_mean_test_score,user_attrs_split0_test_score,user_attrs_split1_test_score,user_attrs_split2_test_score,user_attrs_split3_test_score,user_attrs_std_fit_time,user_attrs_std_score_time,user_attrs_std_test_score,state,key
4,-1.031471554586465,2023-04-25 20:24:01.225831,2023-04-25 20:24:48.157528,0 days 00:00:46.931697,0.009841361483692817,17,391,16,0.00014662015494504418,131011.75689231309,11.22228229045868,0.5065169930458069,-1.031471554586465,-1.0944428831599653,-0.9772418303865064,-1.2262470316571716,-0.8279544731422174,0.9145581405535718,0.0939245323892908,0.14685276650170845,COMPLETE,15_0
5,-1.0978167439870872,2023-04-25 20:24:48.162756,2023-04-25 20:25:35.728053,0 days 00:00:47.565297,0.26234072313546486,24,429,21,0.00011164173054310822,9.56263078483517e-05,11.499045729637146,0.3880959749221802,-1.0978167439870872,-1.0572884369304911,-0.9556809692608864,-1.22206925313793,-1.1562283166190415,0.3971805694811568,0.0848545455931185,0.10086590104875554,COMPLETE,15_0
6,-1.2330403301502653,2023-04-25 20:24:51.838628,2023-04-25 20:25:59.850034,0 days 00:01:08.011406,0.0008329996606290892,15,352,28,5.224435343003393e-05,0.007172378654443659,16.515412509441376,0.4841136932373047,-1.2330403301502653,-1.2787569856582517,-1.2870602192889418,-1.2184312694517863,-1.1479128462020816,0.6608774798089379,0.06907869822679205,0.0558307133019786,COMPLETE,15_0
7,-1.403471662049147,2023-04-25 20:24:52.808685,2023-04-25 20:25:02.873046,0 days 00:00:10.064361,3.8373786937338734e-07,43,52,19,25.33956645127057,0.05426033074226859,2.429329514503479,0.08335572481155396,-1.403471662049147,-1.5003710811553852,-1.4665568473106594,-1.3322048254243448,-1.3147538943061983,0.24577802515980993,0.008596501061083988,0.08111572341168477,COMPLETE,15_0
8,-1.2518845149801532,2023-04-25 20:24:57.794966,2023-04-25 20:25:22.246120,0 days 00:00:24.451154,0.002226537141272514,29,264,29,1.1129854363525793,169505.97473769807,5.906589984893799,0.20289433002471924,-1.2518845149801532,-1.3589825342395985,-1.2894246419472493,-1.24062218147049,-1.118508702263275,0.5505951573184547,0.012371093005416145,0.08774279804629675,COMPLETE,15_0
9,-1.339512443937572,2023-04-25 20:25:02.876245,2023-04-25 20:26:10.020518,0 days 00:01:07.144273,0.0002466115451458373,7,368,30,0.08852881654780215,10.337637299231945,16.302283346652985,0.47957444190979004,-1.339512443937572,-1.421392100815548,-1.4016391783461413,-1.289247283495273,-1.2457712130933254,0.46208761443558105,0.08218962636823228,0.07395609179305711,COMPLETE,15_0
10,-2.024681173897412,2023-04-25 20:25:22.250316,2023-04-25 20:25:31.500783,0 days 00:00:09.250467,0.18844117404387703,46,255,29,202051.604735156,6.481518206267965e-07,2.25968736410141,0.04887223243713379,-2.024681173897412,-1.546671604037809,-2.779757590448338,-1.2968353466651867,-2.4754601544383146,0.18930297686049707,0.02071000308657161,0.6187880859441315,COMPLETE,15_0
11,-1.4020206345422124,2023-04-25 20:25:31.502660,2023-04-25 20:25:56.669295,0 days 00:00:25.166635,1.0484503094530282e-05,35,186,49,8791.929985992776,0.003385769900086174,6.105286359786987,0.18364626169204712,-1.4020206345422124,-1.4988480261415649,-1.4648488666975659,-1.3311262954046668,-1.3132593499250524,0.8580990326792751,0.010552882649097702,0.08097453841847319,COMPLETE,15_0
12,-1.4034868021317108,2023-04-25 20:25:35.730664,2023-04-25 20:25:44.002808,0 days 00:00:08.272144,0.00019965293925127203,33,239,38,518127.92419724027,3111637.570798087,2.030390501022339,0.034822046756744385,-1.4034868021317108,-1.500388580277589,-1.466573486716934,-1.3322157230178928,-1.3147694185144276,0.14856340121690587,0.0010185179523654847,0.08111754627349853,COMPLETE,15_0
13,-1.0391575969688018,2023-04-25 20:25:44.007608,2023-04-25 20:26:07.576594,0 days 00:00:23.568986,0.007435215563335272,13,366,5,0.003799526573778345,104.3202277764082,5.646336495876312,0.23934298753738403,-1.0391575969688018,-1.0729071016162097,-0.9278537394992872,-1.2690794912660457,-0.8867900554936647,0.19877294712970292,0.009840172754602732,0.14967257842032222,COMPLETE,15_0
14,-1.4030585784924061,2023-04-25 20:25:56.671889,2023-04-25 20:26:26.834863,0 days 00:00:30.162974,0.9433226205468219,18,445,7,0.0011437356121794466,11.590691868581334,7.214515924453735,0.31966280937194824,-1.4030585784924061,-1.5059794935576332,-1.2886668268684724,-1.5311083847493132,-1.2864796087942056,0.19162980539240468,0.07054017206775758,0.11582918096898208,COMPLETE,15_0
15,-1.2751666533274566,2023-04-25 20:25:59.851810,2023-04-25 20:26:28.178881,0 days 00:00:28.327071,0.8067389771787872,19,468,5,0.0017358521810778482,13.408770216387321,6.773112535476685,0.3025418519973755,-1.2751666533274566,-1.17613255952166,-0.9663911791188802,-1.4067156841431496,-1.551427190526136,0.22081066994000198,0.047861719720067766,0.22292099336453133,COMPLETE,15_0
16,-1.0880675404388096,2023-04-25 20:26:07.580036,2023-04-25 20:26:34.253498,0 days 00:00:26.673462,0.012888780440076205,15,382,5,0.0051459849340579735,34.63365113877177,6.299430251121521,0.3630881905555725,-1.0880675404388096,-1.145470683789285,-0.9113475125552307,-1.2908970062470773,-1.0045549591636453,0.12809245168910116,0.07514779390995621,0.14373520145826862,COMPLETE,15_0
17,-1.0850863869734608,2023-04-25 20:26:10.022906,2023-04-25 20:26:44.090622,0 days 00:00:34.067716,0.010411893760395951,18,500,5,0.005082013802692326,982.7749982114087,8.139058470726013,0.37029093503952026,-1.0850863869734608,-1.1225451904082597,-0.9254441891639797,-1.3046700039516737,-0.9876861643699306,0.22043945704735046,0.02875442775232728,0.14542400204630948,COMPLETE,15_0
18,-1.074393074884555,2023-04-25 20:26:26.839721,2023-04-25 20:26:53.396020,0 days 00:00:26.556299,0.012928889997150908,21,371,5,1.2888460031607676e-07,1893.5635171383497,6.360418081283569,0.27175092697143555,-1.074393074884555,-1.1102509902388868,-0.924335486754081,-1.3069602208632605,-0.9560256016819918,0.27017607809340055,0.02111427271699497,0.1515762233581948,COMPLETE,15_0
19,-1.0916026821858373,2023-04-25 20:26:28.180671,2023-04-25 20:27:12.204280,0 days 00:00:44.023609,0.012954796956668659,11,380,12,4.964222353249272e-07,3969.16231312029,10.53649240732193,0.46242886781692505,-1.0916026821858373,-1.1593023919861187,-0.9194435734747655,-1.1910329506402328,-1.096631812642232,0.06505428093046887,0.04542633258662026,0.10504008741582135,COMPLETE,15_0
20,-1.042046257068105,2023-04-25 20:26:34.255198,2023-04-25 20:26:55.500948,0 days 00:00:21.245750,0.010656671880210564,0,156,13,2.7989112551920023e-07,1887.5174633414842,5.122415840625763,0.18245577812194824,-1.042046257068105,-1.094776068267515,-0.9753385879077272,-1.1557580314556568,-0.9423123406415209,0.221881982514789,0.05316183952399779,0.08675766224675227,COMPLETE,15_0
21,-1.2910234019137228,2023-04-25 20:26:44.095403,2023-04-25 20:27:11.030350,0 days 00:00:26.934947,0.02124045210371621,0,326,13,1.2662551556374722e-07,5579307.187274964,6.4849079847335815,0.2410990595817566,-1.2910234019137228,-1.396412198753372,-1.3349690308134223,-1.2665305633833897,-1.1661818147047067,0.6998245451934139,0.005113846829127186,0.08547417422069413,COMPLETE,15_0
22,-1.3981700420782284,2023-04-25 20:26:53.399302,2023-04-25 20:27:04.389225,0 days 00:00:10.989923,0.0032993672082313862,7,143,14,0.08270212411322463,9470499.326802315,2.654998481273651,0.08649802207946777,-1.3981700420782284,-1.4961705623562558,-1.4602622745400153,-1.3286629410384767,-1.3075843903781657,0.2727671102816763,0.008405407148536402,0.08138879636615838,COMPLETE,15_0
23,-1.1184674970269781,2023-04-25 20:26:55.502793,2023-04-25 20:27:33.145706,0 days 00:00:37.642913,0.09562082205598527,8,319,12,0.13013956919875683,55327.389859273244,8.835079669952393,0.5686740875244141,-1.1184674970269781,-1.1675266680383285,-0.9836315328500875,-1.286407689834097,-1.0363040973853994,0.2679923413801793,0.07480286272344087,0.11783704011959344,COMPLETE,15_0
24,-1.0777026569010597,2023-04-25 20:27:04.391907,2023-04-25 20:27:23.385021,0 days 00:00:18.993114,0.052466880908358986,-1,155,11,4.0749209746422714e-07,40601.47432558103,4.509212613105774,0.23023897409439087,-1.0777026569010597,-1.074945615225803,-0.9786384557192361,-1.2536048044098342,-1.0036217522493662,0.19869764378130259,0.055587072737935284,0.10753006924437915,COMPLETE,15_0
25,-1.1056067061040808,2023-04-25 20:27:11.031831,2023-04-25 20:27:34.283569,0 days 00:00:23.251738,0.08303098318284097,12,129,22,2.8472443644926526e-06,31382.147623809076,5.584722399711609,0.22130757570266724,-1.1056067061040808,-1.145310922420383,-0.9863719401931719,-1.2762777937811487,-1.0144661680216194,0.19231447014854122,0.03640697196412611,0.1153565906720927,COMPLETE,15_0
26,-1.0537964153181902,2023-04-25 20:27:12.208852,2023-04-25 20:27:32.507467,0 days 00:00:20.298615,0.054426163246363256,26,133,22,2.3671401339610526e-05,108976.83828340891,4.861813008785248,0.2052122950553894,-1.0537964153181902,-1.0621025925686498,-1.0231599224855727,-1.263673383908998,-0.8662497623095411,0.22443730232962336,0.04077524840855619,0.14162421780297024,COMPLETE,15_0
27,-1.3957517846398722,2023-04-25 20:27:23.388461,2023-04-25 20:27:25.950807,0 days 00:00:02.562346,0.0035199062689574606,24,7,23,5.2426469363896934e-05,197408.01597469204,0.5994987487792969,0.03499525785446167,-1.3957517846398722,-1.4935341576503578,-1.4580264120064927,-1.3263223200922996,-1.305124248810339,0.07164456350261965,0.0022802901915464253,0.08135312299338786,COMPLETE,15_0
28,-1.1293101898870666,2023-04-25 20:27:25.952449,2023-04-25 20:27:54.770335,0 days 00:00:28.817886,0.05895300110491749,6,207,18,9.43626030904349e-06,717.7298756485661,6.9003366231918335,0.29697173833847046,-1.1293101898870666,-1.1559384631719607,-0.9954399155010966,-1.2048169631674723,-1.1610454177077365,0.4919127617050193,0.06515181454141887,0.07959069166422403,COMPLETE,15_0
29,-1.1873205109718359,2023-04-25 20:27:32.509275,2023-04-25 20:28:00.233646,0 days 00:00:27.724371,0.002090637723579094,6,197,17,2.7992752249086935e-06,975.054852181584,6.649513304233551,0.2737519145011902,-1.1873205109718359,-1.2595089950034923,-1.229997528479631,-1.1857554939495234,-1.0740200264546969,0.23283349288960226,0.02119035587269216,0.07048395938128042,COMPLETE,15_0
30,-1.2421542457898533,2023-04-25 20:27:33.148050,2023-04-25 20:27:49.059555,0 days 00:00:15.911505,0.0013293982822391818,3,199,17,0.0005148768724284841,299.64318255687004,3.832888185977936,0.1385146975517273,-1.2421542457898533,-1.3254959367798,-1.2955318914280356,-1.2394846706548597,-1.1081044842967185,0.2602067891835438,0.006510269629150283,0.08332387967849739,COMPLETE,15_0
31,-1.21343675659866,2023-04-25 20:27:34.284620,2023-04-25 20:27:50.163212,0 days 00:00:15.878592,0.0016262537645530366,3,202,16,0.00026491650193048553,277.00200097363586,3.8179491758346558,0.1452350616455078,-1.21343675659866,-1.2946386387491162,-1.2627361546165616,-1.2283283516092418,-1.06804388141972,0.17674175438112774,0.009287719084023956,0.08715650300531523,COMPLETE,15_0
32,-1.2231242430821854,2023-04-25 20:27:49.063782,2023-04-25 20:28:27.972316,0 days 00:00:38.908534,0.0008047389884160306,4,408,10,0.00015576949755178468,1.287706157529703,9.362697124481201,0.357144296169281,-1.2231242430821854,-1.297691340781734,-1.2636353439828218,-1.2430893169557862,-1.0880809706083991,0.7560756593288143,0.04296538167254308,0.08036897873359347,COMPLETE,15_0
33,-1.2133403160360468,2023-04-25 20:27:50.164940,2023-04-25 20:27:59.359217,0 days 00:00:09.194277,0.004839680667629377,14,69,9,2.2430731151081248e-06,1.3870388954127923,2.211600184440613,0.08074140548706055,-1.2133403160360468,-1.296564969582872,-1.2565299520335445,-1.220100197425146,-1.0801661451026243,0.17620001424351028,0.016589344784681142,0.08150574123303302,COMPLETE,15_0
34,-1.272874121279156,2023-04-25 20:27:54.774474,2023-04-25 20:28:08.634991,0 days 00:00:13.860517,0.0068295249903723675,30,100,10,2.5710671512719473e-05,326527.1051849447,3.3765400052070618,0.08075195550918579,-1.272874121279156,-1.3819978494844398,-1.318548390428532,-1.2392895839647766,-1.151660661238875,1.3835021544178494,0.01097126743044377,0.0863347423713479,COMPLETE,15_0
35,-1.0543579074021525,2023-04-25 20:27:59.360920,2023-04-25 20:28:11.651634,0 days 00:00:12.290714,0.03258213941822431,27,104,9,2.649277022231614e-05,7501.569203193099,2.9609832763671875,0.1045721173286438,-1.0543579074021525,-1.096310794966399,-0.9470255465997705,-1.2060884204381572,-0.9680068676042834,0.06418522907696311,0.00500933825666062,0.10459317749109331,COMPLETE,15_0
36,-1.1689913857490442,2023-04-25 20:28:00.237476,2023-04-25 20:28:11.967579,0 days 00:00:11.730103,0.029807495790843352,28,111,25,2.995251713641802e-05,836164.4176888239,2.813734292984009,0.10966730117797852,-1.1689913857490442,-1.2777560538912904,-1.192214886115024,-1.209527968764432,-0.9964666342254305,0.1300675973026268,0.025051461109713916,0.10461487520447284,COMPLETE,15_0
37,-1.033958070213351,2023-04-25 20:28:08.641720,2023-04-25 20:28:27.365434,0 days 00:00:18.723714,0.02729225620903072,27,101,25,2.2619436813604715e-05,9086.093677413173,4.5291154980659485,0.14287900924682617,-1.033958070213351,-1.0830523070698164,-0.8931644971420769,-1.173788953334259,-0.9858265233072524,0.31828965129910614,0.008766623422852709,0.10500285233345082,COMPLETE,15_0
38,-1.091158817458094,2023-04-25 20:28:11.652857,2023-04-25 20:29:20.933761,0 days 00:01:09.280904,0.033811057058906024,22,402,26,0.00015080408278959808,8204.252109899175,16.57553666830063,0.737348198890686,-1.091158817458094,-1.095805466291537,-0.9054701632681861,-1.2195176412273476,-1.1438419990453055,0.21592807588351415,0.05233615931826305,0.1159238682302074,COMPLETE,15_0
39,-1.1333842015755815,2023-04-25 20:28:11.969441,2023-04-25 20:28:55.673278,0 days 00:00:43.703837,0.2073794416637678,25,403,20,0.0002664467393978344,7044.313124003784,10.446286797523499,0.4711211919784546,-1.1333842015755815,-1.1727584786253153,-0.975566911624305,-1.1871642337267432,-1.198047182325962,0.5105759133581177,0.05623849593737521,0.09155629912580912,COMPLETE,15_0
40,-1.3809317716582072,2023-04-25 20:28:27.370025,2023-04-25 20:28:36.192560,0 days 00:00:08.822535,0.0008539752311196256,39,38,34,0.0001928333515934717,7907.754583759651,2.1365842819213867,0.06211370229721069,-1.3809317716582072,-1.4792541017339975,-1.440675941810569,-1.3150128893888045,-1.288784153699458,0.2570131827006079,0.010570179360690204,0.08073587956083406,COMPLETE,15_0
41,-1.2980730158641003,2023-04-25 20:28:27.974408,2023-04-25 20:28:34.985538,0 days 00:00:07.011130,0.006140656113901138,39,28,35,1.068181556024758e-06,9769.265778262601,1.6892028450965881,0.057320475578308105,-1.2980730158641003,-1.3941646540050592,-1.3495030708068931,-1.2582832418718983,-1.1903410967725505,0.2203323909960966,0.00804182455630011,0.07916445853021799,COMPLETE,15_0
42,-1.1094370258681427,2023-04-25 20:28:34.987751,2023-04-25 20:29:18.204827,0 days 00:00:43.217076,0.19363578666483916,22,289,25,0.00021467089299592135,9457.582235233012,10.35985952615738,0.4374004602432251,-1.1094370258681427,-1.1539334565646886,-0.9607818266875144,-1.2043429441143316,-1.1186898761060367,0.3995781569051112,0.05340825133143292,0.09106460501182932,COMPLETE,15_0
43,-1.03480621129155,2023-04-25 20:28:36.194190,2023-04-25 20:29:22.604630,0 days 00:00:46.410440,0.19775449996450045,23,296,25,3.3195091431850796e-06,664421.7341500617,11.181806206703186,0.41300076246261597,-1.03480621129155,-1.1172914133627547,-0.9023984911023243,-1.2805235919495874,-0.8390113487515335,0.27694946365778095,0.0250059053160606,0.1753911858396443,COMPLETE,15_0
44,-1.1695108278160968,2023-04-25 20:28:55.677505,2023-04-25 20:29:09.934926,0 days 00:00:14.257421,0.02574649598246579,22,168,25,8.349094849694103e-06,1152454.4702190524,3.4246665239334106,0.13332045078277588,-1.1695108278160968,-1.2778522143383748,-1.1928943008261377,-1.210045771304607,-0.9972510247952674,0.4275267250131341,0.013773760567279646,0.10440445898520406,COMPLETE,15_0
45,-1.0538188700833366,2023-04-25 20:29:09.937262,2023-04-25 20:29:24.578992,0 days 00:00:14.641730,0.1641748161503074,20,82,26,9.609583960272184e-06,94240.4151308409,3.5075243711471558,0.1458943486213684,-1.0538188700833366,-1.108166664215319,-0.9290275821086966,-1.270481001837031,-0.9076002321722993,0.5412906531089853,0.040579111625396076,0.14735070214457419,COMPLETE,15_0
46,-1.0408906008712775,2023-04-25 20:29:18.206716,2023-04-25 20:29:29.296635,0 days 00:00:11.089919,0.035436208686541966,20,77,15,9.537103287788092e-06,74849.62911295188,2.6810864210128784,0.0848315954208374,-1.0408906008712775,-1.1079157129504338,-0.9791878851104755,-1.2195823744722136,-0.8568764309519875,0.21076774940293286,0.005732892109454035,0.13609882022377648,COMPLETE,15_0
47,-1.043471429512984,2023-04-25 20:29:20.935431,2023-04-25 20:29:32.427373,0 days 00:00:11.491942,0.10460470186836388,32,88,15,8.323580413792369e-06,140240.11116638102,2.7440873980522156,0.12148147821426392,-1.043471429512984,-1.0654434904454095,-0.9994057383214926,-1.2663465779078413,-0.8426899113771935,0.4570465124895524,0.049562589560907755,0.15199597560358674,COMPLETE,15_0
48,-1.1145718283013757,2023-04-25 20:29:22.605837,2023-04-25 20:29:45.119327,0 days 00:00:22.513490,0.33600936170451395,16,336,16,8.713284620561719e-07,73.06980487062596,5.384791016578674,0.23520642518997192,-1.1145718283013757,-1.1428763531224706,-0.976529767674477,-1.2043108967905585,-1.1345702956179973,1.508906031695781,0.017546379109674944,0.08412757534808159,COMPLETE,15_0
49,-1.1152539734632358,2023-04-25 20:29:24.583015,2023-04-25 20:29:54.440588,0 days 00:00:29.857573,0.4587807579742795,31,339,32,9.484593395238379e-07,77.80968322650493,7.232032656669617,0.22245538234710693,-1.1152539734632358,-0.9800107317092622,-0.9650537918501206,-1.2155926359620732,-1.3003587343314877,1.4965908851237928,0.009523103875136583,0.14593016196530864,COMPLETE,15_0
0,-2.8329390088096638,2023-04-25 20:30:01.969145,2023-04-25 20:30:03.593929,0 days 00:00:01.624784,0.27920946292400906,4,112,27,7.41371941276531e-05,9110101.83112074,0.4025692343711853,0.0028592944145202637,-2.8329390088096638,-2.750628922902791,-2.9152490947165366,,,0.1409685183264078,0.0024463661295896035,0.08231008590687283,COMPLETE,15_3
1,-2.8330289367310586,2023-04-25 20:30:01.970933,2023-04-25 20:30:15.192396,0 days 00:00:13.221463,7.450243766787128e-05,24,251,22,3.3969018888533316,0.0008501246631622305,3.2977768182754517,0.006981194019317627,-2.8330289367310586,-2.7505411497964016,-2.915516723665716,,,0.06645334812735118,0.006596697973457002,0.08248778693465719,COMPLETE,15_3
2,-2.833342809939391,2023-04-25 20:30:01.971947,2023-04-25 20:30:02.466361,0 days 00:00:00.494414,0.13769470546194745,36,81,13,3434519.4638225427,8.889911959380603e-05,0.11992698907852173,0.0030872225761413574,-2.833342809939391,-2.7511578064655526,-2.915527813413229,,,0.009710837438262118,0.0018087247898104578,0.08218500347383828,COMPLETE,15_3
3,-2.833289949693306,2023-04-25 20:30:01.972984,2023-04-25 20:30:04.527466,0 days 00:00:02.554482,3.53333243289238e-05,23,89,23,11.317848137210754,712.4529220259739,0.6348979473114014,0.0029935836791992188,-2.833289949693306,-2.751060383138092,-2.91551951624852,,,0.31397892449404224,0.002586550306147008,0.08222956655521396,COMPLETE,15_3
4,-2.8333427990036872,2023-04-25 20:30:02.467991,2023-04-25 20:30:02.733007,0 days 00:00:00.265016,9.383505774327305e-06,39,11,26,3.573413983655975e-05,1217413.7510415989,0.06417351961135864,0.001546025276184082,-2.8333427990036872,-2.7511577929414703,-2.915527805065904,,,0.02816132262097252,0.0012937661722830771,0.0821850060622169,COMPLETE,15_3
5,-2.8333418814569655,2023-04-25 20:30:02.734391,2023-04-25 20:30:07.972060,0 days 00:00:05.237669,0.0001327686282671696,10,371,17,37.82488016528137,6750396.978963345,1.3014460802078247,0.0071492791175842285,-2.8333418814569655,-2.7511566512528605,-2.9155271116610706,,,0.5338543836298653,0.007196502734223354,0.08218523020410506,COMPLETE,15_3
6,-2.828301450711652,2023-04-25 20:30:03.595091,2023-04-25 20:30:08.017834,0 days 00:00:04.422743,0.008739220933382124,17,188,34,0.3066189346235241,30855.33222830023,1.1005582213401794,0.0044386982917785645,-2.828301450711652,-2.743219776735011,-2.9133831246882935,,,0.25586548415507154,0.004279823787428353,0.08508167397664135,COMPLETE,15_3
7,-2.898685290337113,2023-04-25 20:30:04.529277,2023-04-25 20:30:06.087476,0 days 00:00:01.558199,0.8647957402642242,44,122,5,1.272045561217696e-07,41819.44090005212,0.38463103771209717,0.004349887371063232,-2.898685290337113,-2.8521816848446493,-2.945188895829577,,,0.03163960951026928,0.0045365640634065845,0.046503605492463906,COMPLETE,15_3
8,-2.833342243821039,2023-04-25 20:30:06.088856,2023-04-25 20:30:12.425093,0 days 00:00:06.336237,1.1652615033963637e-07,46,210,14,0.022636327895499516,87.03512209521506,1.5781089663505554,0.0052703022956848145,-2.833342243821039,-2.751156558707297,-2.9155279289347815,,,0.08100034322098476,0.005016029003604082,0.08218568511374236,COMPLETE,15_3
9,-2.9318186366574883,2023-04-25 20:30:07.973570,2023-04-25 20:30:15.282191,0 days 00:00:07.308621,0.19094197389016102,22,171,17,0.0020518714317710575,373.07471846644626,1.8207560181617737,0.005747199058532715,-2.9318186366574883,-2.9049334689445283,-2.9587038043704488,,,0.06993811700041885,0.005550635299545557,0.026885167712960234,COMPLETE,15_3
10,-2.8329920298916713,2023-04-25 20:30:08.019755,2023-04-25 20:30:08.782466,0 days 00:00:00.762711,0.10944840259526828,5,37,37,1.9286970043280546e-05,1377524.2164637302,0.18813830614089966,0.001929163932800293,-2.8329920298916713,-2.7507033026213725,-2.9152807571619705,,,0.07065557597147162,0.001578659356777929,0.08228872727029901,COMPLETE,15_3
