number,value,datetime_start,datetime_complete,duration,params_learning_rate,params_max_depth,params_n_estimators,params_num_leaves,params_reg_alpha,params_reg_lambda,user_attrs_mean_fit_time,user_attrs_mean_score_time,user_attrs_mean_test_score,user_attrs_split0_test_score,user_attrs_split1_test_score,user_attrs_split2_test_score,user_attrs_split3_test_score,user_attrs_std_fit_time,user_attrs_std_score_time,user_attrs_std_test_score,state,key
41,,2023-04-25 19:16:48.854271,2023-04-25 19:16:49.126555,0 days 00:00:00.272284,0.019012277389700145,28,41,43,950207.3075391857,45304.423332420236,0.06724071502685547,0.0001926422119140625,,,,,,0.04598134883384947,0.00011571532200556647,,FAIL,11_0
42,,2023-04-25 19:16:49.128527,2023-04-25 19:16:49.472155,0 days 00:00:00.343628,3.6422224091377893e-06,2,83,27,15025.788568482207,1.604426169664853,0.08515006303787231,0.00013846158981323242,,,,,,0.052828990899850825,9.333902770685818e-05,,FAIL,11_0
43,,2023-04-25 19:16:49.345180,2023-04-25 19:16:55.067138,0 days 00:00:05.721958,0.0032243284771287873,32,306,27,0.010811035360628655,5671003.361987601,1.4295427203178406,0.0002117156982421875,,,,,,0.8254259881165728,0.00013891591039369306,,FAIL,11_0
44,,2023-04-25 19:16:49.474148,2023-04-25 19:16:50.203639,0 days 00:00:00.729491,0.2267472091577657,2,95,44,0.00029390233456173283,1.6500163642830958e-07,0.1816314458847046,0.000171661376953125,,,,,,0.10568099483397263,9.944027080709525e-05,,FAIL,11_0
45,,2023-04-25 19:16:49.826800,2023-04-25 19:16:50.684783,0 days 00:00:00.857983,0.006904984519318236,23,56,8,0.0010798102091993556,34341.106567268806,0.2136886715888977,0.00016951560974121094,,,,,,0.12438225644646646,9.983491537624684e-05,,FAIL,11_0
46,,2023-04-25 19:16:50.205625,2023-04-25 19:17:01.985828,0 days 00:00:11.780203,7.058548068520509e-07,13,322,34,0.0001674754931054207,9.519724504145181e-07,2.9440937638282776,0.0001678466796875,,,,,,2.4869852821788254,9.692895531192679e-05,,FAIL,11_0
47,,2023-04-25 19:16:50.688145,2023-04-25 19:16:53.188285,0 days 00:00:02.500140,2.9636655264098002e-06,7,113,14,1.9600604917060744,13832.371595249733,0.6242190599441528,0.0001907944679260254,,,,,,0.3632173077887685,0.00011207630805725985,,FAIL,11_0
48,,2023-04-25 19:16:53.190934,2023-04-25 19:16:53.859267,0 days 00:00:00.668333,1.06319806257873e-05,7,172,45,2298.8087507404093,1.5749863813309478e-05,0.16511636972427368,0.0012743473052978516,,,,,,0.09460876865927066,0.0019602019083253984,,FAIL,11_0
49,,2023-04-25 19:16:53.862858,2023-04-25 19:16:58.920731,0 days 00:00:05.057873,4.7324632024385325e-05,18,113,32,2.4125593156989084e-06,0.0007405622003293433,1.2636735439300537,0.00020080804824829102,,,,,,0.7490631589597043,0.00012425204036110946,,FAIL,11_0
0,-2.0598050410348088,2023-04-25 19:17:04.906458,2023-04-25 19:17:20.723192,0 days 00:00:15.816734,0.00011972133859913753,43,266,26,2.6376758650999697,4.1140063741522114e-05,3.931007981300354,0.02192634344100952,-2.0598050410348088,-2.3066205860887146,-2.003609170711841,-2.0108745205499328,-1.9181158867887456,0.11156305766001821,0.005997951809821204,0.14709342387365415,COMPLETE,11_3
1,-2.0941234942562565,2023-04-25 19:17:04.909679,2023-04-25 19:17:16.794702,0 days 00:00:11.885023,3.251958700281163e-05,21,178,24,0.12218182549312932,0.13490277142697818,2.954034388065338,0.016272783279418945,-2.0941234942562565,-2.348577918291969,-2.0400899035402746,-2.062005453444328,-1.9258207017484543,0.05863439133820096,0.004923102243614587,0.15574344396196052,COMPLETE,11_3
2,-2.050330740686216,2023-04-25 19:17:04.912069,2023-04-25 19:17:06.067405,0 days 00:00:01.155336,0.05859855710213612,1,119,27,37.004315573138854,2129430.0091077667,0.2812434434890747,0.00668025016784668,-2.050330740686216,-2.3179030907778655,-1.984312696648796,-2.0096585176010975,-1.8894486577171055,0.027944252472175017,0.002409969027631447,0.16084978941800046,COMPLETE,11_3
3,-2.019010389465177,2023-04-25 19:17:04.921508,2023-04-25 19:17:21.451363,0 days 00:00:16.529855,0.0004788210655166949,31,133,45,1.5265084616988107e-07,1.0571052227906014e-07,4.115145444869995,0.015495598316192627,-2.019010389465177,-2.255412725571736,-1.959299026619149,-1.9493185794240002,-1.9120112262458226,0.12020383652795033,0.00425242707441883,0.13762020262848956,COMPLETE,11_3
4,-2.101817494609269,2023-04-25 19:17:06.069303,2023-04-25 19:17:26.988371,0 days 00:00:20.919068,6.06312062829757e-06,15,480,43,3.177199314676996e-07,471405.1581126577,5.197027027606964,0.031900763511657715,-2.101817494609269,-2.357891516833362,-2.0482600713141443,-2.073430263210356,-1.9276881270792146,1.0089384761621398,0.009205342496160757,0.15777291750404326,COMPLETE,11_3
5,-2.0709533726205955,2023-04-25 19:17:16.796094,2023-04-25 19:17:39.189124,0 days 00:00:22.393030,0.00047883373544932813,0,459,26,0.0003944629868303852,107596.73852543453,5.5448737144470215,0.05218636989593506,-2.0709533726205955,-2.333262823480707,-2.0103120213819565,-2.035942375767302,-1.9042962698524168,0.9371733405797861,0.040373532591406865,0.15928275274988649,COMPLETE,11_3
6,-2.1019172556277987,2023-04-25 19:17:20.726317,2023-04-25 19:17:22.220430,0 days 00:00:01.494113,1.1095437450242112e-07,47,35,14,0.12243741047249444,0.3996303842411942,0.36768078804016113,0.005035698413848877,-2.1019172556277987,-2.357965618300184,-2.048383998875717,-2.0735495414569467,-1.9277698638783478,0.06853629500089445,0.0015262092047975022,0.1577645515206993,COMPLETE,11_3
7,-2.1014446162023575,2023-04-25 19:17:21.452967,2023-04-25 19:17:31.975505,0 days 00:00:10.522538,5.727783391169982e-05,40,454,8,1381.4496944364148,885570.2788727237,2.6005303859710693,0.02929997444152832,-2.1014446162023575,-2.3576146735329084,-2.0477982367935867,-2.0729758319773497,-1.9273897225055856,0.22835077774317716,0.010059522471275185,0.157802574433572,COMPLETE,11_3
8,-2.100207621914385,2023-04-25 19:17:22.222083,2023-04-25 19:17:24.176959,0 days 00:00:01.954876,1.565478693805376e-05,18,82,6,8.091015575972736e-06,2.4989785335855624e-06,0.4821889400482178,0.005713820457458496,-2.100207621914385,-2.3559519427175526,-2.04672813603317,-2.070871232333998,-1.9272791765728199,0.12088833532162471,0.0016068512167259027,0.15734522871305592,COMPLETE,11_3
9,-2.053310591617752,2023-04-25 19:17:24.178812,2023-04-25 19:17:33.961015,0 days 00:00:09.782203,0.005591507155527609,13,493,8,0.00037336742174213106,944997.4266520952,2.413148522377014,0.031609416007995605,-2.053310591617752,-2.3203089223410913,-1.9881987675463435,-2.0145521670108817,-1.890182509572691,0.11837819464940016,0.016597590182650272,0.16096633566732388,COMPLETE,11_3
10,-2.0901308842349478,2023-04-25 19:17:26.990206,2023-04-25 19:17:29.219510,0 days 00:00:02.229304,9.563332603293956e-05,0,93,6,0.104765732062174,6.237053748522972e-05,0.5500606298446655,0.006572425365447998,-2.0901308842349478,-2.344047744690749,-2.0369404512431815,-2.05507710478155,-1.9244582362243114,0.10617691652923808,0.0019015872066008093,0.15490254027807773,COMPLETE,11_3
11,-2.055228991297241,2023-04-25 19:17:29.220852,2023-04-25 19:17:48.752287,0 days 00:00:19.531435,0.00015226065831349466,23,254,31,5.142688896127298e-06,1260.5490661711017,4.849566757678986,0.03187274932861328,-2.055228991297241,-2.3065970677525267,-1.9923929176276396,-2.0172996011562403,-1.9046263786525561,0.3686439298724566,0.015563200228308786,0.15104144099130143,COMPLETE,11_3
12,-1.9801475787498628,2023-04-25 19:17:31.977284,2023-04-25 19:17:39.462027,0 days 00:00:07.484743,0.0010258780333188757,15,261,28,11981.920148595655,193.65144167413757,1.8497950434684753,0.02042973041534424,-1.9801475787498628,-2.275548319643927,-1.8876481128193354,-1.9167835014184758,-1.8406103811177137,0.21499693438732367,0.006258080445390449,0.17270161025399147,COMPLETE,11_3
13,-2.101922446188127,2023-04-25 19:17:33.963656,2023-04-25 19:17:35.524800,0 days 00:00:01.561144,0.9772126882557995,29,302,43,3144235.2183289467,1.0065523374047548e-07,0.3811382055282593,0.003383457660675049,-2.101922446188127,-2.3579718040217568,-2.0483891898463815,-2.0735576224299903,-1.9277711684543788,0.037383916330892296,0.0006335742017423824,0.15776589772879665,COMPLETE,11_3
14,-1.4752414437580361,2023-04-25 19:17:35.526291,2023-04-25 19:17:54.183811,0 days 00:00:18.657520,0.009698749894079099,31,171,50,0.0004759656344833566,84.79169935038242,4.637457966804504,0.022890031337738037,-1.4752414437580361,-1.2632917564176256,-1.1106274325803636,-1.081715565998381,-2.4453310200357743,0.37616761296760093,0.013790442819237475,0.5643142851239897,COMPLETE,11_3
15,-1.4537701949928041,2023-04-25 19:17:39.191903,2023-04-25 19:17:54.496300,0 days 00:00:15.304397,0.01700411588369522,32,119,50,2.1940299484239624e-07,441.6834156209737,3.8055591583251953,0.01613473892211914,-1.4537701949928041,-1.259775620001023,-1.0789404505240865,-1.0245689987740059,-2.451795710672102,0.18929583333360367,0.005321308585035834,0.5827520547469784,COMPLETE,11_3
16,-1.5374923869304655,2023-04-25 19:17:39.463346,2023-04-25 19:17:55.321175,0 days 00:00:15.857829,0.0021513281540124734,31,358,37,1089.414855028463,37.558692399598414,3.9152740836143494,0.044195711612701416,-1.5374923869304655,-1.6576159412204707,-1.3799430707835179,-1.2554981349296177,-1.8569124007882556,0.3808967880829842,0.026189725940281957,0.2349475253796383,COMPLETE,11_3
17,-2.26432850111027,2023-04-25 19:17:48.755943,2023-04-25 19:17:51.650315,0 days 00:00:02.894372,0.0016757230206999867,31,362,50,49124.534037349986,57.19708389424741,0.7125152945518494,0.007217526435852051,-2.26432850111027,-2.3579718040217568,-2.0473543712761044,-2.0735576224299903,-2.5784302067132283,0.265382958680681,0.006283442333781411,0.2184606662608851,COMPLETE,11_3
18,-1.4503906125177555,2023-04-25 19:17:51.661261,2023-04-25 19:18:03.319508,0 days 00:00:11.658247,0.007128031490263916,9,182,34,476.8209530187218,0.004355443657601004,2.8868645429611206,0.0237157940864563,-1.4503906125177555,-1.426976543653381,-1.1958247267423134,-0.9953345357268399,-2.1834266439484877,0.42055547948298044,0.008474200971677512,0.4499360691313484,COMPLETE,11_3
19,-2.101922446188127,2023-04-25 19:17:54.185437,2023-04-25 19:17:55.247957,0 days 00:00:01.062520,0.011418699118505592,8,194,35,9584206.759335618,25.92196941478784,0.25860804319381714,0.003488898277282715,-2.101922446188127,-2.3579718040217568,-2.0483891898463815,-2.0735576224299903,-1.9277711684543788,0.023778488145792948,0.0009416562419595055,0.15776589772879665,COMPLETE,11_3
20,-1.5607828255883405,2023-04-25 19:17:54.498079,2023-04-25 19:18:14.757558,0 days 00:00:20.259479,0.021473715336063286,37,184,39,0.0002893581165902454,7.781337959611344,5.03957998752594,0.021479427814483643,-1.5607828255883405,-1.1673572102713634,-1.0433154467838648,-1.2676620038343576,-2.764796641463776,0.3428256194441152,0.006802192625865933,0.6996651498893907,COMPLETE,11_3
21,-1.9783616003535327,2023-04-25 19:17:55.249458,2023-04-25 19:17:55.674988,0 days 00:00:00.425530,0.05975096548796008,36,3,50,0.002143336900904202,10405.123190322664,0.09868693351745605,0.0037249326705932617,-1.9783616003535327,-2.239662885543076,-1.8957604170061348,-1.9224198879559673,-1.8556032109089524,0.002519139681878999,0.0016843736416286411,0.1527255827432789,COMPLETE,11_3
22,-1.462227901377941,2023-04-25 19:17:55.322767,2023-04-25 19:17:58.653986,0 days 00:00:03.331219,0.05181181576875393,37,30,50,0.0008095180635873451,6010.220767318185,0.8231313228607178,0.005634963512420654,-1.462227901377941,-1.5683664802940962,-1.2220759846689417,-1.1627634490490928,-1.895705691499633,0.14624906682686387,0.0011995236235213778,0.29432987181509024,COMPLETE,11_3
23,-1.4378827244419317,2023-04-25 19:17:55.676287,2023-04-25 19:18:03.975752,0 days 00:00:08.299465,0.0284762482857111,36,171,20,9.33491805908978e-06,4542.137210846443,2.055054724216461,0.016029775142669678,-1.4378827244419317,-1.2165330803592778,-1.032308165868302,-0.9966367476178118,-2.506052903922335,0.12679791545308788,0.00547737874313953,0.6223286776078178,COMPLETE,11_3
24,-1.4010866576278003,2023-04-25 19:17:58.656119,2023-04-25 19:18:17.506121,0 days 00:00:18.850002,0.02945291760309041,37,169,46,1.6908951193885316e-05,9531.26755515047,4.689476430416107,0.018680214881896973,-1.4010866576278003,-1.284075712119077,-1.0527365805529818,-0.9414680968046719,-2.3260662410344706,0.3132051665484323,0.006004971335341764,0.5481504785957909,COMPLETE,11_3
25,-1.451077429455408,2023-04-25 19:18:03.321133,2023-04-25 19:18:08.118794,0 days 00:00:04.797661,0.049240681424642024,37,50,37,1.2194052716147234e-05,13990.35558407589,1.188480019569397,0.007139742374420166,-1.451077429455408,-1.5784597039595825,-1.1889393409914468,-1.1490188180127736,-1.8878918548578294,0.18886358436902675,0.0021607165618981743,0.3028980308072736,COMPLETE,11_3
26,-1.6219265520089576,2023-04-25 19:18:03.977075,2023-04-25 19:18:12.583320,0 days 00:00:08.606245,0.21687894011410516,26,206,17,3.9702632175539526e-06,0.022424467735574796,2.132403612136841,0.014950871467590332,-1.6219265520089576,-1.2203839148878826,-1.0686199859569265,-1.3347285427196653,-2.863973764471356,0.21125052087702934,0.005023989485482696,0.7232822097887838,COMPLETE,11_3
27,-1.5116107686190041,2023-04-25 19:18:08.120641,2023-04-25 19:18:19.366722,0 days 00:00:11.246081,0.1986354012969661,26,211,19,4.804563545749914e-06,36614.01291765483,2.7868732213974,0.020735323429107666,-1.5116107686190041,-1.1761114656580502,-1.0387942134914065,-1.1290239565015476,-2.7025134388250125,0.0460953654179147,0.006489178658187649,0.6893361146421992,COMPLETE,11_3
28,-1.632395749054076,2023-04-25 19:18:12.585590,2023-04-25 19:18:16.333971,0 days 00:00:03.748381,0.4178686865049429,46,74,20,2.9689232900466802e-05,2.3077541165905906,0.9242123365402222,0.007859945297241211,-1.632395749054076,-1.2224102568488815,-1.0854380711662628,-1.3561821329013013,-2.8655525352998583,0.0936730023190532,0.0022766056360640683,0.7183697561895585,COMPLETE,11_3
29,-2.101391814796483,2023-04-25 19:18:14.759257,2023-04-25 19:18:17.647058,0 days 00:00:02.887801,0.004165823566940599,8,69,20,0.01380109067156384,9462430.59859992,0.7115309834480286,0.006415009498596191,-2.101391814796483,-2.357569125452108,-2.0477349728243,-2.072914205766543,-1.927348955142982,0.10497652032981804,0.0019057310852519714,0.15780348728529955,COMPLETE,11_3
30,-1.5011506929663083,2023-04-25 19:18:16.336251,2023-04-25 19:18:32.120512,0 days 00:00:15.784261,0.182560388515107,42,226,32,0.012184632558048594,46582.00644468849,3.9169657826423645,0.024897634983062744,-1.5011506929663083,-1.1875820076473123,-1.038226806862813,-1.1008622309525355,-2.677931726402572,0.05030051064205183,0.008048516004758716,0.681481529136065,COMPLETE,11_3
31,-2.100835812233526,2023-04-25 19:18:17.508131,2023-04-25 19:18:23.271081,0 days 00:00:05.762950,0.0030859591855813126,9,148,32,0.009948901813414795,7336049.825423106,1.4263805747032166,0.010779500007629395,-2.100835812233526,-2.357146963064233,-2.0470494393102756,-2.0722399042025774,-1.9269069423570169,0.29825046978543607,0.003218335624114383,0.15784276803597505,COMPLETE,11_3
32,-1.536050317363436,2023-04-25 19:18:17.648695,2023-04-25 19:18:36.672695,0 days 00:00:19.024000,0.0037551227139612114,43,226,32,13.79343408263181,0.0039818095946444025,4.730412006378174,0.02135699987411499,-1.536050317363436,-1.510514566010546,-1.3200120116031362,-1.150815394344377,-2.1628592974956837,0.26236329091576804,0.006558442566814639,0.38360789474438156,COMPLETE,11_3
33,-1.450200858559116,2023-04-25 19:18:19.368386,2023-04-25 19:18:44.981931,0 days 00:00:25.613545,0.004097968771319763,42,310,32,7.96183261921916,1216.3479899972929,6.3666017055511475,0.032044053077697754,-1.450200858559116,-1.4672463228563377,-1.2235422127054227,-1.0285185292499304,-2.0814963694247735,0.30559558359412864,0.011659110160007277,0.3962368920494689,COMPLETE,11_3
34,-1.5292930015687296,2023-04-25 19:18:23.272455,2023-04-25 19:18:54.076950,0 days 00:00:30.804495,0.03163694074840093,42,297,40,4.2855204947795214e-05,2393.1798783515496,7.6601868867874146,0.03594082593917847,-1.5292930015687296,-1.167580207135208,-1.0270566238192091,-1.1704155196054054,-2.752119655715096,0.2235460894123716,0.014788206563779846,0.7083741239526962,COMPLETE,11_3
35,-1.5364700621509213,2023-04-25 19:18:32.122513,2023-04-25 19:18:58.115969,0 days 00:00:25.993456,0.030572792049503604,35,304,40,3.985254919288685,1938.6882879930529,6.458196699619293,0.03597617149353027,-1.5364700621509213,-1.1652582990833602,-1.025927328776751,-1.1897666726057576,-2.764927948137817,0.10564831666433128,0.011081252153587798,0.7119979061778191,COMPLETE,11_3
36,-1.5585484824021085,2023-04-25 19:18:36.674428,2023-04-25 19:19:09.623162,0 days 00:00:32.948734,0.036527827729654426,35,313,40,3.675465479345007e-05,1445.7083188426898,8.19100034236908,0.0414658784866333,-1.5585484824021085,-1.1680102678649293,-1.0314425989314615,-1.243631836026263,-2.7911092267857804,0.30845753932813963,0.017568962670203168,0.7156708727067735,COMPLETE,11_3
37,-1.5238902526857132,2023-04-25 19:18:44.983733,2023-04-25 19:19:03.712563,0 days 00:00:18.728830,0.024096158908481026,40,314,23,1.553989668796273,1815.663662346255,4.64691948890686,0.03104722499847412,-1.5238902526857132,-1.1678595683294302,-1.0240971663344838,-1.1671747657404374,-2.7364295103385015,0.0895343056988388,0.014611691384782109,0.7025041578779927,COMPLETE,11_3
38,-1.4536879017254787,2023-04-25 19:18:54.079554,2023-04-25 19:19:04.388964,0 days 00:00:10.309410,0.008755484091631315,4,326,23,8.850509879212531,772.5499851931057,2.5491583943367004,0.023422300815582275,-1.4536879017254787,-1.2349057750143553,-1.0511263070137529,-1.0091171596927098,-2.5196023651810973,0.03833536185242093,0.005391464389195139,0.6212363166663182,COMPLETE,11_3
39,-1.4429063152796866,2023-04-25 19:18:58.117561,2023-04-25 19:19:07.993855,0 days 00:00:09.876294,0.008128682500344741,4,359,24,39.63394839088676,1106.0561705213947,2.437646210193634,0.027077198028564453,-1.4429063152796866,-1.2395231852340851,-1.0542896150859802,-0.992834327677472,-2.484978133121209,0.07559553696019426,0.011224094337121324,0.6084542104423993,COMPLETE,11_3
40,-1.9238948850095,2023-04-25 19:19:03.714259,2023-04-25 19:19:10.788291,0 days 00:00:07.074032,0.007980354701057025,34,153,46,39.82502600936089,90484.53522940501,1.7498527765274048,0.014269828796386719,-1.9238948850095,-2.20774641355819,-1.8268624772868025,-1.852894793331577,-1.8080758558614296,0.17857198102411323,0.003886176577830976,0.16465269428327517,COMPLETE,11_3
41,-2.0682028083107356,2023-04-25 19:19:04.390631,2023-04-25 19:19:10.286992,0 days 00:00:05.896361,0.0012543154066006795,21,162,13,68.18844014318933,88675.26792513965,1.4520477652549744,0.017302215099334717,-2.0682028083107356,-2.3308573212667545,-2.006998350708042,-2.032555080069496,-1.9024004811986495,0.13356689744610414,0.005426856836794211,0.15929104730896518,COMPLETE,11_3
42,-2.0857351243840156,2023-04-25 19:19:07.995906,2023-04-25 19:19:20.081079,0 days 00:00:12.085173,0.0008714711211766453,45,401,28,82.49482348945791,358773.6658543441,2.992526412010193,0.0242002010345459,-2.0857351243840156,-2.3454552817654863,-2.0284524885636723,-2.0539149165168595,-1.915117810690044,0.13473171264867861,0.010335142843147344,0.15879125753456813,COMPLETE,11_3
43,-2.005018824927844,2023-04-25 19:19:09.625020,2023-04-25 19:19:24.877799,0 days 00:00:15.252779,0.0010183872464943368,45,397,13,78.27642977915093,53700.56460919062,3.774508237838745,0.02939528226852417,-2.005018824927844,-2.2764139194668416,-1.9293235005105676,-1.95468060944099,-1.8596572702929761,0.37530167365260947,0.011015507549145362,0.16050622805886286,COMPLETE,11_3
44,-1.474088041636331,2023-04-25 19:19:10.288709,2023-04-25 19:19:19.225909,0 days 00:00:08.937200,0.0073324194506699195,3,418,29,57.91803080187822,280.35796639565444,2.2029320001602173,0.02523982524871826,-1.474088041636331,-1.2566718174731089,-1.056331741965639,-1.0416934582395907,-2.5416551488669854,0.1560120824854616,0.010506882096683713,0.6221846077804419,COMPLETE,11_3
45,-1.4620959291303186,2023-04-25 19:19:10.790444,2023-04-25 19:19:19.156564,0 days 00:00:08.366120,0.004268729759654544,3,392,28,0.31752821275487125,269.6654586148381,2.0601852536201477,0.025184333324432373,-1.4620959291303186,-1.3710889379016244,-1.174467417189444,-0.9907911673643006,-2.312036194065905,0.07403589756731739,0.009492980869759379,0.5088071996729014,COMPLETE,11_3
46,-2.0760208055963414,2023-04-25 19:19:19.158769,2023-04-25 19:19:31.851442,0 days 00:00:12.692673,0.0008509135398968835,5,394,25,8.344930150222664e-07,208629.81481242843,3.139492094516754,0.02862870693206787,-2.0760208055963414,-2.3376909261386376,-2.016496571912588,-2.042103393428429,-1.9077923309057112,0.8490718082304514,0.016173521017445604,0.1592683246326478,COMPLETE,11_3
47,-1.3917051791249913,2023-04-25 19:19:19.227766,2023-04-25 19:19:32.992986,0 days 00:00:13.765220,0.013865492808117665,45,272,24,1.0007880802481207e-06,11779.84246403113,3.4132000207901,0.023333609104156494,-1.3917051791249913,-1.3929387149529289,-1.0922125580030007,-0.9774703608280414,-2.1041990827159944,1.1575088811826224,0.007508686857338191,0.4384448081175702,COMPLETE,11_3
48,-1.4712691935717284,2023-04-25 19:19:20.082756,2023-04-25 19:19:27.476520,0 days 00:00:07.393764,0.09250371426684476,40,123,25,0.41186668453010966,12868.591449029664,1.8303059935569763,0.013741374015808105,-1.4712691935717284,-1.1920039928513744,-1.0346842301990966,-1.045834628895364,-2.612553922341079,0.13826377661215816,0.005008465136200998,0.6618385157120957,COMPLETE,11_3
49,-2.0682657192776315,2023-04-25 19:19:24.879733,2023-04-25 19:19:31.350758,0 days 00:00:06.471025,0.0003460408589489764,11,111,25,0.5841097568624843,6415.070924331955,1.6008662581443787,0.012147724628448486,-2.0682657192776315,-2.3248252790312756,-2.007460535779713,-2.0328063235457385,-1.9079707387537976,0.1800812017213636,0.00529377493497085,0.15529965193779932,COMPLETE,11_3
