number,value,datetime_start,datetime_complete,duration,params_learning_rate,params_max_depth,params_n_estimators,params_num_leaves,params_reg_alpha,params_reg_lambda,user_attrs_mean_fit_time,user_attrs_mean_score_time,user_attrs_mean_test_score,user_attrs_split0_test_score,user_attrs_split1_test_score,user_attrs_split2_test_score,user_attrs_split3_test_score,user_attrs_std_fit_time,user_attrs_std_score_time,user_attrs_std_test_score,state,key
21,-2.145968630771685,2023-04-25 19:48:25.388337,2023-04-25 19:49:08.123239,0 days 00:00:42.734902,0.08414574775585737,14,281,24,1.4899329197114215,18922.595185660666,9.993339776992798,0.683549702167511,-2.145968630771685,-2.230096337174876,-1.602081416732099,-2.116164169971071,-2.635532599208695,0.37342559589611785,0.20569159456997932,0.36859597042555053,COMPLETE,13_1
22,-2.2616622186519972,2023-04-25 19:48:42.215853,2023-04-25 19:48:48.744008,0 days 00:00:06.528155,0.08207795672848128,1,151,43,2.562176661125755,5040342.940452595,1.5496464967727661,0.0762166976928711,-2.2616622186519972,-2.2615149043819276,-2.218639608382583,-2.3064657169033147,-2.2600286449401636,0.07072602774136304,0.01894576822860949,0.031068427360086453,COMPLETE,13_1
23,-2.2038945759004345,2023-04-25 19:48:48.747197,2023-04-25 19:50:04.034029,0 days 00:01:15.286832,0.07172055102757957,29,297,50,3.895729679578182,4222.705060865771,18.07355123758316,0.7408832907676697,-2.2038945759004345,-2.3410880279386097,-1.633442849011066,-2.111698919650717,-2.729348507001346,0.5736864330628711,0.20223752596072483,0.3964968753766956,COMPLETE,13_1
24,-2.5507049595697864,2023-04-25 19:48:50.397880,2023-04-25 19:49:04.433854,0 days 00:00:14.035974,0.06198499394530181,30,422,37,694551.6607107315,1882.9020868801235,3.365348160266876,0.1384229063987732,-2.5507049595697864,-2.6194851765632245,-2.473331640611378,-2.5877515478087205,-2.5222514732958223,0.3785778112147449,0.013956137161600643,0.05678776126418398,COMPLETE,13_1
25,-2.1567497908700517,2023-04-25 19:49:04.436155,2023-04-25 19:50:08.957133,0 days 00:01:04.520978,0.0027781149878099115,40,462,39,2184.3947330623164,194258.3167232246,15.440092504024506,0.6837771534919739,-2.1567497908700517,-2.1401635116967186,-2.077928238089993,-2.2289692045729934,-2.1799382091205013,1.1721958171099383,0.11869831816265104,0.05532017781973803,COMPLETE,13_1
26,-2.3213431357966665,2023-04-25 19:49:08.124673,2023-04-25 19:50:06.287616,0 days 00:00:58.162943,0.002368457244808214,39,449,40,854.186871579759,810295.247256015,13.926618039608002,0.6088137626647949,-2.3213431357966665,-2.3090190667849058,-2.286185396760436,-2.3774322760592304,-2.3127358035820937,0.9312875944211775,0.16588006290574028,0.033941225354986435,COMPLETE,13_1
27,-2.0821125199465103,2023-04-25 19:49:20.867943,2023-04-25 19:51:03.781526,0 days 00:01:42.913583,0.22487822975551586,38,440,50,1199.4025988088138,263795.92772856954,24.572941958904266,1.1489630341529846,-2.0821125199465103,-2.138369478641152,-1.570372006761988,-2.0453542191336473,-2.574354375249254,0.5647560405268506,0.1469247738406159,0.3566147834240979,COMPLETE,13_1
28,-2.116401491465834,2023-04-25 19:50:04.038415,2023-04-25 19:51:38.700640,0 days 00:01:34.662225,0.26782094283108304,39,435,40,446.0590118107703,220988.82906730004,22.73052352666855,0.9268665313720703,-2.116401491465834,-2.1946898202213583,-1.5875104831224927,-2.0761685070142746,-2.6072371555052096,0.39119596577321225,0.10133696594556238,0.3634532649656017,COMPLETE,13_1
29,-2.8496924589691277,2023-04-25 19:50:06.288963,2023-04-25 19:50:22.386662,0 days 00:00:16.097699,0.1920468906819923,7,446,45,353556.9573999801,222907.14685123204,3.9129197001457214,0.10619598627090454,-2.8496924589691277,-2.966978014947801,-2.7370865668086224,-2.87747832720749,-2.8172269269125985,0.4633665698719246,0.024109402039000843,0.08405660865744434,COMPLETE,13_1
30,-2.323925051242117,2023-04-25 19:50:08.959388,2023-04-25 19:50:29.188194,0 days 00:00:20.228806,0.2764538773883072,47,447,45,178039.07418216253,761867.3869915472,4.8626463413238525,0.18911868333816528,-2.323925051242117,-2.3004216019769332,-2.3089790941653834,-2.3846325443953496,-2.3016669644308005,0.3496887083013146,0.01133169379239981,0.03520161897466687,COMPLETE,13_1
31,-2.0761327608728983,2023-04-25 19:50:22.388681,2023-04-25 19:51:24.136584,0 days 00:01:01.747903,0.32470437145752423,24,351,33,113.42112339174928,385607.7719021181,14.561735570430756,0.8685607314109802,-2.0761327608728983,-2.118940563677598,-1.570176568847358,-2.044075168922214,-2.571338742044424,0.13556619308409248,0.4450794318728817,0.35499324966106105,COMPLETE,13_1
32,-2.178935771903851,2023-04-25 19:50:29.189384,2023-04-25 19:51:21.900914,0 days 00:00:52.711530,0.03551819150624336,24,343,33,67.5518652851803,713.0118347264521,12.504339694976807,0.6666887998580933,-2.178935771903851,-2.328618436638916,-1.6154816004134325,-2.064025050039815,-2.7076180005232415,0.23461962011275161,0.2014589543423232,0.3976791660212486,COMPLETE,13_1
33,-2.194915809900066,2023-04-25 19:51:03.783724,2023-04-25 19:52:05.576601,0 days 00:01:01.792877,0.03289605557953323,24,344,34,101.97797123204744,1.62459773207618,14.732978701591492,0.7083370685577393,-2.194915809900066,-2.3199377312272635,-1.6446694948111291,-2.0805461553841593,-2.734509858177712,0.3628911971452819,0.18975088975614243,0.3945388583181776,COMPLETE,13_1
34,-2.355392651908594,2023-04-25 19:51:21.902773,2023-04-25 19:52:19.600284,0 days 00:00:57.697511,0.00023663569104680722,36,391,34,14957.689816411914,73.48874921283603,13.638255715370178,0.77926105260849,-2.355392651908594,-2.339977205921336,-2.3272808167046817,-2.4100016795044077,-2.34431090550395,0.4097058317649392,0.13524131024782615,0.032143670651681826,COMPLETE,13_1
35,-2.3108017599434474,2023-04-25 19:51:24.138682,2023-04-25 19:52:44.349427,0 days 00:01:20.210745,0.000304065639698524,18,499,31,10235.94387995808,132.2918746710972,19.316709280014038,0.7290696501731873,-2.3108017599434474,-2.2916348442920484,-2.271716732567884,-2.367368279252385,-2.3124871836614718,0.636461406884629,0.1062826428533487,0.035698815737969763,COMPLETE,13_1
36,-2.3266746323937637,2023-04-25 19:51:38.708181,2023-04-25 19:52:30.556516,0 days 00:00:51.848335,0.0003823244972463252,36,390,31,26259.674583394975,105.6325385587879,12.39320182800293,0.5627405643463135,-2.3266746323937637,-2.3131307169447473,-2.292155364382337,-2.384452009468677,-2.3169604387792933,1.378614566491918,0.07404738716595442,0.03466845961739197,COMPLETE,13_1
37,-2.3749156909178817,2023-04-25 19:52:05.579377,2023-04-25 19:53:01.142628,0 days 00:00:55.563251,0.00018302299829317005,37,392,31,24158.13424106876,265.5110583553916,13.265552878379822,0.6180049777030945,-2.3749156909178817,-2.36171210844167,-2.349506342791353,-2.4281393699023277,-2.360304942536176,0.29263568782696964,0.021330951463743975,0.031089401471136945,COMPLETE,13_1
38,-2.427971775385701,2023-04-25 19:52:19.602046,2023-04-25 19:52:32.241452,0 days 00:00:12.639406,0.005851832569398093,18,471,30,8807299.847740365,26597.886863832788,3.124188482761383,0.029608309268951416,-2.427971775385701,-2.4134521136595946,-2.411840452316769,-2.478336715105522,-2.4082578204609177,0.22595578366016453,0.0007079545014080933,0.02913892299121745,COMPLETE,13_1
39,-2.427971775385701,2023-04-25 19:52:30.558375,2023-04-25 19:52:44.958247,0 days 00:00:14.399872,0.007134156696983711,3,476,21,6396484.0596550545,52770.529161437305,3.557067573070526,0.03550070524215698,-2.427971775385701,-2.4134521136595946,-2.411840452316769,-2.478336715105522,-2.4082578204609177,0.1696661281445391,0.0030511274300206517,0.02913892299121745,COMPLETE,13_1
40,-2.1347860462594435,2023-04-25 19:52:32.244118,2023-04-25 19:52:50.744307,0 days 00:00:18.500189,0.6137703653291515,10,498,22,3150.3084566248194,1.361912086121156,4.552927553653717,0.06651467084884644,-2.1347860462594435,-2.1899492592024328,-1.6098324535969684,-2.10415404088746,-2.6352084313509136,0.1661009973839572,0.012293751740702836,0.36399867368068056,COMPLETE,13_1
41,-2.427971775385701,2023-04-25 19:52:44.353437,2023-04-25 19:52:57.028499,0 days 00:00:12.675062,0.5125339812340193,5,414,22,2029738.0491447507,1.219678975477325e-07,3.1301804780960083,0.03234207630157471,-2.427971775385701,-2.4134521136595946,-2.411840452316769,-2.478336715105522,-2.4082578204609177,0.13035121670661487,0.004302471933842838,0.02913892299121745,COMPLETE,13_1
42,-1.906788229977229,2023-04-25 19:52:44.960745,2023-04-25 19:53:31.960446,0 days 00:00:46.999701,0.7064610008367309,10,404,13,3023.1644145799883,6765586.802840695,11.224760472774506,0.5159496068954468,-1.906788229977229,-1.8012329939113463,-1.7076144068048964,-1.9897049141019891,-2.1286006050906843,0.6591880662547689,0.10768484296046793,0.16346867127811163,COMPLETE,13_1
43,-2.302028409252298,2023-04-25 19:52:50.745713,2023-04-25 19:53:25.716571,0 days 00:00:34.970858,0.03692166323563095,29,409,13,117970.64287622613,4726846.578220582,8.290440917015076,0.44411301612854004,-2.302028409252298,-2.289015815965851,-2.267302546179848,-2.3582971226903537,-2.293498152173137,0.39049784349453104,0.04995772113828119,0.03396375475405971,COMPLETE,13_1
44,-2.9180678748258098,2023-04-25 19:52:57.032482,2023-04-25 19:53:22.958080,0 days 00:00:25.925598,0.023045119823221008,33,473,27,250759.3516430452,12.134459464159761,6.190211296081543,0.2848162055015564,-2.9180678748258098,-3.012173867935385,-2.8423110932748274,-2.968054571857358,-2.8497319662356686,0.40187944208401555,0.05011828690783749,0.07376227723753281,COMPLETE,13_1
45,-2.0396804203385184,2023-04-25 19:53:01.143947,2023-04-25 19:53:27.234881,0 days 00:00:26.090934,0.022100276280034036,32,472,27,92341.66540510317,33.23046689126666,6.316227495670319,0.19960570335388184,-2.0396804203385184,-2.004143176005031,-1.9393866047232353,-2.112665755277599,-2.1025261453482074,0.8396357602651829,0.06699142727463295,0.0717603467342055,COMPLETE,13_1
46,-2.426893076554781,2023-04-25 19:53:22.962321,2023-04-25 19:53:25.696537,0 days 00:00:02.734216,0.01988287401518551,42,7,28,104840.05390672137,7526239.937682049,0.6403857469558716,0.03698855638504028,-2.426893076554781,-2.412408923328079,-2.4106042255930524,-2.4772950907956006,-2.407264066502393,0.04388489972981062,0.005020460390730216,0.029158096797958714,COMPLETE,13_1
47,-1.930005810417399,2023-04-25 19:53:25.698439,2023-04-25 19:54:03.550128,0 days 00:00:37.851689,0.009033624016028963,21,472,14,7631.890343417896,14.26566133286853,9.041384816169739,0.40481048822402954,-1.930005810417399,-1.863039733413561,-1.6061473267800568,-1.9794323428898162,-2.2714038385861617,1.4792640107954027,0.041890655027035345,0.23893742310641128,COMPLETE,13_1
48,-1.9771968614891133,2023-04-25 19:53:25.721519,2023-04-25 19:54:22.073709,0 days 00:00:56.352190,0.007895667672098204,20,474,36,4969.33482458701,0.2220180988827525,13.376715242862701,0.7011425495147705,-1.9771968614891133,-1.9739136446782577,-1.624645060627455,-2.013529130721713,-2.2966996099290276,4.562455145931749,0.0939402633670539,0.23859253543000603,COMPLETE,13_1
49,-1.9761481270210304,2023-04-25 19:53:27.238405,2023-04-25 19:53:54.906654,0 days 00:00:27.668249,0.14431057420551133,27,499,37,8464.583840128875,0.476714453146373,6.693849980831146,0.21578848361968994,-1.9761481270210304,-1.9684350881693307,-1.5877866479449625,-1.984899249022984,-2.363471522946845,1.8259783058321857,0.06435007547747844,0.2743082775666264,COMPLETE,13_1
0,-2.7504644890977197,2023-04-25 19:54:31.436928,2023-04-25 19:55:12.586041,0 days 00:00:41.149113,6.416007341701724e-05,-1,274,20,226.6458483089805,11434.088458613927,9.971904397010803,0.3107253313064575,-2.7504644890977197,-2.8215448406634747,-2.813934044786535,-2.5883099944145846,-2.778069076526284,0.8576162118645125,0.030167403961705776,0.09504853269657965,COMPLETE,13_2
1,-2.6845195332190603,2023-04-25 19:54:31.445978,2023-04-25 19:55:19.162153,0 days 00:00:47.716175,0.0003384965772151564,-1,320,23,3.6658750979855416e-06,0.00018325698066319434,11.468825042247772,0.45741355419158936,-2.6845195332190603,-2.73491245152591,-2.731168487432849,-2.5219541365512708,-2.7500430573662107,0.8846228055309415,0.0893148685250373,0.09412280748460883,COMPLETE,13_2
2,-2.759159154556782,2023-04-25 19:54:31.447523,2023-04-25 19:54:38.135511,0 days 00:00:06.687988,1.6107064041961144e-06,5,37,9,5.454618703949785,0.015730247155929005,1.6094792485237122,0.0570603609085083,-2.759159154556782,-2.8311038864247635,-2.8214977329780413,-2.599605430390429,-2.7844295684338927,0.4098499924290234,0.009536248555619393,0.0937525033212612,COMPLETE,13_2
3,-2.769194251882477,2023-04-25 19:54:31.449483,2023-04-25 19:54:36.670126,0 days 00:00:05.220643,0.002028498611926337,16,49,8,570865.3982804015,1.0453526604807039e-06,1.2573856115341187,0.0446087121963501,-2.769194251882477,-2.8315839157563594,-2.792147626018023,-2.6685792249325653,-2.78446624082296,0.3258698130670549,0.004935837744922448,0.060778172144348164,COMPLETE,13_2
4,-2.732928568708,2023-04-25 19:54:36.675913,2023-04-25 19:55:55.361372,0 days 00:01:18.685459,0.00034974592654717947,43,474,32,1.5032718043847142e-06,313184.4539547827,18.937278747558594,0.7306399941444397,-2.732928568708,-2.8064038475223763,-2.793715273156591,-2.564940555682807,-2.7666545984702267,0.2948394065143969,0.20063409577892377,0.09804470617815848,COMPLETE,13_2
5,-2.7591182097160964,2023-04-25 19:54:38.137714,2023-04-25 19:55:30.253459,0 days 00:00:52.115745,4.761470091209326e-07,15,214,43,0.3246232618083043,2.4344422945380574e-05,12.637654781341553,0.38842374086380005,-2.7591182097160964,-2.8310346125999635,-2.8214569709974815,-2.5995598980260404,-2.7844213572408996,0.4833358757796827,0.051354244019439395,0.09375125901273969,COMPLETE,13_2
6,-2.7586505447764518,2023-04-25 19:55:12.591454,2023-04-25 19:55:21.146525,0 days 00:00:08.555071,1.2780848548143324e-05,10,61,12,7.3159868302065725e-06,0.002006422077191751,2.0656272768974304,0.07018107175827026,-2.7586505447764518,-2.830566974005527,-2.8207962801341884,-2.599101125563248,-2.7841377994028447,0.1687414174269107,0.008047088442704704,0.09372790744473558,COMPLETE,13_2
7,-2.757385185566121,2023-04-25 19:55:19.164142,2023-04-25 19:55:35.960475,0 days 00:00:16.796333,0.0012658053304917542,37,133,37,0.013088338271145899,7081207.603121171,4.032155871391296,0.1642943024635315,-2.757385185566121,-2.829452984295279,-2.8193909071641703,-2.5973735118998844,-2.783323338905149,0.9786842319480206,0.02343438635839194,0.09396142909815487,COMPLETE,13_2
8,-2.7590422746457715,2023-04-25 19:55:21.148399,2023-04-25 19:56:07.127059,0 days 00:00:45.978660,8.613164588169791e-07,8,231,33,1.1462252653904556e-07,0.001199857960473126,11.129024028778076,0.36258095502853394,-2.7590422746457715,-2.830925659287929,-2.821363216246737,-2.5994981802675547,-2.784382042780866,0.3201355569773473,0.07480597545773858,0.09373838948070976,COMPLETE,13_2
9,-2.7003298866528294,2023-04-25 19:55:30.255557,2023-04-25 19:56:50.452586,0 days 00:01:20.197029,0.0002227795697385215,24,365,37,1.3647228287894091e-06,132.68209781865886,19.40739393234253,0.638353168964386,-2.7003298866528294,-2.750980828641275,-2.752991924512772,-2.5395599384784804,-2.75778685497879,0.6690827219804368,0.13271778016127983,0.09285349697382454,COMPLETE,13_2
10,-2.7592015043409805,2023-04-25 19:55:35.962296,2023-04-25 19:55:46.871788,0 days 00:00:10.909492,0.9928949417512372,25,380,6,9879030.893577851,8265.718825394362,2.6871712803840637,0.037862420082092285,-2.7592015043409805,-2.8311491163604154,-2.821548099765608,-2.5996425604149387,-2.78446624082296,0.17942370861873666,0.005779787221743949,0.09375622690338888,COMPLETE,13_2
11,-2.7590502937012586,2023-04-25 19:55:46.875908,2023-04-25 19:56:12.323902,0 days 00:00:25.447994,2.296297982735328e-06,40,136,39,585.2948296190608,20549.15884419945,6.13679563999176,0.22244930267333984,-2.7590502937012586,-2.8309808869263646,-2.82143834125001,-2.5994201357334936,-2.784361810895167,0.2951995520964596,0.042634546631041895,0.09379330860212268,COMPLETE,13_2
12,-2.750468527972698,2023-04-25 19:55:55.363111,2023-04-25 19:57:36.854489,0 days 00:01:41.491378,5.53986945148519e-05,14,444,47,0.06228263816805471,74552.00155791473,24.667238175868988,0.7008915543556213,-2.750468527972698,-2.822514490969228,-2.8121264401956294,-2.5890572622318047,-2.7781759184941324,0.4479531006493012,0.21544233299253376,0.09462242747014663,COMPLETE,13_2
13,-2.618687249995297,2023-04-25 19:56:07.132196,2023-04-25 19:56:59.013217,0 days 00:00:51.881021,0.018614211401654826,30,352,22,0.00026351705108123994,4.821016569223132,12.236030995845795,0.727520227432251,-2.618687249995297,-2.4759522222276136,-2.5891311648003925,-2.2807894533560122,-3.12887615959717,0.3344452290146884,0.189186576015835,0.3145292096047367,COMPLETE,13_2
14,-2.6748900290600024,2023-04-25 19:56:12.326250,2023-04-25 19:57:22.176736,0 days 00:01:09.850486,0.00025013713738742435,29,500,23,2.2395018613678197e-05,3.508071562498242,16.830073595046997,0.6259517073631287,-2.6748900290600024,-2.7225169206445328,-2.7186958613968075,-2.511690214595275,-2.746657119603394,0.1277082626768391,0.07616579627066696,0.094831385199086,COMPLETE,13_2
15,-2.5563245554406255,2023-04-25 19:56:50.456549,2023-04-25 19:57:46.129329,0 days 00:00:55.672780,0.007646982539932249,26,355,23,8.660393565620567e-05,10.116099848330698,13.333932518959045,0.576829195022583,-2.5563245554406255,-2.414876042869113,-2.5172247955865736,-2.211047097710286,-3.082150285596529,0.561149346949555,0.047826007288657144,0.3229727907425227,COMPLETE,13_2
16,-2.5621923609326163,2023-04-25 19:56:59.014772,2023-04-25 19:57:54.173582,0 days 00:00:55.158810,0.0092454972396032,31,351,22,0.0002654396835050319,2.0063002413003406,13.160892009735107,0.6220299005508423,-2.5621923609326163,-2.407207385933973,-2.526435803014403,-2.218472035017075,-3.0966542197650138,0.5863056637383738,0.04782902304203182,0.32752557720869535,COMPLETE,13_2
17,-2.6019780689193373,2023-04-25 19:57:22.180346,2023-04-25 19:58:18.841381,0 days 00:00:56.661035,0.01628346814365543,33,489,18,0.0006206138488989125,1.6559152618248631,13.446101546287537,0.7127289175987244,-2.6019780689193373,-2.43342910230274,-2.548030499137462,-2.2897611487599456,-3.1366915254772025,0.3805705076268281,0.05467654201298872,0.321992616487851,COMPLETE,13_2
18,-2.6170719274353966,2023-04-25 19:57:36.856121,2023-04-25 19:58:43.808572,0 days 00:01:06.952451,0.0210974116160348,32,497,18,0.00046326106027689445,2.894580358698745,16.057750701904297,0.6740695238113403,-2.6170719274353966,-2.4659165091564197,-2.5644593396431503,-2.2900228687324247,-3.1478889922095914,0.19460154900135218,0.048322703785788755,0.3218477465834121,COMPLETE,13_2
19,-2.5889078049914342,2023-04-25 19:57:46.131840,2023-04-25 19:58:31.928125,0 days 00:00:45.796285,0.024307120364907946,33,407,15,0.0005386249287434304,0.6926892205517493,10.939317226409912,0.5038542151451111,-2.5889078049914342,-2.405297249867952,-2.5340035263893403,-2.308180319999606,-3.1081501237088385,0.13892717816786979,0.050980199776304615,0.31030139467074314,COMPLETE,13_2
20,-2.5984427831634402,2023-04-25 19:57:54.175218,2023-04-25 19:58:45.517082,0 days 00:00:51.341864,0.02557189312911542,34,417,17,0.0004250750667509125,0.05405943438289303,12.32784879207611,0.5008219480514526,-2.5984427831634402,-2.4272862784981877,-2.5659420569746576,-2.262935955351243,-3.1376068418296734,0.2648683610273533,0.03823322231948411,0.3292467008027846,COMPLETE,13_2
21,-2.601713541402784,2023-04-25 19:58:18.844725,2023-04-25 19:59:01.953464,0 days 00:00:43.108739,0.023293179986112373,47,416,15,0.001649699929622309,0.0868842850797599,10.212456226348877,0.5569920539855957,-2.601713541402784,-2.4119267048902824,-2.568722355726993,-2.3110550147236277,-3.1151500902702334,0.29749569873085646,0.08821759758286492,0.31032520462006147,COMPLETE,13_2
22,-2.6684809267161356,2023-04-25 19:58:31.929604,2023-04-25 19:59:13.796906,0 days 00:00:41.867302,0.11866182074214283,47,260,30,0.005972551184004527,200.67368857344104,10.048465311527252,0.41151177883148193,-2.6684809267161356,-2.543619211526473,-2.6095785134218628,-2.2944904793914502,-3.226235502524756,0.3847490474788256,0.20087501026748805,0.3427896453138448,COMPLETE,13_2
23,-2.759167967205211,2023-04-25 19:58:43.812106,2023-04-25 19:59:43.401548,0 days 00:00:59.589442,1.3895471829604958e-07,20,308,28,0.009407492065892064,252.5129218451126,14.438436329364777,0.4514618515968323,-2.759167967205211,-2.8311054703499994,-2.821510623929514,-2.5996100768440953,-2.784445697697237,0.6287739589659875,0.08134934496387297,0.0937540602340347,COMPLETE,13_2
24,-2.7591733749749316,2023-04-25 19:58:45.518611,2023-04-25 19:59:37.287945,0 days 00:00:51.769334,1.2099997009733786e-07,19,295,26,0.006579411556415706,180.837273926245,12.493441224098206,0.4420931935310364,-2.7591733749749316,-2.831113656538747,-2.8215157514236204,-2.599615401510619,-2.7844486904267405,0.3699301991570552,0.11530514105314751,0.09375441920248057,COMPLETE,13_2
25,-2.681391815497703,2023-04-25 19:59:01.957226,2023-04-25 19:59:43.860621,0 days 00:00:41.903395,0.1242442451755026,20,312,29,0.008441493293574005,110.86374959707891,10.133466303348541,0.3352435827255249,-2.681391815497703,-2.536617895186749,-2.627272410674171,-2.3633575186265605,-3.1983194375033306,0.24111477905240222,0.056371067422986657,0.3131486780905241,COMPLETE,13_2
26,-2.5036323639970766,2023-04-25 19:59:13.799315,2023-04-25 20:00:04.432334,0 days 00:00:50.633019,0.0038883705323267243,20,309,25,4.0034436591246544e-05,85.81496460284305,12.207306742668152,0.44452840089797974,-2.5036323639970766,-2.4130685269483068,-2.504598231449769,-2.2304778480017573,-2.866384849588473,0.5635704003000693,0.03767966470100953,0.23151970590659537,COMPLETE,13_2
27,-2.50704212870801,2023-04-25 19:59:37.291621,2023-04-25 20:00:39.524708,0 days 00:01:02.233087,0.002996090491623878,26,321,27,5.0482571449755526e-05,0.4059208888248867,15.012331187725067,0.5395922064781189,-2.50704212870801,-2.425479592310551,-2.524254137553473,-2.244022438315961,-2.834412346652055,0.5269382757255548,0.0687316360478736,0.21406734788539328,COMPLETE,13_2
