number,value,datetime_start,datetime_complete,duration,params_learning_rate,params_max_depth,params_n_estimators,params_num_leaves,params_reg_alpha,params_reg_lambda,user_attrs_mean_fit_time,user_attrs_mean_score_time,user_attrs_mean_test_score,user_attrs_split0_test_score,user_attrs_split1_test_score,user_attrs_split2_test_score,user_attrs_split3_test_score,user_attrs_std_fit_time,user_attrs_std_score_time,user_attrs_std_test_score,state,key
8,-0.9106080693850241,2023-04-25 19:22:39.389971,2023-04-25 19:22:51.886092,0 days 00:00:12.496121,0.0030934041374732282,2,451,43,1.4518209281801526e-07,7540.193610938025,3.006280243396759,0.11543232202529907,-0.9106080693850241,-1.0668061604591113,-0.9213600777267035,-0.7496110877205218,-0.90465495163376,0.13455245178406786,0.014948106093621178,0.11232644062575926,COMPLETE,12_0
9,-1.2031321187033073,2023-04-25 19:22:41.416071,2023-04-25 19:23:30.176384,0 days 00:00:48.760313,1.5190248261349766e-06,25,349,37,9.941574393791345,36.91440280237366,11.905064225196838,0.28297924995422363,-1.2031321187033073,-1.2655410751130363,-1.1595915765308236,-1.1854727641030571,-1.2019230590663117,0.6417099592117709,0.07010681836465292,0.03906395807815842,COMPLETE,12_0
10,-1.203513204265858,2023-04-25 19:22:48.600553,2023-04-25 19:22:51.947024,0 days 00:00:03.346471,7.827802795211734e-07,21,41,34,3.7516312089854676e-07,19333.923714089444,0.8113328218460083,0.02376645803451538,-1.203513204265858,-1.2658788015888343,-1.1600342859243187,-1.1859731029035518,-1.2021666266467272,0.10526016198546385,0.001301996944690196,0.039017151666562576,COMPLETE,12_0
11,-0.9429884118718712,2023-04-25 19:22:50.564464,2023-04-25 19:23:16.948346,0 days 00:00:26.383882,0.15803035488677403,26,245,31,0.0006989929027951231,0.12656484317878477,6.46818333864212,0.1256864070892334,-0.9429884118718712,-1.3600371474544541,-0.639491392678743,-0.7583719006796802,-1.014053206674608,0.096102979696894,0.026927318291550137,0.2762125765489674,COMPLETE,12_0
12,-1.2035149540657815,2023-04-25 19:22:51.888935,2023-04-25 19:23:02.009713,0 days 00:00:10.120778,6.596414791336773e-07,22,403,50,68961.55296310972,0.730746025872264,2.4190204739570618,0.10972577333450317,-1.2035149540657815,-1.2658846560800094,-1.1600304849134366,-1.185970571123358,-1.2021741041463223,0.12033797328517061,0.039125090878022156,0.03902077023247279,COMPLETE,12_0
13,-1.2035246286511367,2023-04-25 19:22:51.948412,2023-04-25 19:22:59.352884,0 days 00:00:07.404472,0.8203371477749712,6,468,5,4124678.692981236,5619224.461194326,1.8269540071487427,0.018002688884735107,-1.2035246286511367,-1.265891477261527,-1.1600426257896153,-1.1859894634868182,-1.2021749480665869,0.17025682551202406,0.0019239979703099088,0.03901798314066525,COMPLETE,12_0
14,-0.9350667399625341,2023-04-25 19:22:59.356277,2023-04-25 19:23:30.269531,0 days 00:00:30.913254,0.027460536655680445,32,338,27,16.205340355386845,2.5746280440000277e-07,7.456077933311462,0.2674664855003357,-0.9350667399625341,-1.3443257112701492,-0.6522389837590645,-0.7254342359639667,-1.0182680288569559,0.18913488921807375,0.029553678252729167,0.27310835142908896,COMPLETE,12_0
15,-0.9367090041300794,2023-04-25 19:23:02.012291,2023-04-25 19:23:33.812941,0 days 00:00:31.800650,0.03568351530841883,32,314,26,36.01330243851189,5.638821808633359e-07,7.729874074459076,0.2142646312713623,-0.9367090041300794,-1.3453901065234615,-0.6568428405288994,-0.7283165953933427,-1.016286474074614,0.3968860654921656,0.018904347880941984,0.27161796825881424,COMPLETE,12_0
16,-0.9358082863659721,2023-04-25 19:23:16.950558,2023-04-25 19:23:48.776475,0 days 00:00:31.825917,0.03538246978523396,34,323,24,6.99104630977304,1.3984406688951543e-07,7.7493597865104675,0.2014649510383606,-0.9358082863659721,-1.3436242983416802,-0.6550685275876242,-0.7248656786180874,-1.0196746409164965,0.2170882848413929,0.017160689776232748,0.27233208632649586,COMPLETE,12_0
17,-0.9296830910765274,2023-04-25 19:23:30.177705,2023-04-25 19:24:02.034326,0 days 00:00:31.856621,0.017505098289872477,36,306,25,4.3570067263693755,1.4190282061786898e-07,7.761763334274292,0.1970708966255188,-0.9296830910765274,-1.3325024613555083,-0.6576687813668178,-0.7118463387856682,-1.0167147827981151,0.5734410426348306,0.04383723881998279,0.2698530135885809,COMPLETE,12_0
18,-0.9336365702152916,2023-04-25 19:23:30.270879,2023-04-25 19:24:01.118630,0 days 00:00:30.847751,0.027769028877645898,13,313,26,1.5004431540373648,0.00013837685403409106,7.455924987792969,0.2506754398345947,-0.9336365702152916,-1.3402219386560417,-0.6548131139136626,-0.7221346767054936,-1.0173765515859687,0.3767152691264765,0.028314268269489372,0.2714772628841494,COMPLETE,12_0
19,-0.8839203923776482,2023-04-25 19:23:33.816523,2023-04-25 19:23:44.132588,0 days 00:00:10.316065,0.011683857496333681,10,163,10,0.670044550329425,0.0007942815592782471,2.4812204241752625,0.09277582168579102,-0.8839203923776482,-1.1998654758419334,-0.6601425523557738,-0.6616477454341173,-1.0140257958787682,0.16209852992956603,0.012496782148401728,0.23250288334211175,COMPLETE,12_0
20,-1.1859257571124064,2023-04-25 19:23:44.136549,2023-04-25 19:23:51.287417,0 days 00:00:07.150868,0.0001624908800094238,12,162,6,0.5311097780492084,0.002629812538581505,1.7127845883369446,0.07010418176651001,-1.1859257571124064,-1.2512525206915082,-1.1387383918824325,-1.1629046137221806,-1.190807502153504,0.11991406855911114,0.01836527086577246,0.04197629674800536,COMPLETE,12_0
21,-1.1831606518096345,2023-04-25 19:23:48.778627,2023-04-25 19:23:56.602728,0 days 00:00:07.824101,0.00018381106033071718,11,171,6,868.6107305724595,0.0023091522465067,1.8805742263793945,0.07004916667938232,-1.1831606518096345,-1.2491427761086957,-1.1352022478087866,-1.1591529900197008,-1.1891445933013547,0.16735267424221761,0.01689800605506465,0.042619903278050375,COMPLETE,12_0
22,-0.9210699826040019,2023-04-25 19:23:51.288720,2023-04-25 19:23:56.893658,0 days 00:00:05.604938,0.2152426096867201,10,171,11,1528.1582392658993,0.0005571140773591366,1.3500490188598633,0.04549294710159302,-0.9210699826040019,-1.2847785467323982,-0.7483728364192538,-0.686870164993332,-0.9642583822710239,0.1761578736867698,0.02139800714732342,0.23389261230069106,COMPLETE,12_0
23,-0.9440902842303812,2023-04-25 19:23:56.606004,2023-04-25 19:24:25.452357,0 days 00:00:28.846353,0.22121587606261325,0,498,14,0.27549007537438375,9.666527423145929e-05,7.015069782733917,0.19062572717666626,-0.9440902842303812,-1.3618461367367756,-0.6743740932992,-0.7492770733545749,-0.9908638335309744,0.27010226970014306,0.03528290303969192,0.26805164054696906,COMPLETE,12_0
24,-0.9098732361471193,2023-04-25 19:23:56.896007,2023-04-25 19:24:27.113078,0 days 00:00:30.217071,0.009457426400914076,39,423,13,0.24471291222936029,2.6211318096411767e-05,7.28572553396225,0.2617121934890747,-0.9098732361471193,-1.3001501691796302,-0.6488225425567932,-0.6776433780864354,-1.0128768547656188,0.26749672359602805,0.025579304754002823,0.26692883017044267,COMPLETE,12_0
25,-0.9300339101963746,2023-04-25 19:24:01.121339,2023-04-25 19:24:09.948956,0 days 00:00:08.827617,0.00651876782595265,-1,119,13,0.00019280982605604272,1.8286196569354416e-05,2.1214679479599,0.07922095060348511,-0.9300339101963746,-1.1146408324568462,-0.7822030567860533,-0.771779040186546,-1.0515127113560527,0.08096051521904421,0.03284148554897341,0.15470567214837994,COMPLETE,12_0
26,-0.9065456214367867,2023-04-25 19:24:02.036442,2023-04-25 19:24:34.973581,0 days 00:00:32.937139,0.00730042757930233,0,500,12,5.079401775721321e-05,1.5997004350904673e-05,7.859131038188934,0.3677859306335449,-0.9065456214367867,-1.2890888924165147,-0.6546821054622017,-0.6716883361581863,-1.0107231517102444,0.48728658691132704,0.12181847099183064,0.26257641131357395,COMPLETE,12_0
27,-0.9406594111019215,2023-04-25 19:24:09.950974,2023-04-25 19:24:43.220873,0 days 00:00:33.269899,0.1311624823435512,39,431,21,0.08382932375392592,2.6285556134069094e-05,8.03883671760559,0.2720789909362793,-0.9406594111019215,-1.3574335819433714,-0.6347488960538972,-0.7574721976269819,-1.0129829687834355,0.2611261083007006,0.06080148268980528,0.27661806018134005,COMPLETE,12_0
28,-0.9257526076211715,2023-04-25 19:24:25.457074,2023-04-25 19:25:15.897451,0 days 00:00:50.440377,0.010432053522306426,38,407,21,0.03856437347824614,0.0387764962586738,12.325527131557465,0.27796727418899536,-0.9257526076211715,-1.3236982347915343,-0.658560263795839,-0.699444389279275,-1.0213075426180378,4.674205670831496,0.024936269370123866,0.269304022470064,COMPLETE,12_0
29,-1.0303788663813611,2023-04-25 19:24:27.115736,2023-04-25 19:24:56.983018,0 days 00:00:29.867282,0.0011473300457401333,17,279,22,7.270080915629059e-05,0.01687977648746257,7.25704300403595,0.2040286660194397,-1.0303788663813611,-1.1361918962572461,-0.9520309198042487,-0.9364189887558843,-1.0968736607080654,0.19434623809084403,0.061118010120459226,0.08744257301267828,COMPLETE,12_0
30,-0.9708955399323524,2023-04-25 19:24:34.995186,2023-04-25 19:24:55.030102,0 days 00:00:20.034916,0.99177799326287,6,273,22,0.012348713479830652,0.03881208020389755,4.880674242973328,0.11920011043548584,-0.9708955399323524,-1.3729092784036017,-0.7073532417196149,-0.7739117217823106,-1.0294079178238826,0.2662307626806373,0.03992564166656607,0.2613885574419677,COMPLETE,12_0
31,-0.9513682840985582,2023-04-25 19:24:43.224218,2023-04-25 19:25:04.803311,0 days 00:00:21.579093,0.4530040836118973,7,273,29,0.0066194051965409294,0.02656671014177664,5.272283732891083,0.11569899320602417,-0.9513682840985582,-1.3650098771809769,-0.6725831185984513,-0.7570099719246786,-1.0108701686901258,0.0986989548276144,0.025285657328754988,0.2693214454010814,COMPLETE,12_0
32,-1.0671254919699396,2023-04-25 19:24:55.034106,2023-04-25 19:25:24.498481,0 days 00:00:29.464375,0.0010139787101936413,17,224,30,0.017350491996649477,0.020734978234183077,7.186764061450958,0.17339986562728882,-1.0671254919699396,-1.1576140987738266,-1.0010046741661494,-0.9921667247649445,-1.1177164701748379,0.5440357699794147,0.07632116469712057,0.0720041914838498,COMPLETE,12_0
33,-0.9259389508060685,2023-04-25 19:24:56.985989,2023-04-25 19:25:13.136610,0 days 00:00:16.150621,0.06677937086842221,29,211,17,0.028877499051627318,0.000551225670791588,3.8947176337242126,0.1374167799949646,-0.9259389508060685,-1.337324953179069,-0.6433673717964744,-0.7182576682610132,-1.0048058099877177,0.2855919322128416,0.028274180374083586,0.2731467722714067,COMPLETE,12_0
34,-0.9006528257901473,2023-04-25 19:25:04.804966,2023-04-25 19:25:22.565914,0 days 00:00:17.760948,0.007304658413686273,3,486,9,2.862287225862371e-05,1.8409011360657108e-06,4.2948277592659,0.13901454210281372,-0.9006528257901473,-1.2264184819048802,-0.8563883385560002,-0.6468703788234271,-0.8729341038762816,0.23557322122158594,0.036092946052852515,0.20812043716735193,COMPLETE,12_0
35,-0.8939099344264051,2023-04-25 19:25:13.143136,2023-04-25 19:25:40.406753,0 days 00:00:27.263617,0.005510413096013447,19,497,8,0.0017150853097373908,1.190129948672129e-06,6.556643545627594,0.2535709738731384,-0.8939099344264051,-1.2345015906911876,-0.7061758085654086,-0.6421071594314121,-0.9928551790176123,0.397987885562757,0.047745542053492955,0.23687632704238995,COMPLETE,12_0
36,-0.8852849382636934,2023-04-25 19:25:15.900369,2023-04-25 19:25:46.026208,0 days 00:00:30.125839,0.004280575655047297,46,475,10,2.0334585390971668e-05,5.177306517961574e-06,7.241358697414398,0.28301680088043213,-0.8852849382636934,-1.2082057234859187,-0.6604067956003378,-0.6587920669619808,-1.0137351670065362,0.43477646903462475,0.07092447526364624,0.23592715750356183,COMPLETE,12_0
37,-1.0618635503359188,2023-04-25 19:25:22.567868,2023-04-25 19:25:30.554429,0 days 00:00:07.986561,0.002518162292404537,15,102,10,0.0010412366121713356,2.0278238801588027e-06,1.9350959062576294,0.05527770519256592,-1.0618635503359188,-1.153439802268466,-0.9784486184081957,-0.994409413505097,-1.1211563671619167,0.3242423093135726,0.013346271281125472,0.07650156777686419,COMPLETE,12_0
38,-1.1857468334474903,2023-04-25 19:25:24.503061,2023-04-25 19:25:26.036454,0 days 00:00:01.533393,0.004393898742080135,3,6,9,0.0015820978963262753,2.225523999940812e-06,0.35262531042099,0.022935092449188232,-1.1857468334474903,-1.2475616844876711,-1.1408371728408946,-1.162242133438452,-1.1923463430229428,0.009587798399458428,0.00721101454279201,0.04010604029965665,COMPLETE,12_0
39,-0.8918649651753185,2023-04-25 19:25:26.037809,2023-04-25 19:26:00.563825,0 days 00:00:34.526016,0.003598626610800197,14,382,18,8.196343637175467e-06,1.4711824568920452e-06,8.368799209594727,0.25682199001312256,-0.8918649651753185,-1.1857883312901494,-0.6793111777761187,-0.6804184952011679,-1.021941856433838,0.2617536661601505,0.051909720133732296,0.21977241921475682,COMPLETE,12_0
40,-0.9313984648054792,2023-04-25 19:25:30.559819,2023-04-25 19:25:57.898022,0 days 00:00:27.338203,0.0643641544646806,46,373,18,8.449249353045714e-06,8.843852811041826,6.619823515415192,0.20772325992584229,-0.9313984648054792,-1.348157232183939,-0.6479008058169969,-0.7158114668042947,-1.013724354416686,0.22492654711649507,0.04191046381904,0.27717958918641644,COMPLETE,12_0
41,-0.925760432048311,2023-04-25 19:25:40.409577,2023-04-25 19:26:01.705779,0 days 00:00:21.296202,0.054274400476110186,19,470,8,6.27273871390291e-06,9.69927898261999e-07,5.098320782184601,0.21803641319274902,-0.925760432048311,-1.3311993274186948,-0.7049759800164814,-0.6535588428070767,-1.0133075779509915,0.12281639876456817,0.07177468694044167,0.2715164267955584,COMPLETE,12_0
42,-1.0803196881857082,2023-04-25 19:25:46.029254,2023-04-25 19:26:30.644423,0 days 00:00:44.615169,0.00044963315849741757,45,461,18,4.897928981734225e-06,2.2171364382283603,10.81233823299408,0.33183950185775757,-1.0803196881857082,-1.1670371797910493,-1.0143271200476776,-1.0131935931402856,-1.1267208597638203,0.5263876134566072,0.11145366870808039,0.06806967709568543,COMPLETE,12_0
43,-1.1062526194058369,2023-04-25 19:25:57.904390,2023-04-25 19:26:35.618528,0 days 00:00:37.714138,0.0003376200487490111,19,466,16,2.3842223863726654e-06,8.381289174902308e-07,9.061057388782501,0.35993075370788574,-1.1062526194058369,-1.185461264155179,-1.0457068395121256,-1.0516561286874337,-1.1421862452686098,0.28490002461746594,0.07748931327684289,0.05960663371717871,COMPLETE,12_0
44,-0.9195326904321137,2023-04-25 19:26:00.565714,2023-04-25 19:26:41.655185,0 days 00:00:41.089471,0.0018991085046546567,20,457,16,1.8089359167672128e-06,7.851495512881291e-07,9.943347990512848,0.3225780129432678,-0.9195326904321137,-1.126832611481645,-0.764350037961004,-0.7444575745308438,-1.0424905377549623,0.541079572393483,0.05453100531862718,0.1679470462089339,COMPLETE,12_0
45,-0.9061584316910832,2023-04-25 19:26:01.707970,2023-04-25 19:26:44.530576,0 days 00:00:42.822606,0.0022871794491215276,20,445,17,0.00025054892235524,6.258653413543262e-06,10.390113055706024,0.30881381034851074,-0.9061584316910832,-1.1431125163197222,-0.7331456760100802,-0.7156577715623105,-1.03271776287222,0.26559166156080216,0.01666272102362578,0.18600296883991227,COMPLETE,12_0
46,-0.9254785248103057,2023-04-25 19:26:30.648033,2023-04-25 19:27:07.026119,0 days 00:00:36.378086,0.0018449773035995494,20,441,15,0.00029277782976745075,5.785204427885581e-06,8.869244158267975,0.21652573347091675,-0.9254785248103057,-1.1208845087253294,-0.7752356736224641,-0.7587802289379431,-1.0470136879554859,1.6819533926816446,0.023571804662265432,0.16071366666398174,COMPLETE,12_0
47,-0.912188488377335,2023-04-25 19:26:35.622669,2023-04-25 19:27:07.584531,0 days 00:00:31.961862,0.0021447726029948486,24,438,15,0.00020401271347634853,2.892013134128893e-06,7.733443439006805,0.24983417987823486,-0.912188488377335,-1.131749014162636,-0.7459219605140165,-0.7328252836465844,-1.038257695186103,1.2004681016524483,0.04941336689802062,0.17600851320853672,COMPLETE,12_0
48,-0.9064673594828259,2023-04-25 19:26:41.656478,2023-04-25 19:27:00.560853,0 days 00:00:18.904375,0.013561997260843199,24,381,7,0.00018066179487698808,9.842919473479312e-06,4.564808666706085,0.15475457906723022,-0.9064673594828259,-1.275259461173605,-0.7279087373257467,-0.6421800924678971,-0.9805211469640549,0.13204208091889208,0.011305963220724021,0.24658797555977452,COMPLETE,12_0
49,-0.8943236665390109,2023-04-25 19:26:44.533791,2023-04-25 19:27:03.577571,0 days 00:00:19.043780,0.0034463972145126393,24,389,7,0.00372019482486527,5.695704351107442e-06,4.589307248592377,0.1605621576309204,-0.8943236665390109,-1.1323502264664518,-0.7399860289086102,-0.696846055474876,-1.0081123553061058,0.4171928964954259,0.03978784004597811,0.18194918396571402,COMPLETE,12_0
0,-1.3571833664566508,2023-04-25 19:27:13.643290,2023-04-25 19:27:28.280952,0 days 00:00:14.637662,0.0006204476029384292,15,85,45,166724.37528552423,318.67186990977405,3.490145981311798,0.16010814905166626,-1.3571833664566508,-1.2477306531005878,-1.3794568281188209,-1.4871857048544446,-1.3143602797527505,0.6851859711179619,0.02274182769744503,0.08833236708472847,COMPLETE,13_0
1,-1.3664791755859156,2023-04-25 19:27:13.645726,2023-04-25 19:27:23.922864,0 days 00:00:10.277138,0.00013575961705497772,19,84,25,2718099.5171116577,0.006121843827226403,2.4982845187187195,0.06624698638916016,-1.3664791755859156,-1.257535927294616,-1.3890567359259198,-1.4956433644271576,-1.3236806746959688,0.6028159323243688,0.011519552042627532,0.0878827015638019,COMPLETE,13_0
2,-1.366353027803385,2023-04-25 19:27:13.646888,2023-04-25 19:27:28.211907,0 days 00:00:14.565019,1.0692781888647686e-05,47,21,47,110.47814957951935,8631.34099622429,3.5237953066825867,0.11099135875701904,-1.366353027803385,-1.2573883119475329,-1.3889282341045157,-1.4955423803124426,-1.323553184849049,0.5379823976389833,0.016475902791991303,0.08789861290104438,COMPLETE,13_0
3,-1.1231579444986557,2023-04-25 19:27:13.648067,2023-04-25 19:27:24.952939,0 days 00:00:11.304872,0.013557774126394629,1,107,8,2.001931384435362,1.7742161168454339e-06,2.689390182495117,0.13210546970367432,-1.1231579444986557,-1.0085037933660506,-1.1285817275391308,-1.2573983334795218,-1.09814792360992,0.6094082298937817,0.036041209504728715,0.08919217310532022,COMPLETE,13_0
4,-1.3664791755859156,2023-04-25 19:27:23.928373,2023-04-25 19:27:35.287915,0 days 00:00:11.359542,0.019635855548057805,2,166,8,1962602.1457777787,4.716917135246258,2.7576085329055786,0.07782238721847534,-1.3664791755859156,-1.257535927294616,-1.3890567359259198,-1.4956433644271576,-1.3236806746959688,0.08300059266458241,0.019327491545800414,0.0878827015638019,COMPLETE,13_0
5,-1.1359595816433483,2023-04-25 19:27:24.955256,2023-04-25 19:28:37.594348,0 days 00:01:12.639092,0.03769607508634839,41,484,10,2.5614468893959232e-05,12.934779336836415,16.971587002277374,1.1827147603034973,-1.1359595816433483,-1.1776705411972586,-1.2786079269288784,-1.180499149912719,-0.9070607085345372,1.2293472122493057,0.20561226999094143,0.13826317460888968,COMPLETE,13_0
6,-1.1027478322918631,2023-04-25 19:27:28.216402,2023-04-25 19:28:16.883263,0 days 00:00:48.666861,0.028273968279258533,22,293,10,0.002101379469340018,0.11380437605845167,11.44724428653717,0.7143996953964233,-1.1027478322918631,-1.141183676411513,-1.2384568364314823,-1.1446732985641608,-0.8866775177602968,1.0046161604552284,0.12013476232479715,0.13070804629179947,COMPLETE,13_0
7,-1.366463974039699,2023-04-25 19:27:28.304022,2023-04-25 19:27:42.267839,0 days 00:00:13.963817,7.82106298515222e-07,20,44,50,515.1090624346284,34012.50557808457,3.3761839270591736,0.11040991544723511,-1.366463974039699,-1.2575175025172713,-1.389042876785522,-1.4956289817104818,-1.3236665351455208,0.6240307487630794,0.013264645575734754,0.08788395827579508,COMPLETE,13_0
8,-1.365673536111069,2023-04-25 19:27:35.292069,2023-04-25 19:27:55.348125,0 days 00:00:20.056056,7.753725089044408e-06,1,251,18,9533.50158886048,200.59411829439952,4.716778934001923,0.2923165559768677,-1.365673536111069,-1.256742899585021,-1.3881760215379428,-1.4949383348838632,-1.3228368884374482,0.3354425611695581,0.05004678484120705,0.0879156015876044,COMPLETE,13_0
9,-1.3664791755859156,2023-04-25 19:27:42.271940,2023-04-25 19:28:00.221350,0 days 00:00:17.949410,0.010998315098428598,13,280,14,5105139.353751657,0.0021731358448290263,4.421858072280884,0.06107825040817261,-1.3664791755859156,-1.257535927294616,-1.3890567359259198,-1.4956433644271576,-1.3236806746959688,0.26582340154022266,0.003700269575773607,0.0878827015638019,COMPLETE,13_0
10,-1.324507596538013,2023-04-25 19:27:55.352340,2023-04-25 19:30:07.393181,0 days 00:02:12.040841,0.00015594615053323563,47,408,31,5.016393594631997,8.276652238960426e-06,31.845555186271667,1.159849762916565,-1.324507596538013,-1.2156902452412635,-1.3572003623416196,-1.456068378223625,-1.2690714003455443,1.2983180729421755,0.27676629584668094,0.09122971556070535,COMPLETE,13_0
11,-1.1069012068920472,2023-04-25 19:28:00.222782,2023-04-25 19:29:15.643106,0 days 00:01:15.420324,0.0057174883677021905,33,337,17,33.63264311015085,35.18826388029505,17.938596487045288,0.9110469818115234,-1.1069012068920472,-1.1471041790964527,-1.2936403086789028,-1.1248163250728882,-0.8620440147199445,0.6132031325541708,0.19271037076247463,0.15553437492084293,COMPLETE,13_0
12,-1.3664791755859156,2023-04-25 19:28:16.889318,2023-04-25 19:28:33.799213,0 days 00:00:16.909895,0.00022837196293131365,32,271,33,3912968.738183984,6.319516443913881,4.1611597537994385,0.06143999099731445,-1.3664791755859156,-1.257535927294616,-1.3890567359259198,-1.4956433644271576,-1.3236806746959688,0.5062658906202028,0.0025237925692768435,0.0878827015638019,COMPLETE,13_0
13,-1.0393002880675277,2023-04-25 19:28:33.805104,2023-04-25 19:30:26.843701,0 days 00:01:53.038597,0.6298795975671763,32,434,31,0.00012242191248325294,2744030.4648894463,26.665620923042297,1.5849653482437134,-1.0393002880675277,-0.9914638273490266,-0.9862563757707815,-1.2101875353292162,-0.9692934138210862,1.3480885441804256,0.11484265701803964,0.09900176428257747,COMPLETE,13_0
