number,value,datetime_start,datetime_complete,duration,params_learning_rate,params_max_depth,params_n_estimators,params_num_leaves,params_reg_alpha,params_reg_lambda,user_attrs_mean_fit_time,user_attrs_mean_score_time,user_attrs_mean_test_score,user_attrs_split0_test_score,user_attrs_split1_test_score,user_attrs_split2_test_score,user_attrs_split3_test_score,user_attrs_std_fit_time,user_attrs_std_score_time,user_attrs_std_test_score,state,key
27,-1.685877711256036,2023-04-25 20:39:11.184543,2023-04-25 20:39:27.723911,0 days 00:00:16.539368,0.008703503325265018,4,300,8,3.9250388540727243,3.966731743770785e-06,3.9782484769821167,0.150174081325531,-1.685877711256036,-1.8334490414164093,-1.7606765804907747,-1.618804980015513,-1.530580243101447,0.087531859957231,0.025471108333266868,0.11830915350828358,COMPLETE,15_2
28,-1.7090703563037115,2023-04-25 20:39:18.347193,2023-04-25 20:39:35.333038,0 days 00:00:16.985845,0.011382385775163867,4,299,8,0.9698273040484445,7.444423401064776e-06,4.102113962173462,0.13865381479263306,-1.7090703563037115,-1.869078431659422,-1.7454308451211602,-1.6631811644096466,-1.5585909840246173,0.06333112845676461,0.007684889721676118,0.11366016094072176,COMPLETE,15_2
29,-1.6848871580228157,2023-04-25 20:39:21.414713,2023-04-25 20:39:28.835188,0 days 00:00:07.420475,0.01586675869057054,4,113,8,0.00017436153839038988,7.1260123591001435e-06,1.7940734028816223,0.0559651255607605,-1.6848871580228157,-1.7981938862351285,-1.7999740856444264,-1.5955326773297687,-1.5458479828819398,0.07309405252386521,0.010698356364405876,0.1155416927036947,COMPLETE,15_2
30,-1.6771679337798429,2023-04-25 20:39:24.869788,2023-04-25 20:39:35.660043,0 days 00:00:10.790255,0.017356036455748673,5,123,7,75.17157293882669,5.948305587120034e-06,2.6328205466270447,0.05978667736053467,-1.6771679337798429,-1.7749561671634884,-1.7923261797954735,-1.5944934011882383,-1.5468959869721715,1.3924245148261452,0.0060407125140019965,0.10796969329167315,COMPLETE,15_2
31,-1.7313766744317505,2023-04-25 20:39:27.725515,2023-04-25 20:39:50.112152,0 days 00:00:22.386637,0.019110218340461605,4,425,8,90.79204543490422,3.883335810698204e-06,5.399334490299225,0.1918271780014038,-1.7313766744317505,-1.9835670014781102,-1.6916566426719228,-1.6622577151286935,-1.5880253384482759,0.16985884390888925,0.017856094743147203,0.15041997709923394,COMPLETE,15_2
32,-1.6748859944181926,2023-04-25 20:39:28.837957,2023-04-25 20:39:34.349706,0 days 00:00:05.511749,0.023570390800580467,33,88,6,2.8259747204273893e-05,0.0003746944389985103,1.3292025327682495,0.04310661554336548,-1.6748859944181926,-1.7706552374434934,-1.7961108451902705,-1.587055340281677,-1.5457225547573297,0.07265960409502939,0.00592970984776815,0.10984606308992748,COMPLETE,15_2
33,-1.7820885286099144,2023-04-25 20:39:34.355144,2023-04-25 20:39:51.095763,0 days 00:00:16.740619,0.21992712371691528,34,412,5,1.0906002861250804e-05,0.00037838077690848816,4.012166202068329,0.16795247793197632,-1.7820885286099144,-2.038399141719918,-1.7432686450825192,-1.7099483481628974,-1.636737979474323,0.16058065873626312,0.023340827462274755,0.15291590950490783,COMPLETE,15_2
34,-1.6660006459313754,2023-04-25 20:39:35.334565,2023-04-25 20:39:40.945733,0 days 00:00:05.611168,0.02410371853245874,34,99,5,2.3735814659168797e-05,0.00031343605466390085,1.3555480241775513,0.04147946834564209,-1.6660006459313754,-1.7848712517187737,-1.792568632902612,-1.5463159180564132,-1.540246781047703,0.14472430881053294,0.002170637854252229,0.12276822152525757,COMPLETE,15_2
35,-1.695009818746712,2023-04-25 20:39:35.663103,2023-04-25 20:39:42.051946,0 days 00:00:06.388843,0.032321788467995154,31,119,5,149.34191477720154,0.00045748373000730754,1.5169211030006409,0.07368910312652588,-1.695009818746712,-1.8652539402463193,-1.771902481891524,-1.5795588142868169,-1.5633240385621883,0.043431802015768746,0.048290439441883944,0.12802892415805894,COMPLETE,15_2
36,-1.707532562304115,2023-04-25 20:39:40.948401,2023-04-25 20:39:47.472912,0 days 00:00:06.524511,0.0370546221771912,34,115,5,1.1770761789534566e-05,0.00041539200670939335,1.5765040516853333,0.04887193441390991,-1.707532562304115,-1.9031328651204455,-1.766541029929548,-1.6008015891973129,-1.5596547649691537,0.13308270026821717,0.0009169797747024692,0.13693138909533015,COMPLETE,15_2
37,-1.7367570124489244,2023-04-25 20:39:42.053992,2023-04-25 20:39:45.762358,0 days 00:00:03.708366,0.16696808317241896,37,58,5,4.023319230884736e-06,0.000504880675760319,0.8785480260848999,0.04291868209838867,-1.7367570124489244,-2.0625267050981573,-1.717220905128177,-1.630520794058831,-1.5367596455105326,0.05862489680665301,0.010764091256362957,0.1986156042574077,COMPLETE,15_2
38,-1.8400656330082714,2023-04-25 20:39:45.764360,2023-04-25 20:39:47.006358,0 days 00:00:01.241998,0.04051134926762086,35,1,5,9.461993892637042e-05,0.00024261815741355466,0.28341537714004517,0.02081400156021118,-1.8400656330082714,-1.8535201080600028,-2.0911756436401774,-1.6708009356320992,-1.7447658447008065,0.01606497048555104,0.001519223300832628,0.1588787649182297,COMPLETE,15_2
39,-1.789557129035493,2023-04-25 20:39:47.008308,2023-04-25 20:39:55.680765,0 days 00:00:08.672457,0.21944644022305237,25,105,15,3.8077895922019057e-06,0.001907098893971074,2.0936689376831055,0.06815379858016968,-1.789557129035493,-1.911515724234124,-1.7408846635497661,-1.8844635131465812,-1.6213646152115002,0.09181776308068781,0.01754396151563564,0.11676777304842961,COMPLETE,15_2
40,-1.8167833459899423,2023-04-25 20:39:47.475104,2023-04-25 20:39:59.899309,0 days 00:00:12.424205,0.32041594580928207,26,83,37,3.5019998410013925e-07,0.002388586560984675,3.037745773792267,0.06242573261260986,-1.8167833459899423,-1.9381129137103585,-1.8576531001553733,-1.967936003530921,-1.5034313665631156,0.13293510469264297,0.004875903547573908,0.18535627161036164,COMPLETE,15_2
41,-1.7733650365844231,2023-04-25 20:39:50.114089,2023-04-25 20:39:57.043465,0 days 00:00:06.929376,0.28969403684854683,24,83,15,1.3372687060669923e-07,0.005700927018046045,1.6707815527915955,0.056195735931396484,-1.7733650365844231,-1.910398770381604,-1.7211456260126072,-1.9023659725960802,-1.5595497773474012,0.08117027311894442,0.004917169563392451,0.14479581970255828,COMPLETE,15_2
42,-1.9206253774757533,2023-04-25 20:39:51.098916,2023-04-25 20:39:58.919066,0 days 00:00:07.820150,0.4954117888299835,24,78,22,4.815523634818479e-07,0.003031810296926208,1.9039480090141296,0.04579979181289673,-1.9206253774757533,-2.0855559179546304,-1.8330887235615474,-2.1157857730004133,-1.6480710953864233,0.13057738786601897,0.0039707830637179704,0.1918581283316671,COMPLETE,15_2
43,-1.756338836756607,2023-04-25 20:39:55.682920,2023-04-25 20:40:06.921553,0 days 00:00:11.238633,0.06595297811849458,40,61,39,5.855186410160569e-07,0.056164022497366295,2.730533719062805,0.07340735197067261,-1.756338836756607,-1.876737948307724,-1.8110095605679308,-1.8686131001389965,-1.4689947380117763,0.09578438687306644,0.018141624367859675,0.16782206008589096,COMPLETE,15_2
44,-1.7956566779335823,2023-04-25 20:39:57.046799,2023-04-25 20:40:06.498450,0 days 00:00:09.451651,0.0012584877160511708,38,141,9,7.52992038973185e-07,1.0762450690778699e-07,2.2834019660949707,0.07290863990783691,-1.7956566779335823,-1.7790234936101152,-2.048137242308213,-1.6479683316856637,-1.7074976441303371,0.08762113258467283,0.01672910986408365,0.15297627354122384,COMPLETE,15_2
45,-1.772763468397805,2023-04-25 20:39:58.921045,2023-04-25 20:40:09.287144,0 days 00:00:10.366099,0.0017577763325952527,16,143,10,0.6510548321034596,1.1424267334422672e-07,2.5122079253196716,0.0734410285949707,-1.772763468397805,-1.7423181794334146,-2.0288606192425798,-1.6383409800264679,-1.681534094888758,0.19164348838393785,0.010748083536371675,0.15240150119153356,COMPLETE,15_2
46,-1.7910256030540406,2023-04-25 20:39:59.900382,2023-04-25 20:40:10.132022,0 days 00:00:10.231640,0.0014333736520376725,16,140,9,0.42216069078076757,1.2125897942238273e-06,2.475965738296509,0.07626032829284668,-1.7910256030540406,-1.776434228990248,-2.041182119265241,-1.6453274554694948,-1.7011586084911787,0.164664852908057,0.025215628898097812,0.1517359694677926,COMPLETE,15_2
47,-1.8492877139103812,2023-04-25 20:40:06.500986,2023-04-25 20:40:11.207796,0 days 00:00:04.706810,0.00024651121918028843,30,40,10,0.008593705186651293,0.08548214924366355,1.1403456926345825,0.030238211154937744,-1.8492877139103812,-1.8626006795900554,-2.102412707956791,-1.6760274335473664,-1.756110034547311,0.5169388780112911,0.003581774126735444,0.1604296593129999,COMPLETE,15_2
48,-1.8500096642605302,2023-04-25 20:40:06.923632,2023-04-25 20:40:10.447907,0 days 00:00:03.524275,0.00022995790142351735,16,34,10,0.601266496880898,9.016019971638749e-05,0.8414672017097473,0.03416043519973755,-1.8500096642605302,-1.8634444968865922,-2.10318961521191,-1.6765186974998982,-1.7568858474437206,0.06172789122639494,0.006104156435297256,0.1605083666802939,COMPLETE,15_2
49,-1.8303582421519697,2023-04-25 20:40:09.288901,2023-04-25 20:40:16.264178,0 days 00:00:06.975277,0.000320570757461959,30,240,7,0.016780971764308865,0.00010189357615269045,1.6535095572471619,0.0831041932106018,-1.8303582421519697,-1.8410135771118015,-2.0811111185111826,-1.6636085758838335,-1.7356996971010608,0.3390726058094811,0.004551765979720371,0.15792105030458625,COMPLETE,15_2
0,-1.3835391138417903,2023-04-25 20:40:18.789581,2023-04-25 20:40:26.362177,0 days 00:00:07.572596,0.00027156423679415364,17,56,14,0.9648253010942592,0.0063342523331216295,1.833780586719513,0.056682288646698,-1.3835391138417903,-1.3284862237852184,-1.4670279689207675,-1.4298541721077365,-1.3087880905534384,0.2116766908590107,0.011680273039308683,0.06658455100624537,COMPLETE,0_0
1,-1.175612720897717,2023-04-25 20:40:18.791617,2023-04-25 20:40:25.267244,0 days 00:00:06.475627,0.30318109444809777,1,169,43,597.9486291561003,3192265.296195886,1.5555009841918945,0.06051790714263916,-1.175612720897717,-1.1110705571923007,-1.4025236602964246,-1.0629746847364638,-1.1258819813656789,0.1753668555609757,0.00830202391536798,0.13305519433607985,COMPLETE,0_0
2,-1.3948735801162,2023-04-25 20:40:18.792661,2023-04-25 20:40:24.174018,0 days 00:00:05.381357,1.7339180258180122e-07,38,60,7,85277.87776252799,5587.769096405412,1.2882506251335144,0.05505639314651489,-1.3948735801162,-1.338785620134151,-1.4763592521461117,-1.4451679751832722,-1.3191814730012648,0.35100129040875117,0.013458004825545997,0.06716508627213963,COMPLETE,0_0
3,-1.3948661061087753,2023-04-25 20:40:18.793579,2023-04-25 20:40:36.837591,0 days 00:00:18.044012,2.1964112810923753e-06,42,425,18,0.0077989817542977475,6689254.947724461,4.348718285560608,0.16000527143478394,-1.3948661061087753,-1.3387788359388384,-1.476354601198166,-1.4451579047270964,-1.3191730825710006,0.6575240172262888,0.038059497987842916,0.06716557065864369,COMPLETE,0_0
4,-0.9718200808825319,2023-04-25 20:40:24.178026,2023-04-25 20:40:30.265811,0 days 00:00:06.087785,0.056643961429877,39,114,5,10.710746688659022,0.21201717636758466,1.4596418142318726,0.059742510318756104,-0.9718200808825319,-1.0028002651279866,-1.2453487612453478,-0.7760457859249837,-0.8630855112318099,0.08924835368932593,0.003199753321963733,0.17743202360351878,COMPLETE,0_0
5,-1.3921903793393202,2023-04-25 20:40:25.269345,2023-04-25 20:41:29.697180,0 days 00:01:04.427835,1.3070269505467781e-05,20,289,50,0.0013791744702757187,1.8089748760747622e-06,15.722940027713776,0.3812926411628723,-1.3921903793393202,-1.335971751155381,-1.4745328166502094,-1.4414538300845035,-1.3168031194671863,0.6345215401088748,0.041386078945260356,0.06717688900867147,COMPLETE,0_0
6,-1.0599924508006797,2023-04-25 20:40:26.364446,2023-04-25 20:40:56.712354,0 days 00:00:30.347908,0.013909050081926102,0,329,15,0.06313013896364526,15.98703252460615,7.2843281626701355,0.30042529106140137,-1.0599924508006797,-0.9851312180474532,-1.3668668477823633,-0.8510251319606801,-1.036946605412222,0.20527789967703117,0.009197492754531677,0.189719892884913,COMPLETE,0_0
7,-1.0385028085991084,2023-04-25 20:40:30.267515,2023-04-25 20:41:13.182632,0 days 00:00:42.915117,0.01689969762947827,27,401,44,3436.456526757904,0.08505286892338057,10.23405146598816,0.492201566696167,-1.0385028085991084,-0.9381687164373572,-1.2958751782541982,-0.9082018259931297,-1.011765513711748,0.37884193289225643,0.044727533004521605,0.15329766446180468,COMPLETE,0_0
8,-1.3948752900368446,2023-04-25 20:40:36.839571,2023-04-25 20:40:45.773546,0 days 00:00:08.933975,0.005063267913312642,43,390,41,1269781.5858459806,155.026385293467,2.202081561088562,0.029010772705078125,-1.3948752900368446,-1.3387871907223854,-1.4763604735648672,-1.4451699434174952,-1.3191835524426314,0.31758537651567986,0.0051313816275296515,0.0671649114456633,COMPLETE,0_0
9,-1.3874055915618084,2023-04-25 20:40:45.777797,2023-04-25 20:41:02.875234,0 days 00:00:17.097437,7.960689404150168e-05,7,294,21,6.839162208456016e-06,81423.48737118504,4.095888912677765,0.1759975552558899,-1.3874055915618084,-1.3313574915260145,-1.4718793339075333,-1.4356226202813271,-1.310762920532359,0.4060098260092335,0.021822830509691866,0.06796356293003919,COMPLETE,0_0
10,-1.1913470486684883,2023-04-25 20:40:56.714691,2023-04-25 20:42:06.145286,0 days 00:01:09.430595,0.0026357756506362367,33,332,49,6.583961678373859e-07,0.0051184387334183784,16.998438775539398,0.35652172565460205,-1.1913470486684883,-1.0164466920700133,-1.5067676094505915,-1.0046484761012753,-1.2375254170520729,0.2749029239382477,0.03459212966280569,0.20437041346998783,COMPLETE,0_0
11,-1.0934752617790815,2023-04-25 20:41:02.876558,2023-04-25 20:42:09.127011,0 days 00:01:06.250453,0.5068944822403485,14,464,42,7.931865790729065e-07,1392010.8501893268,15.867544949054718,0.6923156380653381,-1.0934752617790815,-1.0420924746203308,-1.3275702603199198,-0.9437826004001967,-1.0604557117758782,0.5479213933901057,0.038250379687691606,0.1422487633611836,COMPLETE,0_0
12,-1.394631913303967,2023-04-25 20:41:13.184732,2023-04-25 20:41:27.218533,0 days 00:00:14.033801,3.380215855198933e-06,31,102,27,0.0001890526018185255,3.3306518177742044e-07,3.4052664637565613,0.10118615627288818,-1.394631913303967,-1.3385473863765085,-1.476192287782494,-1.4448243799787686,-1.318963599078098,0.25467585196867965,0.004997868156853093,0.0671612729451287,COMPLETE,0_0
13,-1.1790196141047364,2023-04-25 20:41:27.220173,2023-04-25 20:41:33.798938,0 days 00:00:06.578765,0.9704115560696056,19,184,5,458.5175316895456,0.0003757295381893269,1.5748331546783447,0.06491720676422119,-1.1790196141047364,-1.0337861569581972,-1.2972993847399898,-1.2255747251315299,-1.159418189589229,0.09423438768868428,0.0034364052911781307,0.09699800954403394,COMPLETE,0_0
14,-1.2696156224522746,2023-04-25 20:41:29.698506,2023-04-25 20:41:54.535693,0 days 00:00:24.837187,0.3709593024434252,29,495,34,75.94558232111268,0.029329875621029938,6.0379111766815186,0.1660323143005371,-1.2696156224522746,-0.9960254017112304,-1.6893625364008404,-0.9492285804432089,-1.4438459712538179,0.5585414677462917,0.028244591083839955,0.30985607618106514,COMPLETE,0_0
15,-1.1637275814050343,2023-04-25 20:41:33.800733,2023-04-25 20:42:46.764630,0 days 00:01:12.963897,0.010565818747147179,32,490,33,56.017095183905255,0.12355203776984408,17.634581327438354,0.6008190512657166,-1.1637275814050343,-0.9504251349128185,-1.5877075390667412,-0.908054455820633,-1.2087231958199443,0.24697439309914965,0.014976983585534624,0.27048580861158855,COMPLETE,0_0
16,-1.179786921412771,2023-04-25 20:41:54.539668,2023-04-25 20:42:23.139075,0 days 00:00:28.599407,0.014538286466550462,31,193,31,6.31535990203763,1.3294766484781857,6.907626926898956,0.23706674575805664,-1.179786921412771,-0.9225875327511971,-1.5767450258818192,-0.9152939092372624,-1.3045212177808048,0.5122245924017155,0.022497004273679604,0.27804786476956145,COMPLETE,0_0
17,-1.1923923954340787,2023-04-25 20:42:06.146566,2023-04-25 20:42:39.997788,0 days 00:00:33.851222,0.026909568977807573,26,229,31,9.496956126400866,0.4012062767777448,8.084178447723389,0.37349963188171387,-1.1923923954340787,-0.9592360055297554,-1.6083923850712423,-0.9045880267733147,-1.2973531643620022,0.11327103708241719,0.09172100243465453,0.2834016633532251,COMPLETE,0_0
18,-1.191689879011633,2023-04-25 20:42:09.128497,2023-04-25 20:42:48.210916,0 days 00:00:39.082419,0.023838944236837592,27,199,32,7.971163611423561,0.7332511335874952,9.470137059688568,0.2949793338775635,-1.191689879011633,-0.9590667383568546,-1.6093620357722693,-0.9095859839712122,-1.288744757946196,3.2184327949881433,0.07789609149740105,0.281764890122578,COMPLETE,0_0
19,-1.0377914594629,2023-04-25 20:42:23.142814,2023-04-25 20:42:33.521092,0 days 00:00:10.378278,0.04875782792330284,47,119,26,7000.1470327145435,0.7287451739773219,2.482790231704712,0.10679405927658081,-1.0377914594629,-0.9951136872152427,-1.2971800579152417,-0.8636745982352522,-0.9951974944858635,0.08899953030979163,0.012443701953591426,0.15908705515167323,COMPLETE,0_0
20,-1.3948752900368446,2023-04-25 20:42:33.522748,2023-04-25 20:42:35.104501,0 days 00:00:01.581753,0.07361004373845023,47,18,25,8970835.343279459,68.31123833809819,0.36693745851516724,0.023261725902557373,-1.3948752900368446,-1.3387871907223854,-1.4763604735648672,-1.4451699434174952,-1.3191835524426314,0.020698562760392593,0.0013176733707376328,0.0671649114456633,COMPLETE,0_0
21,-1.085084141113683,2023-04-25 20:42:35.106099,2023-04-25 20:42:41.056568,0 days 00:00:05.950469,0.07700152262378777,38,121,11,23322.260655178612,1.384341626835737,1.4000236988067627,0.08282124996185303,-1.085084141113683,-1.0311088730507643,-1.307925584771721,-0.9372558939243298,-1.0640462127079162,0.03759400836371946,0.040114738607216344,0.13680956077038725,COMPLETE,0_0
22,-1.306727704188983,2023-04-25 20:42:39.999266,2023-04-25 20:42:49.564189,0 days 00:00:09.564923,0.001629817892881007,37,123,11,10279.606533055148,0.00020859779944785192,2.3022664189338684,0.08277952671051025,-1.306727704188983,-1.2676345872740507,-1.4183365022369856,-1.3179335240925432,-1.223006203152353,0.1669835053374755,0.018126958696822112,0.0726630162589296,COMPLETE,0_0
23,-1.2909743017145168,2023-04-25 20:42:41.058386,2023-04-25 20:42:50.579046,0 days 00:00:09.520660,0.0022660160303024975,36,127,24,20505.560517640308,0.0003949267559684656,2.3003278374671936,0.07476526498794556,-1.2909743017145168,-1.2338476303055805,-1.4318866451003007,-1.299846783666877,-1.1983161477853088,0.6948356741430058,0.006637119949603733,0.08914033813361578,COMPLETE,0_0
24,-1.3272476550966092,2023-04-25 20:42:46.766872,2023-04-25 20:42:57.943012,0 days 00:00:11.176140,0.001068149674310706,47,124,38,6341.648511147156,0.0002532391482537735,2.7016374468803406,0.08684897422790527,-1.3272476550966092,-1.283658687185535,-1.4386450999653746,-1.3364776656758333,-1.2502091675596942,0.41825890819733863,0.007762294384770928,0.07129079622242668,COMPLETE,0_0
25,-1.3224886738123376,2023-04-25 20:42:48.212699,2023-04-25 20:43:03.831496,0 days 00:00:15.618797,0.0008957300015405825,47,135,39,2925.7099573556175,0.002021366593400582,3.777676999568939,0.12079042196273804,-1.3224886738123376,-1.2852471535996055,-1.4232266931142072,-1.3388862995729625,-1.2425945489625754,0.15450047280765183,0.015210181489955616,0.06742965348552908,COMPLETE,0_0
26,-1.025818774936013,2023-04-25 20:42:49.565989,2023-04-25 20:43:06.789902,0 days 00:00:17.223913,0.11628821163325669,43,146,38,1252.7212216442633,9.72999324117484,4.121085464954376,0.17788571119308472,-1.025818774936013,-0.9201933903987268,-1.3091371594417331,-0.9039253377195802,-0.9700192121840122,0.21860132870615376,0.013531861191313364,0.16537656280239016,COMPLETE,0_0
27,-1.0191689239781836,2023-04-25 20:42:50.581149,2023-04-25 20:43:03.360773,0 days 00:00:12.779624,0.11835777106974892,47,67,45,1103.3592763329636,4.42983024338814,3.0554187297821045,0.13310235738754272,-1.0191689239781836,-0.913017908875255,-1.3054156848389213,-0.8948069477662618,-0.9634351544322959,0.08560411169156437,0.025627016367877904,0.16716563664953338,COMPLETE,0_0
28,-1.172747544020203,2023-04-25 20:42:57.945509,2023-04-25 20:43:00.223103,0 days 00:00:02.277594,0.07311698648133766,42,6,46,1646.9625581167886,10.494540602100193,0.5337199568748474,0.030191004276275635,-1.172747544020203,-1.132412333588775,-1.3160367139919242,-1.1283288083052458,-1.1142123201948675,0.04018291041610729,0.003972903916998243,0.08300318057539983,COMPLETE,0_0
29,-1.3948752900368446,2023-04-25 20:43:00.224867,2023-04-25 20:43:07.096145,0 days 00:00:06.871278,0.1270296957095172,24,257,37,319225.4402887782,706.2184367364579,1.6835112571716309,0.028065741062164307,-1.3948752900368446,-1.3387871907223854,-1.4763604735648672,-1.4451699434174952,-1.3191835524426314,0.28311959119767066,0.00393813377673448,0.0671649114456633,COMPLETE,0_0
30,-1.3948752900368446,2023-04-25 20:43:03.362125,2023-04-25 20:43:06.599738,0 days 00:00:03.237613,0.19887617386992815,44,75,37,236436.38706601036,667.7933541475682,0.774670422077179,0.02445131540298462,-1.3948752900368446,-1.3387871907223854,-1.4763604735648672,-1.4451699434174952,-1.3191835524426314,0.03171933363987244,0.0012138001715380374,0.0671649114456633,COMPLETE,0_0
31,-1.3948752900368446,2023-04-25 20:43:03.833214,2023-04-25 20:43:06.672120,0 days 00:00:02.838906,0.254048732615446,43,66,37,160282.99033211757,978.7235680949491,0.6652394533157349,0.03933131694793701,-1.3948752900368446,-1.3387871907223854,-1.4763604735648672,-1.4451699434174952,-1.3191835524426314,0.022130782387969873,0.01852621222309678,0.0671649114456633,COMPLETE,0_0
32,-1.1218239590965013,2023-04-25 20:43:06.602772,2023-04-25 20:43:11.698888,0 days 00:00:05.096116,0.13618555774431462,40,38,19,0.657440387267967,0.01956428754306916,1.2166370153427124,0.051827967166900635,-1.1218239590965013,-0.9433184594578837,-1.5047177968517453,-0.8739538853458013,-1.1653056947305747,0.04367890103418065,0.005879258088639877,0.24586690463902444,COMPLETE,0_0
