number,value,datetime_start,datetime_complete,duration,params_learning_rate,params_max_depth,params_n_estimators,params_num_leaves,params_reg_alpha,params_reg_lambda,user_attrs_mean_fit_time,user_attrs_mean_score_time,user_attrs_mean_test_score,user_attrs_split0_test_score,user_attrs_split1_test_score,user_attrs_split2_test_score,user_attrs_split3_test_score,user_attrs_std_fit_time,user_attrs_std_score_time,user_attrs_std_test_score,state,key
46,-1.1975060192710203,2023-04-25 18:45:50.894877,2023-04-25 18:47:23.136046,0 days 00:01:32.241169,0.05287833129231083,26,498,31,0.009653093632455074,930874.4199350958,21.849135994911194,1.2006458640098572,-1.1975060192710203,-1.449053313279291,-1.1311597027273717,-1.0712647288685506,-1.138546332208868,5.267420263673656,0.14131854771622193,0.1475559071527984,COMPLETE,9_0
47,-1.2543352918970672,2023-04-25 18:46:12.540962,2023-04-25 18:46:33.452182,0 days 00:00:20.911220,0.050746064613520034,25,137,13,0.005496676842763184,940635.6796596114,4.969323575496674,0.2504202127456665,-1.2543352918970672,-1.4826385552612478,-1.1591626355855418,-1.1653351817929176,-1.2102047949485617,0.3410873847082761,0.07854109224828493,0.13327484283577204,COMPLETE,9_0
48,-1.1700155237918395,2023-04-25 18:46:28.961894,2023-04-25 18:46:59.182728,0 days 00:00:30.220834,0.8589712584096769,25,128,31,0.011546453498625998,858625.1431760271,7.209397971630096,0.3361111879348755,-1.1700155237918395,-1.378662638493516,-1.171040656923679,-1.0400053954685458,-1.0903534042816172,0.15414941776582525,0.03712792113239442,0.12921237955665543,COMPLETE,9_0
49,-1.1852000651960035,2023-04-25 18:46:33.453617,2023-04-25 18:47:26.634263,0 days 00:00:53.180646,0.061624338353217185,38,314,33,0.015884427053216,40619.79042993585,12.614087522029877,0.6716229319572449,-1.1852000651960035,-1.3409950424238448,-1.3706452406725183,-1.0012634476345643,-1.0278965300530862,3.807092735258106,0.1756568871647758,0.17120095610520192,COMPLETE,9_0
0,-1.7041731246359244,2023-04-25 18:47:37.537898,2023-04-25 18:47:54.096575,0 days 00:00:16.558677,0.0011466994659766817,23,71,24,1.0510741035967431e-07,0.000665298815930104,4.007567048072815,0.12751364707946777,-1.7041731246359244,-1.7018812321784367,-1.703075080126261,-1.8043954458149365,-1.6073407404240632,0.5514086893446409,0.014664464088699758,0.06969125262083553,COMPLETE,9_1
1,-1.7439574252370424,2023-04-25 18:47:37.540284,2023-04-25 18:47:45.691488,0 days 00:00:08.151204,1.0663580936886663e-07,29,58,5,7778.414022965084,2539022.4092724104,1.9559555649757385,0.0786169171333313,-1.7439574252370424,-1.7502663215975112,-1.737946418409094,-1.8328720411655544,-1.6547449197760102,0.5012787691915211,0.009559648015379871,0.06312807305930196,COMPLETE,9_1
2,-1.7439575879749671,2023-04-25 18:47:37.541384,2023-04-25 18:47:46.036808,0 days 00:00:08.495424,4.0378461441729135e-07,9,131,24,5663690.809404832,0.0004312716936183912,2.0747697353363037,0.04526197910308838,-1.7439575879749671,-1.7502665121753573,-1.737946572949512,-1.8328721700512525,-1.6547450967237467,0.46496011912919255,0.004859687291224056,0.06312805700964524,COMPLETE,9_1
3,-1.7337378943038568,2023-04-25 18:47:37.542644,2023-04-25 18:48:09.898150,0 days 00:00:32.355506,0.007147046629213849,7,175,50,0.0172320074258435,8874071.750241218,7.798709034919739,0.2861681580543518,-1.7337378943038568,-1.7382791142519596,-1.7281066800048388,-1.824894708112432,-1.6436710748461973,1.1335376899050558,0.009550765755718444,0.06417540401907959,COMPLETE,9_1
4,-1.7424396332118581,2023-04-25 18:47:45.698138,2023-04-25 18:48:27.073127,0 days 00:00:41.374989,9.065682824981713e-06,4,392,15,0.6029141519768985,0.0002422918028971086,9.864198505878448,0.4760950207710266,-1.7424396332118581,-1.7485988178528198,-1.736580062509268,-1.8317751540372056,-1.6528044984481394,0.22987631105787734,0.04787178206574654,0.06341837823041958,COMPLETE,9_1
5,-1.74395687349583,2023-04-25 18:47:46.066273,2023-04-25 18:47:53.228137,0 days 00:00:07.161864,1.0422539673161416e-07,12,27,37,0.0001424755327749867,98166.07310556827,1.7233524918556213,0.06385201215744019,-1.74395687349583,-1.7502656681724915,-1.737945848335081,-1.8328716732158086,-1.654744304259939,0.13882853953118313,0.004072771646952279,0.06312815820350688,COMPLETE,9_1
6,-1.7409788347416049,2023-04-25 18:47:53.233054,2023-04-25 18:49:04.259875,0 days 00:01:11.026821,1.5033047666520626e-05,23,360,29,6.861997056139521,2.0460672230695727e-06,17.146526217460632,0.6058682799339294,-1.7409788347416049,-1.746816475432122,-1.7351807614849841,-1.830755767900581,-1.6511623341487318,0.5097889263534476,0.04189543245746377,0.06362899733710559,COMPLETE,9_1
7,-1.7435333441417509,2023-04-25 18:47:54.098092,2023-04-25 18:48:30.824817,0 days 00:00:36.726725,7.771023981252308e-06,4,382,46,8800.990011523289,299045.3199166233,8.711707174777985,0.4665478467941284,-1.7435333441417509,-1.7497774776577166,-1.737534232063822,-1.8325344886192052,-1.6542871782262594,0.5716780963614518,0.03192076405341965,0.06316854517479585,COMPLETE,9_1
8,-1.7414385033085755,2023-04-25 18:48:09.904262,2023-04-25 18:48:56.939711,0 days 00:00:47.035449,2.506188420487039e-05,24,173,45,1.2097934228828002e-07,122.84080032776855,11.350811123847961,0.40322345495224,-1.7414385033085755,-1.7471140723273404,-1.735578533935248,-1.831253206250695,-1.6518082007210186,0.4167671712724721,0.06579649345260698,0.06357441177718687,COMPLETE,9_1
9,-1.7439512802621375,2023-04-25 18:48:27.076863,2023-04-25 18:49:32.334375,0 days 00:01:05.257512,4.831239282637566e-07,28,373,45,0.0002533938688603238,1960553.9576180198,15.770166158676147,0.5399535894393921,-1.7439512802621375,-1.7502591254548556,-1.7379405523882538,-1.8328671885483987,-1.6547382546570424,0.5675918942523416,0.03333526435355567,0.06312867899088209,COMPLETE,9_1
10,-1.7433684738302024,2023-04-25 18:48:30.830837,2023-04-25 18:49:00.641411,0 days 00:00:29.810574,6.762444191741404e-06,13,257,31,26361.48211850881,4.025566439088348e-06,7.11011278629303,0.33945232629776,-1.7433684738302024,-1.7495959505665266,-1.7373487426877172,-1.8324256816422801,-1.6541035204242864,0.54990358184186,0.036252403555413884,0.0631950092953811,COMPLETE,9_1
11,-1.6971118753774104,2023-04-25 18:48:56.943588,2023-04-25 18:49:19.238497,0 days 00:00:22.294909,0.0006909206773680704,41,164,13,2.9359488201913157e-06,1.8726614673473423e-05,5.333894431591034,0.23593956232070923,-1.6971118753774104,-1.6896558885414283,-1.70412676974437,-1.8021435332787636,-1.5925213099450797,0.1447688823644028,0.03520961105230403,0.07428935997442616,COMPLETE,9_1
12,-1.7439575879749671,2023-04-25 18:49:00.643049,2023-04-25 18:49:14.622816,0 days 00:00:13.979767,1.9341811049488478e-05,43,383,9,6510402.421496273,32905.4370992503,3.4381187558174133,0.05287647247314453,-1.7439575879749671,-1.7502665121753573,-1.737946572949512,-1.8328721700512525,-1.6547450967237467,0.17167847871432648,0.012375569497186342,0.06312805700964524,COMPLETE,9_1
13,-1.5615749884392118,2023-04-25 18:49:04.262294,2023-04-25 18:50:00.454176,0 days 00:00:56.191882,0.8145540282330807,47,499,18,2.0202825691955545e-07,0.44862617964053403,13.557975113391876,0.48251426219940186,-1.5615749884392118,-1.3845007843977313,-1.8536943998858693,-1.9087521526362128,-1.0993526168370336,0.47675652480621844,0.07084653792050463,0.3357344666660987,COMPLETE,9_1
14,-1.3991594014296238,2023-04-25 18:49:14.627944,2023-04-25 18:49:49.289492,0 days 00:00:34.661548,0.017991380749233062,36,219,20,3.769769337492737e-07,0.14999283851264433,8.18415880203247,0.4726461172103882,-1.3991594014296238,-1.3310696958370873,-1.531012433414932,-1.6511832795787855,-1.0833721968876913,0.6178760071843351,0.10618529173022878,0.2152086335170762,COMPLETE,9_1
15,-1.5471403764973446,2023-04-25 18:49:19.239996,2023-04-25 18:49:59.512540,0 days 00:00:40.272544,0.0029325895101213677,41,261,18,1.1709155742658777e-07,0.030080885623016963,9.632804811000824,0.4281262755393982,-1.5471403764973446,-1.5044027318927566,-1.5955890818514893,-1.711070554844709,-1.377499137400424,0.5829179210839114,0.08195095542379392,0.12229578558987433,COMPLETE,9_1
16,-1.6302171998236685,2023-04-25 18:49:32.341579,2023-04-25 18:49:47.913608,0 days 00:00:15.572029,0.0029677534874651074,47,98,19,6.277137635783902e-07,0.03185949589801473,3.696689248085022,0.18945705890655518,-1.6302171998236685,-1.6018027996675093,-1.6513257742264105,-1.7578285008477723,-1.5099117245529816,0.24865433412571006,0.06699275042251934,0.08945809295239969,COMPLETE,9_1
17,-1.4560010622822213,2023-04-25 18:49:47.917282,2023-04-25 18:50:17.043115,0 days 00:00:29.125833,0.12327009831794723,47,274,16,9.818822544307792e-06,0.13308368177779814,6.958437621593475,0.315101683139801,-1.4560010622822213,-1.3625607627418157,-1.7025529582651997,-1.7213943911544691,-1.0374961369674012,0.19065263937338378,0.032063094776140486,0.28066836235745307,COMPLETE,9_1
18,-1.5142997718154243,2023-04-25 18:49:49.291722,2023-04-25 18:50:19.950656,0 days 00:00:30.658934,0.22022105900477584,47,253,18,2.231071204104521e-05,0.1881035815030962,7.398273527622223,0.25991326570510864,-1.5142997718154243,-1.4070534748904187,-1.8113387301343222,-1.7800516261473278,-1.058755256089628,0.19915699404582243,0.035566405066064705,0.3073592217796621,COMPLETE,9_1
19,-1.5024419493243335,2023-04-25 18:49:59.516267,2023-04-25 18:50:34.748004,0 days 00:00:35.231737,0.17095228756385925,36,284,18,1.9722111806471418e-05,0.9338738335682566,8.39120602607727,0.4074705243110657,-1.5024419493243335,-1.4640296581226735,-1.7398554466766856,-1.7605982893388894,-1.045284403159085,0.05780923049053581,0.07236607652710936,0.28873793946500115,COMPLETE,9_1
20,-1.4099005034823993,2023-04-25 18:50:00.455820,2023-04-25 18:50:40.266443,0 days 00:00:39.810623,0.026333657194142428,37,261,20,1.4507660888119799e-05,1.4780971684782897e-07,9.442460775375366,0.5032047033309937,-1.4099005034823993,-1.345207841279306,-1.5824472996849364,-1.6690888794822338,-1.0428579934831201,0.22751051512262788,0.09215581625876829,0.24282522306315604,COMPLETE,9_1
21,-1.4690858278344194,2023-04-25 18:50:17.047194,2023-04-25 18:51:10.034011,0 days 00:00:52.986817,0.09229872198717057,34,323,34,1.677311925687443e-05,50.30898840874566,12.700520396232605,0.5367381572723389,-1.4690858278344194,-1.384540107596882,-1.719003052059333,-1.7260708427641782,-1.046729308917285,0.9608436711643404,0.02871907201037731,0.2801932033191641,COMPLETE,9_1
22,-1.4521421909565648,2023-04-25 18:50:19.952558,2023-04-25 18:51:21.710560,0 days 00:01:01.758002,0.04157406914467685,36,309,34,0.0010188832260508295,3.5924239698781437,14.712885022163391,0.7187705039978027,-1.4521421909565648,-1.3887641489120737,-1.6810848554373365,-1.7172149861378998,-1.0215047733389497,0.7108533998224654,0.0742974765491266,0.2793491059725101,COMPLETE,9_1
23,-1.4176179323943272,2023-04-25 18:50:34.765445,2023-04-25 18:51:41.632091,0 days 00:01:06.866646,0.02043615265572547,36,317,33,0.0014431443202626846,43.92510824844308,16.01844197511673,0.6870235204696655,-1.4176179323943272,-1.3644085749867312,-1.600777751211775,-1.6723619924893705,-1.0329234108894318,1.0270919006098131,0.05895719489723463,0.24963131112430434,COMPLETE,9_1
24,-1.405726521589529,2023-04-25 18:50:40.269657,2023-04-25 18:51:35.276004,0 days 00:00:55.006347,0.01488667456681626,34,304,25,0.0008919528811271846,2.3213211179914423e-07,13.056590795516968,0.6878328323364258,-1.405726521589529,-1.3431759313488507,-1.549334217992808,-1.6708681014630644,-1.0595278355533924,0.8527982419805643,0.15342890966203973,0.23167290216849676,COMPLETE,9_1
25,-1.4084485852648085,2023-04-25 18:51:10.038742,2023-04-25 18:51:41.589293,0 days 00:00:31.550551,0.02276622363182442,36,209,24,0.00040923576549130265,0.004174540367772471,7.433402180671692,0.444923996925354,-1.4084485852648085,-1.332372316050325,-1.5749706971479354,-1.6692404413603221,-1.0572108865006522,0.5061472968960283,0.0471467937372379,0.23711680967536575,COMPLETE,9_1
26,-1.415533975526203,2023-04-25 18:51:21.715396,2023-04-25 18:52:02.936945,0 days 00:00:41.221549,0.018120279473134004,35,227,24,0.0010761759414309015,2.614407756723445e-07,9.725849509239197,0.5629562735557556,-1.415533975526203,-1.3711168217399738,-1.554878310040671,-1.6671298011102167,-1.0690109692139516,0.35027944427685587,0.07300736138010357,0.2262567018160631,COMPLETE,9_1
27,-1.4165973955411713,2023-04-25 18:51:35.279492,2023-04-25 18:52:11.732816,0 days 00:00:36.453324,0.013549107703145921,31,205,23,0.00197894198290838,1.3573249670077406e-06,8.721877038478851,0.38392603397369385,-1.4165973955411713,-1.3541597082766408,-1.52317518963921,-1.660195734396762,-1.1288589498520718,0.3687597169774963,0.039551093823005694,0.19836258140494217,COMPLETE,9_1
28,-1.4046034973918755,2023-04-25 18:51:41.592705,2023-04-25 18:52:16.885731,0 days 00:00:35.293026,0.018418557871878898,31,209,24,0.004611417441610769,0.005662240508845211,8.377531468868256,0.43867653608322144,-1.4046034973918755,-1.3337723936156787,-1.5487228772744424,-1.6612359442372584,-1.0746827744401233,0.44178362368666624,0.052477912028951613,0.22388352838403783,COMPLETE,9_1
29,-1.440322257300545,2023-04-25 18:51:41.640182,2023-04-25 18:52:23.799410,0 days 00:00:42.159228,0.008894576298958864,30,210,25,0.012245587229396143,1.2291242823602774e-07,9.993432998657227,0.5385157465934753,-1.440322257300545,-1.3596862692264973,-1.531617325342982,-1.6775164041852137,-1.1924690304474868,0.39521906217270397,0.1240962166309054,0.18202282645273538,COMPLETE,9_1
30,-1.4432820128244002,2023-04-25 18:52:02.940960,2023-04-25 18:52:46.811902,0 days 00:00:43.870942,0.008031920832528093,31,213,27,1.972341303899526e-06,0.002683563607000304,10.462511837482452,0.49666523933410645,-1.4432820128244002,-1.3677958731015827,-1.5312528226043813,-1.6717118371779642,-1.2023675184136726,0.5701077314864956,0.07123828925338534,0.1758244855921488,COMPLETE,9_1
31,-1.4717793569252526,2023-04-25 18:52:11.736275,2023-04-25 18:53:39.779163,0 days 00:01:28.042888,0.0029870055535559273,19,431,28,2.2597840101460257e-06,0.00011036113662317527,21.059785306453705,0.9428379535675049,-1.4717793569252526,-1.3959359220385685,-1.5504420768451306,-1.6809821749027103,-1.2597572539146007,0.7931749879975015,0.1286594111569835,0.15863420291300095,COMPLETE,9_1
32,-1.4342149202472565,2023-04-25 18:52:16.890384,2023-04-25 18:53:31.163516,0 days 00:01:14.273132,0.004181337501992784,20,441,27,0.02458436691124544,6.911278024206383e-05,17.636673748493195,0.9232189059257507,-1.4342149202472565,-1.352758872762717,-1.5197318909813526,-1.676719015193644,-1.1876499020513127,0.3508178602726176,0.11087339487846495,0.18272300362780847,COMPLETE,9_1
33,-1.6334512879085492,2023-04-25 18:52:23.800785,2023-04-25 18:53:53.336347,0 days 00:01:29.535562,0.0005911399793187527,18,441,28,1.618238425323106e-06,3.9977077841263925e-05,21.601477026939392,0.7738584280014038,-1.6334512879085492,-1.6066693877147629,-1.649851070692247,-1.7597177812146472,-1.5175669120125395,1.309782654281918,0.08545421827402534,0.08711865322932995,COMPLETE,9_1
34,-1.6387866299442364,2023-04-25 18:52:46.826346,2023-04-25 18:53:10.359117,0 days 00:00:23.532771,0.001939214364827391,25,132,22,0.03277121313311783,0.0001192824969734035,5.653645038604736,0.2206382155418396,-1.6387866299442364,-1.6117348140281629,-1.6561929364977552,-1.7640817136810765,-1.5231370555699508,0.3736432605111731,0.004859969798581405,0.08675895099897096,COMPLETE,9_1
35,-1.412961318846377,2023-04-25 18:53:10.364116,2023-04-25 18:53:36.206562,0 days 00:00:25.842446,0.05030761999650372,19,132,27,9.118496911202254e-05,0.0015455174337606432,6.198548674583435,0.25448179244995117,-1.412961318846377,-1.3382083935802134,-1.5947131479642953,-1.6865311753453822,-1.032392558495618,0.40124592331524667,0.023669910624301436,0.2541135449771211,COMPLETE,9_1
36,-1.7148935141548434,2023-04-25 18:53:31.168201,2023-04-25 18:53:45.690148,0 days 00:00:14.521947,0.000561126151916018,19,129,9,0.00012370360563782203,0.0022367161550044742,3.4613203406333923,0.1617039442062378,-1.7148935141548434,-1.7165293200572054,-1.7129773843144585,-1.8128127182662417,-1.6172546339814682,0.28298060275760717,0.022791112808761997,0.06915176944561112,COMPLETE,9_1
37,-1.707413930146275,2023-04-25 18:53:36.207980,2023-04-25 18:53:53.585334,0 days 00:00:17.377354,0.0009013423937734821,39,86,21,1.9737171793348563e-06,0.003845666413634245,4.189136981964111,0.14574575424194336,-1.707413930146275,-1.7062720922744896,-1.7071112290912527,-1.8062112493107925,-1.610061149908565,0.2729589381872389,0.04515873111210939,0.06935392835982965,COMPLETE,9_1
38,-1.7145793920581398,2023-04-25 18:53:39.782959,2023-04-25 18:53:51.878430,0 days 00:00:12.095471,0.0008198324959701942,39,84,12,0.00014239586450234817,0.004279053570935317,2.905041992664337,0.11136317253112793,-1.7145793920581398,-1.7130020332022564,-1.715652699917639,-1.814135510008094,-1.61552732510457,0.25633383768676204,0.004410236745128841,0.07022530284691045,COMPLETE,9_1
39,-1.4152310257463006,2023-04-25 18:53:45.693792,2023-04-25 18:53:57.897180,0 days 00:00:12.203388,0.04906243545486236,39,72,21,0.25896813434608174,1.4704274984831897e-05,2.9155317544937134,0.1286500096321106,-1.4152310257463006,-1.3737228965397723,-1.5314069599882665,-1.6554213761638379,-1.1003728702933253,0.24963448377275577,0.016210952376657182,0.20739264390050624,COMPLETE,9_1
40,-1.43041152185425,2023-04-25 18:53:51.882520,2023-04-25 18:54:19.481088,0 days 00:00:27.598568,0.047040304437161375,27,180,21,0.21090885088305492,2.837774019872959e-05,6.564460933208466,0.32686054706573486,-1.43041152185425,-1.3782368957775868,-1.6272547152269632,-1.688039179283638,-1.0281152971288123,0.22125975042181834,0.09723172671281069,0.25965539503556484,COMPLETE,9_1
41,-1.4681680728933875,2023-04-25 18:53:53.338754,2023-04-25 18:55:04.495946,0 days 00:01:11.157192,0.05000383328654327,33,346,38,0.41624910562065215,1.269464005108086e-05,17.007867693901062,0.771763265132904,-1.4681680728933875,-1.4029893704010792,-1.727161374277865,-1.70825203417475,-1.0342695127198553,0.34378968378264946,0.1071107910403681,0.2816176762943986,COMPLETE,9_1
42,-1.4577468244180698,2023-04-25 18:53:53.588475,2023-04-25 18:54:41.543409,0 days 00:00:47.954934,0.006834022871413601,32,192,41,0.3529696548094405,0.0003082319126709881,11.550388276576996,0.42974990606307983,-1.4577468244180698,-1.3731437653345426,-1.5564527629287521,-1.6746072660165148,-1.2267835033924699,0.3849111276276797,0.04489209813673966,0.1712257622942677,COMPLETE,9_1
43,-1.4184581398015326,2023-04-25 18:53:57.900271,2023-04-25 18:54:49.013732,0 days 00:00:51.113461,0.007098578178061117,33,339,25,0.15243750216552535,0.0004332896803321104,12.119426190853119,0.6511386036872864,-1.4184581398015326,-1.3504213596259944,-1.51567154385779,-1.663058911955196,-1.1446807437671505,0.3466601164848746,0.0661317988061742,0.19291387307707739,COMPLETE,9_1
44,-1.414274860622647,2023-04-25 18:54:19.484731,2023-04-25 18:55:00.971739,0 days 00:00:41.487008,0.01696520336182883,33,235,25,5.42487333610077e-05,4.548854156129643e-07,9.922838687896729,0.44014912843704224,-1.414274860622647,-1.3565793909526593,-1.5584996016037063,-1.6704363384780399,-1.0715841114561828,0.1652742103393599,0.032352503076929426,0.22758800244785835,COMPLETE,9_1
45,-1.4225012061737798,2023-04-25 18:54:41.547168,2023-04-25 18:55:22.275822,0 days 00:00:40.728654,0.018244295485256114,33,235,25,4.991748460605562e-05,5.910744446491866e-07,9.715262353420258,0.4585067629814148,-1.4225012061737798,-1.3775682883780354,-1.5773388465625262,-1.6728114097079219,-1.0622862800466362,0.15372340944315582,0.0168881134717566,0.23366838306715837,COMPLETE,9_1
46,-1.4123277287753055,2023-04-25 18:54:49.016123,2023-04-25 18:55:28.625420,0 days 00:00:39.609297,0.022507874462503512,28,228,31,0.004223978386899307,6.936927138403386e-07,9.386643767356873,0.5080734491348267,-1.4123277287753055,-1.3502696954454114,-1.5836290388602345,-1.6782072420963197,-1.037204938699257,0.26655358025775144,0.0676523465404135,0.24728746509671984,COMPLETE,9_1
47,-1.4259572560409153,2023-04-25 18:55:00.975972,2023-04-25 18:55:49.178983,0 days 00:00:48.203011,0.029763265302826334,43,288,30,3.075184115439057,1.2706243274346465e-06,11.426972925662994,0.6149676442146301,-1.4259572560409153,-1.3464337250734855,-1.626930964606168,-1.7066507083588631,-1.0238136261251443,1.4893738803177374,0.17953334734530751,0.26796582653763873,COMPLETE,9_1
48,-1.4306007064631185,2023-04-25 18:55:04.497484,2023-04-25 18:55:54.122377,0 days 00:00:49.624893,0.02363621768395301,44,302,31,0.0004396190450251965,1.4566353520328935e-06,11.838964283466339,0.5593619346618652,-1.4306007064631185,-1.3568826089413581,-1.6468939439101506,-1.6940097348207068,-1.0246165381802588,2.0476720215256714,0.13310137732389943,0.2675932471047056,COMPLETE,9_1
49,-1.5582410320348055,2023-04-25 18:55:22.279776,2023-04-25 18:55:56.228398,0 days 00:00:33.948622,0.4332699433067134,43,294,31,0.00031835554373934195,6.694823386888783e-06,8.207639575004578,0.27123647928237915,-1.5582410320348055,-1.4739016089929724,-1.821790516482329,-1.8251012271224252,-1.1121707755414958,1.9035931062950906,0.03801972679730919,0.2944335691127093,COMPLETE,9_1
0,-1.8666454224734004,2023-04-25 18:56:04.566832,2023-04-25 18:56:13.315439,0 days 00:00:08.748607,1.6337847295411095e-07,40,187,48,4638181.387028456,0.004547384715632983,2.139752447605133,0.043950796127319336,-1.8666454224734004,-1.8694281670745314,-1.81286700296036,-1.8804168213349437,-1.9038696985237664,0.48209855194923884,0.004566413646158561,0.03344831919137814,COMPLETE,9_2
1,-1.8193580090681962,2023-04-25 18:56:04.569761,2023-04-25 18:56:31.820376,0 days 00:00:27.250615,0.0005106229404401186,6,283,8,26.991544153437214,3982.036677066819,6.489147424697876,0.32071852684020996,-1.8193580090681962,-1.8144958649460259,-1.7760510905397116,-1.8342476300004236,-1.8526374507866237,0.569587427413579,0.08246841534425457,0.02840929289199749,COMPLETE,9_2
