number,value,datetime_start,datetime_complete,duration,params_learning_rate,params_max_depth,params_n_estimators,params_num_leaves,params_reg_alpha,params_reg_lambda,user_attrs_mean_fit_time,user_attrs_mean_score_time,user_attrs_mean_test_score,user_attrs_split0_test_score,user_attrs_split1_test_score,user_attrs_split2_test_score,user_attrs_split3_test_score,user_attrs_std_fit_time,user_attrs_std_score_time,user_attrs_std_test_score,state,key
2,-1.698890708615285,2023-04-25 18:56:04.570741,2023-04-25 18:57:15.195860,0 days 00:01:10.625119,0.005787540941138211,20,404,22,0.00019581507065348014,0.006902719758575594,16.74799883365631,0.904590368270874,-1.698890708615285,-1.8445240727472987,-1.5783301301183321,-1.7128968711440589,-1.6598117604514495,1.3019520575819779,0.17970211531265262,0.09678231581014918,COMPLETE,9_2
3,-1.7191391469246853,2023-04-25 18:56:04.572204,2023-04-25 18:57:37.569959,0 days 00:01:32.997755,0.006648819723604824,30,385,41,0.0011394837818869416,248.27390157121013,21.982262134552002,1.2635778784751892,-1.7191391469246853,-1.881888156950121,-1.551866388573586,-1.7434929747827739,-1.699309067392261,1.3786595386563376,0.2818242041593897,0.1177431069492481,COMPLETE,9_2
4,-1.7938443445014147,2023-04-25 18:56:13.323562,2023-04-25 18:56:59.315203,0 days 00:00:45.991641,0.3818641548068049,28,474,49,264.4935405949325,6.751951116129326,11.073079705238342,0.421236515045166,-1.7938443445014147,-1.9955571981166074,-1.515513494822127,-1.874463298935188,-1.7898433861317367,1.153178222745059,0.046110449517127845,0.17654430086995807,COMPLETE,9_2
5,-1.8666383873892247,2023-04-25 18:56:31.824090,2023-04-25 18:56:34.910828,0 days 00:00:03.086738,3.157555375135363e-05,5,3,20,1.698380617007251e-07,679623.1202751453,0.7260492444038391,0.042983829975128174,-1.8666383873892247,-1.8694211238809295,-1.8128608982714771,-1.8804105381416376,-1.9038609892628546,0.08424075579817158,0.0042886827165797186,0.03344755665508944,COMPLETE,9_2
6,-1.7570845312781038,2023-04-25 18:56:34.914728,2023-04-25 18:56:45.035396,0 days 00:00:10.120668,0.005035129105454128,41,77,8,1.4498349880748995,1.8693236936523898e-06,2.4289064407348633,0.0981980562210083,-1.7570845312781038,-1.7584103829553088,-1.731722142820864,-1.756022391530123,-1.78218320780612,0.3188936558286913,0.0018845994901726642,0.01786113332929987,COMPLETE,9_2
7,-1.7514014500969795,2023-04-25 18:56:45.044212,2023-04-25 18:57:13.549836,0 days 00:00:28.505624,0.0786180826784033,8,174,23,8.203709478847629e-06,1.1030190439354781e-05,6.7604257464408875,0.3617929220199585,-1.7514014500969795,-1.9888629584347646,-1.5179544904335076,-1.8123492305059992,-1.6864391210136465,0.44986966622249003,0.09594469285891934,0.17235152092082912,COMPLETE,9_2
8,-1.8661566979163704,2023-04-25 18:56:59.318598,2023-04-25 18:57:32.984909,0 days 00:00:33.666311,5.867417132855304e-06,30,414,9,70263.70948907599,0.005269955330109513,7.987989008426666,0.4245457649230957,-1.8661566979163704,-1.8688688700673626,-1.8123939995441498,-1.8799636075089337,-1.903400314545036,0.42039183754130816,0.026955734005069253,0.03344959396659106,COMPLETE,9_2
9,-1.8418422356706026,2023-04-25 18:57:13.554940,2023-04-25 18:57:49.871421,0 days 00:00:36.316481,0.0003676707571380934,10,154,38,0.3015731426968541,9.019489415318825,8.783664345741272,0.2924094796180725,-1.8418422356706026,-1.8516193840858894,-1.7861214839737352,-1.8548469300450972,-1.8747811445776879,0.6325034738299795,0.04820266075659423,0.033370977647357636,COMPLETE,9_2
10,-1.8652114598750327,2023-04-25 18:57:15.197568,2023-04-25 18:58:03.004614,0 days 00:00:47.807046,3.0111856776301466e-05,8,294,32,4.549962631071492e-06,190139.64264261062,11.539665758609772,0.4082074761390686,-1.8652114598750327,-1.867859496973305,-1.8115494174334372,-1.879089658944788,-1.9023472661486012,0.26891073987140485,0.04914949773928111,0.03338524904986177,COMPLETE,9_2
11,-1.6981965233155356,2023-04-25 18:57:32.988274,2023-04-25 18:58:01.642548,0 days 00:00:28.654274,0.011468202431351287,40,105,47,114.94479926564702,0.000922001502031238,6.930250287055969,0.23040878772735596,-1.6981965233155356,-1.8068379137086652,-1.5738245705883147,-1.7103044022077836,-1.7018192067573785,0.06525303141852119,0.05084093436853176,0.08281162191734263,COMPLETE,9_2
12,-1.6883589811842228,2023-04-25 18:57:37.572138,2023-04-25 18:57:59.704530,0 days 00:00:22.132392,0.031411238034384656,35,124,33,2.1677450735474435e-07,59630.02549760223,5.287315189838409,0.24275177717208862,-1.6883589811842228,-1.7367913232324075,-1.6943509914464432,-1.6943522275659353,-1.6279413824921056,0.47083984018436087,0.03928546005934087,0.03894804609081353,COMPLETE,9_2
13,-1.7400432846634055,2023-04-25 18:57:49.874701,2023-04-25 18:58:41.871149,0 days 00:00:51.996448,0.03539898686184155,19,311,28,0.0015147287293568385,0.025828426008002527,12.447242796421051,0.5447249412536621,-1.7400432846634055,-1.94089829361356,-1.5108890116715255,-1.8081237978138052,-1.7002620355547313,0.8131945771215243,0.10617777794503712,0.1573784606468368,COMPLETE,9_2
14,-1.8176736459252496,2023-04-25 18:57:59.708138,2023-04-25 18:58:37.665148,0 days 00:00:37.957010,0.02825324383163347,18,285,31,1.1310711801703881e-07,8856155.06620521,9.115394711494446,0.3672317862510681,-1.8176736459252496,-1.8206174883400819,-1.7723793820849925,-1.837122112977329,-1.840575600298595,0.5086383107938846,0.08154034216409337,0.027216626029822277,COMPLETE,9_2
15,-1.7077352182999246,2023-04-25 18:58:01.644384,2023-04-25 18:58:17.862768,0 days 00:00:16.218384,0.8544775552372483,42,69,33,0.01754204675889366,288600.03354691045,3.884175658226013,0.16121923923492432,-1.7077352182999246,-1.812353694174576,-1.6353465374484488,-1.722816954210678,-1.6604236873659957,0.18219946167666903,0.030077061459206616,0.0682843069949927,COMPLETE,9_2
16,-1.6800399342391616,2023-04-25 18:58:03.008694,2023-04-25 18:58:22.507841,0 days 00:00:19.499147,0.6682070771906956,47,94,34,0.0059320887781227965,5694090.184881815,4.662498354911804,0.20502614974975586,-1.6800399342391616,-1.6618315973102378,-1.7078462044800369,-1.6919793156110745,-1.6585026195552974,0.32683200812914387,0.05160176762053099,0.02068294556972948,COMPLETE,9_2
17,-1.831718562298551,2023-04-25 18:58:17.866499,2023-04-25 18:58:31.328915,0 days 00:00:13.462416,0.05396296045009139,47,96,42,615.3442402054916,8380539.166745721,3.214221954345703,0.1446492075920105,-1.831718562298551,-1.8346486489502354,-1.7836464563886043,-1.849397183333425,-1.8591819605219397,0.4836076426177575,0.018837950637035854,0.029095896008177143,COMPLETE,9_2
18,-1.8539478025771166,2023-04-25 18:58:22.509360,2023-04-25 18:58:26.857490,0 days 00:00:04.348130,0.10794156171637913,33,17,28,1.4338530861718075e-07,8838055.17757713,1.0347882509231567,0.04566472768783569,-1.8539478025771166,-1.8567606201460496,-1.8021330458331721,-1.8690765980443056,-1.8878209462849387,0.10737174982265753,0.005806855707396681,0.031894165908709075,COMPLETE,9_2
19,-1.8428846209083258,2023-04-25 18:58:26.862208,2023-04-25 18:59:18.304036,0 days 00:00:51.441828,0.9032812638230916,46,239,38,0.0009134614205896288,8453.002027114226,12.396715462207794,0.4570115804672241,-1.8428846209083258,-2.164416512788656,-1.5385478110362898,-1.8774520633252527,-1.7911220964831043,0.4476866146162685,0.028462361049412334,0.22353854161494802,COMPLETE,9_2
20,-1.8115698064721748,2023-04-25 18:58:31.331227,2023-04-25 18:59:14.987692,0 days 00:00:43.656465,0.7045530999734098,21,216,35,0.0011403797583974314,9673.432380450251,10.505139410495758,0.40235084295272827,-1.8115698064721748,-2.109187797586443,-1.5190353893137238,-1.8586729909030837,-1.7593830480854495,0.5574495375814983,0.021425264115451648,0.21159809875774752,COMPLETE,9_2
21,-1.7889451765517022,2023-04-25 18:58:37.668590,2023-04-25 18:59:17.390263,0 days 00:00:39.721673,0.4150695646634516,47,234,36,0.0027611396422665777,3828.939934675745,9.49756509065628,0.42472612857818604,-1.7889451765517022,-2.0232644286013906,-1.5211865437380327,-1.8536181541747052,-1.7577115796926799,0.46208844087813183,0.06063956236302818,0.18149265063271033,COMPLETE,9_2
22,-1.7930543133511532,2023-04-25 18:58:41.874565,2023-04-25 18:59:07.608669,0 days 00:00:25.734104,0.37982857425353134,46,221,16,2.9936147320825087e-05,8355.748773571457,6.124062776565552,0.3022012710571289,-1.7930543133511532,-2.048990462562595,-1.5337445098558495,-1.8509098770767574,-1.7385724039094101,0.1728755051588236,0.09061930940059393,0.18645403681093917,COMPLETE,9_2
23,-1.8094159606576494,2023-04-25 18:59:07.611888,2023-04-25 18:59:35.953020,0 days 00:00:28.341132,0.9724608823057505,36,135,37,0.01717662023705349,2858.9380596957208,6.790683686733246,0.28663700819015503,-1.8094159606576494,-2.026988248559766,-1.540180498102411,-1.899433880056517,-1.771061215911904,0.4507880373471299,0.05444393707106054,0.1798608816681013,COMPLETE,9_2
24,-1.783365682160818,2023-04-25 18:59:14.991049,2023-04-25 18:59:41.584056,0 days 00:00:26.593007,0.16455636191097753,35,116,45,0.3767502883258395,8.39109526998029e-05,6.419814348220825,0.22178655862808228,-1.783365682160818,-1.995134965604183,-1.5108778411320902,-1.852718213419954,-1.7747317084870438,0.27336243790097453,0.07654291629150363,0.17605409112831089,COMPLETE,9_2
25,-1.713503487692858,2023-04-25 18:59:17.391826,2023-04-25 18:59:47.447109,0 days 00:00:30.055283,0.016347345778208688,37,128,45,0.20678320594408672,8.580363078924997e-05,7.237300455570221,0.26957017183303833,-1.713503487692858,-1.8682100521376526,-1.555570135635568,-1.732108564938986,-1.698125198059226,0.1866317097227008,0.019745331700192777,0.11119769047259204,COMPLETE,9_2
26,-1.7112816301074778,2023-04-25 18:59:18.305303,2023-04-25 18:59:50.834925,0 days 00:00:32.529622,0.017416106217175764,35,126,43,0.11272717521288164,8.273419926894059e-05,7.8746015429496765,0.25061994791030884,-1.7112816301074778,-1.8680065543263065,-1.5554378663334487,-1.7307728733567564,-1.6909092264134,0.23667745523127948,0.021565296886765405,0.11140570449300385,COMPLETE,9_2
27,-1.7027243846624727,2023-04-25 18:59:35.957237,2023-04-25 19:00:09.442135,0 days 00:00:33.484898,0.013904459682332152,37,113,47,0.1816116079027586,191.32911619318472,8.022693455219269,0.3398507833480835,-1.7027243846624727,-1.8341529048779994,-1.5644623399942112,-1.7118741709671719,-1.7004081228105081,0.5637415854894487,0.15981125485076536,0.09549729391490626,COMPLETE,9_2
28,-1.7141486717038181,2023-04-25 18:59:41.587787,2023-04-25 18:59:54.808498,0 days 00:00:13.220711,0.015913356623019972,39,44,43,2.128122967971224e-06,84.57358186753893,3.2077412605285645,0.09001320600509644,-1.7141486717038181,-1.7970596244593715,-1.612537957815245,-1.7206981448465732,-1.7262989596940823,0.10668437626615368,0.008394262092312579,0.0659346046482291,COMPLETE,9_2
29,-1.7159348326362158,2023-04-25 18:59:47.448872,2023-04-25 18:59:55.636977,0 days 00:00:08.188105,0.14466925440113876,27,42,25,4.183531219214642e-05,0.11655485347782203,1.9460375308990479,0.09415125846862793,-1.7159348326362158,-1.8967923676372551,-1.5145982862812486,-1.7938623871917563,-1.6584862894346035,0.09066726935575192,0.032204572380824276,0.14371751088488857,COMPLETE,9_2
30,-1.8292471058581836,2023-04-25 18:59:50.838389,2023-04-25 19:00:02.940928,0 days 00:00:12.102539,0.0018094951004089665,25,50,26,4.772155413128778,0.29826474566459366,2.9156635403633118,0.10117173194885254,-1.8292471058581836,-1.8414124791620814,-1.7737973058490888,-1.8410762195746333,-1.860702418846931,0.2630602498652942,0.012970198904731408,0.03298500142189083,COMPLETE,9_2
31,-1.7145441287861265,2023-04-25 18:59:54.810867,2023-04-25 19:00:08.514209,0 days 00:00:13.703342,0.15181438360590727,0,47,25,7.552940034898904,1.53399873367529e-07,3.2613117694854736,0.15738248825073242,-1.7145441287861265,-1.9134582243212381,-1.5105889752035382,-1.7859899969767845,-1.6481393186429454,1.4677166863081066,0.056387135778655006,0.15056446540196455,COMPLETE,9_2
32,-1.739532627679374,2023-04-25 18:59:55.638532,2023-04-25 19:00:54.910490,0 days 00:00:59.271958,0.0022936004112051748,43,201,50,5.11881752948938,0.0006250193803758364,14.340628683567047,0.46995359659194946,-1.739532627679374,-1.8027667547246535,-1.6535817966224584,-1.7470069438446563,-1.7547750155257278,0.7834008270803864,0.05861141814144698,0.05402382801123564,COMPLETE,9_2
33,-1.7096153179965068,2023-04-25 19:00:02.944228,2023-04-25 19:00:29.369663,0 days 00:00:26.425435,0.1446196388640852,43,167,16,0.0001173054987868627,80422.25546960674,6.232302367687225,0.3659436106681824,-1.7096153179965068,-1.8568066826417529,-1.621175373038841,-1.7254087951836075,-1.6350704211218265,0.21078050113703145,0.1022380017862517,0.09393255194814115,COMPLETE,9_2
34,-1.683911525311473,2023-04-25 19:00:08.520966,2023-04-25 19:01:03.822379,0 days 00:00:55.301413,0.0035787197184966833,14,369,16,0.00011762885860028576,0.001603488230062909,13.143346190452576,0.6729263663291931,-1.683911525311473,-1.7733407076324224,-1.6154028818714858,-1.675227594839548,-1.6716749169024354,0.5938516292497336,0.1716570934549636,0.056824638385075205,COMPLETE,9_2
35,-1.717192328914833,2023-04-25 19:00:09.443887,2023-04-25 19:01:06.330028,0 days 00:00:56.886141,0.001708729902735194,15,349,18,4.5266641722756616e-05,0.0019576706525722774,13.571627974510193,0.6419795155525208,-1.717192328914833,-1.766729680774611,-1.6518433975070446,-1.723784373772954,-1.7264118636047223,0.15134145790756354,0.10725421253975766,0.0413910827978951,COMPLETE,9_2
36,-1.6954070289811831,2023-04-25 19:00:29.373661,2023-04-25 19:01:28.066243,0 days 00:00:58.692582,0.002571853129112493,12,357,19,0.00020619937253462853,0.0008517807285191276,14.141638576984406,0.5235710144042969,-1.6954070289811831,-1.7651363942288094,-1.6276449667198185,-1.6942317036007417,-1.6946150513753628,0.49694165272319274,0.018852698206550656,0.048620700524642686,COMPLETE,9_2
37,-1.6900672937309416,2023-04-25 19:00:54.914201,2023-04-25 19:01:45.616239,0 days 00:00:50.702038,0.005898512558730839,16,343,19,1.1543028138709458e-06,0.003786555800159832,12.020384013652802,0.6468297243118286,-1.6900672937309416,-1.8172259797716162,-1.5896198355392261,-1.6951832093530597,-1.6582401502598643,0.41526235613577855,0.11669044064291174,0.08261077857481498,COMPLETE,9_2
38,-1.7307806714396068,2023-04-25 19:01:03.824356,2023-04-25 19:01:31.371328,0 days 00:00:27.546972,0.0017629326108124193,15,355,5,2.542453216179671e-06,0.0258691136016417,6.60964572429657,0.2697490453720093,-1.7307806714396068,-1.7296536075519184,-1.7198011397683473,-1.7185106897797213,-1.75515724865844,0.23056067956212753,0.058733012390515996,0.014718953389820065,COMPLETE,9_2
39,-1.7624677308020598,2023-04-25 19:01:06.331526,2023-04-25 19:02:29.476512,0 days 00:01:23.144986,0.03869439634604854,31,455,30,1.292422565329745e-06,0.03304639261883182,19.82488614320755,0.9535927772521973,-1.7624677308020598,-1.9760107956540442,-1.509876970747681,-1.84366011931323,-1.7203230374932836,0.24452964168648642,0.1373188209838289,0.17158897964137096,COMPLETE,9_2
40,-1.750070915823398,2023-04-25 19:01:28.069873,2023-04-25 19:02:23.420006,0 days 00:00:55.350133,0.0007890834083784826,14,474,11,1.5745047537497083e-06,0.018042971872890612,13.31321233510971,0.5161750912666321,-1.750070915823398,-1.7651245214464932,-1.7032851855944953,-1.7567843016024405,-1.7750896546501629,0.5510296693483288,0.03474614065566229,0.027778239848879328,COMPLETE,9_2
41,-1.7769171034090245,2023-04-25 19:01:31.372799,2023-04-25 19:02:18.110795,0 days 00:00:46.737996,0.006286853636975564,16,434,12,0.00015507573671219482,1202141.6664922023,11.107658386230469,0.5686355829238892,-1.7769171034090245,-1.7777722795502793,-1.7405489476716287,-1.8000702925891863,-1.7892768938250034,0.5755031944325182,0.10052972992818067,0.022428824458224122,COMPLETE,9_2
42,-1.6812682032839192,2023-04-25 19:01:45.620229,2023-04-25 19:02:39.387287,0 days 00:00:53.767058,0.041558443680627534,23,462,14,7.613630167512551e-07,1250130.111785934,12.619021952152252,0.8148175477981567,-1.6812682032839192,-1.6595921093003945,-1.7182783823429748,-1.693043760795435,-1.6541585606968727,0.8696864602597559,0.2648894797463238,0.026044207034724508,COMPLETE,9_2
43,-1.7205326982917684,2023-04-25 19:02:18.117363,2023-04-25 19:02:54.604291,0 days 00:00:36.486928,0.044609841153050396,23,327,12,7.589299912160925e-07,2.07508835024871,8.707093179225922,0.406172513961792,-1.7205326982917684,-1.933993518736846,-1.5365974464661227,-1.7883316728092862,-1.6232081551548185,0.5344253313711049,0.08899016415194697,0.152861429382703,COMPLETE,9_2
44,-1.690046148137345,2023-04-25 19:02:23.421700,2023-04-25 19:03:27.137707,0 days 00:01:03.716007,0.005316675442323313,12,340,22,1.2651225310966971e-05,0.416432588508683,15.118948459625244,0.8009158372879028,-1.690046148137345,-1.8045842257578297,-1.5945949980861513,-1.6914893549656116,-1.669516013739788,0.20651088697803283,0.19925594743241623,0.07525533624837275,COMPLETE,9_2
45,-1.6918781926359676,2023-04-25 19:02:29.481027,2023-04-25 19:03:37.309365,0 days 00:01:07.828338,0.0033019526953536257,12,375,22,1.1815837538654048e-05,2.1437254695008603,16.299489736557007,0.6500175595283508,-1.6918781926359676,-1.7820750387743358,-1.6130957779754576,-1.688952260583215,-1.6833896932108623,1.2165986796289527,0.05143771682869896,0.06004738881482765,COMPLETE,9_2
46,-1.6810017835494078,2023-04-25 19:02:39.391447,2023-04-25 19:03:23.115723,0 days 00:00:43.724276,0.05891150514135684,24,385,14,6.523090671128612e-07,1553016.3165907522,10.357902467250824,0.5645567774772644,-1.6810017835494078,-1.6594324978050594,-1.7174465072930643,-1.6926734136532002,-1.6544547154463076,0.6290668916317673,0.10296073553428742,0.025663328654050216,COMPLETE,9_2
47,-1.8068539982931382,2023-04-25 19:02:54.607333,2023-04-25 19:03:46.832687,0 days 00:00:52.225354,0.004888171522403181,22,397,22,8.921770413541955e-06,1520188.1226353056,12.422063827514648,0.5970602035522461,-1.8068539982931382,-1.8094403850852825,-1.7633426516783148,-1.8281101765818681,-1.8265227798270876,1.6495434833692038,0.12446348567747163,0.026165878369292232,COMPLETE,9_2
48,-1.67815334320745,2023-04-25 19:03:23.119856,2023-04-25 19:04:02.510173,0 days 00:00:39.390317,0.0718468650172372,28,387,22,1.202087180572465e-05,994596.377124944,9.271846234798431,0.5678704977035522,-1.67815334320745,-1.6584393349556574,-1.729027416797197,-1.701895228450013,-1.6232513926269323,1.4790156955801117,0.09687284760201681,0.040480596516675085,COMPLETE,9_2
49,-1.67929988799962,2023-04-25 19:03:27.138911,2023-04-25 19:03:59.464279,0 days 00:00:32.325368,0.07273255888516933,27,384,15,3.8742375516488314e-07,1687864.0426449447,7.652453005313873,0.4197542667388916,-1.67929988799962,-1.6568126329601396,-1.7225415991963624,-1.691558950301398,-1.6462863695405796,1.826773499531429,0.08497785420768403,0.03006534232300286,COMPLETE,9_2
0,-1.0662581360597363,2023-04-25 19:04:13.512493,2023-04-25 19:05:01.225165,0 days 00:00:47.712672,1.199255763784745e-07,9,463,23,1.1619120967002788e-07,1.4247911168595267e-05,11.66281133890152,0.26318269968032837,-1.0662581360597363,-1.1684261793354718,-1.045714848271417,-0.8884769741943592,-1.162414542437697,0.5108531411938411,0.058320893591510166,0.11370194780837442,COMPLETE,10_0
1,-1.0661638016179804,2023-04-25 19:04:13.515075,2023-04-25 19:04:17.697095,0 days 00:00:04.182020,9.411890757993069e-06,28,28,17,9.62629641954201e-07,0.00026350944548508696,1.0137052536010742,0.02981102466583252,-1.0661638016179804,-1.168360148755929,-1.0455596015256596,-0.8884296229484216,-1.1623058332419112,0.10729550944127873,0.011610439976696179,0.11368965975618013,COMPLETE,10_0
2,-1.1277062908916828,2023-04-25 19:04:13.516339,2023-04-25 19:04:32.989433,0 days 00:00:19.473094,0.5521794178950629,21,123,45,0.0016174812545575721,1.6563184835426352e-07,4.812208294868469,0.05394399166107178,-1.1277062908916828,-1.3723454667223791,-1.0433357508055894,-1.3072715845413188,-0.7878723614974446,0.534040035176864,0.007828453565717132,0.23167731256887752,COMPLETE,10_0
3,-1.0662541622492399,2023-04-25 19:04:13.517602,2023-04-25 19:04:17.316609,0 days 00:00:03.799007,1.0756086680370636e-06,3,62,31,67.33437969296027,0.1550201344640773,0.9194254875183105,0.02789318561553955,-1.0662541622492399,-1.1684315985491676,-1.0457089567884585,-0.8884698000644483,-1.1624062935948853,0.13243295510436995,0.003958120789948629,0.11370449172747629,COMPLETE,10_0
4,-1.0662846717516938,2023-04-25 19:04:17.321827,2023-04-25 19:04:21.854804,0 days 00:00:04.532977,0.8482866840659093,43,290,32,127632.02889955108,0.05428827969718757,1.1162280440330505,0.01608949899673462,-1.0662846717516938,-1.1684445670064794,-1.0457593356766166,-0.8884896256159297,-1.1624451587077496,0.058026696413587354,0.005158350558106147,0.11370559715940536,COMPLETE,10_0
5,-1.0662153123359646,2023-04-25 19:04:17.699912,2023-04-25 19:05:15.883333,0 days 00:00:58.183421,4.027672862074154e-07,46,370,35,1.189293379397465e-07,24.81688921648228,14.340053796768188,0.20392024517059326,-1.0662153123359646,-1.1683929573079914,-1.0456500709409482,-0.8884539291380626,-1.162364291956856,3.2397987646247737,0.03661586259091225,0.11369579579324249,COMPLETE,10_0
6,-1.0378574394360414,2023-04-25 19:04:21.856460,2023-04-25 19:04:28.984781,0 days 00:00:07.128321,0.7756122854362345,32,174,8,7.808936335696553,1991.469834554474,1.718759000301361,0.06192171573638916,-1.0378574394360414,-1.3719708955607117,-0.9450576701902891,-1.151250899247245,-0.6831502927459195,0.13278404092466292,0.008869644221800628,0.2544203388964017,COMPLETE,10_0
7,-0.8897170000302304,2023-04-25 19:04:28.985968,2023-04-25 19:05:03.959824,0 days 00:00:34.973856,0.787830444151566,18,349,45,520.3354490568545,995205.8466105065,8.493102610111237,0.24864298105239868,-0.8897170000302304,-1.074418672945626,-0.888125957731324,-0.8984529743206323,-0.6978703951233389,0.6217915112117369,0.03653310649543896,0.13322788414446707,COMPLETE,10_0
