number,value,datetime_start,datetime_complete,duration,params_learning_rate,params_max_depth,params_n_estimators,params_num_leaves,params_reg_alpha,params_reg_lambda,user_attrs_mean_fit_time,user_attrs_mean_score_time,user_attrs_mean_test_score,user_attrs_split0_test_score,user_attrs_split1_test_score,user_attrs_split2_test_score,user_attrs_split3_test_score,user_attrs_std_fit_time,user_attrs_std_score_time,user_attrs_std_test_score,state,key
26,-2.390010595529906,2023-04-25 18:25:37.176387,2023-04-25 18:25:41.744346,0 days 00:00:04.567959,0.1403979153392755,14,208,16,1302.1175542769552,1725.9060216130292,1.116919457912445,0.019895851612091064,-2.390010595529906,-1.8257633008553722,-2.735303317727934,-3.3490921452833056,-1.6498836182530128,0.08271527001083467,0.0071315365439087505,0.6901498813882511,COMPLETE,7_1
27,-2.3483053830814895,2023-04-25 18:25:41.231555,2023-04-25 18:26:17.747897,0 days 00:00:36.516342,0.014180223291811605,7,450,38,1.1741120526855301e-07,89.56777749832044,9.009154260158539,0.11283749341964722,-2.3483053830814895,-1.7013797796904253,-2.7357064366187127,-3.4102026494889324,-1.5459326665278879,0.24515717161346298,0.020716659932471966,0.76485621087853,COMPLETE,7_1
28,-2.3774532013736818,2023-04-25 18:25:41.746156,2023-04-25 18:26:17.401998,0 days 00:00:35.655842,0.01113887274898154,7,439,38,0.03952100188951211,11.14703006845392,8.770544171333313,0.13869738578796387,-2.3774532013736818,-1.7938138883955397,-2.7409599396701223,-3.404903310762666,-1.5701356666663993,0.0888057810164221,0.0659606666468027,0.7382728705515655,COMPLETE,7_1
29,-2.376216076781244,2023-04-25 18:25:48.529370,2023-04-25 18:26:21.917321,0 days 00:00:33.387951,0.014139857147962077,23,434,25,0.04389124203270048,104.67304986610641,8.243567883968353,0.09882599115371704,-2.376216076781244,-1.802788937494583,-2.743259916597987,-3.394247304415824,-1.564568148616581,0.10244820531798801,0.019901980920601622,0.7346257217371072,COMPLETE,7_1
30,-2.3878110618247446,2023-04-25 18:26:01.466479,2023-04-25 18:26:30.483982,0 days 00:00:29.017503,0.013414845347435611,6,448,24,2.6627672015621657,62.45170815870542,7.1415422558784485,0.10801905393600464,-2.3878110618247446,-1.8231814689249566,-2.71683491237018,-3.403506814086108,-1.6077210519177334,0.18196022557831962,0.03661435278271271,0.7188952559525663,COMPLETE,7_1
31,-2.386428176050684,2023-04-25 18:26:17.404220,2023-04-25 18:26:41.233441,0 days 00:00:23.829221,0.015154986986867937,23,338,26,2.2716388570657906,33.69201025624433,5.860248148441315,0.09261524677276611,-2.386428176050684,-1.8165278275610643,-2.7452635184249194,-3.4030062534224346,-1.5809151047943166,0.14196759683688598,0.047135825628890474,0.7307242136235693,COMPLETE,7_1
32,-2.4811130367092544,2023-04-25 18:26:17.750163,2023-04-25 18:26:44.527134,0 days 00:00:26.776971,0.00126670264596138,5,441,32,4.815545938447632e-07,0.015983834639027764,6.610771119594574,0.07811278104782104,-2.4811130367092544,-2.281542019019543,-2.5071576805640143,-3.057442754562099,-2.0783096926913625,0.1333700189093223,0.012801251926557523,0.3656888678260401,COMPLETE,7_1
33,-2.4124579611496575,2023-04-25 18:26:21.919649,2023-04-25 18:26:53.969062,0 days 00:00:32.049413,0.0017686165350100115,5,448,32,1.5292776080836558e-07,0.004913044001495387,7.928183197975159,0.07940793037414551,-2.4124579611496575,-2.1599151122104057,-2.4813849081188835,-3.085288371295519,-1.9232434529738218,0.12387867634083305,0.01766600569882195,0.43605057344178133,COMPLETE,7_1
34,-2.4151352562841057,2023-04-25 18:26:30.485833,2023-04-25 18:27:04.330156,0 days 00:00:33.844323,0.0020537914319233006,11,344,32,1.2339154585997285e-07,0.006822979839967998,8.390915930271149,0.06564229726791382,-2.4151352562841057,-2.1381252208582584,-2.4608593985172633,-3.07897890922241,-1.9825774965384917,0.19347862657584283,0.018597226201463833,0.42030342253311576,COMPLETE,7_1
35,-2.3862917492350166,2023-04-25 18:26:41.235056,2023-04-25 18:27:04.632978,0 days 00:00:23.397922,0.0028640701546530285,11,282,32,1.00015439823534e-07,0.2849490920519722,5.792625248432159,0.05135452747344971,-2.3862917492350166,-2.0697031763015534,-2.4584951340586074,-3.0920172580459475,-1.9249514285339582,0.16577303325616508,0.01209976240506501,0.4517535386090055,COMPLETE,7_1
36,-2.3901651646882867,2023-04-25 18:26:44.530081,2023-04-25 18:27:17.733705,0 days 00:00:33.203624,0.0031019977384246183,11,290,49,0.0007631936576909479,728.8558027618418,8.223536252975464,0.07130926847457886,-2.3901651646882867,-2.0769223150688263,-2.4696663243681956,-3.103552247623454,-1.9105197716926707,0.3012541934826689,0.013982054880461132,0.459190143172966,COMPLETE,7_1
37,-2.423644389286344,2023-04-25 18:26:53.971624,2023-04-25 18:27:24.594392,0 days 00:00:30.622768,0.1309135340612555,11,282,41,0.0016239311441212912,0.33095983999370365,7.5917434096336365,0.058225035667419434,-2.423644389286344,-1.8712515267300467,-2.863204532359519,-3.4527119656525262,-1.5074095324032837,0.023685509329838646,0.014252449355123799,0.7740829063603816,COMPLETE,7_1
38,-2.4517355530753426,2023-04-25 18:27:04.333078,2023-04-25 18:27:08.700717,0 days 00:00:04.367639,0.14880639948033628,2,282,42,0.0009364391652182921,2.76728805273371e-06,1.0549419522285461,0.03236573934555054,-2.4517355530753426,-1.85472867549479,-2.7909546444474627,-2.9088993669955614,-2.252359525363557,0.059198015269391696,0.006788118636912019,0.4243337003509204,COMPLETE,7_1
39,-2.462076085014968,2023-04-25 18:27:04.634849,2023-04-25 18:27:08.912914,0 days 00:00:04.278065,0.16642331640111618,2,303,42,4.077404155011174e-06,1.2246622783943875e-06,1.031304955482483,0.033116042613983154,-2.462076085014968,-1.7886605644544558,-2.797932867128809,-2.9199225250843908,-2.3417883833922164,0.0513468080648648,0.006624623300102199,0.4445167981273535,COMPLETE,7_1
40,-2.3216157415938437,2023-04-25 18:27:08.702682,2023-04-25 18:27:25.414927,0 days 00:00:16.712245,0.22094610440590842,16,160,35,1.3117407745727483e-05,18192.865307543267,4.12022203207016,0.05304473638534546,-2.3216157415938437,-1.5566231245400612,-2.7212988498672708,-3.2202838658224273,-1.7882571261456146,0.07233173620042359,0.02001773394700977,0.6776865243907533,COMPLETE,7_1
41,-2.8176838688853176,2023-04-25 18:27:08.914687,2023-04-25 18:27:29.941936,0 days 00:00:21.027249,0.0006426616476199776,16,247,35,2.5890591991997035e-06,608.6487575415989,5.190004646778107,0.06202077865600586,-2.8176838688853176,-2.8028936247510083,-2.750728973662044,-3.162875692877862,-2.554237184250356,0.1997934058547567,0.00955001521909648,0.21980858736202996,COMPLETE,7_1
42,-2.340855579400534,2023-04-25 18:27:17.735529,2023-04-25 18:27:31.691403,0 days 00:00:13.955874,0.027536132543541047,17,166,36,5.374356724978254e-06,23496.537609848634,3.444714069366455,0.03898578882217407,-2.340855579400534,-1.8884628255502127,-2.642870105214126,-3.0755269264122242,-1.7565624604255734,0.18280057859614268,0.0061706272374616525,0.5424510149635968,COMPLETE,7_1
43,-2.327561930170842,2023-04-25 18:27:24.596491,2023-04-25 18:27:40.718211,0 days 00:00:16.121720,0.030964965605197174,8,164,35,5.658036734820387e-06,20934.76836759772,3.9682716727256775,0.056162357330322266,-2.327561930170842,-1.8075850853374653,-2.6676555884752697,-3.1140727598931157,-1.7209342869775164,0.09516800499143012,0.017761231456880022,0.5857977463123408,COMPLETE,7_1
44,-2.2982226901176346,2023-04-25 18:27:25.416824,2023-04-25 18:27:39.469169,0 days 00:00:14.052345,0.05340667988582308,16,139,34,2.2835479101174925e-06,17710.6836388134,3.4641234278678894,0.0435183048248291,-2.2982226901176346,-1.639652656555321,-2.7033088163767127,-3.136822648028866,-1.7131066395096373,0.26137671144302954,0.010704729932112233,0.6409797073390219,COMPLETE,7_1
45,-2.3108642044997123,2023-04-25 18:27:29.943417,2023-04-25 18:27:41.784739,0 days 00:00:11.841322,0.027578425263575814,20,137,35,0.00011091777699810363,13104.679636431563,2.9212687611579895,0.034214556217193604,-2.3108642044997123,-1.7870771887347467,-2.6480577065896305,-3.1112687479413905,-1.697053174733082,0.07665745221461633,0.006758345903059389,0.5927612734400091,COMPLETE,7_1
46,-2.586231628801321,2023-04-25 18:27:31.693310,2023-04-25 18:27:44.437107,0 days 00:00:12.743797,0.006002216592601196,19,149,36,0.00011347199127718546,17104.344485770645,3.1385255455970764,0.041883766651153564,-2.586231628801321,-2.4497459468578584,-2.5520077207336156,-3.0968811285533473,-2.2462917190604617,0.24408242124290408,0.012330079303366886,0.3146909877525162,COMPLETE,7_1
47,-2.325130495762622,2023-04-25 18:27:39.471300,2023-04-25 18:27:53.998867,0 days 00:00:14.527567,0.3029089438511889,20,148,36,9.386834586505362e-07,10420.911377081793,3.58044296503067,0.044448018074035645,-2.325130495762622,-1.6464631173090034,-2.7214335084259846,-3.231294454464268,-1.701330902851232,0.46045424076726676,0.010974197011583454,0.6760000999610538,COMPLETE,7_1
48,-2.338748317873672,2023-04-25 18:27:40.720050,2023-04-25 18:27:54.109434,0 days 00:00:13.389384,0.352164865745306,26,150,35,1.0317089710141035e-05,29467.65769696275,3.2968047857284546,0.045467257499694824,-2.338748317873672,-1.5911028859417298,-2.7118375562718624,-3.0909886410545053,-1.9610641882265902,0.2295065072712951,0.01552695665926945,0.5930177226069472,COMPLETE,7_1
49,-2.3700024302494276,2023-04-25 18:27:41.786167,2023-04-25 18:27:54.229951,0 days 00:00:12.443784,0.29533160547297277,20,151,35,4.801477807974327e-06,21478.677571390966,3.0651978254318237,0.040153443813323975,-2.3700024302494276,-1.5533130688111385,-2.6862126443520524,-3.1452945072896834,-2.0951895005448344,0.2179171266394416,0.007669877874978254,0.6007433652658022,COMPLETE,7_1
0,-3.423734638411184,2023-04-25 18:27:56.983327,2023-04-25 18:28:00.293540,0 days 00:00:03.310213,0.01592480061639797,16,348,43,1796271.750684318,3368.9482355488576,0.8186217546463013,0.00756150484085083,-3.423734638411184,-3.5501215347122708,-3.320597596289684,-3.494281126879549,-3.329938295763231,0.11362801110937135,0.001370865980607419,0.10048066722452516,COMPLETE,7_2
1,-3.4236352893726774,2023-04-25 18:27:56.985461,2023-04-25 18:28:25.308229,0 days 00:00:28.322768,1.2616887229401846e-07,7,401,28,4.57457336692609e-05,1.2391596793302375,7.015401899814606,0.06404364109039307,-3.4236352893726774,-3.550010463969439,-3.320474501995975,-3.4942053104785127,-3.329850881046783,0.5204522093079023,0.010214689988644254,0.10048442159168176,COMPLETE,7_2
2,-3.423719852980378,2023-04-25 18:27:56.986665,2023-04-25 18:27:59.898407,0 days 00:00:02.911742,2.477315143627008e-07,5,30,33,0.006125466375063247,1.8090413580827857e-05,0.7163951992988586,0.010128378868103027,-3.423719852980378,-3.5501051933581786,-3.3205788015682396,-3.494270137052195,-3.3299252799428984,0.08851012588447922,0.0014407363241924359,0.10048146005944465,COMPLETE,7_2
3,-2.666083140464198,2023-04-25 18:27:56.987676,2023-04-25 18:28:01.965758,0 days 00:00:04.978082,0.017731784926385934,22,93,31,10006.958366425803,4372.222929083421,1.2251858711242676,0.018440544605255127,-2.666083140464198,-2.7057622500524414,-2.2581962653735714,-3.0168328389766215,-2.683541207454157,0.2660722819415977,0.0038646102154946994,0.26985008324924326,COMPLETE,7_2
4,-3.423105779001587,2023-04-25 18:27:59.900645,2023-04-25 18:28:58.502085,0 days 00:00:58.601440,6.324122140181764e-07,0,497,50,7.512901540083376,27.4899660559828,14.55047070980072,0.09818148612976074,-3.423105779001587,-3.54938944232555,-3.3198186238605856,-3.4938270274042806,-3.32938802241593,0.3859138307684478,0.005176591327749713,0.10049914541269163,COMPLETE,7_2
5,-3.423734638411184,2023-04-25 18:28:00.295157,2023-04-25 18:28:02.439481,0 days 00:00:02.144324,1.0050544287764824e-05,15,232,20,1930737.2199664211,1.1434594325359198e-07,0.5290295481681824,0.006179451942443848,-3.423734638411184,-3.5501215347122708,-3.320597596289684,-3.494281126879549,-3.329938295763231,0.02637679440016803,0.0007249715565791774,0.10048066722452516,COMPLETE,7_2
6,-3.4236788869513615,2023-04-25 18:28:01.968054,2023-04-25 18:28:18.604634,0 days 00:00:16.636580,1.6846949673357778e-07,28,168,32,5.999503093305396e-07,0.3219369829687759,4.129486978054047,0.02831500768661499,-3.4236788869513615,-3.55005880235314,-3.3205277672281057,-3.4942396565891247,-3.329889321635075,0.07691078392972639,0.004848442190081577,0.10048301012013616,COMPLETE,7_2
7,-3.1396380321282957,2023-04-25 18:28:02.440982,2023-04-25 18:28:20.201011,0 days 00:00:17.760029,0.0038444733786368876,22,160,46,1.9350640262509857e-06,47883.80232565602,4.405119299888611,0.033823490142822266,-3.1396380321282957,-3.2344130050716684,-2.9918245012870983,-3.2279014886821726,-3.1044131334722436,0.6652820371915175,0.006821166046088499,0.09982781005852766,COMPLETE,7_2
8,-3.375718517876565,2023-04-25 18:28:18.607165,2023-04-25 18:28:53.574311,0 days 00:00:34.967146,6.584772976280307e-05,17,368,33,140.59493055831481,0.005895177473076848,8.671948373317719,0.06835401058197021,-3.375718517876565,-3.4909552245324216,-3.2623760726812403,-3.460357299293789,-3.2891854749988103,0.33125836442595535,0.011461595001741057,0.10096744434868483,COMPLETE,7_2
9,-3.2770035265002924,2023-04-25 18:28:20.202687,2023-04-25 18:28:23.844421,0 days 00:00:03.641734,0.001359992256730463,26,137,7,6873.363440048508,17058.44679402316,0.8913987278938293,0.01803112030029297,-3.2770035265002924,-3.3851192930963236,-3.155684798111865,-3.3580923896213686,-3.2091176251716114,0.034270523749720276,0.0035839331092082363,0.09694218917208927,COMPLETE,7_2
10,-3.5424082590857404,2023-04-25 18:28:23.845726,2023-04-25 18:28:27.190799,0 days 00:00:03.345073,0.022692034056121715,43,204,5,90378.83573583493,0.0016872241212953095,0.8215606808662415,0.01382225751876831,-3.5424082590857404,-3.0119488359640756,-3.3239308892935377,-4.820993660827565,-3.0127596502577845,0.2976791137594459,0.008803492105593651,0.7490707308176211,COMPLETE,7_2
11,-2.687243104847237,2023-04-25 18:28:25.310115,2023-04-25 18:28:28.985904,0 days 00:00:03.675789,0.004041770603785183,1,262,47,3.6319033066923323,0.0004823655727206505,0.8919945955276489,0.025893568992614746,-2.687243104847237,-2.727034568391025,-2.5718422389122058,-2.949258526079592,-2.5008370860061246,0.2840464525192292,0.005356533342328419,0.1719738390375649,COMPLETE,7_2
12,-3.4236853907227314,2023-04-25 18:28:27.194226,2023-04-25 18:28:30.448281,0 days 00:00:03.254055,9.0051596828186e-07,11,28,33,8.559874623926547,225.37414793256093,0.8031200170516968,0.009218752384185791,-3.4236853907227314,-3.5500613614295005,-3.3205393180667646,-3.494244967413401,-3.3298959159812602,0.04943012780811404,0.0011825642683414973,0.1004802439680006,COMPLETE,7_2
13,-3.143445164232585,2023-04-25 18:28:28.987405,2023-04-25 18:28:30.767287,0 days 00:00:01.779882,0.584333448935843,39,32,16,127.74541538105264,2057427.3177573055,0.43233048915863037,0.008536815643310547,-3.143445164232585,-3.2614440435118164,-2.950228196150848,-3.1848815200510834,-3.177226897216592,0.04062968767611465,0.001345641905728864,0.1163128425118799,COMPLETE,7_2
14,-2.536609664673527,2023-04-25 18:28:30.450668,2023-04-25 18:29:09.396196,0 days 00:00:38.945528,0.21910421787679865,39,499,50,187.28759835882403,1178084.3118756989,9.608185291290283,0.12390798330307007,-2.536609664673527,-2.641293096842048,-1.896346446199146,-3.0108495689646815,-2.597949546688233,0.8368044538343113,0.020498882937491535,0.40297694656438343,COMPLETE,7_2
15,-3.293880042551538,2023-04-25 18:28:30.768932,2023-04-25 18:29:30.291487,0 days 00:00:59.522555,0.00013374397747119925,-1,497,50,0.06482047472198298,11.343138382822511,14.750487267971039,0.12483793497085571,-3.293880042551538,-3.391903782383618,-3.1607731999421116,-3.4027598641701924,-3.2200833237102295,0.399507121279823,0.04612052956377899,0.10562534779536949,COMPLETE,7_2
16,-3.215489638005086,2023-04-25 18:28:53.576725,2023-04-25 18:28:58.566371,0 days 00:00:04.989646,0.00031711167854875464,1,498,50,0.2319500858391154,96.47203950713039,1.2078741192817688,0.034969866275787354,-3.215489638005086,-3.3304708447782816,-3.1137565004052794,-3.3226005467324464,-3.095130660104335,0.06668891072834891,0.0072880467334422066,0.11127594026409748,COMPLETE,7_2
17,-3.4232768160686504,2023-04-25 18:28:58.507261,2023-04-25 18:29:13.687636,0 days 00:00:15.180375,0.0003193111583394787,31,289,39,0.3318784023775744,7923746.420898113,3.747269034385681,0.04327833652496338,-3.4232768160686504,-3.5496454366813177,-3.3199930647218245,-3.493744820693883,-3.329723942177577,0.5101502545840583,0.011564924448763511,0.10044207467112838,COMPLETE,7_2
18,-3.187996072005199,2023-04-25 18:28:58.568277,2023-04-25 18:29:08.683493,0 days 00:00:10.115216,0.1397715411223411,39,293,40,4027.7531339028947,5324356.791588603,2.4805151224136353,0.04397392272949219,-3.187996072005199,-3.3052459920218697,-3.00903374713257,-3.229835700346771,-3.207868848519587,0.2398283779956485,0.008082410784570435,0.10945380214259773,COMPLETE,7_2
19,-2.4106257637108284,2023-04-25 18:29:08.685259,2023-04-25 18:29:15.164016,0 days 00:00:06.478757,0.023456926003829454,32,84,21,0.1247644357424773,0.3277280744260674,1.5996645092964172,0.015447258949279785,-2.4106257637108284,-2.1150988700800886,-1.7398077771779337,-3.0790719211496995,-2.7085244864355915,0.14794343567160836,0.002568737109404729,0.5179036663103764,COMPLETE,7_2
20,-2.5735890404304804,2023-04-25 18:29:09.397684,2023-04-25 18:29:12.013812,0 days 00:00:02.616128,0.8971891820933637,34,104,39,13561.860568606877,255947.4866689609,0.6375185251235962,0.01090317964553833,-2.5735890404304804,-2.6471757618787946,-2.0295076754925145,-3.0809758919719252,-2.5366968323786874,0.034297333892686854,0.0015481961561294923,0.37424657292296903,COMPLETE,7_2
21,-2.4654817792216894,2023-04-25 18:29:12.016285,2023-04-25 18:29:57.893375,0 days 00:00:45.877090,0.9165523010854444,33,431,39,451.1995571406495,465538.8877412032,11.30919736623764,0.15559464693069458,-2.4654817792216894,-2.4106976562859033,-1.7716993864786899,-3.000192447072546,-2.679337627049618,0.26126511751693876,0.022430919588214436,0.45165947642271276,COMPLETE,7_2
22,-3.423734638411184,2023-04-25 18:29:13.689065,2023-04-25 18:29:17.115803,0 days 00:00:03.426738,0.9227330894350049,35,439,39,9928746.61366259,224594.2503894438,0.8463118672370911,0.0061078667640686035,-3.423734638411184,-3.5501215347122708,-3.320597596289684,-3.494281126879549,-3.329938295763231,0.11549468287171893,0.001160899814226996,0.10048066722452516,COMPLETE,7_2
23,-2.5202248677425336,2023-04-25 18:29:15.165819,2023-04-25 18:29:39.825304,0 days 00:00:24.659485,0.10721570119598106,47,428,21,0.00017760693857197502,2.278739784881654,6.099773347377777,0.05987638235092163,-2.5202248677425336,-2.120798691972776,-1.9212850422281746,-3.2803063373293937,-2.7585093994397907,0.2975788137695694,0.01197969176572398,0.5368364608828107,COMPLETE,7_2
24,-2.679910273980993,2023-04-25 18:29:17.117377,2023-04-25 18:29:22.287371,0 days 00:00:05.169994,0.16309885477728478,47,92,21,0.011845672980681326,333746.2116932696,1.260571002960205,0.02654552459716797,-2.679910273980993,-2.752440301474791,-2.276452411415491,-2.968677236106,-2.7220711469276897,0.04534713283158303,0.008673839489734976,0.25159627847839255,COMPLETE,7_2
25,-3.6675496757705375,2023-04-25 18:29:22.289261,2023-04-25 18:29:23.634727,0 days 00:00:01.345466,0.13875356797822266,33,87,24,122661.28584770599,165523.98009531744,0.3235490918159485,0.008145153522491455,-3.6675496757705375,-3.5501215347122708,-3.320597596289684,-4.469541276316964,-3.329938295763231,0.17042413067446652,0.0037684986778911073,0.4720532504458438,COMPLETE,7_2
26,-2.4679753318662514,2023-04-25 18:29:23.636713,2023-04-25 18:29:27.991097,0 days 00:00:04.354384,0.4174401864748574,38,114,12,131.88537948839752,1273.7168289351346,1.0640588402748108,0.01892620325088501,-2.4679753318662514,-2.23889949155653,-1.7584812697834857,-3.189085527157621,-2.6854350389673685,0.08239292252630759,0.002951457785607242,0.5298929615285451,COMPLETE,7_2
27,-2.4052140540282414,2023-04-25 18:29:27.992884,2023-04-25 18:29:34.971318,0 days 00:00:06.978434,0.056152837898320936,39,199,11,206.97721001124427,1111.337387324843,1.7082592844963074,0.03047734498977661,-2.4052140540282414,-2.118212288292619,-1.6826414826186367,-3.2172518278394096,-2.602750617362301,0.0684037729770626,0.004384255723504661,0.570724796736326,COMPLETE,7_2
28,-2.412146688759692,2023-04-25 18:29:30.292770,2023-04-25 18:29:32.932681,0 days 00:00:02.639911,0.05970563805449328,39,57,14,689.3136080749132,1726.6798933038378,0.6400532722473145,0.01063525676727295,-2.412146688759692,-2.2218463645237345,-1.6367935738415236,-3.1417153896644896,-2.648231427009019,0.03801204562291453,0.0019993511489420014,0.5534873890143713,COMPLETE,7_2
29,-2.400736795961722,2023-04-25 18:29:32.934117,2023-04-25 18:29:35.581193,0 days 00:00:02.647076,0.05285404120970495,42,65,10,33.28606322402609,867.9833551860137,0.6429299116134644,0.012322962284088135,-2.400736795961722,-2.1627311209612,-1.642678061491995,-3.1403845183021306,-2.657153483091563,0.05246966073940713,0.003350675314927258,0.5577024333908485,COMPLETE,7_2
30,-2.403433606777188,2023-04-25 18:29:34.974267,2023-04-25 18:29:37.730211,0 days 00:00:02.755944,0.05157231850010347,45,59,13,877.9241060095518,577.7392679279644,0.6676276326179504,0.012699782848358154,-2.403433606777188,-2.1963136621306947,-1.6443125135517909,-3.12804186312362,-2.6450663883026464,0.02009463823551392,0.00044884282314569594,0.5483172056217175,COMPLETE,7_2
31,-2.3976664092455575,2023-04-25 18:29:35.582626,2023-04-25 18:29:41.374293,0 days 00:00:05.791667,0.03767044023580811,46,201,9,2.255420784009074,2.8978563108392303,1.415438950061798,0.027891099452972412,-2.3976664092455575,-2.059537848566906,-1.6751381346526155,-3.189041648018203,-2.6669480057445067,0.06214671745617782,0.0057396739420902,0.5777467823121898,COMPLETE,7_2
