number,value,datetime_start,datetime_complete,duration,params_learning_rate,params_max_depth,params_n_estimators,params_num_leaves,params_reg_alpha,params_reg_lambda,user_attrs_mean_fit_time,user_attrs_mean_score_time,user_attrs_mean_test_score,user_attrs_split0_test_score,user_attrs_split1_test_score,user_attrs_split2_test_score,user_attrs_split3_test_score,user_attrs_std_fit_time,user_attrs_std_score_time,user_attrs_std_test_score,state,key
8,-1.0043660416633609,2023-04-25 19:04:32.992153,2023-04-25 19:04:41.514811,0 days 00:00:08.522658,0.0008626808225431252,21,192,7,0.1944908485665302,2699.154266942191,2.0599414706230164,0.0688970685005188,-1.0043660416633609,-1.1372066423651501,-0.9405687127021856,-0.8555101081851724,-1.0841787034009351,0.19262906159245938,0.008449602270527493,0.11207684225866194,COMPLETE,10_0
9,-0.9190534972135151,2023-04-25 19:04:41.518622,2023-04-25 19:04:46.706597,0 days 00:00:05.187975,0.023448279422619893,19,40,29,670.1623730185793,5.986719069971446,1.2631046772003174,0.03216111660003662,-0.9190534972135151,-1.1362298508398794,-0.7520364302229962,-0.9425715883672967,-0.8453761194238887,0.10708766543966697,0.001507890376141367,0.1423391424117344,COMPLETE,10_0
10,-1.0662126254402677,2023-04-25 19:04:46.709179,2023-04-25 19:05:51.408491,0 days 00:01:04.699312,3.173105341937392e-07,22,475,37,0.32234669884503997,121.2926893671263,15.855260729789734,0.3174859881401062,-1.0662126254402677,-1.1683919239370555,-1.045652950139997,-0.8884509644852949,-1.1623546631987232,0.526285186710741,0.08834142917175762,0.11369455661944329,COMPLETE,10_0
11,-1.0633758379137728,2023-04-25 19:05:01.228235,2023-04-25 19:05:02.591852,0 days 00:00:01.363617,0.12782474330160024,25,7,49,11759.145107098599,9117522.264958763,0.3213798403739929,0.0180966854095459,-1.0633758379137728,-1.1657856259824413,-1.042884323678013,-0.8852617825516534,-1.1595716194429837,0.04120202504356287,0.0017050182175388255,0.1138923965301237,COMPLETE,10_0
12,-1.0635828764806106,2023-04-25 19:05:02.594169,2023-04-25 19:05:28.048044,0 days 00:00:25.453875,2.231779388896492e-05,11,270,21,0.00024265528325190683,4.732150299817149,6.206536769866943,0.15376025438308716,-1.0635828764806106,-1.1665168643790966,-1.041466219104595,-0.8871398029835662,-1.159208619455184,0.10878243986866228,0.048541373095404496,0.11331481953246046,COMPLETE,10_0
13,-1.0662846717516938,2023-04-25 19:05:03.961578,2023-04-25 19:05:08.833472,0 days 00:00:04.871894,0.004760532023580016,10,365,41,3743642.7910707733,7804676.391421471,1.1993141174316406,0.014037072658538818,-1.0662846717516938,-1.1684445670064794,-1.0457593356766166,-0.8884896256159297,-1.1624451587077496,0.09343703880067535,0.001878089548987476,0.11370559715940536,COMPLETE,10_0
14,-0.9758885210709867,2023-04-25 19:05:08.835625,2023-04-25 19:05:34.819371,0 days 00:00:25.983746,0.015500226861978713,17,308,38,1134.6851717542208,97.53860754916134,6.292802095413208,0.197625994682312,-0.9758885210709867,-1.219001020965598,-0.8646642270380894,-1.0654116243080372,-0.7544772119722223,0.4224876259017737,0.027069832248305347,0.1792427718194962,COMPLETE,10_0
15,-0.9228032480303034,2023-04-25 19:05:15.887827,2023-04-25 19:05:39.607948,0 days 00:00:23.720121,0.015666953052207146,14,309,20,889.4809564709932,12280.84108846334,5.7173378467559814,0.20644640922546387,-0.9228032480303034,-1.1269811662065459,-0.8320210606403938,-0.9816566313015715,-0.7505541339727022,0.17132412331119595,0.12567266818867165,0.1441037003638216,COMPLETE,10_0
16,-0.894168075010077,2023-04-25 19:05:28.052674,2023-04-25 19:06:12.540245,0 days 00:00:44.487571,0.018911783120026646,15,472,39,1087.0186823019078,41470.317471661765,10.764894485473633,0.3507857322692871,-0.894168075010077,-1.053716924833254,-0.847408928930873,-0.9279185290926323,-0.7476279171835488,0.9833157036063602,0.06439219306598826,0.11208854115001843,COMPLETE,10_0
17,-0.9503819543075108,2023-04-25 19:05:34.821618,2023-04-25 19:06:33.684521,0 days 00:00:58.862903,0.04994655927486992,34,440,50,192.4906783136062,40507.93004296955,14.22291350364685,0.48658448457717896,-0.9503819543075108,-1.0905587201871154,-0.9144630890221593,-1.0379317908967174,-0.758574217124051,0.21613312193358458,0.14088958694400222,0.12786210590523747,COMPLETE,10_0
18,-0.9169310848153277,2023-04-25 19:05:39.611701,2023-04-25 19:06:28.888163,0 days 00:00:49.276462,0.0628272334321985,35,500,27,1.1248711944432062,120250.25748278937,11.966165959835052,0.3464469909667969,-0.9169310848153277,-1.0832756779418127,-0.9051567266281004,-0.9389638316664081,-0.7403281030249896,0.23692543131558372,0.07929567930256949,0.12194590428154939,COMPLETE,10_0
19,-1.0662846717516938,2023-04-25 19:05:51.413014,2023-04-25 19:05:56.608619,0 days 00:00:05.195605,0.10489874869183735,35,399,26,87021.87825467555,113165.56770073275,1.2771692276000977,0.017411649227142334,-1.0662846717516938,-1.1684445670064794,-1.0457593356766166,-0.8884896256159297,-1.1624451587077496,0.05076735352415453,0.0040999113980435325,0.11370559715940536,COMPLETE,10_0
20,-1.069933274150194,2023-04-25 19:05:56.610321,2023-04-25 19:06:32.034719,0 days 00:00:35.424398,0.06051098255779096,-1,213,49,44.74406541040058,0.30610643354956096,8.664048492908478,0.18350327014923096,-1.069933274150194,-1.3136602528389794,-0.9981821208113277,-1.2047877381518952,-0.7631029847985736,0.2549683150961005,0.021184613478035963,0.21028648379710854,COMPLETE,10_0
21,-1.002619387048172,2023-04-25 19:06:12.547630,2023-04-25 19:06:19.618052,0 days 00:00:07.070422,0.0012673346191880808,1,415,49,17.582998177666404,179283.361691578,1.6778022646903992,0.08187878131866455,-1.002619387048172,-1.1102593504188298,-0.9817547927242418,-0.8175264883404034,-1.1009369167092133,0.12024110150178098,0.016747036223395254,0.11826602513130384,COMPLETE,10_0
22,-1.0662846717516938,2023-04-25 19:06:19.620171,2023-04-25 19:06:26.180456,0 days 00:00:06.560285,0.09960464626776597,6,500,40,4942133.455174807,323623.14347384917,1.6182457208633423,0.01661515235900879,-1.0662846717516938,-1.1684445670064794,-1.0457593356766166,-0.8884896256159297,-1.1624451587077496,0.14945980793306016,0.0038818108637552152,0.11370559715940536,COMPLETE,10_0
23,-1.0244611969418536,2023-04-25 19:06:26.182957,2023-04-25 19:07:22.534406,0 days 00:00:56.351449,0.00023671486424121346,15,437,45,2.2452473157205386,1741.8150728402911,13.801190972328186,0.2808085083961487,-1.0244611969418536,-1.1415846278774686,-0.9780849591509283,-0.8701558530780502,-1.1080193476609677,2.510396907431938,0.06859646031460433,0.10800550588082884,COMPLETE,10_0
24,-0.8488578983551565,2023-04-25 19:06:28.890312,2023-04-25 19:07:23.954372,0 days 00:00:55.064060,0.18195515131737552,38,445,44,2.00643039210099,833245.9311606378,13.426480531692505,0.33414286375045776,-0.8488578983551565,-1.0510501005105222,-0.8313401584583135,-0.778895804202843,-0.734145530248947,0.5623526983278413,0.08458948109796197,0.12169858240571393,COMPLETE,10_0
25,-0.860922235242633,2023-04-25 19:06:32.036428,2023-04-25 19:07:29.864699,0 days 00:00:57.828271,0.26967060742651794,38,430,44,1.5794669012489972,809458.7099643858,14.055207312107086,0.3964827060699463,-0.860922235242633,-1.0618185594718712,-0.846165951534306,-0.8158924627828167,-0.719811967181538,0.511180221245189,0.11177882940193495,0.12501686801963643,COMPLETE,10_0
26,-0.8528976077717149,2023-04-25 19:06:33.685942,2023-04-25 19:07:13.462316,0 days 00:00:39.776374,0.27826243097288295,39,371,44,1.314695640261788,947527.0652704184,9.687019944190979,0.2505043148994446,-0.8528976077717149,-1.0532829733802467,-0.8349348270564358,-0.7930961659383453,-0.7302764647118316,0.4304559516281539,0.05662802788897265,0.12154126193576444,COMPLETE,10_0
27,-0.8417576403778211,2023-04-25 19:07:13.467551,2023-04-25 19:07:24.290798,0 days 00:00:10.823247,0.39353043853047465,41,346,43,7024.574600436542,2503477.81881923,2.603311538696289,0.09611445665359497,-0.8417576403778211,-1.0058722383524898,-0.809440785811475,-0.7194052596290783,-0.8323122777182415,0.2123784372641524,0.03246174814415916,0.1037271665332976,COMPLETE,10_0
28,-0.8429179172795278,2023-04-25 19:07:22.538008,2023-04-25 19:07:35.273801,0 days 00:00:12.735793,0.3096667251616519,40,349,44,7667.9368307567,2096197.1290482332,3.0672096610069275,0.10918354988098145,-0.8429179172795278,-1.0072568887468816,-0.8118601923039562,-0.7110900591596138,-0.8414645289076594,0.3568888976192565,0.013869451858064083,0.106480721656375,COMPLETE,10_0
29,-0.8482779236823932,2023-04-25 19:07:23.960113,2023-04-25 19:08:08.019337,0 days 00:00:44.059224,0.31114667072853164,39,349,45,0.05148980517858728,1214596.7318648598,10.736369967460632,0.2693519592285156,-0.8482779236823932,-1.047444291634574,-0.8243364122298574,-0.7829391923157818,-0.7383917985493594,0.6578469343150208,0.0717271925023654,0.11893753445322293,COMPLETE,10_0
30,-0.8452953295316799,2023-04-25 19:07:24.293186,2023-04-25 19:07:50.790997,0 days 00:00:26.497811,0.23620267110862028,40,337,43,0.07335007878281756,2109662.5836252244,6.463607490062714,0.15508264303207397,-0.8452953295316799,-1.014204255109369,-0.8057379147765912,-0.7494498408502769,-0.8117893073904826,0.24966585514996442,0.03201268850437717,0.10050376289251413,COMPLETE,10_0
31,-0.9123070696402964,2023-04-25 19:07:29.867193,2023-04-25 19:07:42.530006,0 days 00:00:12.662813,0.17380459152972616,41,333,35,0.040004164610122205,7586187.167534509,3.056165039539337,0.1040961742401123,-0.9123070696402964,-1.0545099618501734,-0.8787576735053583,-0.724069180114953,-0.991891463090701,0.29659748112490597,0.017654036660222354,0.12561290067872913,COMPLETE,10_0
32,-0.938846075026252,2023-04-25 19:07:35.280850,2023-04-25 19:07:42.904381,0 days 00:00:07.623531,0.2762674685443174,47,236,35,12585.663154844855,9033204.281958636,1.8288862109184265,0.07054686546325684,-0.938846075026252,-1.0733432798384277,-0.909610410394159,-0.7413967885929232,-1.0310338212794978,0.18239182940748375,0.007821027007138685,0.12886914240912378,COMPLETE,10_0
33,-0.8524400336779289,2023-04-25 19:07:42.535648,2023-04-25 19:07:48.333451,0 days 00:00:05.797803,0.25266786487953274,46,236,15,9438.12566406563,9142.19612981489,1.3971949815750122,0.04567903280258179,-0.8524400336779289,-1.0271435778696687,-0.8197191437040976,-0.7503944337381065,-0.812502979399843,0.15388308307713902,0.008332615060553022,0.10440337370665258,COMPLETE,10_0
34,-0.8439927898388497,2023-04-25 19:07:42.905814,2023-04-25 19:08:24.946324,0 days 00:00:42.040510,0.30386396813875094,41,381,43,26.85076319792411,1483181.6165960992,10.265796780586243,0.2378321886062622,-0.8439927898388497,-1.0417383691866933,-0.8123287627358032,-0.7771735446418012,-0.7447304827911012,0.1305794372329942,0.040401478303191886,0.11664448325268274,COMPLETE,10_0
35,-0.8659538230789998,2023-04-25 19:07:48.334951,2023-04-25 19:07:52.653702,0 days 00:00:04.318751,0.9900476885796792,44,257,11,5248.708946371614,12835.605839533924,1.0526295900344849,0.021733760833740234,-0.8659538230789998,-1.0518585170360049,-0.8955231183997003,-0.754919265381469,-0.761514391498825,0.1121493414995782,0.0021689835697353654,0.12111065842122114,COMPLETE,10_0
36,-0.886347168586473,2023-04-25 19:07:50.792352,2023-04-25 19:08:38.129592,0 days 00:00:47.337240,0.9880747767728474,30,392,47,0.04150852025938558,1736358.4023181985,11.453253746032715,0.37550461292266846,-0.886347168586473,-1.0777839837184193,-0.8743122312999291,-0.8793694031992678,-0.7139230561282756,0.2361668472904977,0.10754917016349066,0.12900742000961612,COMPLETE,10_0
37,-0.855737358407191,2023-04-25 19:07:52.657809,2023-04-25 19:08:41.185131,0 days 00:00:48.527322,0.37468873515358353,29,395,42,0.01367457590224378,1217875.0296813657,11.755762577056885,0.36821866035461426,-0.855737358407191,-1.0554521659565794,-0.8354478493424596,-0.8075180832840061,-0.7245313350457191,0.31217962187373,0.14992900270393358,0.12230881774458616,COMPLETE,10_0
38,-0.8683026857708508,2023-04-25 19:08:08.037995,2023-04-25 19:08:50.547780,0 days 00:00:42.509785,0.5297211802692483,30,335,42,0.05244473096876378,1171464.8521930606,10.334107458591461,0.28429025411605835,-0.8683026857708508,-1.0622162189094453,-0.8417370585435954,-0.8549864338444654,-0.7142710317858971,0.3794923539166792,0.05571804816529533,0.12471092963226774,COMPLETE,10_0
39,-0.8460945941233777,2023-04-25 19:08:24.951788,2023-04-25 19:09:01.298098,0 days 00:00:36.346310,0.4615259844943704,30,393,41,136.73205033056075,2118332.005301269,8.825389921665192,0.2547551393508911,-0.8460945941233777,-1.0439313019562562,-0.8173602054363562,-0.7847890698272573,-0.7382977992736413,0.48757356351455255,0.08188027946027553,0.11762604340500758,COMPLETE,10_0
40,-0.8873458341210825,2023-04-25 19:08:38.131170,2023-04-25 19:09:11.098373,0 days 00:00:32.967203,0.0404090304821628,27,309,42,17.32484194375184,114942.18158542513,8.017530381679535,0.21834272146224976,-0.8873458341210825,-1.049225401419245,-0.8581292851439551,-0.8871470464880216,-0.754881603433108,0.26633003664877114,0.04752003044633683,0.10559996800550321,COMPLETE,10_0
41,-1.0643814878134805,2023-04-25 19:08:41.190565,2023-04-25 19:09:17.388036,0 days 00:00:36.197471,0.055371091689238365,42,309,32,19.420042697424044,0.005146878659447021,8.82396924495697,0.21851855516433716,-1.0643814878134805,-1.319091869671188,-0.9946471028254479,-1.190271095247991,-0.7535158835092954,0.43426790389043474,0.07103375320295274,0.21343961691493663,COMPLETE,10_0
42,-0.8879090319839736,2023-04-25 19:08:50.549810,2023-04-25 19:09:18.964052,0 days 00:00:28.414242,0.038604709651701576,42,282,32,119.2236934850849,98976.21918155222,6.926734745502472,0.1712133288383484,-0.8879090319839736,-1.0494361733420576,-0.8551699094236259,-0.8888123173680946,-0.7582177278021165,0.32736109074598296,0.04431387622053338,0.1048612390807634,COMPLETE,10_0
43,-0.871296766396203,2023-04-25 19:09:01.301579,2023-04-25 19:09:31.233869,0 days 00:00:29.932290,0.03823354898829442,42,293,31,13.57189449174119,132422.40490656882,7.307844579219818,0.16904598474502563,-0.871296766396203,-1.0394539369942677,-0.8266598660562272,-0.8528359371304365,-0.7662373254038806,0.5238148429111997,0.0604243437357179,0.10203868782759143,COMPLETE,10_0
44,-1.0492643241621138,2023-04-25 19:09:11.102018,2023-04-25 19:09:18.619331,0 days 00:00:07.517313,0.46686604019093375,42,285,33,139.1023652411799,0.003333496049903402,1.8423640131950378,0.030996322631835938,-1.0492643241621138,-1.3022475594739926,-0.9987405006138586,-1.2055513652672873,-0.6905178712933168,0.19386656413770811,0.003166684502477151,0.23434900829646949,COMPLETE,10_0
45,-0.9013339345893144,2023-04-25 19:09:17.390206,2023-04-25 19:09:36.332336,0 days 00:00:18.942130,0.5810797553559098,44,130,47,119.05219138161854,244819.89309109672,4.646384656429291,0.0834963321685791,-0.9013339345893144,-1.0822632908740617,-0.898068919901454,-0.9129830030586693,-0.712020524523073,0.2845213653515992,0.006875503920120866,0.13107379630730695,COMPLETE,10_0
46,-0.8498923336566487,2023-04-25 19:09:18.620925,2023-04-25 19:09:29.705304,0 days 00:00:11.084379,0.10565623895149209,33,132,37,90.72942893241041,261203.508406701,2.696964144706726,0.06719982624053955,-0.8498923336566487,-1.0248974022330346,-0.7997551366219783,-0.7804414747337743,-0.7944753210378076,0.1333486969986174,0.008626256695973377,0.10128546248924458,COMPLETE,10_0
47,-0.8706595073641876,2023-04-25 19:09:18.965312,2023-04-25 19:09:35.540840,0 days 00:00:16.575528,0.14132964140319673,33,388,47,7.783471698016294,3751369.9400914833,4.015515685081482,0.12158876657485962,-0.8706595073641876,-1.021843587234998,-0.8331265045949849,-0.7058726556731756,-0.9217952819535917,0.36329294236227283,0.027424679674307378,0.11622706896023673,COMPLETE,10_0
48,-0.8415051401227425,2023-04-25 19:09:29.709042,2023-04-25 19:09:48.788482,0 days 00:00:19.079440,0.6091945850040581,37,374,46,6.174442677810856,3702082.2822541357,4.606633424758911,0.1542178988456726,-0.8415051401227425,-1.029208058196109,-0.8089398577546112,-0.7673091768999559,-0.7605634676402937,1.594831930041531,0.012448098428351996,0.10994257406913183,COMPLETE,10_0
49,-1.0662846717516938,2023-04-25 19:09:31.235966,2023-04-25 19:09:36.404881,0 days 00:00:05.168915,0.7694351165507431,37,378,47,91218.65490612414,4087962.0028417315,1.2708190083503723,0.014419913291931152,-1.0662846717516938,-1.1684445670064794,-1.0457593356766166,-0.8884896256159297,-1.1624451587077496,0.13059911930175794,0.0016615882771622535,0.11370559715940536,COMPLETE,10_0
0,-3.239084643243441,2023-04-25 19:09:56.012659,2023-04-25 19:10:34.443818,0 days 00:00:38.431159,7.99633449173825e-07,36,407,31,6.238465360800244e-05,0.017937814299360547,9.558360695838928,0.04769080877304077,-3.239084643243441,-2.244580078948056,-4.2691293595231805,-3.0596198348750407,-3.3830092996274854,1.0598984435596668,0.010668935669597422,0.7250781630448773,COMPLETE,10_3
1,-2.88057206453028,2023-04-25 19:09:56.016607,2023-04-25 19:10:04.885246,0 days 00:00:08.868639,0.002142889919115833,30,318,8,1195.2371246828593,8350.345208936711,2.179753303527832,0.036000072956085205,-2.88057206453028,-1.8626537406665657,-3.8934314609711973,-2.855960914648467,-2.9102421418348907,0.32257358112175155,0.014197348333560336,0.7182492417681239,COMPLETE,10_3
2,-2.7780204355978078,2023-04-25 19:09:56.017931,2023-04-25 19:10:16.840490,0 days 00:00:20.822559,0.040657480020748704,18,328,21,0.5153373233530102,0.1075879155501323,5.137783646583557,0.06660515069961548,-2.7780204355978078,-2.165505077826166,-3.8549282169189443,-2.6920406301510686,-2.3996078174950513,0.47020858932840787,0.04582360667084296,0.6491328965358667,COMPLETE,10_3
3,-3.23955406339788,2023-04-25 19:09:56.019360,2023-04-25 19:09:57.054866,0 days 00:00:01.035506,1.3196547490541142e-05,2,47,43,0.15414119371966542,1078759.891643392,0.2500411868095398,0.00755077600479126,-3.23955406339788,-2.245016141604313,-4.269581143883476,-3.059976295462374,-3.383642672641357,0.0300654409035101,0.0018652417270991633,0.7250984702903405,COMPLETE,10_3
4,-2.86928729424654,2023-04-25 19:09:57.056576,2023-04-25 19:10:30.263339,0 days 00:00:33.206763,0.0769920545639995,38,473,26,0.018954174274024984,0.13840399836322403,8.241192042827606,0.05935990810394287,-2.86928729424654,-2.192817406514468,-3.8677576382958443,-2.7717807848682003,-2.6447933473076484,0.8523771555086836,0.00863975662880614,0.6153169078892453,COMPLETE,10_3
5,-3.2395631088733112,2023-04-25 19:10:04.889569,2023-04-25 19:10:13.434741,0 days 00:00:08.545172,7.896444315179238e-07,25,287,12,9.721646663430297e-06,6447563.928171238,2.099646508693695,0.03542143106460571,-3.2395631088733112,-2.2450317764792236,-4.269592728277723,-3.0599731661408023,-3.383654764595496,0.136674616353204,0.01428636536268663,0.7250980176402675,COMPLETE,10_3
6,-3.2274185150364967,2023-04-25 19:10:13.436912,2023-04-25 19:10:25.151202,0 days 00:00:11.714290,6.68981807096395e-05,0,124,38,0.30614636773545967,0.0005502819405006203,2.9088016152381897,0.018835723400115967,-3.2274185150364967,-2.233459502440201,-4.257864209660537,-3.051062319166208,-3.367288028879042,0.1826067566056261,0.003572096598168819,0.7246443674339526,COMPLETE,10_3
7,-2.644852450557234,2023-04-25 19:10:16.842847,2023-04-25 19:10:28.137095,0 days 00:00:11.294248,0.06047307591475817,10,324,46,952.710113699428,24.516444437883383,2.7973979711532593,0.025406181812286377,-2.644852450557234,-2.1025786225198235,-3.8140105106375835,-2.6012989024790913,-2.061521766592436,0.47210897977347677,0.005772086431025485,0.7076657177704433,COMPLETE,10_3
8,-3.2395636887760384,2023-04-25 19:10:25.152461,2023-04-25 19:10:28.035097,0 days 00:00:02.882636,0.004273344725707268,-1,496,27,379106.90584454744,2.9831336044495937e-07,0.7145720720291138,0.005282700061798096,-3.2395636887760384,-2.245032814659616,-4.269593465545505,-3.0599729657682517,-3.383655509130782,0.03068751048443306,0.00043039048820653537,0.725097972877827,COMPLETE,10_3
9,-3.192058450628041,2023-04-25 19:10:28.036288,2023-04-25 19:10:31.254267,0 days 00:00:03.217979,0.14856817743225106,9,155,18,17922.7205883141,4518984.738968609,0.7865437269210815,0.017061352729797363,-3.192058450628041,-2.1501554908738347,-4.213378976157611,-3.0742664769153727,-3.3304328585653447,0.14921554899074177,0.005450741011881978,0.7351326103594673,COMPLETE,10_3
10,-2.8945660070387347,2023-04-25 19:10:28.138837,2023-04-25 19:11:05.889613,0 days 00:00:37.750776,0.13425740862048058,43,414,33,9.061879919685056,141.29796610805334,9.370028853416443,0.06598502397537231,-2.8945660070387347,-2.218641241363233,-3.869145817779333,-2.7897780385959163,-2.7006989304164564,0.4944549972839665,0.012089016129750316,0.6031676918745533,COMPLETE,10_3
11,-3.185500080142151,2023-04-25 19:10:30.266229,2023-04-25 19:10:33.761154,0 days 00:00:03.494925,0.0008720895823302387,34,44,23,7.577233021457649e-06,3.343539885649579e-05,0.8600167036056519,0.012342989444732666,-3.185500080142151,-2.1935273926906027,-4.215088207603868,-3.020311878678898,-3.313072841595235,0.11801896264104775,0.005571437595171458,0.7224305288793176,COMPLETE,10_3
12,-3.239500959898682,2023-04-25 19:10:31.255756,2023-04-25 19:10:36.511855,0 days 00:00:05.256099,2.902103078921153e-07,35,161,11,1992.8534101374512,6.398033852769502,1.291663944721222,0.021498799324035645,-3.239500959898682,-2.2449677338925906,-4.269527728837688,-3.0599293008915955,-3.3835790759728535,0.04029315791370816,0.0020168584611146533,0.7250958499762379,COMPLETE,10_3
13,-2.7545187538789837,2023-04-25 19:10:33.763905,2023-04-25 19:10:40.277541,0 days 00:00:06.513636,0.34906107055464536,16,400,50,334.0726564755198,82.82026341214552,1.6125550866127014,0.011344611644744873,-2.7545187538789837,-2.1900730267201567,-3.824753562839805,-2.6753483853820503,-2.3279000405739247,0.08888983204962207,0.0016636929543174675,0.6427038585167485,COMPLETE,10_3
14,-2.8896654689293704,2023-04-25 19:10:34.445656,2023-04-25 19:10:43.118448,0 days 00:00:08.672792,0.6040375747052973,15,362,48,136.99922187997524,30.065439198770918,2.1469937562942505,0.01558983325958252,-2.8896654689293704,-2.232866508157773,-3.848664128735863,-2.790669319672618,-2.686461919151227,0.24431195529189523,0.003463653204276481,0.5920631774970055,COMPLETE,10_3
