number,value,datetime_start,datetime_complete,duration,params_learning_rate,params_max_depth,params_n_estimators,params_num_leaves,params_reg_alpha,params_reg_lambda,user_attrs_mean_fit_time,user_attrs_mean_score_time,user_attrs_mean_test_score,user_attrs_split0_test_score,user_attrs_split1_test_score,user_attrs_split2_test_score,user_attrs_split3_test_score,user_attrs_std_fit_time,user_attrs_std_score_time,user_attrs_std_test_score,state,key
34,-1.247258201027512,2023-04-25 20:07:52.954034,2023-04-25 20:09:14.930546,0 days 00:01:21.976512,0.05545739656456374,8,404,37,937.034810214432,80561.28052591126,19.431210339069366,1.055249273777008,-1.247258201027512,-1.36874506069584,-1.1425440732577112,-1.154537143922644,-1.323206526233853,0.42718358201263457,0.08446822176840971,0.10011174776088284,COMPLETE,14_0
35,-1.2468880467369114,2023-04-25 20:07:53.167301,2023-04-25 20:09:07.181947,0 days 00:01:14.014646,0.03961177338938058,8,414,28,1091.7467531188754,67715.5757134678,17.45274704694748,1.0411248803138733,-1.2468880467369114,-1.359277738413726,-1.1564331083769739,-1.1514825269127216,-1.3203588132442243,0.33741211719725184,0.1092198553526042,0.09395970600875346,COMPLETE,14_0
36,-1.4821807240258165,2023-04-25 20:08:02.165365,2023-04-25 20:08:16.648557,0 days 00:00:14.483192,0.037660654920620415,46,415,17,463943.7389909985,49642.401635926646,3.572339117527008,0.04090690612792969,-1.4821807240258165,-1.6569199836417376,-1.4505145749782555,-1.4232631428877132,-1.3980251945955589,0.22783392442559072,0.004194814070377214,0.1025792234659078,COMPLETE,14_0
37,-1.2343688952675642,2023-04-25 20:08:16.654122,2023-04-25 20:08:42.803749,0 days 00:00:26.149627,0.26316167722458117,9,391,37,10972.28576616101,115828.96038070462,6.246437251567841,0.28222501277923584,-1.2343688952675642,-1.3533430989569841,-1.1318243224980085,-1.1438839560518899,-1.3084242035633744,0.5270877954632626,0.07512657800749452,0.09790552009421388,COMPLETE,14_0
38,-1.4821807240258165,2023-04-25 20:08:42.807213,2023-04-25 20:08:56.549269,0 days 00:00:13.742056,0.30330963441865,9,379,40,641485.3064569056,95525.71874211942,3.3944279551506042,0.03494304418563843,-1.4821807240258165,-1.6569199836417376,-1.4505145749782555,-1.4232631428877132,-1.3980251945955589,0.1746618756363531,0.001784309668115876,0.1025792234659078,COMPLETE,14_0
39,-1.2317681549155983,2023-04-25 20:08:56.552214,2023-04-25 20:09:03.789292,0 days 00:00:07.237078,0.9749008514187527,18,63,9,551.8146699386454,1673307.0979705136,1.7272752523422241,0.07590007781982422,-1.2317681549155983,-1.360451019621034,-1.1445945006339306,-1.1301486689852085,-1.2918784304222202,0.0831012010496909,0.00767634815171148,0.09759391734613362,COMPLETE,14_0
40,-1.2608403514818827,2023-04-25 20:09:03.791694,2023-04-25 20:09:15.036026,0 days 00:00:11.244332,0.2009246492699316,16,67,49,643.3468891810894,1294335.8619956963,2.710813045501709,0.09319603443145752,-1.2608403514818827,-1.4077145359332421,-1.200765713512198,-1.1436913609056596,-1.2911897955764302,0.3838380775586731,0.005643218540965268,0.09978221652092709,COMPLETE,14_0
41,-1.2394745393326814,2023-04-25 20:09:07.183481,2023-04-25 20:09:22.720493,0 days 00:00:15.537012,0.29371625455369277,16,59,49,533.4991011559538,484537.0170115484,3.7026262879371643,0.1742039918899536,-1.2394745393326814,-1.3673740656058453,-1.1673170355335294,-1.1279537646376312,-1.2952532915537196,0.4281693058589444,0.035342880470131254,0.09632386329895684,COMPLETE,14_0
42,-1.472991076331882,2023-04-25 20:09:14.932549,2023-04-25 20:09:17.933468,0 days 00:00:03.000919,0.25141893208186095,18,5,9,162299.1822120266,1272089.2361737995,0.6884257793426514,0.05035954713821411,-1.472991076331882,-1.651775957697621,-1.4418783192011735,-1.4114294183334866,-1.3868806100952467,0.11700108635394535,0.014808443654478878,0.10504390462116059,COMPLETE,14_0
43,-1.3847534633280998,2023-04-25 20:09:15.037834,2023-04-25 20:09:18.798654,0 days 00:00:03.760820,0.3014187197310503,23,9,8,0.5618499121698642,1576539.2684978724,0.8828210830688477,0.050336599349975586,-1.3847534633280998,-1.5563505549387082,-1.3465965176317738,-1.3027855980076277,-1.3332811827342892,0.11843444049364313,0.006699088292406633,0.10033648509990638,COMPLETE,14_0
44,-1.2864587980760191,2023-04-25 20:09:16.181927,2023-04-25 20:09:20.898926,0 days 00:00:04.716999,0.5012869033003459,23,26,8,16941.405095233215,1939287.1767269853,1.0996395349502563,0.07329505681991577,-1.2864587980760191,-1.4471329038889797,-1.2415573811653349,-1.1727644059555506,-1.2843805012942113,0.12597658294290112,0.024437161645637223,0.10094929375252913,COMPLETE,14_0
45,-1.2338717018480498,2023-04-25 20:09:17.934868,2023-04-25 20:09:23.361359,0 days 00:00:05.426491,0.9620977964269903,15,33,8,16748.32883587502,230116.73545966827,1.2936623096466064,0.055481672286987305,-1.2338717018480498,-1.3603578932258806,-1.1542715559579029,-1.1286176369933938,-1.2922397212150216,0.10880728134812188,0.0057611532991521585,0.09594293054760894,COMPLETE,14_0
46,-1.238371172324127,2023-04-25 20:09:18.800091,2023-04-25 20:09:26.024454,0 days 00:00:07.224363,0.5887441063099008,15,45,43,16512.28805902718,301481.80170316715,1.712803065776825,0.08289849758148193,-1.238371172324127,-1.3696706599131734,-1.1595326430341586,-1.1300694139182645,-1.2942119724309114,0.13096287689923136,0.008499858627706679,0.09785516717593276,COMPLETE,14_0
47,-1.2376848061163372,2023-04-25 20:09:20.902651,2023-04-25 20:09:26.855075,0 days 00:00:05.952424,0.8795604447151931,3,50,15,15691.401549183463,241372.36163516855,1.4185592532157898,0.06101369857788086,-1.2376848061163372,-1.36998157718719,-1.1614453548547512,-1.1270581783716023,-1.2922541140518053,0.19757978840267545,0.006651608466326842,0.09814650999802473,COMPLETE,14_0
48,-1.2345422194878544,2023-04-25 20:09:22.722995,2023-04-25 20:09:28.656889,0 days 00:00:05.933894,0.9952797755066853,3,143,14,13997.840266154084,16690.43987260872,1.4270439743995667,0.0450252890586853,-1.2345422194878544,-1.3421037590344145,-1.1465525113005466,-1.1506257888580482,-1.2988868187584082,0.43737256572493083,0.015529775965637194,0.08731246806935566,COMPLETE,14_0
49,-1.244314511918589,2023-04-25 20:09:23.362728,2023-04-25 20:09:27.511365,0 days 00:00:04.148637,0.9881288637274,14,49,10,13781.743841667814,11944.890680968709,0.985334038734436,0.04420971870422363,-1.244314511918589,-1.3763261475208226,-1.1409624646050176,-1.1575890295924514,-1.3023804059560644,0.14893829374398038,0.004182683814041393,0.09874420863189413,COMPLETE,14_0
0,-2.697355387283447,2023-04-25 20:09:31.705191,2023-04-25 20:10:12.610441,0 days 00:00:40.905250,0.005592096929832437,27,266,29,3.2323996806806966e-05,1.0607225919053873e-05,9.914473354816437,0.3094499707221985,-2.697355387283447,-2.3675815704963976,-3.0377211028898716,-2.5327883779676372,-2.8513304977798826,0.5884598814906205,0.024390673522701394,0.2623881789477716,COMPLETE,14_3
1,-2.5804688231019246,2023-04-25 20:09:31.707824,2023-04-25 20:09:46.834805,0 days 00:00:15.126981,1.2044438053255755e-05,6,110,22,0.11721032448790064,0.0019910229598507877,3.664121985435486,0.11536586284637451,-2.5804688231019246,-2.54198568350256,-2.6183859593364773,-2.607373643598139,-2.5541300059705225,0.2019056240082281,0.04866059816752887,0.03292515720337868,COMPLETE,14_3
2,-2.670016931810663,2023-04-25 20:09:31.710385,2023-04-25 20:09:41.244517,0 days 00:00:09.534132,0.5425591239177293,1,297,11,538.581468934772,0.00518657689074385,2.1960349678993225,0.18142378330230713,-2.670016931810663,-2.4384625394745623,-2.695695228125449,-2.7305749229448004,-2.8153350366978405,0.271955725037547,0.09579429723872553,0.1405893251726227,COMPLETE,14_3
3,-2.471001734524206,2023-04-25 20:09:31.711921,2023-04-25 20:09:57.004567,0 days 00:00:25.292646,0.0023714405195409266,3,472,17,0.19781752652774012,3872.5982690025735,6.021180987358093,0.2999386787414551,-2.471001734524206,-2.3130868884152136,-2.6371756462027887,-2.4764172532270567,-2.457327150251767,0.5772903690779464,0.09139898095752648,0.1148555501946174,COMPLETE,14_3
4,-2.5806676814375384,2023-04-25 20:09:41.253553,2023-04-25 20:10:16.409931,0 days 00:00:35.156378,3.215513908943838e-06,27,212,32,2.9640787768082086e-07,2.2729322871866333e-05,8.590906858444214,0.19588226079940796,-2.5806676814375384,-2.542221455728345,-2.6183542183630086,-2.60769435705785,-2.55440069460095,0.45325462682018974,0.02153592647201257,0.03285872459970159,COMPLETE,14_3
5,-2.58083231175241,2023-04-25 20:09:46.837248,2023-04-25 20:11:04.948129,0 days 00:01:18.110881,1.3072213005211282e-07,0,405,41,2.3848156989096365e-07,3.423528195260709e-05,19.016229689121246,0.5085983276367188,-2.58083231175241,-2.54249657898009,-2.6182562969135597,-2.6081022493300163,-2.5544741217859745,1.2223595336343263,0.07609930255427935,0.03281991295816431,COMPLETE,14_3
6,-2.5805287878984906,2023-04-25 20:09:57.006712,2023-04-25 20:10:36.881791,0 days 00:00:39.875079,3.440923678185039e-06,44,269,33,3309.3177740436518,0.005208075050074525,9.507733285427094,0.4590047597885132,-2.5805287878984906,-2.5421548053429794,-2.618345795202774,-2.607607319162472,-2.5540072318857385,0.5058079146966503,0.38704905798119277,0.03293678933720943,COMPLETE,14_3
7,-2.579642135276907,2023-04-25 20:10:12.616214,2023-04-25 20:11:08.791972,0 days 00:00:56.175758,1.3648452997150349e-05,33,302,39,81.74701741394901,5.379675377140432e-07,13.653698027133942,0.3871479630470276,-2.579642135276907,-2.5401618259055776,-2.6188007651878857,-2.6053526003554803,-2.554253349658683,0.888163798958145,0.11964316203208436,0.033157621952899285,COMPLETE,14_3
8,-2.5710734896109324,2023-04-25 20:10:16.411725,2023-04-25 20:10:23.146289,0 days 00:00:06.734564,0.006464838944074502,17,181,49,107908.10220575234,55702.34835801227,1.608429193496704,0.07372128963470459,-2.5710734896109324,-2.5184755429607364,-2.6200052707247656,-2.6078637149388153,-2.5379494298194123,0.2538605795733223,0.01129030120836726,0.04362220538767368,COMPLETE,14_3
9,-2.5783574669341345,2023-04-25 20:10:23.148650,2023-04-25 20:11:43.758321,0 days 00:01:20.609671,1.971134432729475e-05,25,377,48,846.8441959234405,0.0017097084478664842,19.585622429847717,0.5631747841835022,-2.5783574669341345,-2.5385514789348553,-2.618895444786509,-2.6022005958713437,-2.5537823481438298,0.8408628265356904,0.0885358739303749,0.03316728655630554,COMPLETE,14_3
10,-2.5807966698874436,2023-04-25 20:10:36.883838,2023-04-25 20:11:18.517166,0 days 00:00:41.633328,2.4621301675188157e-05,44,360,25,1.7464084572220487e-05,5471234.493079898,9.941502630710602,0.46043074131011963,-2.5807966698874436,-2.5424534798743914,-2.618239594174894,-2.6080601699083066,-2.554433435592183,0.5903211736891092,0.07222931554866231,0.03282716617173637,COMPLETE,14_3
11,-2.607802962167466,2023-04-25 20:11:04.952370,2023-04-25 20:11:17.677559,0 days 00:00:12.725189,0.09905321013465464,1,491,25,0.00020051901012072205,0.2266585945205819,2.9802677035331726,0.1987941861152649,-2.607802962167466,-2.3946181941242464,-2.6802709454187204,-2.6802081747309985,-2.6761145343958996,0.20890127938733888,0.044235521967107824,0.12309380531614524,COMPLETE,14_3
12,-2.5808458196366466,2023-04-25 20:11:08.796379,2023-04-25 20:11:13.270645,0 days 00:00:04.474266,3.3536216807501703e-07,38,20,29,6.259378514547663e-06,83.38972602790705,1.0756530165672302,0.04128831624984741,-2.5808458196366466,-2.54252463493171,-2.6182483454479533,-2.6081339941813315,-2.5544763039855907,0.04010125928267036,0.012170783369005886,0.032815613509074436,COMPLETE,14_3
13,-2.5808475747458104,2023-04-25 20:11:13.274517,2023-04-25 20:11:24.219347,0 days 00:00:10.944830,0.0003942837052811676,13,457,7,5879780.94290937,8569253.750627717,2.7014463543891907,0.02844691276550293,-2.5808475747458104,-2.542527535927804,-2.618247329187055,-2.608138475914759,-2.5544769579536237,0.32377373424885914,0.00403166908189932,0.03281527740204474,COMPLETE,14_3
14,-2.5808475747458104,2023-04-25 20:11:17.684914,2023-04-25 20:11:23.288819,0 days 00:00:05.603905,0.0012832457504375625,13,151,49,7889284.853869872,1462862.6453817026,1.3522684574127197,0.04267221689224243,-2.5808475747458104,-2.542527535927804,-2.618247329187055,-2.608138475914759,-2.5544769579536237,0.14112781840963884,0.014857358574098116,0.03281527740204474,COMPLETE,14_3
15,-2.5808475747458104,2023-04-25 20:11:18.526957,2023-04-25 20:11:24.326883,0 days 00:00:05.799926,0.00116077346218187,13,175,50,4748593.386000909,7838.806380474391,1.3976469039916992,0.04689556360244751,-2.5808475747458104,-2.542527535927804,-2.618247329187055,-2.608138475914759,-2.5544769579536237,0.08010220133463787,0.029706898592000226,0.03281527740204474,COMPLETE,14_3
16,-2.618514712593541,2023-04-25 20:11:23.298267,2023-04-25 20:12:03.207891,0 days 00:00:39.909624,0.007098298637257931,18,482,12,1.3718842271518286,4399.366347432304,9.571038484573364,0.40066200494766235,-2.618514712593541,-2.352506993643988,-2.860109320468783,-2.5091075784755676,-2.7523349577858243,0.24658143136958874,0.0695082666314438,0.19937768187184804,COMPLETE,14_3
17,-2.5224990433387253,2023-04-25 20:11:24.226934,2023-04-25 20:11:41.912492,0 days 00:00:17.685558,0.00768704481367035,16,168,17,0.07272525350169798,7234.847026768115,4.278818309307098,0.133938729763031,-2.5224990433387253,-2.3344380036978065,-2.7867975635313087,-2.458696406304996,-2.5100641998207895,0.252579491953748,0.02600620860987419,0.1654131677290127,COMPLETE,14_3
18,-2.5293541751161572,2023-04-25 20:11:24.328863,2023-04-25 20:11:34.230287,0 days 00:00:09.901424,0.011791341622120402,19,81,18,0.09257253599546887,4603.827750946504,2.393482506275177,0.07680529356002808,-2.5293541751161572,-2.3715811063944594,-2.7719681656378756,-2.4645841158599238,-2.509283312572371,0.28290577992251725,0.010041065757290829,0.14862022886373982,COMPLETE,14_3
19,-2.5552307869373947,2023-04-25 20:11:34.234350,2023-04-25 20:11:38.459122,0 days 00:00:04.224772,0.029311164347901035,22,34,16,0.13537952883096738,224.1544581778097,1.0104613900184631,0.04052996635437012,-2.5552307869373947,-2.3625631674579224,-2.8586030955790815,-2.444334297951274,-2.555422586761301,0.09518056994293755,0.0015953382875723656,0.1880516134622985,COMPLETE,14_3
20,-2.5780797818555548,2023-04-25 20:11:38.461335,2023-04-25 20:11:50.697895,0 days 00:00:12.236560,0.00011147778664069364,7,109,18,0.0049373844506175124,56.87014779573389,2.9633097648620605,0.08986753225326538,-2.5780797818555548,-2.5384477707722684,-2.619834444405767,-2.603125305814275,-2.5509116064299078,0.15361481760001225,0.015546865887619275,0.03420356769955945,COMPLETE,14_3
21,-2.5643319415729104,2023-04-25 20:11:41.913890,2023-04-25 20:12:16.483196,0 days 00:00:34.569306,0.0001958672171199989,7,369,14,0.0024812362925086956,21.959583440831977,8.340743005275726,0.2948305606842041,-2.5643319415729104,-2.5199871915045873,-2.6254917525057175,-2.5777751883938667,-2.5340736338874694,0.2755473742031253,0.0515811334859837,0.04124095476899973,COMPLETE,14_3
22,-2.572831237794411,2023-04-25 20:11:43.759638,2023-04-25 20:12:00.649599,0 days 00:00:16.889961,0.00013383159868590684,6,334,5,0.0028096240884167324,9.233886720390831,4.041770279407501,0.1735425591468811,-2.572831237794411,-2.524784220076351,-2.6274601881575563,-2.597140915548097,-2.5419396273956405,0.13809715849959142,0.031715978374895745,0.04134637273962512,COMPLETE,14_3
23,-2.7559166388631295,2023-04-25 20:11:50.700303,2023-04-25 20:12:01.082115,0 days 00:00:10.381812,0.10249009517679443,8,220,5,29.467983846456857,3.4375146302875765,2.479507625102997,0.1101607084274292,-2.7559166388631295,-2.3926933428263415,-2.9882420158998397,-2.6220451182631717,-3.020686078463165,0.10538095081233377,0.010309601846489887,0.26169193901080495,COMPLETE,14_3
24,-2.5194811587041483,2023-04-25 20:12:00.652088,2023-04-25 20:12:10.220946,0 days 00:00:09.568858,0.011471631853519062,20,82,15,8.254105016774664,3441.4038668791754,2.3226518034934998,0.06335645914077759,-2.5194811587041483,-2.3890277719683364,-2.760502649142716,-2.449536187136348,-2.478858026569194,0.16827096183603255,0.010938515400186838,0.14287405544407472,COMPLETE,14_3
25,-2.5112358806690898,2023-04-25 20:12:01.083340,2023-04-25 20:12:09.537677,0 days 00:00:08.454337,0.008046579898715179,19,75,15,2.173407189615952,3325.7354191679296,2.0454466342926025,0.06011974811553955,-2.5112358806690898,-2.409660799810601,-2.7029772437006745,-2.4734766235300456,-2.4588288556350393,0.17024447185528999,0.01284475839490546,0.1131972891915157,COMPLETE,14_3
26,-2.48350973906594,2023-04-25 20:12:03.208943,2023-04-25 20:12:14.195130,0 days 00:00:10.986187,0.025154004615449133,19,88,19,6.093727368170675,194210.1485508426,2.6257494688034058,0.11033058166503906,-2.48350973906594,-2.3675246700509094,-2.5776004119939397,-2.514066208743106,-2.474847665475805,0.032341204631573375,0.034717445963484236,0.07634513790097854,COMPLETE,14_3
27,-2.572166063083526,2023-04-25 20:12:09.541282,2023-04-25 20:12:14.938824,0 days 00:00:05.397542,0.002511426219902875,30,53,13,9.386474120338766,283699.27020491596,1.2858462929725647,0.0565759539604187,-2.572166063083526,-2.5271599173507853,-2.6162564820952983,-2.5966783772458166,-2.548569475642205,0.08475238054464877,0.01613145385015881,0.0358021322228757,COMPLETE,14_3
28,-2.5722995060309644,2023-04-25 20:12:10.222312,2023-04-25 20:12:16.973130,0 days 00:00:06.750818,0.001569026644828414,31,62,12,4.18440851140492,189410.52210699226,1.6081612706184387,0.07345575094223022,-2.5722995060309644,-2.527583214348358,-2.613942368254897,-2.5990384735625067,-2.548633967958095,0.1476855535175361,0.028968714132008567,0.03538610176671294,COMPLETE,14_3
29,-2.5801829555072655,2023-04-25 20:12:14.202565,2023-04-25 20:12:16.676824,0 days 00:00:02.474259,0.0016821671523501306,30,6,21,14.964489190835726,275285.8757241404,0.5753790140151978,0.03394782543182373,-2.5801829555072655,-2.5412983261867597,-2.6180732456101503,-2.607367706713343,-2.553992543518809,0.020169100734687802,0.0036287004643282233,0.03306295835120975,COMPLETE,14_3
30,-2.5730491847353174,2023-04-25 20:12:14.941732,2023-04-25 20:12:17.091562,0 days 00:00:02.149830,0.03410653098462848,35,3,22,1.2966997392397361,214165.78318849998,0.4853985905647278,0.04603469371795654,-2.5730491847353174,-2.527983914313648,-2.6162411637776946,-2.5992145962737583,-2.548757064576169,0.03897597166126935,0.021306326202433327,0.03595539429132226,COMPLETE,14_3
31,-2.4598991085805983,2023-04-25 20:12:16.487381,2023-04-25 20:12:32.076291,0 days 00:00:15.588910,0.0391766044696969,35,124,21,0.7757833173501965,129691.0748620987,3.766470193862915,0.12310975790023804,-2.4598991085805983,-2.319871508813893,-2.521010232078761,-2.5155822757352233,-2.483132417694517,0.17257317020145335,0.015787851627345282,0.08213205809607045,COMPLETE,14_3
32,-2.8286057672431064,2023-04-25 20:12:16.697619,2023-04-25 20:12:42.111189,0 days 00:00:25.413570,0.05698356883521487,23,430,9,1.0145842521501838,399.376910669133,6.100990831851959,0.24156570434570312,-2.8286057672431064,-2.424983262857245,-3.2240422091408085,-2.6195927741004614,-3.045804822873911,0.30468361773059305,0.027729119160343832,0.32021202612362576,COMPLETE,14_3
33,-2.658927216464806,2023-04-25 20:12:16.977225,2023-04-25 20:12:26.191160,0 days 00:00:09.213935,0.04755748417917935,37,117,9,0.7212266724104064,504.59525693106013,2.2157777547836304,0.0801922082901001,-2.658927216464806,-2.313297572432974,-2.9453757582020668,-2.533725365030493,-2.8433101701936887,0.07000752971402342,0.013125766640916392,0.2505918968788403,COMPLETE,14_3
34,-2.579985700221725,2023-04-25 20:12:17.094408,2023-04-25 20:12:26.528601,0 days 00:00:09.434193,0.020874732254380704,22,129,9,0.9633169141272137,711.7051378933123,2.26692795753479,0.08377343416213989,-2.579985700221725,-2.335775689673884,-2.8148406792248726,-2.476875819359026,-2.692450612629117,0.07892352385187186,0.01561297409892204,0.18579248805365334,COMPLETE,14_3
35,-2.55046590188275,2023-04-25 20:12:26.195931,2023-04-25 20:12:36.702807,0 days 00:00:10.506876,0.012414803015611995,22,83,20,75.52363297808142,1692.1746077124353,2.550590217113495,0.06877022981643677,-2.55046590188275,-2.3605074757359437,-2.8368257265360306,-2.42173822898066,-2.582792176278365,0.10892275611476429,0.007000764743839546,0.18418873107950803,COMPLETE,14_3
36,-2.515538545057164,2023-04-25 20:12:26.530012,2023-04-25 20:12:37.013887,0 days 00:00:10.483875,0.0050628013818175225,10,94,20,96.84009398026843,33879.90020779641,2.53507924079895,0.08004474639892578,-2.515538545057164,-2.4238496825028895,-2.6034155338292244,-2.5431642662398395,-2.4917246976567045,0.1155833200730783,0.015304530205597246,0.06606718639199186,COMPLETE,14_3
37,-2.8791427195553543,2023-04-25 20:12:32.078143,2023-04-25 20:12:58.386749,0 days 00:00:26.308606,0.46713290313032385,26,239,20,98.07320740511625,18785.122512494527,6.324991285800934,0.23955672979354858,-2.8791427195553543,-2.4374275942492054,-3.14511588056007,-2.765342060870947,-3.168685342541194,0.3987258213282479,0.024632521677931424,0.3010977809373528,COMPLETE,14_3
38,-2.869451010324597,2023-04-25 20:12:36.704587,2023-04-25 20:13:04.152235,0 days 00:00:27.447648,0.4066381159514586,26,207,24,0.015647712029957257,36815.196477520614,6.550256431102753,0.3049290180206299,-2.869451010324597,-2.4949220737390054,-3.061480940531697,-2.7731972870138337,-3.1482037400138525,0.7061653751881287,0.08371484795554684,0.2569607372711218,COMPLETE,14_3
39,-2.884196223176268,2023-04-25 20:12:37.016949,2023-04-25 20:13:05.639789,0 days 00:00:28.622840,0.7520256349834927,27,216,25,0.022974841538926163,41957.15855121811,6.888229668140411,0.25970935821533203,-2.884196223176268,-2.453622452411883,-3.0318952994250625,-2.8845058123258984,-3.1667613285422274,0.6136809348726522,0.0626314661415813,0.2678861343047293,COMPLETE,14_3
40,-2.470820563713572,2023-04-25 20:12:42.114105,2023-04-25 20:12:59.780144,0 days 00:00:17.666039,0.21864850140621106,4,220,26,0.023180656386452662,1092344.0725184178,4.195439040660858,0.21420598030090332,-2.470820563713572,-2.3092599678018053,-2.515780778333656,-2.5230858265140483,-2.5351556822047785,0.3689796367883608,0.05822636551052446,0.09353329917324849,COMPLETE,14_3
