number,value,datetime_start,datetime_complete,duration,params_learning_rate,params_max_depth,params_n_estimators,params_num_leaves,params_reg_alpha,params_reg_lambda,user_attrs_mean_fit_time,user_attrs_mean_score_time,user_attrs_mean_test_score,user_attrs_split0_test_score,user_attrs_split1_test_score,user_attrs_split2_test_score,user_attrs_split3_test_score,user_attrs_std_fit_time,user_attrs_std_score_time,user_attrs_std_test_score,state,key
32,-3.0531014861482215,2023-04-25 18:29:37.731897,2023-04-25 18:29:38.362214,0 days 00:00:00.630317,0.0585952101533404,47,6,9,20.796736234099804,9230.72151982692,0.145074725151062,0.006458461284637451,-3.0531014861482215,-3.126754990612018,-2.821534593757339,-3.209129017329014,-3.0549873428945156,0.008145701974013951,0.0006277688041581378,0.14439201095750567,COMPLETE,7_2
33,-2.4098760735946296,2023-04-25 18:29:38.363764,2023-04-25 18:29:44.724576,0 days 00:00:06.360812,0.009281675983897874,44,193,10,1120.4589838471816,402.5921393322079,1.5553357601165771,0.030148744583129883,-2.4098760735946296,-2.244807571494894,-1.7433449758187554,-3.0459098281520864,-2.605441918912783,0.04980080706779639,0.002547714078907286,0.4780941987410069,COMPLETE,7_2
34,-2.4062742902050567,2023-04-25 18:29:39.828833,2023-04-25 18:29:42.841074,0 days 00:00:03.012241,0.03313805958904325,43,63,11,0.9817769575771473,494.7180266474205,0.7363967895507812,0.010753989219665527,-2.4062742902050567,-2.167412278865733,-1.7130355218461295,-3.05779870270355,-2.6868506574048148,0.05407350415852812,0.0013227759982680906,0.510108372880065,COMPLETE,7_2
35,-2.4467195474459076,2023-04-25 18:29:41.376075,2023-04-25 18:29:47.879491,0 days 00:00:06.503416,0.006148939577148986,43,202,10,1.7584854526630609,425.5422513002261,1.588052213191986,0.02985328435897827,-2.4467195474459076,-2.253629445046487,-1.8852003382354348,-2.9937631823260866,-2.654285224175622,0.08382595400033048,0.0017880958661118532,0.41681166567652483,COMPLETE,7_2
36,-2.402128286474099,2023-04-25 18:29:42.842703,2023-04-25 18:29:52.419475,0 days 00:00:09.576772,0.008241006090684412,43,187,16,28.91368514423008,99.9386970473571,2.3640902042388916,0.02564072608947754,-2.402128286474099,-2.119912778533402,-1.7899252928566998,-3.031538766682933,-2.6671363078233608,0.061545997282930795,0.002369970741134028,0.4797981091804387,COMPLETE,7_2
37,-2.572062635756417,2023-04-25 18:29:44.726205,2023-04-25 18:29:50.990446,0 days 00:00:06.264241,0.008371579776604158,43,131,17,1.5109967146857426,4016.1005704648446,1.5390740036964417,0.021718859672546387,-2.572062635756417,-2.5285378663346902,-2.0589247269546744,-3.004717826105402,-2.6960701236309026,0.05572413017643868,0.0006120770412121375,0.3419697683229825,COMPLETE,7_2
38,-2.43118350365682,2023-04-25 18:29:47.881242,2023-04-25 18:29:54.925422,0 days 00:00:07.044180,0.03611305833916188,36,140,17,26.33440375632315,17.664359459717346,1.7310195565223694,0.0238494873046875,-2.43118350365682,-2.0863757977672392,-1.7118894000801297,-3.18056918329758,-2.745899633482331,0.029734272682623415,0.0038162917403467907,0.5694079163271314,COMPLETE,7_2
39,-2.5286871747063344,2023-04-25 18:29:50.991939,2023-04-25 18:29:55.559650,0 days 00:00:04.567711,0.3391201591092501,36,249,5,43.913686687463176,86.50138770355277,1.1092911958694458,0.027295410633087158,-2.5286871747063344,-2.272504933765173,-1.8548515857272523,-3.2955954466484925,-2.69179673268442,0.03604327678610902,0.006594080951844987,0.5325497082492712,COMPLETE,7_2
40,-2.3785155679896497,2023-04-25 18:29:52.421535,2023-04-25 18:29:57.731296,0 days 00:00:05.309761,0.014885636191154912,45,240,5,992.7138838051667,40.63039493987918,1.2961651682853699,0.025928854942321777,-2.3785155679896497,-2.181534341831534,-1.6565474417677482,-3.105741983472675,-2.570238504886642,0.0255876658244153,0.0036043653564456638,0.5304845715588287,COMPLETE,7_2
41,-2.3615555269973263,2023-04-25 18:29:54.927468,2023-04-25 18:30:01.435345,0 days 00:00:06.507877,0.01177793795684129,45,329,5,32.31658879702112,32.61210251903372,1.5890839099884033,0.03303039073944092,-2.3615555269973263,-2.0867579115024246,-1.6448487996767194,-3.1070581024211936,-2.6075572943889678,0.04235015989456711,0.0052777484119561745,0.5489702227789156,COMPLETE,7_2
42,-2.417566106510215,2023-04-25 18:29:55.561400,2023-04-25 18:30:09.052132,0 days 00:00:13.490732,0.013257870433373524,45,304,14,6.185697851569008,3.159292119896592,3.3257168531417847,0.041837334632873535,-2.417566106510215,-2.0919800961207344,-1.6782231208331224,-3.169267850220201,-2.730793358866803,0.1661532697987036,0.007559726815600372,0.5735418737430484,COMPLETE,7_2
43,-2.611226788020972,2023-04-25 18:29:57.732821,2023-04-25 18:30:07.739100,0 days 00:00:10.006279,0.0021609895174809005,30,331,7,9.970612192460907,7.719212363624832,2.4532541036605835,0.0418969988822937,-2.611226788020972,-2.5346099847916737,-2.19001831209609,-2.998435118862635,-2.7218437363334895,0.2629870712224933,0.012926345974206142,0.2938762985744171,COMPLETE,7_2
44,-2.374071979389586,2023-04-25 18:29:57.895271,2023-04-25 18:30:06.403622,0 days 00:00:08.508351,0.017531543151560875,45,294,7,6.178557330562432,4.827464792743631,2.0830169320106506,0.03702884912490845,-2.374071979389586,-2.0713631462854654,-1.651817203403554,-3.1447688391893847,-2.6283387286799402,0.10317439426634295,0.005569037550511614,0.5638948990223812,COMPLETE,7_2
45,-2.3741927225911263,2023-04-25 18:30:01.437303,2023-04-25 18:30:09.762734,0 days 00:00:08.325431,0.011752888821793284,41,307,7,8.798736383030688,4.338402630543493,2.040700078010559,0.035533368587493896,-2.3741927225911263,-2.0897354218607176,-1.637287144150797,-3.1296717396443037,-2.6400765847086882,0.07971614716677687,0.007112779088264574,0.5624474555052881,COMPLETE,7_2
46,-2.36900158800697,2023-04-25 18:30:06.405323,2023-04-25 18:30:15.898919,0 days 00:00:09.493596,0.01814278505548645,45,339,7,11.713816876166662,3.8583243340009403,2.325897455215454,0.04119229316711426,-2.36900158800697,-2.046678613976023,-1.6485711044610334,-3.1551427553068097,-2.625613878284014,0.22432611922545811,0.008477611426143698,0.571572389040787,COMPLETE,7_2
47,-2.3756875141526743,2023-04-25 18:30:07.740616,2023-04-25 18:30:17.499671,0 days 00:00:09.759055,0.017989266767820148,46,355,7,4.439123539053911,1.461422586576109,2.395380437374115,0.03933155536651611,-2.3756875141526743,-2.0621524950476173,-1.6491154723649295,-3.1582365811295503,-2.6332455080686,0.2000442242107237,0.005192090476198196,0.5711677298677675,COMPLETE,7_2
48,-2.3770029759290052,2023-04-25 18:30:09.054288,2023-04-25 18:30:17.989415,0 days 00:00:08.935127,0.017873955824792485,41,364,7,2.4520643287342483,0.7233107998858136,2.188060164451599,0.04067695140838623,-2.3770029759290052,-2.064480998743391,-1.6542078819475345,-3.1638073506770783,-2.6255156723480164,0.25585150518152405,0.005930076882941807,0.5702899303231301,COMPLETE,7_2
49,-2.382739837400189,2023-04-25 18:30:09.765110,2023-04-25 18:30:18.154314,0 days 00:00:08.389204,0.016770350466179886,41,351,7,2.8941554066008823,0.5878484328643027,2.055288314819336,0.036637187004089355,-2.382739837400189,-2.0852035837034126,-1.6554194302932685,-3.1595576047492315,-2.630778730854843,0.2448824459964328,0.0064049986384168275,0.5662358018514569,COMPLETE,7_2
0,-1.6110531979690947,2023-04-25 18:30:21.219857,2023-04-25 18:30:53.415287,0 days 00:00:32.195430,8.211576545953226e-05,10,323,17,0.026615231648723627,5.699578876645995e-06,7.761558473110199,0.284049928188324,-1.6110531979690947,-1.4497750361344046,-1.8929166545761873,-1.4878536765555639,-1.6136674246102232,0.27216757914118594,0.026408858790139312,0.17366822529807308,COMPLETE,8_0
1,-1.6302944888245636,2023-04-25 18:30:21.222563,2023-04-25 18:31:21.246097,0 days 00:01:00.023534,5.531159281839315e-07,47,291,42,0.00035453389182809057,0.09766644742172262,14.600664258003235,0.40205466747283936,-1.6302944888245636,-1.4748530890956448,-1.9031204674930404,-1.505785925129646,-1.6374184735799235,1.0297264219707776,0.12369870816941196,0.168929850069684,COMPLETE,8_0
2,-1.8114860365159335,2023-04-25 18:30:21.224220,2023-04-25 18:30:30.210710,0 days 00:00:08.986490,0.0047908214932575145,22,242,20,385511.3393245965,15629.659160464365,2.1457817554473877,0.09695452451705933,-1.8114860365159335,-1.7666013505328453,-2.0227526370092344,-1.6236582902422032,-1.832931868279451,0.11781519265837946,0.012424356829312517,0.14351602479348285,COMPLETE,8_0
3,-1.3639203954624324,2023-04-25 18:30:21.225685,2023-04-25 18:30:33.638251,0 days 00:00:12.412566,0.0560295415595074,26,123,33,5305.475559516407,0.18481401333025538,2.9898366928100586,0.1101984977722168,-1.3639203954624324,-1.038585435543656,-1.7684236474079205,-1.2180435163480963,-1.4306289825500564,0.4627664238355519,0.005720110329946814,0.2716596291461029,COMPLETE,8_0
4,-1.5223175612900142,2023-04-25 18:30:30.215438,2023-04-25 18:31:02.627252,0 days 00:00:32.411814,0.2805674752539484,12,225,39,0.0013376185983578124,1.3046762564869745,7.844201743602753,0.25569677352905273,-1.5223175612900142,-1.3250551024986414,-1.8986816980862908,-1.508882397013554,-1.3566510475615698,0.2687342927144934,0.15530640992007572,0.22813830154365616,COMPLETE,8_0
5,-1.4986812913781702,2023-04-25 18:30:33.639622,2023-04-25 18:30:55.327778,0 days 00:00:21.688156,0.10917923836388742,45,161,32,4.05492797488925,4.2451018729480126,5.290447473526001,0.12960147857666016,-1.4986812913781702,-1.3135178656498747,-1.8777308011954101,-1.4836030111232414,-1.3198734875441545,0.1731059235635051,0.017172076958646865,0.22921802414269143,COMPLETE,8_0
6,-1.6288929533946446,2023-04-25 18:30:53.419112,2023-04-25 18:31:02.974438,0 days 00:00:09.555326,0.00034522411738916657,44,190,27,0.021389148461297785,2339931.934383693,2.27321857213974,0.1131848692893982,-1.6288929533946446,-1.4729358258526961,-1.9022790422227622,-1.5040042991819609,-1.6363526463211584,0.2601901245103093,0.029953319814134884,0.16934831130357056,COMPLETE,8_0
7,-1.6111156966303786,2023-04-25 18:30:55.329256,2023-04-25 18:30:58.718644,0 days 00:00:03.389388,0.0022563716721971847,30,55,34,186700.90099211445,1.720844516789962e-05,0.81275475025177,0.03246498107910156,-1.6111156966303786,-1.4927365000142536,-1.8761209681543887,-1.4600914829969025,-1.6155138353559695,0.09537068652506875,0.003738484222858956,0.16360706345910989,COMPLETE,8_0
8,-1.630215437179037,2023-04-25 18:30:58.720778,2023-04-25 18:31:08.642440,0 days 00:00:09.921662,1.5964945591182725e-05,31,151,30,120893.15201716113,619.3623879411117,2.3747994899749756,0.1024479866027832,-1.630215437179037,-1.4747655295844793,-1.9030524376622873,-1.5056581369958666,-1.6373856444735144,0.43830124949631494,0.025609428440323573,0.16894572760610124,COMPLETE,8_0
9,-1.3228486189506108,2023-04-25 18:31:02.634122,2023-04-25 18:31:21.581723,0 days 00:00:18.947601,0.19654286217916422,5,241,38,1.3336687495641452e-06,2296739.673795511,4.551090478897095,0.1830739974975586,-1.3228486189506108,-1.062320073936333,-1.67211938414653,-1.0767199375664278,-1.4802350801531523,0.7579932530518894,0.03100095027520655,0.26230469694497244,COMPLETE,8_0
10,-1.6301751236745359,2023-04-25 18:31:02.977446,2023-04-25 18:31:05.686231,0 days 00:00:02.708785,0.0001552790186238766,19,4,5,0.0013839561588999119,42718.34823729814,0.6391675472259521,0.03593569993972778,-1.6301751236745359,-1.4747309365920143,-1.903053892271739,-1.5056150587523043,-1.6373006070820857,0.09913429831576052,0.006210753348612244,0.16896131209251258,COMPLETE,8_0
11,-1.6302234261164692,2023-04-25 18:31:05.688662,2023-04-25 18:31:34.235530,0 days 00:00:28.546868,1.9245286259784183e-06,14,134,45,1.407974198471463,8.424016345447671e-06,6.919407248497009,0.21431255340576172,-1.6302234261164692,-1.4747502097524738,-1.903086002413248,-1.505725938906077,-1.6373315533940773,0.35688590587175595,0.0437545345048512,0.16894973834322566,COMPLETE,8_0
12,-1.630262027464872,2023-04-25 18:31:08.644885,2023-04-25 18:31:31.552763,0 days 00:00:22.907878,6.158678522978974e-07,27,401,6,10.55177567992204,0.00011382090211181066,5.4576069712638855,0.26637476682662964,-1.630262027464872,-1.4748427191161309,-1.9030753641795009,-1.5057600164292928,-1.637370010134563,0.23098012612370447,0.04985000886040455,0.1689182881354966,COMPLETE,8_0
13,-1.57141403602234,2023-04-25 18:31:21.249654,2023-04-25 18:32:33.984519,0 days 00:01:12.734865,0.9707967022220498,31,487,50,4.260812561662495e-07,0.002439854080403951,17.832908987998962,0.34369081258773804,-1.57141403602234,-1.3866700798715088,-1.9331457893867479,-1.5606877538423294,-1.4051525209887745,0.9648750332291133,0.02682505739720239,0.2195097578907432,COMPLETE,8_0
14,-1.3333492824511144,2023-04-25 18:31:21.583003,2023-04-25 18:31:43.197664,0 days 00:00:21.614661,0.7443606236864982,3,467,50,1.6790482514702162e-07,7888890.520518126,5.1406872272491455,0.25745177268981934,-1.3333492824511144,-1.0296905726531487,-1.59073192305767,-1.0780503448020515,-1.6349242892915874,0.1754949982212328,0.026229937580240965,0.28043692162291145,COMPLETE,8_0
15,-1.3146845454021188,2023-04-25 18:31:31.554929,2023-04-25 18:31:39.738324,0 days 00:00:08.183395,0.7909437941892936,-1,105,49,2.813405887360663e-06,5112084.908046677,1.9742444157600403,0.06534463167190552,-1.3146845454021188,-1.071462494363515,-1.664903680257705,-1.0639851869120573,-1.4583868200751984,0.0910166775960365,0.003521942021289447,0.2575417056633576,COMPLETE,8_0
16,-1.3591722099822867,2023-04-25 18:31:34.237065,2023-04-25 18:32:12.596256,0 days 00:00:38.359191,0.8414690657910107,-1,437,49,1.6746861221386777e-07,5914195.9783693245,9.224479973316193,0.3593587279319763,-1.3591722099822867,-1.0749331574562753,-1.588290373609707,-1.1433026817936174,-1.6301626270695477,1.3798370294765618,0.03593318976187076,0.2516557327175423,COMPLETE,8_0
17,-1.268156898041379,2023-04-25 18:31:39.740374,2023-04-25 18:31:52.855502,0 days 00:00:13.115128,0.7554398229388725,1,486,50,7.407004541849516e-07,7277448.675339906,3.0769267678260803,0.17706352472305298,-1.268156898041379,-1.0572483558745875,-1.4201904800432232,-1.2236819011664501,-1.371506855081256,0.1882336602264084,0.035626769459502994,0.14164732805669342,COMPLETE,8_0
18,-1.4442759915533756,2023-04-25 18:31:43.198993,2023-04-25 18:31:57.011056,0 days 00:00:13.812063,0.91665889217948,-1,67,50,2.537233726714075e-06,240991.65396560452,3.3429223895072937,0.10407251119613647,-1.4442759915533756,-1.1791183230657425,-1.5985483346464693,-1.2842830569169097,-1.7151542515843814,0.22400832932720446,0.006615629522785356,0.219705095464491,COMPLETE,8_0
19,-1.4532988330426027,2023-04-25 18:31:52.859136,2023-04-25 18:33:26.063667,0 days 00:01:33.204531,0.023069062861150083,-1,482,49,5.65651064837186e-06,19956.440523370125,22.32661271095276,0.9685512185096741,-1.4532988330426027,-1.254800382118896,-1.7378015446499722,-1.3467061811442116,-1.4738872242573309,0.7233699938051625,0.28624143886846376,0.18174797331923642,COMPLETE,8_0
20,-1.4941268024503265,2023-04-25 18:31:57.012727,2023-04-25 18:33:24.655259,0 days 00:01:27.642532,0.03121606325603256,0,499,44,8.063174898627345e-06,1116.8190601410424,21.066792488098145,0.8377926349639893,-1.4941268024503265,-1.3034071297650838,-1.9172698988380432,-1.3818533878568147,-1.373976793341364,0.6408008626349435,0.2679986320247287,0.24620388800906504,COMPLETE,8_0
21,-1.4681512092441105,2023-04-25 18:32:12.600334,2023-04-25 18:32:58.197951,0 days 00:00:45.597617,0.026061156294925534,6,369,44,4.46386115147761e-06,1262.3023627100913,11.040835440158844,0.3526655435562134,-1.4681512092441105,-1.277022248183836,-1.9314962847554575,-1.3040316244044388,-1.3600546796327102,0.3110201235934686,0.033819136059979035,0.26918350460167983,COMPLETE,8_0
22,-1.5050400086661444,2023-04-25 18:32:33.987858,2023-04-25 18:33:10.541364,0 days 00:00:36.553506,0.02261244400133208,5,363,43,1.9154869419516676e-05,928.4694746235228,8.83319628238678,0.2991769313812256,-1.5050400086661444,-1.2668337220805765,-1.9766939859219546,-1.4419989343363881,-1.334633392325658,0.6284413670784169,0.007862804662848938,0.2793798047351372,COMPLETE,8_0
23,-1.4555941445091696,2023-04-25 18:32:58.201528,2023-04-25 18:33:34.809784,0 days 00:00:36.608256,0.01883073987713266,38,319,23,2.784842767305627e-05,113.37890786745976,8.717636406421661,0.4280998110771179,-1.4555941445091696,-1.2400188737051705,-1.8466314158417028,-1.4277752683060794,-1.3079510201837263,0.2988491026862795,0.15565673336690175,0.23556062223299964,COMPLETE,8_0
24,-1.3906787999033443,2023-04-25 18:33:10.544968,2023-04-25 18:33:39.833574,0 days 00:00:29.288606,0.16673072874968944,8,311,38,2.913344363628415e-05,992955.7238658426,7.065531373023987,0.2469174861907959,-1.3906787999033443,-1.135488300028741,-1.7038989645299503,-1.1135846275697767,-1.6097433074849095,0.6381660257045129,0.030165818266942673,0.26832792511130227,COMPLETE,8_0
25,-1.411609865293483,2023-04-25 18:33:24.656561,2023-04-25 18:34:03.243742,0 days 00:00:38.587181,0.15320667038380972,7,286,37,4.5448959918342956e-05,246716.45464240902,9.285452246665955,0.35467851161956787,-1.411609865293483,-1.0931595244651768,-1.813035114513599,-1.2535313144311868,-1.4867135077639697,0.20413912382202196,0.036938870573025875,0.2707315255193578,COMPLETE,8_0
26,-1.423847876707344,2023-04-25 18:33:26.065465,2023-04-25 18:34:04.002345,0 days 00:00:37.936880,0.14052528353540578,8,304,39,4.3449366043421726e-05,488904.5866918366,9.08751666545868,0.3908173441886902,-1.423847876707344,-1.1128675725643802,-1.7941692989075166,-1.2067614853148896,-1.5815931500425886,0.3830363154341335,0.1728938935454519,0.2765215985653823,COMPLETE,8_0
27,-1.43068932811709,2023-04-25 18:33:34.812924,2023-04-25 18:34:08.026632,0 days 00:00:33.213708,0.1800310138731898,8,270,37,1.8868628857788027e-07,600456.3210437618,7.915505766868591,0.38063162565231323,-1.43068932811709,-1.1307968617607058,-1.77509577696689,-1.1954979566403203,-1.6213667171004436,0.6860686921413108,0.06707004226175742,0.273963565676751,COMPLETE,8_0
28,-1.3547336249110435,2023-04-25 18:33:39.835488,2023-04-25 18:33:52.600698,0 days 00:00:12.765210,0.2088126391511069,16,89,36,1.284639396968769e-07,251932.95884842926,3.0756593346595764,0.10948652029037476,-1.3547336249110435,-1.0741806878253968,-1.7038416971377777,-1.1744777487480698,-1.4664343659329302,0.1819482859757123,0.022589260157219144,0.2477678515452365,COMPLETE,8_0
29,-1.4051077651348125,2023-04-25 18:33:52.605548,2023-04-25 18:34:04.882100,0 days 00:00:12.276552,0.22712823582819125,3,203,40,2.0590251538930914e-06,7218097.775704957,2.926473915576935,0.1361020803451538,-1.4051077651348125,-1.1959628674660516,-1.7806317939435061,-1.1878919783014201,-1.4559444208282728,0.12375449684190004,0.02092334731203552,0.2421399120577472,COMPLETE,8_0
30,-1.3571000907684538,2023-04-25 18:34:03.247508,2023-04-25 18:34:15.920570,0 days 00:00:12.673062,0.3189528267785067,3,205,46,7.047460192074327e-07,6922933.649695827,3.0558372139930725,0.1055065393447876,-1.3571000907684538,-1.125733632068539,-1.7575065101615253,-1.1070276707027211,-1.4381325501410298,0.41497779692467934,0.018172321874166463,0.2659690835661262,COMPLETE,8_0
31,-1.3630695033925861,2023-04-25 18:34:04.004136,2023-04-25 18:34:16.935074,0 days 00:00:12.930938,0.3778303910409995,3,210,47,1.3759366165188884e-06,8986896.140875932,3.1150234937667847,0.1115570068359375,-1.3630695033925861,-1.1356653106616827,-1.7595722687891835,-1.120971421560623,-1.4360690125588556,0.3873251339623727,0.01624083942660573,0.2611836132895664,COMPLETE,8_0
32,-1.5794516275717478,2023-04-25 18:34:04.883160,2023-04-25 18:34:09.088828,0 days 00:00:04.205668,0.00799055609669906,11,15,46,7.563531193423242e-07,27874.95594481507,0.9935775399208069,0.05017656087875366,-1.5794516275717478,-1.4127872693867696,-1.8735491048455795,-1.4512861127541339,-1.580184023300508,0.3198798625602161,0.0054713807195445625,0.1807603869906306,COMPLETE,8_0
33,-1.614783530621343,2023-04-25 18:34:08.034998,2023-04-25 18:34:10.612338,0 days 00:00:02.577340,0.009904127598758168,12,4,46,0.0003735943487791833,39440.47864984844,0.5989353060722351,0.03696846961975098,-1.614783530621343,-1.455553228962978,-1.8937814297830209,-1.4897116551375111,-1.620087808601862,0.0575952574473708,0.004529480966016678,0.17238418293508068,COMPLETE,8_0
34,-1.3373843741660218,2023-04-25 18:34:09.097610,2023-04-25 18:34:31.429296,0 days 00:00:22.331686,0.47503507250111865,3,402,47,1.0639781452794171e-07,4802183.849494147,5.359019756317139,0.21686434745788574,-1.3373843741660218,-1.0309958997304816,-1.6251149606237452,-1.0864137953909472,-1.6070128409189128,0.05574824685146552,0.013285632889633511,0.27944074915107403,COMPLETE,8_0
35,-1.3227958451440014,2023-04-25 18:34:10.616913,2023-04-25 18:34:34.266457,0 days 00:00:23.649544,0.5464556446623846,3,455,47,1.1826698514624427e-07,8980584.503520947,5.650518000125885,0.2519756555557251,-1.3227958451440014,-1.0348207354520438,-1.6337686363930954,-1.0799721365023744,-1.5426218722284915,0.19764163285290176,0.019373899799846987,0.26782483844929894,COMPLETE,8_0
36,-1.3186431622768888,2023-04-25 18:34:15.921828,2023-04-25 18:34:39.805213,0 days 00:00:23.883385,0.5399897761149282,3,430,41,1.414935818973529e-06,9357952.289195156,5.695673644542694,0.2687457203865051,-1.3186431622768888,-1.0397636150974048,-1.6385521712698712,-1.074167099310453,-1.5220897634298263,0.2954537637458296,0.11603728298712283,0.26517665845345306,COMPLETE,8_0
37,-1.3229562284031458,2023-04-25 18:34:16.937664,2023-04-25 18:34:43.066121,0 days 00:00:26.128457,0.06574967513404634,3,447,41,1.7322907069121868e-07,1188329.451174703,6.306888222694397,0.21893423795700073,-1.3229562284031458,-1.0537627309632709,-1.6641127929291208,-1.0893904422944778,-1.4845589474257135,0.3384491596309079,0.04353251815695497,0.2595772311948434,COMPLETE,8_0
38,-1.3069059995270285,2023-04-25 18:34:31.434038,2023-04-25 18:34:51.668734,0 days 00:00:20.234696,0.07290224484861771,2,454,42,0.00019184811022947209,935356.698239949,4.824371755123138,0.22548317909240723,-1.3069059995270285,-1.0247375992099406,-1.5663877128888162,-1.0596468674623907,-1.5768518185469667,0.5482652050942123,0.03806620691256004,0.26502716337310434,COMPLETE,8_0
