number,value,datetime_start,datetime_complete,duration,params_learning_rate,params_max_depth,params_n_estimators,params_num_leaves,params_reg_alpha,params_reg_lambda,user_attrs_mean_fit_time,user_attrs_mean_score_time,user_attrs_mean_test_score,user_attrs_split0_test_score,user_attrs_split1_test_score,user_attrs_split2_test_score,user_attrs_split3_test_score,user_attrs_std_fit_time,user_attrs_std_score_time,user_attrs_std_test_score,state,key
21,-1.6399445814894005,2023-04-25 20:33:10.652581,2023-04-25 20:33:49.673767,0 days 00:00:39.021186,0.17006262209263603,47,377,24,12.734106169572327,81988.81017849628,9.435076355934143,0.31499606370925903,-1.6399445814894005,-1.7596632532069698,-1.7638408129847207,-1.4257950077908164,-1.6104792519750952,0.10500634798789507,0.04026587223683798,0.13821277265075127,COMPLETE,15_1
22,-1.6598967650658918,2023-04-25 20:33:12.412453,2023-04-25 20:33:50.119357,0 days 00:00:37.706904,0.9042621566421987,47,381,23,2.448731780742555,127171.43364344268,9.099600970745087,0.32200974225997925,-1.6598967650658918,-1.8085359646478205,-1.8113344004838303,-1.4519375605766973,-1.567779134555219,0.1527628177464249,0.014025058549885222,0.15553107218174472,COMPLETE,15_1
23,-1.6375647896071472,2023-04-25 20:33:33.914118,2023-04-25 20:34:14.752879,0 days 00:00:40.838761,0.5066827070995448,33,398,23,1.4261771245956452,118089.59243606013,9.883850753307343,0.32074999809265137,-1.6375647896071472,-1.7811243494149962,-1.7419767787897888,-1.417164397829243,-1.6099936323945612,0.29720106543739244,0.026292648253803706,0.14216866049097657,COMPLETE,15_1
24,-1.6036368533043226,2023-04-25 20:33:44.916831,2023-04-25 20:34:03.572475,0 days 00:00:18.655644,0.5323880638031018,34,256,13,0.0004430359551540212,351998.3342529426,4.488820910453796,0.1691955327987671,-1.6036368533043226,-1.7741788671871745,-1.6832636039176128,-1.4119373970991165,-1.5451675450133868,0.3065541782471201,0.011036620945259982,0.13747030536977994,COMPLETE,15_1
25,-1.4915473738058889,2023-04-25 20:33:49.693642,2023-04-25 20:33:52.107444,0 days 00:00:02.413802,0.6820388326068001,34,17,12,0.0001225723746495744,624361.3153381003,0.573252260684967,0.025282740592956543,-1.4915473738058889,-1.5024439969257908,-1.541773355731253,-1.3546491966077905,-1.567322945958721,0.10443240590013696,0.0033007430943098708,0.08234748616538819,COMPLETE,15_1
26,-1.6406936863055264,2023-04-25 20:33:50.124832,2023-04-25 20:33:52.282081,0 days 00:00:02.157249,0.012534657409556312,33,20,10,0.000280307776455108,8573342.273205006,0.5050866603851318,0.029211342334747314,-1.6406936863055264,-1.642127419810915,-1.7151411597401525,-1.6174523528961564,-1.5880538127748816,0.04607505126500161,0.006955129069497617,0.04705209282415504,COMPLETE,15_1
27,-1.585589905470124,2023-04-25 20:33:52.109374,2023-04-25 20:34:12.377156,0 days 00:00:20.267782,0.9448989511530007,33,282,13,0.0007340147248390968,1342485.007441942,4.865266919136047,0.1964777708053589,-1.585589905470124,-1.766912069808933,-1.6287063024370116,-1.4097690499197326,-1.536972199714818,0.18646401575942642,0.013772021370031234,0.13039689943332372,COMPLETE,15_1
28,-1.5476081645052235,2023-04-25 20:33:52.283474,2023-04-25 20:34:12.355800,0 days 00:00:20.072326,0.3015127012478104,36,282,13,3.513352720454723e-06,693521.6089263058,4.794220745563507,0.2174597978591919,-1.5476081645052235,-1.7132252342476177,-1.5812148301057787,-1.3729819662639715,-1.523010627403527,0.09004712659746597,0.046057126064204174,0.1221247003133549,COMPLETE,15_1
29,-1.5058321543890438,2023-04-25 20:34:03.575622,2023-04-25 20:34:33.277124,0 days 00:00:29.701502,0.16920086285729577,41,316,21,2.9372350217826448e-06,909030.614954444,7.206538915634155,0.21324050426483154,-1.5058321543890438,-1.5937139649218186,-1.5280876410465776,-1.3389458848434213,-1.562581126744358,0.1725414584272254,0.039854862511990226,0.09910851645433981,COMPLETE,15_1
30,-1.6264497347881177,2023-04-25 20:34:12.358780,2023-04-25 20:34:30.990613,0 days 00:00:18.631833,0.9663586354738153,41,438,6,2.8600741174446566e-07,873448.6741799748,4.477446258068085,0.17530947923660278,-1.6264497347881177,-1.8265452505222441,-1.6332138768985789,-1.43041023097798,-1.6156295807536674,0.10522114228381495,0.01666316722308269,0.14020746398003459,COMPLETE,15_1
31,-1.6832331081186889,2023-04-25 20:34:12.378883,2023-04-25 20:34:28.735599,0 days 00:00:16.356716,0.19811895844672897,41,437,5,1.6340068148853608e-07,11321.132859372417,3.929285228252411,0.15517950057983398,-1.6832331081186889,-1.9104935024347376,-1.6700313580636714,-1.5316881584873108,-1.6207194134890353,0.06068336558846414,0.013901928851389158,0.14026350808765944,COMPLETE,15_1
32,-1.5371357297055264,2023-04-25 20:34:14.754614,2023-04-25 20:35:05.251753,0 days 00:00:50.497139,0.0010284668200081397,41,431,29,1.0133604359151177e-07,5066.075299441493,12.294606685638428,0.32452160120010376,-1.5371357297055264,-1.5533914138317473,-1.6137769542165044,-1.4749340445696648,-1.5064405062041897,0.2870901025955551,0.06372093957486842,0.0523196209382567,COMPLETE,15_1
33,-1.6440026290129404,2023-04-25 20:34:28.738558,2023-04-25 20:35:09.729196,0 days 00:00:40.990638,0.019127995080547484,28,337,29,4.8903252650875396e-05,2189.926744271065,9.918757379055023,0.3229089379310608,-1.6440026290129404,-1.8274401932327178,-1.71457757709871,-1.30410183846649,-1.7298909072538438,0.1529236591635523,0.04420722026344527,0.20095988842147258,COMPLETE,15_1
34,-1.6965703096073879,2023-04-25 20:34:30.992250,2023-04-25 20:34:56.814427,0 days 00:00:25.822177,0.14231003082505092,28,321,20,3.7085549372198955e-06,1295.1614405596404,6.257913291454315,0.1923283338546753,-1.6965703096073879,-1.8597042122025857,-1.7835782660331843,-1.4154737170667029,-1.7275250431270779,0.1763420123781693,0.0157986486790275,0.16893530161173514,COMPLETE,15_1
35,-1.6633499946009913,2023-04-25 20:34:33.279703,2023-04-25 20:35:02.081130,0 days 00:00:28.801427,0.1357419850948922,28,341,19,2.3760275596656526e-06,8942.685992822937,6.957794964313507,0.23696905374526978,-1.6633499946009913,-1.790327958597068,-1.7820164183145049,-1.387158736301028,-1.6938968651913642,0.10283725093063105,0.038262704981458236,0.16387483479909756,COMPLETE,15_1
36,-1.577685027515304,2023-04-25 20:34:56.816721,2023-04-25 20:35:34.717926,0 days 00:00:37.901205,0.02283002997740961,43,335,28,2.7210355232274557e-05,20769.12924398502,9.168202996253967,0.3005002737045288,-1.577685027515304,-1.664004803647336,-1.629616346148525,-1.3760988305511148,-1.6410201297142402,0.10061260168719734,0.03244520941864492,0.11704304291958559,COMPLETE,15_1
37,-1.6414580041572449,2023-04-25 20:35:02.083015,2023-04-25 20:35:04.621770,0 days 00:00:02.538755,0.00620961647403995,44,13,27,4.490866956182198e-05,9360909.332540488,0.602349042892456,0.025258183479309082,-1.6414580041572449,-1.6429906405647388,-1.715923214792344,-1.6183886281189261,-1.5885295331529699,0.03720075687525447,0.001314252833597858,0.0471196236268261,COMPLETE,15_1
38,-1.5758192597518403,2023-04-25 20:35:04.623257,2023-04-25 20:35:23.000773,0 days 00:00:18.377516,0.022113950223437533,38,145,30,1.718210454864042e-05,1402637.175625625,4.469845175743103,0.11903303861618042,-1.5758192597518403,-1.5704422238855689,-1.6459228024322898,-1.5327279262248215,-1.554184086464681,0.8887941290973144,0.019850876783215142,0.04262734732351689,COMPLETE,15_1
39,-1.5100154647518256,2023-04-25 20:35:05.253069,2023-04-25 20:35:47.043725,0 days 00:00:41.790656,0.023757885252346594,37,489,21,9.171059833518639e-07,1782251.999601174,10.009368479251862,0.43272191286087036,-1.5100154647518256,-1.4984106193678455,-1.57451938288741,-1.431914676276961,-1.5352171804750858,0.27762042769596085,0.07075110772503711,0.05251258784096396,COMPLETE,15_1
40,-1.5637083161177836,2023-04-25 20:35:09.731067,2023-04-25 20:35:24.356045,0 days 00:00:14.624978,0.03765608282522137,38,116,35,1.2543437898584754e-06,1549514.4631981102,3.545656383037567,0.1050143837928772,-1.5637083161177836,-1.557052807365107,-1.6330884439377542,-1.5152582970496935,-1.5494337161185805,0.14334980631005093,0.015368652060890355,0.04303796720893064,COMPLETE,15_1
41,-1.597650947728241,2023-04-25 20:35:23.002432,2023-04-25 20:35:55.780928,0 days 00:00:32.778496,0.054108014846973834,23,225,35,0.0012019250802457928,32627.14646352686,7.915240585803986,0.27396517992019653,-1.597650947728241,-1.7112637315500587,-1.6576637735731459,-1.3905309053665802,-1.631145380423179,0.2513669804648336,0.051255904861081274,0.12301421958770241,COMPLETE,15_1
42,-1.6456245618539584,2023-04-25 20:35:24.358055,2023-04-25 20:35:45.419402,0 days 00:00:21.061347,0.3249415000480475,44,216,21,0.001406604040434958,29134.919266797533,5.0499584674835205,0.20986276865005493,-1.6456245618539584,-1.7882162177267371,-1.7191617621721464,-1.4056739326484697,-1.6694463348684805,0.16532043052939183,0.061435493529370985,0.1448135710843804,COMPLETE,15_1
43,-1.6640113745612162,2023-04-25 20:35:34.719595,2023-04-25 20:35:46.570314,0 days 00:00:11.850719,0.3413451616174159,24,219,9,0.003158691938233277,44881.340002041805,2.8457374572753906,0.11110776662826538,-1.6640113745612162,-1.8194222020168216,-1.8230061927367758,-1.410505717115806,-1.6031113863754618,0.16739290058369893,0.015805541413699203,0.17132265204503017,COMPLETE,15_1
44,-1.6437454656922281,2023-04-25 20:35:45.422088,2023-04-25 20:36:02.475657,0 days 00:00:17.053569,0.07782989680250738,22,216,16,5.205788794327884e-07,1.1076162369974704e-07,4.131996750831604,0.12491792440414429,-1.6437454656922281,-1.8550780573509806,-1.7193630424200674,-1.3838832678362132,-1.616657495161651,0.04454560646838886,0.014381751175276207,0.1722219514387029,COMPLETE,15_1
45,-1.507972486266568,2023-04-25 20:35:46.571833,2023-04-25 20:36:09.588127,0 days 00:00:23.016294,0.08377593600354108,14,282,17,6.482357800839808e-07,319352.70934867894,5.57240891456604,0.17542338371276855,-1.507972486266568,-1.5882202539901131,-1.5422727060421864,-1.3416176410121627,-1.5597793440218095,0.1660959114345955,0.020200546236675162,0.09743471449046885,COMPLETE,15_1
46,-1.5333057993950845,2023-04-25 20:35:47.045163,2023-04-25 20:36:23.836458,0 days 00:00:36.791295,0.07612470049687327,36,486,16,6.991950204322517e-07,320287.11134521646,8.842240452766418,0.3495410084724426,-1.5333057993950845,-1.660394740340008,-1.586223963475121,-1.3441209626105663,-1.542483531154643,0.3000207082936463,0.06952752393935172,0.1170758987041516,COMPLETE,15_1
47,-1.5709036131326317,2023-04-25 20:35:55.785438,2023-04-25 20:36:32.879138,0 days 00:00:37.093700,0.12674128819376423,35,489,16,4.891971787894554e-07,337267.7659497917,8.926733791828156,0.3389328718185425,-1.5709036131326317,-1.7294015439808497,-1.6330775289582655,-1.3710460775752997,-1.550089302016112,0.787980232548817,0.06297840621326194,0.13168471813252,COMPLETE,15_1
48,-1.5027436759679145,2023-04-25 20:36:02.477072,2023-04-25 20:36:41.414899,0 days 00:00:38.937827,0.2338987121831733,36,495,25,9.454749908991801e-07,2385732.8838758357,9.371921360492706,0.3544626235961914,-1.5027436759679145,-1.5832329316485614,-1.5236644077829906,-1.3423919292537585,-1.5616854351863474,2.7759188794351175,0.06111066045540844,0.09500396169864107,COMPLETE,15_1
49,-1.59519567468446,2023-04-25 20:36:09.590653,2023-04-25 20:36:36.167808,0 days 00:00:26.577155,0.2723104081425719,12,288,25,5.035391003173188e-06,332249.2958673827,6.4264978766441345,0.21133804321289062,-1.59519567468446,-1.7571927055050651,-1.6715556131145068,-1.4161843141961445,-1.535850065922124,0.8807001681969158,0.022882983403618763,0.13003926969860152,COMPLETE,15_1
0,-1.8519077235473367,2023-04-25 20:36:48.673089,2023-04-25 20:36:57.678354,0 days 00:00:09.005265,2.2667610928922907e-05,42,171,5,4.17560463024258e-06,0.0007945120926921047,2.1795257329940796,0.0699506402015686,-1.8519077235473367,-1.8668537160146268,-2.104776796344526,-1.67771237644526,-1.7582880053849346,0.4584968876814286,0.0047753963741868485,0.16068200058575569,COMPLETE,15_2
1,-1.718072897415852,2023-04-25 20:36:48.676177,2023-04-25 20:36:57.442118,0 days 00:00:08.765941,0.03823305207703883,19,32,48,0.40728189238159046,0.0011649361933789276,2.135386347770691,0.05393117666244507,-1.718072897415852,-1.8028730744755652,-1.913999137775762,-1.7006889737982327,-1.4547304036138478,0.41397350241847836,0.013623537924018667,0.16972745176689139,COMPLETE,15_2
2,-1.8531941617735108,2023-04-25 20:36:48.677866,2023-04-25 20:36:51.188602,0 days 00:00:02.510736,2.740534513505717e-07,7,21,19,2598233.936459351,40.80436257809471,0.5799804925918579,0.04502105712890625,-1.8531941617735108,-1.8683042971292192,-2.1062290827597976,-1.6784916371870668,-1.7597516300179596,0.22817787551933003,0.02152425634564373,0.16086288125820733,COMPLETE,15_2
3,-1.8321008281583882,2023-04-25 20:36:48.679032,2023-04-25 20:37:35.691788,0 days 00:00:47.012756,0.00015339569997742522,42,283,39,2.1298686614924698e-05,1.0475400139913515,11.520603120326996,0.2295750379562378,-1.8321008281583882,-1.8448064437811975,-2.091789602643775,-1.6597032167635029,-1.7321040494450775,1.0483116371736552,0.017198826889250042,0.16379864501101443,COMPLETE,15_2
4,-1.7946158747591041,2023-04-25 20:36:51.192433,2023-04-25 20:36:58.103644,0 days 00:00:06.911211,0.3521485475774859,27,50,24,4.954745049163978e-07,50.82162783372234,1.6828733086585999,0.0428844690322876,-1.7946158747591041,-1.9338940906777837,-1.8106412956452143,-1.9165786999786858,-1.5173494127347333,0.1364404661154791,0.005001057480670099,0.16688832886328614,COMPLETE,15_2
5,-1.8531941617735108,2023-04-25 20:36:57.444113,2023-04-25 20:37:02.936244,0 days 00:00:05.492131,2.1041258475528262e-07,20,263,49,1719164.0557874162,5264181.948803469,1.3507816195487976,0.02087533473968506,-1.8531941617735108,-1.8683042971292192,-2.1062290827597976,-1.6784916371870668,-1.7597516300179596,0.08667252598110285,0.0027144190637935607,0.16086288125820733,COMPLETE,15_2
6,-1.8530619433869822,2023-04-25 20:36:57.681372,2023-04-25 20:37:54.170884,0 days 00:00:56.489512,6.615651615118727e-07,43,399,33,2.519234226437584e-07,4.15355522184066,13.845753610134125,0.2742759585380554,-1.8530619433869822,-1.868165334630032,-2.1061371404824025,-1.678367808915319,-1.7595774895201755,0.3784451524123501,0.04025807751674789,0.1608823728267839,COMPLETE,15_2
7,-1.6906273289739349,2023-04-25 20:36:58.104822,2023-04-25 20:37:08.458428,0 days 00:00:10.353606,0.003741665314718749,3,216,19,0.001284233066163363,0.008945986597428322,2.496260404586792,0.0905299186706543,-1.6906273289739349,-1.748446456725081,-1.8960587705191438,-1.5478650144520314,-1.570139074199483,0.1373164994949781,0.007002730705639614,0.14181292844403334,COMPLETE,15_2
8,-1.9641980090850468,2023-04-25 20:37:02.937879,2023-04-25 20:37:47.329355,0 days 00:00:44.391476,0.6629426783733123,20,468,30,0.005368466237060909,0.4588671475881169,10.905709683895111,0.18999969959259033,-1.9641980090850468,-2.113449910873435,-2.040455692286018,-2.1409131512086885,-1.561973281972046,0.2973189174611855,0.027330766066645706,0.2351086647656447,COMPLETE,15_2
9,-1.7985268062133346,2023-04-25 20:37:08.460256,2023-04-25 20:37:29.857392,0 days 00:00:21.397136,0.00080865448864709,-1,156,31,0.0011730766773022177,0.027281193508943473,5.1859554052352905,0.16152548789978027,-1.7985268062133346,-1.8046238690889116,-2.0664283913138335,-1.6349493007366964,-1.688105663713896,0.1461661779355615,0.043385199457030565,0.16640227048023526,COMPLETE,15_2
10,-1.7102322014707076,2023-04-25 20:37:29.862756,2023-04-25 20:38:32.915132,0 days 00:01:03.052376,0.0023680766570742836,27,493,28,0.0007668653083601084,0.008125590603292696,15.376619279384613,0.3842584490776062,-1.7102322014707076,-1.7277082286720606,-1.911058719116618,-1.701528815282409,-1.5006330428117431,0.657589325238424,0.05089783107524891,0.1454684312473105,COMPLETE,15_2
11,-1.8525393581779,2023-04-25 20:37:35.694525,2023-04-25 20:37:41.710056,0 days 00:00:06.015531,5.7102527799709174e-05,19,85,46,51701.076562287766,65619.84481874417,1.4485177397727966,0.05324500799179077,-1.8525393581779,-1.8676298986040016,-2.1056927066437714,-1.677800944835553,-1.7590338826282732,0.12443414456718747,0.007908651992006166,0.16092787926971933,COMPLETE,15_2
12,-1.7320334022129305,2023-04-25 20:37:41.712386,2023-04-25 20:38:11.933003,0 days 00:00:30.220617,0.028432424122375306,47,261,25,104.29899960914219,2447.8238052616216,7.294120728969574,0.25916004180908203,-1.7320334022129305,-1.8915653314508145,-1.7586254358040136,-1.711294833525368,-1.5666480080715264,0.269899191392552,0.031151843900693588,0.11612492144603034,COMPLETE,15_2
13,-1.6796998571250863,2023-04-25 20:37:47.331343,2023-04-25 20:38:10.228141,0 days 00:00:22.896798,0.004804988883167562,8,380,10,17.48823189222016,1.912196872094594e-07,5.513037800788879,0.2067195177078247,-1.6796998571250863,-1.7354396634521279,-1.8011365519644793,-1.6445605447289715,-1.5376626683547665,0.13752031833732517,0.020987892841640484,0.09907463238934976,COMPLETE,15_2
14,-1.7186257513323437,2023-04-25 20:37:54.172671,2023-04-25 20:38:19.734448,0 days 00:00:25.561777,0.014223790290306819,8,346,13,7.187711893430048,2.2512435210158488e-06,6.155476987361908,0.23026597499847412,-1.7186257513323437,-1.8282757891740034,-1.697585278556031,-1.805286225973184,-1.5433557116261576,0.16049613240093993,0.01345935370011924,0.11257825831051028,COMPLETE,15_2
15,-1.704136051251518,2023-04-25 20:38:10.230110,2023-04-25 20:38:37.081735,0 days 00:00:26.851625,0.006128738215547393,7,393,12,36.058720386921664,5.523615703451793e-07,6.467091262340546,0.24070626497268677,-1.704136051251518,-1.7596388872983346,-1.7597807085714,-1.7743296865463083,-1.5227949225900297,0.14517864221999285,0.040084437103667554,0.10486734963467821,COMPLETE,15_2
16,-1.6909543504444273,2023-04-25 20:38:11.934081,2023-04-25 20:38:35.952596,0 days 00:00:24.018515,0.0037234992051156214,8,345,11,3.883998415625551,2.1593016221566435e-06,5.824222147464752,0.17517828941345215,-1.6909543504444273,-1.712986773377879,-1.8479465179245715,-1.6608013951035883,-1.5420827153716699,0.21238191208401763,0.022760533786808146,0.109776970211715,COMPLETE,15_2
17,-1.71227890168577,2023-04-25 20:38:19.736454,2023-04-25 20:38:43.587866,0 days 00:00:23.851412,0.001862603719760581,-1,362,10,0.07226702723196726,5.54931162540865e-07,5.758380830287933,0.19872403144836426,-1.71227890168577,-1.6820293011435263,-1.9371208761080903,-1.6327844117993238,-1.5971810176921404,0.22102955711536612,0.020459822626023423,0.133262756065986,COMPLETE,15_2
18,-1.7005920238072272,2023-04-25 20:38:32.917619,2023-04-25 20:38:59.754619,0 days 00:00:26.837000,0.0034658350183159265,-1,352,12,0.2300161546537253,1.3154199565357124e-07,6.519481778144836,0.18471425771713257,-1.7005920238072272,-1.714240411008466,-1.848251881668584,-1.6943248630051726,-1.5455509395466862,0.09739636278011457,0.0197309529805819,0.10731580406682188,COMPLETE,15_2
19,-1.8133347906110107,2023-04-25 20:38:35.955392,2023-04-25 20:38:54.335674,0 days 00:00:18.380282,0.0005371476331395507,-1,176,18,2509.1305320947727,4.4391865292775127e-07,4.476858913898468,0.113433837890625,-1.8133347906110107,-1.8224922697457326,-2.070604475754758,-1.6454096884782263,-1.7148327284653262,0.11311698226855207,0.011151847747407741,0.16137924780724144,COMPLETE,15_2
20,-1.8088992319425519,2023-04-25 20:38:37.084454,2023-04-25 20:38:43.526148,0 days 00:00:06.441694,0.0006506763614349199,2,166,18,0.019835636769956873,1.8985374548702876e-05,1.5412017703056335,0.06434422731399536,-1.8088992319425519,-1.8234307246256047,-2.0569438881207978,-1.6350600884174888,-1.7201622266063161,0.07034928150645793,0.011905164269409026,0.15798071059131905,COMPLETE,15_2
21,-1.732014673350628,2023-04-25 20:38:43.527791,2023-04-25 20:38:53.521246,0 days 00:00:09.993455,0.10836578927588925,13,203,7,0.09167183486194419,5.8907412719512636e-05,2.4014196395874023,0.09205359220504761,-1.732014673350628,-1.9648104429716389,-1.7282397736023207,-1.6648876461916384,-1.5701208306369143,0.07560567062746838,0.012344879705938649,0.14570841971671106,COMPLETE,15_2
22,-1.7445784922149394,2023-04-25 20:38:43.589788,2023-04-25 20:38:57.278589,0 days 00:00:13.688801,0.07046290645878324,14,210,19,3858.7979063358543,5.4993205717305475e-05,3.3157259821891785,0.10133147239685059,-1.7445784922149394,-1.9445821993689578,-1.7399013426256,-1.6479034106041937,-1.6459270162610065,0.07614822195111716,0.011792786356350289,0.12155404530080968,COMPLETE,15_2
23,-1.754539712444607,2023-04-25 20:38:53.523973,2023-04-25 20:39:11.182825,0 days 00:00:17.658852,0.09192374001005343,12,437,18,1987.0791693416313,4.612115085568323e-05,4.2916401624679565,0.11690151691436768,-1.754539712444607,-1.8736038366107062,-1.7787169174792614,-1.7464728424190659,-1.6193652532693943,0.2209866634547361,0.015727976243997275,0.09096429479753061,COMPLETE,15_2
24,-1.713209606026254,2023-04-25 20:38:54.337630,2023-04-25 20:39:21.413286,0 days 00:00:27.075656,0.007583956793251578,13,311,15,1.664509556587327,3.769484424340643e-05,6.565531969070435,0.19857126474380493,-1.713209606026254,-1.7693544959247054,-1.771973374267078,-1.8000696166706016,-1.5114409372426314,0.22798461491962413,0.017885602698311163,0.1171117909002141,COMPLETE,15_2
25,-1.700321633418349,2023-04-25 20:38:57.282670,2023-04-25 20:39:24.865619,0 days 00:00:27.582949,0.005769505090322074,12,321,14,3.2632495379167734,1.7085042842647396e-07,6.690019130706787,0.19945108890533447,-1.700321633418349,-1.7344333816476587,-1.7938717975242187,-1.7439004005233043,-1.529080953978214,0.11773837328136248,0.026402477067483738,0.10141218345075947,COMPLETE,15_2
26,-1.6780729161879702,2023-04-25 20:38:59.756878,2023-04-25 20:39:18.343252,0 days 00:00:18.586374,0.006779218501493033,12,313,8,2.310067428884358,8.494537236341689e-06,4.490196585655212,0.15101176500320435,-1.6780729161879702,-1.7843727029135248,-1.7836517335251858,-1.5847505034372324,-1.559516724875937,0.2103339337411261,0.020702472312491785,0.10631459747873057,COMPLETE,15_2
