number,value,datetime_start,datetime_complete,duration,params_learning_rate,params_max_depth,params_n_estimators,params_num_leaves,params_reg_alpha,params_reg_lambda,user_attrs_mean_fit_time,user_attrs_mean_score_time,user_attrs_mean_test_score,user_attrs_split0_test_score,user_attrs_split1_test_score,user_attrs_split2_test_score,user_attrs_split3_test_score,user_attrs_std_fit_time,user_attrs_std_score_time,user_attrs_std_test_score,state,key
49,-1.0913035711055414,2023-04-25 18:14:32.216006,2023-04-25 18:14:41.604354,0 days 00:00:09.388348,0.020464511378742795,3,365,21,0.00013243936250686384,4493.526488257284,2.218460261821747,0.10969573259353638,-1.0913035711055414,-0.584889444146091,-1.2871173274390648,-1.3809066762005693,-1.11230083663644,0.4531271352662474,0.03007712633645549,0.30785919622207314,COMPLETE,6_0
0,-2.6567070223150386,2023-04-25 18:14:49.692330,2023-04-25 18:15:20.313522,0 days 00:00:30.621192,2.4062292079341583e-05,25,398,27,8.26927909067493e-05,4.77488571834485e-07,7.566191911697388,0.08768367767333984,-2.6567070223150386,-2.8018572668666066,-2.6832592952169017,-2.5947724762931488,-2.5469390508834984,0.3574989453415397,0.02141318058613822,0.09702900627231019,COMPLETE,6_1
1,-2.659957639390577,2023-04-25 18:14:49.694301,2023-04-25 18:14:53.870771,0 days 00:00:04.176470,0.0007863567079896383,3,411,7,8443636.007166162,622.9774515600187,1.0339038968086243,0.009293556213378906,-2.659957639390577,-2.800205794808159,-2.6900564393220803,-2.6004915666477535,-2.5490767567843142,0.0471955404646643,0.0037939175722784845,0.09540213151490573,COMPLETE,6_1
2,-2.65994446864105,2023-04-25 18:14:49.695435,2023-04-25 18:14:55.757243,0 days 00:00:06.061808,4.494442846573028e-07,24,158,30,37563.79147773322,8.475194708637841e-07,1.4816463589668274,0.032427847385406494,-2.65994446864105,-2.80019294312104,-2.690042659675988,-2.60047531869913,-2.54906695306804,0.10594138860864431,0.009728109715813761,0.09540170196594723,COMPLETE,6_1
3,-2.8844825982224886,2023-04-25 18:14:49.696662,2023-04-25 18:14:54.129475,0 days 00:00:04.432813,0.17503526013779963,27,428,14,67074.37295645312,3.6019065179899425,1.0989264845848083,0.008131265640258789,-2.8844825982224886,-3.3581430112635933,-2.8811448629284753,-2.4215429795728753,-2.87709953912501,0.10656728833407349,0.0017649856237059482,0.33118458880066004,COMPLETE,6_1
4,-2.6177829234667294,2023-04-25 18:14:53.872416,2023-04-25 18:14:59.882584,0 days 00:00:06.010168,0.0032747114647420014,15,50,37,409.417320085669,0.09937120784570501,1.4859569668769836,0.01570761203765869,-2.6177829234667294,-2.836891325519061,-2.600068001034412,-2.5079831362918292,-2.5261892310216147,0.3341700537315819,0.00272872090957081,0.1311179889318137,COMPLETE,6_1
5,-2.6560068537544557,2023-04-25 18:14:54.131135,2023-04-25 18:15:11.263185,0 days 00:00:17.132050,4.0833333629270485e-05,35,277,18,2107.530794079523,9.919391964388073e-05,4.220186948776245,0.06167799234390259,-2.6560068537544557,-2.800113409876306,-2.6823183407683557,-2.593116395527638,-2.5484792688455236,0.07280749333998847,0.006282341413231131,0.09614622342883429,COMPLETE,6_1
6,-2.659957639390577,2023-04-25 18:14:55.759278,2023-04-25 18:14:56.427295,0 days 00:00:00.668017,1.1766181861654866e-05,40,14,37,153614.6421087127,1511858.7415482185,0.1579737663269043,0.007908523082733154,-2.659957639390577,-2.800205794808159,-2.6900564393220803,-2.6004915666477535,-2.5490767567843142,0.00757507950591041,0.00149685915558879,0.09540213151490573,COMPLETE,6_1
7,-2.659957639390577,2023-04-25 18:14:56.428824,2023-04-25 18:14:57.418946,0 days 00:00:00.990122,5.6140106286170465e-06,39,45,48,9172410.830307506,158.3077897563348,0.2378113865852356,0.008636176586151123,-2.659957639390577,-2.800205794808159,-2.6900564393220803,-2.6004915666477535,-2.5490767567843142,0.009136703086963635,0.0034022363916953137,0.09540213151490573,COMPLETE,6_1
8,-2.659383869794879,2023-04-25 18:14:57.420727,2023-04-25 18:15:14.325136,0 days 00:00:16.904409,9.893043616903875e-06,35,172,31,23.203441416776574,1579.1938700004503,4.1822075843811035,0.0429118275642395,-2.659383869794879,-2.8002830840553217,-2.689047136621182,-2.599400855883452,-2.5488044026195587,0.10373039980250559,0.004830136343876517,0.09560109635445452,COMPLETE,6_1
9,-3.00172583395721,2023-04-25 18:14:59.884398,2023-04-25 18:15:23.971229,0 days 00:00:24.086831,0.38707028639179025,37,267,40,0.0748716912038896,0.007930618567855992,5.965656638145447,0.054617345333099365,-3.00172583395721,-3.3096679521359382,-2.823328990790824,-2.7655900148427595,-3.1083163780593175,0.11027685990473302,0.0050970662568668775,0.2200996654705373,COMPLETE,6_1
10,-2.6590637109664494,2023-04-25 18:15:11.266241,2023-04-25 18:15:47.715597,0 days 00:00:36.449356,9.596537269378732e-06,17,264,45,0.01229480576824495,1.6133300062245748e-05,9.031003177165985,0.07906877994537354,-2.6590637109664494,-2.8007176522513264,-2.688139264803743,-2.5989505927062293,-2.5484473341044995,0.16719024016899678,0.018927789905733426,0.09586552655871251,COMPLETE,6_1
11,-2.659889687534836,2023-04-25 18:15:14.326793,2023-04-25 18:15:26.653180,0 days 00:00:12.326387,2.0883220896954216e-06,30,82,50,0.001988919463586673,227.66801048620292,3.05254989862442,0.02787184715270996,-2.659889687534836,-2.8002382937003927,-2.689925376673307,-2.6003635596057513,-2.5490315201598923,0.0467440481981579,0.0067407149230401045,0.09543684699134578,COMPLETE,6_1
12,-2.643863412597811,2023-04-25 18:15:20.316407,2023-04-25 18:15:23.464749,0 days 00:00:03.148342,0.00019915223242535955,1,284,33,25022.297228109976,3.223049730508075e-07,0.7572727203369141,0.028603196144104004,-2.643863412597811,-2.7861159506731457,-2.671913693439875,-2.5833024911025193,-2.5341215151757033,0.04755117705789188,0.004318717226715667,0.09582994326717052,COMPLETE,6_1
13,-2.8161783638197178,2023-04-25 18:15:23.465922,2023-04-25 18:15:44.524323,0 days 00:00:21.058401,0.010871545098796372,10,162,50,0.11622726460883302,0.02233507558130206,5.20872688293457,0.05163675546646118,-2.8161783638197178,-3.105229213740931,-2.7390554393528013,-2.566142827369439,-2.8542859748157006,0.21646861195202188,0.014292036757527462,0.19587515081187906,COMPLETE,6_1
14,-2.5885062204159883,2023-04-25 18:15:23.973345,2023-04-25 18:15:29.648425,0 days 00:00:05.675080,0.0031415825184405396,4,149,47,77.32072122599921,0.006122692143926931,1.3807259798049927,0.03320896625518799,-2.5885062204159883,-2.8521667726489572,-2.4805659134216635,-2.4414524297284386,-2.579839765864894,0.08241517697247211,0.006112758523453638,0.16036514698328866,COMPLETE,6_1
15,-2.6616432011264974,2023-04-25 18:15:26.654467,2023-04-25 18:16:02.166572,0 days 00:00:35.512105,0.0022153026480380977,7,327,40,96.6303398883478,0.0049237637875184,8.770356714725494,0.1026574969291687,-2.6616432011264974,-2.996745497156068,-2.572209556492847,-2.4574952330981072,-2.6201225177589667,0.39498202834456075,0.018415040900132025,0.20229451648164826,COMPLETE,6_1
16,-2.7810927144268716,2023-04-25 18:15:29.650179,2023-04-25 18:15:43.419744,0 days 00:00:13.769565,0.011300227579715032,12,133,40,36.22657079758656,0.015053369809103871,3.394947111606598,0.043425798416137695,-2.7810927144268716,-3.0743100000182233,-2.719433332229596,-2.5330920317757064,-2.79753549368396,0.04973832560487424,0.007758876748975947,0.1946490171871228,COMPLETE,6_1
17,-2.6293838399413314,2023-04-25 18:15:43.421712,2023-04-25 18:15:55.984582,0 days 00:00:12.562870,0.003763445279659944,11,110,44,4.1960806953462233e-07,0.032721345857568446,3.10027813911438,0.03461199998855591,-2.6293838399413314,-2.9165567496294607,-2.5660970372613945,-2.4762346904101475,-2.5586468824643234,0.03286069051342848,0.00899539811165511,0.1695080223819987,COMPLETE,6_1
18,-2.6247181621409914,2023-04-25 18:15:44.526365,2023-04-25 18:15:57.064207,0 days 00:00:12.537842,0.0018536739696147055,16,108,42,7.069474352234718e-07,0.0002989285428472078,3.0951022505760193,0.03485590219497681,-2.6247181621409914,-2.856674713589343,-2.5923118771626883,-2.5153749838893718,-2.534511073922563,0.06094470636794642,0.008084165567195403,0.13688248469117556,COMPLETE,6_1
19,-2.633665333338649,2023-04-25 18:15:47.717461,2023-04-25 18:15:55.014241,0 days 00:00:07.296780,0.0011170580511468313,8,87,24,6.799857481928602,0.0004802739813387462,1.797534465789795,0.020750582218170166,-2.633665333338649,-2.819415162877753,-2.6320791118654694,-2.548231931697979,-2.5349351269133944,0.06117119378912013,0.005327581438723475,0.11352536616219028,COMPLETE,6_1
20,-2.777979289518599,2023-04-25 18:15:55.015977,2023-04-25 18:16:22.312457,0 days 00:00:27.296480,0.007575322816627391,18,207,43,159.27374801873643,0.145015608945105,6.753369450569153,0.06609225273132324,-2.777979289518599,-3.096701591379636,-2.682296700975462,-2.5280321176910405,-2.8048867480282573,0.2501228900973704,0.010792264994233698,0.20852857327112104,COMPLETE,6_1
21,-2.9137749284107652,2023-04-25 18:15:55.986616,2023-04-25 18:16:27.932456,0 days 00:00:31.945840,0.042056793104401524,19,347,37,171.00529752813438,2.7240423339763007,7.846111357212067,0.13626599311828613,-2.9137749284107652,-3.1909372390724506,-2.806147590347149,-2.606103016649563,-3.051911867573898,0.13646773831833772,0.016898115642158054,0.22480347506107226,COMPLETE,6_1
22,-2.6476900478678873,2023-04-25 18:15:57.065719,2023-04-25 18:16:09.929712,0 days 00:00:12.863993,0.00016236309040711084,5,216,36,286.5928574795986,0.7797095797296008,3.1549704670906067,0.05690401792526245,-2.6476900478678873,-2.8089527052496144,-2.6626111115280713,-2.5753793399512594,-2.543817034742605,0.14122943526871556,0.014156847948633013,0.10277003958072664,COMPLETE,6_1
23,-2.649046741747508,2023-04-25 18:16:02.168694,2023-04-25 18:16:25.957815,0 days 00:00:23.789121,0.00016773685710341126,18,216,35,1.4969244022265884,0.2615893649189705,5.886463046073914,0.056103527545928955,-2.649046741747508,-2.8079419948587927,-2.665688120561398,-2.580025259432894,-2.5425315921369487,0.045304353838152074,0.012786770844122485,0.10202215331435747,COMPLETE,6_1
24,-2.622261636164766,2023-04-25 18:16:09.931818,2023-04-25 18:16:11.448089,0 days 00:00:01.516271,0.031063063282321113,19,8,45,1.5448175903134551,0.00018911753686496789,0.3656965494155884,0.00913703441619873,-2.622261636164766,-2.8719891769837558,-2.5801840910379736,-2.500600225972516,-2.536273050664819,0.02031929574380342,0.0017551715814651688,0.14690975121962294,COMPLETE,6_1
25,-2.637830964470302,2023-04-25 18:16:11.449750,2023-04-25 18:16:13.642019,0 days 00:00:02.192269,0.043615662114408225,19,11,46,0.675308309691205,1.4841790423054909e-05,0.5265582799911499,0.01713663339614868,-2.637830964470302,-2.9381917275047233,-2.571976406585636,-2.470979031301577,-2.570176692489272,0.0464020989478724,0.008285715418051358,0.17816430540671468,COMPLETE,6_1
26,-2.802436257612914,2023-04-25 18:16:13.643733,2023-04-25 18:16:18.929644,0 days 00:00:05.285911,0.04772396276379345,46,51,36,2.259861700399557,0.3513727958272369,1.3006037473678589,0.016771793365478516,-2.802436257612914,-3.0808182436758322,-2.7162600144099294,-2.530912147966233,-2.88175462439966,0.11609188854082748,0.0021705307155736697,0.2030637956936529,COMPLETE,6_1
27,-2.9595867578569712,2023-04-25 18:16:18.931278,2023-04-25 18:16:20.999053,0 days 00:00:02.067775,0.9784791985583937,20,40,44,812.734798674719,0.001691923970265863,0.4997670650482178,0.012806415557861328,-2.9595867578569712,-3.4469563464806146,-2.8261645530251975,-2.5776351347328412,-2.9875909971892316,0.03794732349305406,0.0033750358055876025,0.31701809115769997,COMPLETE,6_1
28,-2.790269135322672,2023-04-25 18:16:21.000438,2023-04-25 18:16:47.714066,0 days 00:00:26.713628,0.006907808771283404,14,217,47,3.398114277968362,3.916274209458656e-05,6.607191979885101,0.06638526916503906,-2.790269135322672,-3.084119566032652,-2.729058667289862,-2.542001181651606,-2.805897126316568,0.15977764297999272,0.007554350618426473,0.19492050171015896,COMPLETE,6_1
29,-2.622933871305986,2023-04-25 18:16:22.315369,2023-04-25 18:17:17.749385,0 days 00:00:55.434016,0.0004914318036262046,0,482,37,0.8351821872629193,6.233134409598927e-05,13.699578881263733,0.1538640856742859,-2.622933871305986,-2.8650132395186527,-2.586525912894527,-2.5037518667465934,-2.5364444660641725,0.19877729345481593,0.051499674825580564,0.14283970682185337,COMPLETE,6_1
30,-2.838821124791762,2023-04-25 18:16:25.960351,2023-04-25 18:16:36.465934,0 days 00:00:10.505583,0.03449090298651568,14,71,47,6.433884436547927,0.0011847118165362177,2.5954312682151794,0.026202678680419922,-2.838821124791762,-3.1251090170690135,-2.7326607631904176,-2.5771891334194117,-2.9203255854882055,0.08722047446836029,0.004216331921439295,0.20513718316212143,COMPLETE,6_1
31,-2.620443226819951,2023-04-25 18:16:27.934419,2023-04-25 18:17:27.779569,0 days 00:00:59.845150,0.000518279793116771,14,494,48,8.597420269014476,0.0015570317219225313,14.808395266532898,0.14776915311813354,-2.620443226819951,-2.8711510517718817,-2.577955243145984,-2.497926195430683,-2.534740416931255,0.40676313148159904,0.02545586487071114,0.14749155641261644,COMPLETE,6_1
32,-2.6591776441905903,2023-04-25 18:16:36.467292,2023-04-25 18:16:37.355158,0 days 00:00:00.887866,0.0005611097439900194,-1,4,26,2839.8704615088045,4.0018250824643826e-05,0.20993047952651978,0.007901489734649658,-2.6591776441905903,-2.800172127436654,-2.688623124924471,-2.598992046931302,-2.548923277469934,0.013501728290560278,0.0006713943677222329,0.09555732852573907,COMPLETE,6_1
33,-2.7053468846256656,2023-04-25 18:16:37.356992,2023-04-25 18:17:10.323442,0 days 00:00:32.966450,0.00485377581893395,27,471,21,0.4107003416781765,0.00020142884466547574,8.115767061710358,0.12067407369613647,-2.7053468846256656,-2.938090275788228,-2.459231571107624,-2.5596594197295905,-2.864406271877221,0.2462556048983966,0.025801866823551567,0.20079028847196456,COMPLETE,6_1
34,-2.7532698327013714,2023-04-25 18:16:47.715736,2023-04-25 18:17:41.599536,0 days 00:00:53.883800,0.0024110252129018895,28,493,41,2.0661359165145258e-05,0.0004358856778968042,13.295690834522247,0.16960227489471436,-2.7532698327013714,-3.0479881371111275,-2.690106695787169,-2.5355256640992945,-2.7394588338078956,0.46324108791906454,0.02356972789815193,0.1860455102049289,COMPLETE,6_1
35,-2.623398545582986,2023-04-25 18:17:10.328023,2023-04-25 18:17:28.712520,0 days 00:00:18.384497,0.001851053217038204,23,141,41,1.973916550562754e-05,0.0007959716917948288,4.544961750507355,0.046578288078308105,-2.623398545582986,-2.8744802685438997,-2.580575841453371,-2.5001252337552513,-2.5384128385794216,0.1552590727671771,0.007653114292434972,0.14772837861923074,COMPLETE,6_1
36,-2.60754911520272,2023-04-25 18:17:17.751666,2023-04-25 18:17:28.842395,0 days 00:00:11.090729,0.0005964961483746408,4,473,5,8.726175664525542,1.7683356378427132e-06,2.7055562138557434,0.06228148937225342,-2.60754911520272,-2.763904732138158,-2.576691137666078,-2.498753207489963,-2.5908473835166803,0.1185783037463323,0.007103165663846174,0.09684367700225506,COMPLETE,6_1
37,-2.626671473543508,2023-04-25 18:17:27.782066,2023-04-25 18:17:31.258900,0 days 00:00:03.476834,0.0012749800462182608,22,126,6,13.164260180124273,2.7371895977431156e-06,0.8427061438560486,0.021079063415527344,-2.626671473543508,-2.7785818410393444,-2.621511074183616,-2.529517747651084,-2.5770752312999883,0.04094524789647548,0.003509774985273559,0.0935441382099004,COMPLETE,6_1
38,-2.5933314849284663,2023-04-25 18:17:28.714153,2023-04-25 18:17:39.514532,0 days 00:00:10.800379,0.0008630810851719171,3,375,50,11.743836620848379,4.608259986094465e-06,2.636457681655884,0.05743551254272461,-2.5933314849284663,-2.782832127395516,-2.5743583391680582,-2.421735060868276,-2.5944004122820155,0.09057248864760996,0.014117586658194998,0.12817658630908574,COMPLETE,6_1
39,-2.6526389494885105,2023-04-25 18:17:28.844604,2023-04-25 18:17:41.289829,0 days 00:00:12.445225,6.039289428261114e-05,5,428,6,26.73800671968055,2.942503606043556e-06,3.0484472513198853,0.054973304271698,-2.6526389494885105,-2.7950825106436086,-2.6761236100134598,-2.586599917373996,-2.5527497599229783,0.07118246018714076,0.005748115243260725,0.09378259613222353,COMPLETE,6_1
40,-2.6460048505604954,2023-04-25 18:17:31.261093,2023-04-25 18:17:47.059461,0 days 00:00:15.798368,8.92059631219156e-05,5,447,10,16.188780939018706,1.0827772548961876e-07,3.8771215081214905,0.0674942135810852,-2.6460048505604954,-2.799985386373956,-2.6587361116754122,-2.572674830491448,-2.5526230737011657,0.1673429779245276,0.012688866633434524,0.09742886958149147,COMPLETE,6_1
41,-2.6493428214993378,2023-04-25 18:17:39.516236,2023-04-25 18:17:56.420541,0 days 00:00:16.904305,6.877743728591826e-05,4,438,11,3766.022591759223,1.9897330736948066e-07,4.127341270446777,0.09139525890350342,-2.6493428214993378,-2.791764691859193,-2.673041430655459,-2.5829813539113315,-2.549583809571366,0.10277828049695054,0.02827563497987046,0.0938100715195512,COMPLETE,6_1
42,-2.651482201736942,2023-04-25 18:17:41.291753,2023-04-25 18:17:52.460024,0 days 00:00:11.168271,6.737714810894135e-05,3,370,15,1501.874917292339,5.485856750103091e-07,2.7331334948539734,0.05364489555358887,-2.651482201736942,-2.797538008997627,-2.674101872757882,-2.5835766935123714,-2.550712231679887,0.11508488107343352,0.008563289193066434,0.09566829838588493,COMPLETE,6_1
43,-2.6510679745914656,2023-04-25 18:17:41.603737,2023-04-25 18:17:51.383816,0 days 00:00:09.780079,6.912669973420228e-05,3,381,11,4846.4929991593235,1.421646992796085e-07,2.38017600774765,0.0581589937210083,-2.6510679745914656,-2.79255346030059,-2.677747392075333,-2.583242958806798,-2.550728087183143,0.07755110696970915,0.0066266941040044715,0.09407212625816773,COMPLETE,6_1
44,-2.6097183718422743,2023-04-25 18:17:47.061849,2023-04-25 18:17:53.496755,0 days 00:00:06.434906,0.00040955646269034615,2,368,13,1437.1342277848476,1.7480425123543902e-06,1.5609315633773804,0.041979432106018066,-2.6097183718422743,-2.7654266188298715,-2.592063358751123,-2.5069045704524533,-2.574478939335649,0.06053431912208937,0.004955015447980022,0.0953536221477898,COMPLETE,6_1
45,-2.610910534863096,2023-04-25 18:17:51.386050,2023-04-25 18:18:10.588427,0 days 00:00:19.202377,0.0004638979205127943,8,460,16,946.5205279930008,1.8511517897092314e-06,4.714111030101776,0.08017796277999878,-2.610910534863096,-2.8156316320258457,-2.5868479205259702,-2.498941939724627,-2.542220647175941,1.0812382908762816,0.020683564117015257,0.12221395583158005,COMPLETE,6_1
46,-2.6231579592011274,2023-04-25 18:17:52.463055,2023-04-25 18:18:25.207704,0 days 00:00:32.744649,0.0003462062974549769,8,450,49,49.01574999953293,3.538828154767527e-06,8.077097237110138,0.10287356376647949,-2.6231579592011274,-2.8370352152413556,-2.602386919483134,-2.524201741368265,-2.5290079607117546,3.465644662278677,0.018196851206790085,0.12731012529017238,COMPLETE,6_1
47,-2.659957639390577,2023-04-25 18:17:53.498921,2023-04-25 18:17:56.333156,0 days 00:00:02.834235,0.00033685951073819225,8,307,30,199044.70874880717,3.6290848665901796e-06,0.6949747800827026,0.008545279502868652,-2.659957639390577,-2.800205794808159,-2.6900564393220803,-2.6004915666477535,-2.5490767567843142,0.05343667584800829,0.0014961737196571103,0.09540213151490573,COMPLETE,6_1
48,-2.5531612975233386,2023-04-25 18:17:56.335547,2023-04-25 18:18:03.100210,0 days 00:00:06.764663,0.0012081830766136027,2,400,8,61.077863761163165,1.910841724911546e-06,1.6361613273620605,0.04769617319107056,-2.5531612975233386,-2.7462513539827094,-2.440130094970489,-2.3929865597291884,-2.633277181410967,0.026991940218304915,0.008801753055377027,0.1432954327015929,COMPLETE,6_1
49,-2.582612192004706,2023-04-25 18:17:56.421994,2023-04-25 18:18:03.757075,0 days 00:00:07.335081,0.0006824015172102293,2,395,8,58.515269089537746,6.999244305065252e-07,1.775711476802826,0.052053987979888916,-2.582612192004706,-2.7554831362701377,-2.5289775304456463,-2.454558344024683,-2.5914297572783576,0.07085188570853024,0.011470103106205116,0.11094658369190873,COMPLETE,6_1
0,-3.9069791297429672,2023-04-25 18:18:27.702336,2023-04-25 18:18:36.939784,0 days 00:00:09.237448,0.12514566379062383,41,158,16,54.301966123655006,0.012397171423037399,2.2661681175231934,0.041603028774261475,-3.9069791297429672,-3.9825958676646187,-4.079060680126378,-3.3499781298197377,-4.216281841361136,0.13151794676322276,0.011528442016480964,0.3321325911312,COMPLETE,6_2
1,-3.8814877380813204,2023-04-25 18:18:27.704824,2023-04-25 18:18:59.902515,0 days 00:00:32.197691,0.009900517345322437,7,360,30,0.0005848931388348841,1.7442104424720776e-05,7.907692730426788,0.14057117700576782,-3.8814877380813204,-3.929304666807637,-3.8559123858960933,-3.6693624878978013,-4.0713714117237485,0.45330567257925625,0.036862523306847986,0.1449081507314036,COMPLETE,6_2
2,-3.7367429265903933,2023-04-25 18:18:27.706487,2023-04-25 18:18:30.072720,0 days 00:00:02.366233,0.16717820757612967,31,85,5,7.797669123044365e-05,0.0007468490864523218,0.5719228982925415,0.018205702304840088,-3.7367429265903933,-3.686974963450925,-3.835439615394809,-3.078883053743544,-4.345674073772296,0.043264446153418006,0.007094745344095918,0.45160675394815214,COMPLETE,6_2
3,-3.990466532077982,2023-04-25 18:18:27.708120,2023-04-25 18:18:45.680097,0 days 00:00:17.971977,0.392438962514315,9,175,41,0.0006650807851760626,1964.90336509226,4.403761625289917,0.08788448572158813,-3.990466532077982,-4.0344975792597095,-3.8014686608036845,-3.597534482787667,-4.5283654054608675,0.17818634172442177,0.014541284359300535,0.34691127172816083,COMPLETE,6_2
4,-3.05340095779045,2023-04-25 18:18:30.074900,2023-04-25 18:18:40.314927,0 days 00:00:10.240027,0.0005371092208753612,5,146,35,37.07607744355537,3.104283936861718e-07,2.5168421864509583,0.0418282151222229,-3.05340095779045,-2.8442942346832023,-3.0974379630904947,-2.818195035859159,-3.453676597528944,0.6358052940476587,0.008153056830758298,0.25554221420543044,COMPLETE,6_2
