number,value,datetime_start,datetime_complete,duration,params_learning_rate,params_max_depth,params_n_estimators,params_num_leaves,params_reg_alpha,params_reg_lambda,user_attrs_mean_fit_time,user_attrs_mean_score_time,user_attrs_mean_test_score,user_attrs_split0_test_score,user_attrs_split1_test_score,user_attrs_split2_test_score,user_attrs_split3_test_score,user_attrs_std_fit_time,user_attrs_std_score_time,user_attrs_std_test_score,state,key
39,-1.3078295008040082,2023-04-25 18:34:34.270312,2023-04-25 18:34:49.277274,0 days 00:00:15.006962,0.06239827292030808,1,445,12,0.00019016641688638833,990625.4694109671,3.5694854855537415,0.17202973365783691,-1.3078295008040082,-1.1130606727364682,-1.5331875990393424,-1.1989913989811614,-1.3860783324590604,0.38349762118924385,0.013441845908577615,0.1633170083693295,COMPLETE,8_0
40,-1.42644976397128,2023-04-25 18:34:39.808740,2023-04-25 18:36:05.555634,0 days 00:01:25.746894,0.0710662717503927,17,447,41,0.0001509539715041357,103047.9499828439,20.603897392749786,0.824510931968689,-1.42644976397128,-1.1517144023453771,-1.7263042852571995,-1.2763625219357118,-1.5514178463468327,1.1595871428338749,0.13301833194895302,0.22557451911607265,COMPLETE,8_0
41,-1.4250721161458118,2023-04-25 18:34:43.068059,2023-04-25 18:35:20.332313,0 days 00:00:37.264254,0.0660399049299677,16,416,12,0.00020362421578516186,137111.82249404004,8.929781317710876,0.3789348006248474,-1.4250721161458118,-1.1332350690283908,-1.7988967153863447,-1.269602381890471,-1.498554298278041,0.8098652179625,0.015712524166887048,0.252232116525583,COMPLETE,8_0
42,-1.4153461279932797,2023-04-25 18:34:49.283037,2023-04-25 18:35:27.696363,0 days 00:00:38.413326,0.05877310763805536,17,412,14,0.00023772743843206832,105005.74737118505,9.19109332561493,0.4052513837814331,-1.4153461279932797,-1.143285253906172,-1.7621692377955056,-1.25842142108425,-1.4975085991871913,0.2790516532193558,0.023041509927771004,0.23752864249028113,COMPLETE,8_0
43,-1.4250519559366581,2023-04-25 18:34:51.671677,2023-04-25 18:35:25.045584,0 days 00:00:33.373907,0.08856701512366047,15,412,13,0.00022871282400060793,6762.666587265559,7.963134467601776,0.37313228845596313,-1.4250519559366581,-1.1943855414277873,-1.7133372788129748,-1.3080901568960803,-1.4843948466097905,0.14919686550950387,0.012573192146189563,0.19590626794243482,COMPLETE,8_0
44,-1.5834146087915537,2023-04-25 18:35:20.336141,2023-04-25 18:35:32.718988,0 days 00:00:12.382847,0.0032536100250022083,1,417,15,0.0007754725067413749,1319228.7962747857,2.957817316055298,0.13125288486480713,-1.5834146087915537,-1.416367966474387,-1.872730369534289,-1.4446657158996774,-1.599894383257861,0.08457253002503552,0.007451252742012861,0.18106009248918492,COMPLETE,8_0
45,-1.3472004835312468,2023-04-25 18:35:25.048852,2023-04-25 18:35:36.162799,0 days 00:00:11.113947,0.054974344555156734,1,343,28,0.0026788240412916786,1125607.0218889688,2.644379198551178,0.1253102421760559,-1.3472004835312468,-1.1463110355531567,-1.604737913436396,-1.2063722818735234,-1.4313807032619106,0.10820225374350075,0.012472202929638663,0.18275734587639877,COMPLETE,8_0
46,-1.2459655952589392,2023-04-25 18:35:27.697533,2023-04-25 18:35:39.062666,0 days 00:00:11.365133,0.43572816812895027,1,370,29,0.007110334521026679,993917.4699507509,2.700515627861023,0.1326904296875,-1.2459655952589392,-1.0039299612647692,-1.3229672510081991,-1.255665803847636,-1.4012993649151526,0.3118162680132836,0.02845657900758443,0.14894057300930558,COMPLETE,8_0
47,-1.4420447053066983,2023-04-25 18:35:32.720937,2023-04-25 18:36:10.477132,0 days 00:00:37.756195,0.39342474218693785,10,345,26,0.00894241689753007,1186468.4557336203,9.045732259750366,0.3864617943763733,-1.4420447053066983,-1.107549351237842,-1.7771692440595146,-1.2446769320784663,-1.6387832938509703,2.15427528722986,0.10599503064970525,0.27470698412099054,COMPLETE,8_0
48,-1.4520399334602092,2023-04-25 18:35:36.166343,2023-04-25 18:36:01.821134,0 days 00:00:25.654791,0.3959361214035366,10,385,10,0.02541153542242916,7376.190007001169,6.140400409698486,0.26347482204437256,-1.4520399334602092,-1.2246924303020201,-1.7274781474787122,-1.3449243603917111,-1.5110647956683931,0.5170694241896532,0.029684557541350645,0.18875299817913707,COMPLETE,8_0
49,-1.4306897897475443,2023-04-25 18:35:39.064698,2023-04-25 18:36:11.005678,0 days 00:00:31.940980,0.36309394972837983,10,376,20,0.006762035317816182,4513.080005055259,7.5495176911354065,0.42796599864959717,-1.4306897897475443,-1.1988648855375938,-1.718424365325783,-1.309627612787059,-1.4958422953397414,1.0548941540256618,0.24538287279960974,0.19712614734637243,COMPLETE,8_0
0,-1.558726268756938,2023-04-25 18:36:16.284333,2023-04-25 18:36:36.963480,0 days 00:00:20.679147,1.8024534377787377e-05,1,371,28,1.976808188636853e-07,78.77569489876441,4.709166049957275,0.45569247007369995,-1.558726268756938,-1.6973808188021213,-1.440375758715021,-1.5059547538481781,-1.5911937436624313,0.4443990287873496,0.296160395985331,0.09626902044260974,COMPLETE,9_0
1,-1.2736715173777207,2023-04-25 18:36:16.285184,2023-04-25 18:38:01.563736,0 days 00:01:45.278552,0.0035086772216055685,41,473,22,4.232536615096236e-05,769.2168944055472,25.00882202386856,1.3046286702156067,-1.2736715173777207,-1.3910814982000683,-1.4067740540850653,-1.1343023876047156,-1.162528129621034,0.7222588052470308,0.10806051975638563,0.1257755896928653,COMPLETE,9_0
2,-1.219904850597622,2023-04-25 18:36:16.285510,2023-04-25 18:37:33.004606,0 days 00:01:16.719096,0.021903684590521128,23,312,32,2.0667764652319852e-07,0.217084722436099,18.16792231798172,1.0056647062301636,-1.219904850597622,-1.3254369518955085,-1.5219900558395825,-0.9870493945909677,-1.045143000064429,1.8223870021466146,0.16272592480189088,0.21630757235027492,COMPLETE,9_0
3,-1.2702489905394359,2023-04-25 18:36:16.286026,2023-04-25 18:36:49.155465,0 days 00:00:32.869439,0.012790737406647821,-1,149,21,0.2335101899628077,0.006635344635963774,7.826696038246155,0.38508254289627075,-1.2702489905394359,-1.3877536409921578,-1.4413575140766712,-1.1005340089274633,-1.1513507981614512,0.43468208774500866,0.10993511916356635,0.14665045588014158,COMPLETE,9_0
4,-1.2554630389537125,2023-04-25 18:36:36.967286,2023-04-25 18:38:22.347281,0 days 00:01:45.379995,0.008576752044908929,36,306,46,1768.3395007016943,0.00023654788417947674,24.42456978559494,1.9131949543952942,-1.2554630389537125,-1.3937872285446395,-1.4173809152011985,-1.069953236396289,-1.1407307756727234,2.6483089982589543,1.0341374096596991,0.152420765610329,COMPLETE,9_0
5,-1.5622073927759494,2023-04-25 18:36:49.161258,2023-04-25 18:38:09.050172,0 days 00:01:19.888914,2.448099201434834e-07,41,477,12,7.880544407155455e-07,2.2883489380641957,19.110277831554413,0.8567241430282593,-1.5622073927759494,-1.7000593691048556,-1.4440137093851333,-1.509713732120006,-1.595042760493802,1.6067689318343341,0.14153945757200587,0.09592530942548702,COMPLETE,9_0
6,-1.5622875229688216,2023-04-25 18:37:33.010474,2023-04-25 18:37:42.555949,0 days 00:00:09.545475,0.0016948365719916122,45,137,50,621046.6588855351,20042.706380808755,2.319322943687439,0.06145733594894409,-1.5622875229688216,-1.700143188526891,-1.4440827171888024,-1.5097949478093315,-1.595129238350261,0.16206665490720623,0.010665952147074184,0.09593045573750356,COMPLETE,9_0
7,-1.5619291112400806,2023-04-25 18:37:42.559287,2023-04-25 18:40:07.413424,0 days 00:02:24.854137,1.1479918144795805e-06,15,460,39,0.012998755587282204,616.6305574521272,34.84278279542923,1.3660207390785217,-1.5619291112400806,-1.6997709026942478,-1.443778697295551,-1.5094352644910387,-1.5947315804794853,2.5114473770774692,0.305178557231661,0.09590553388787294,COMPLETE,9_0
8,-1.3839223929503826,2023-04-25 18:38:01.567801,2023-04-25 18:39:01.046065,0 days 00:00:59.478264,0.0025537651233497835,35,166,34,3.360566166795283e-05,8.174578157252233,14.237128376960754,0.6273130774497986,-1.3839223929503826,-1.5021396209350681,-1.3453051896885542,-1.3102483077449834,-1.3779964534329245,1.0340211749131687,0.058065102863839514,0.07233531117332234,COMPLETE,9_0
9,-1.2163085189346547,2023-04-25 18:38:09.053796,2023-04-25 18:38:50.509641,0 days 00:00:41.455845,0.04749124094264785,4,329,9,1.1810280286332937e-06,0.037608298852823366,9.761991798877716,0.5971878170967102,-1.2163085189346547,-1.3853249979421198,-1.447540857075559,-0.9887392244593843,-1.043628996261556,1.0301527259079317,0.20973342744124468,0.2022628028807892,COMPLETE,9_0
10,-1.5600536990504212,2023-04-25 18:38:22.351240,2023-04-25 18:38:25.767783,0 days 00:00:03.416543,0.001969747523891391,23,2,28,9.106301923782375,10180.958956782557,0.797756016254425,0.052403271198272705,-1.5600536990504212,-1.698168754259613,-1.442177507071528,-1.5073239090716524,-1.5925446257988922,0.058378648136394894,0.003812469820705635,0.09592530451223825,COMPLETE,9_0
11,-1.3627617581620903,2023-04-25 18:38:25.771167,2023-04-25 18:38:53.967222,0 days 00:00:28.196055,0.002501757787481012,47,201,7,0.004021320747019298,4.4663295194419445e-06,6.615141212940216,0.4287840723991394,-1.3627617581620903,-1.5092279527313412,-1.3174525799918693,-1.27445402706027,-1.3499124728648817,0.4670450995778683,0.12585486819401703,0.08869699442915044,COMPLETE,9_0
12,-1.561749650882958,2023-04-25 18:38:50.514616,2023-04-25 18:41:15.447402,0 days 00:02:24.932786,1.9127738264157444e-06,38,412,48,0.0007611381912156783,462.51572477383695,35.00108063220978,1.226024091243744,-1.561749650882958,-1.6995908608212489,-1.4436301738735693,-1.5092271617062614,-1.594550407130752,1.4195416046147327,0.09838155028336981,0.09589957180035646,COMPLETE,9_0
13,-1.1939214461766217,2023-04-25 18:38:53.969061,2023-04-25 18:39:25.567579,0 days 00:00:31.598518,0.7835388429414804,9,365,5,0.000670081734131171,5549650.9247774,7.4881457686424255,0.4029770493507385,-1.1939214461766217,-1.4293862239132817,-1.1527617739470588,-1.0555366199349454,-1.1380011669112002,0.25964578361698903,0.052763479435927595,0.14090352900094574,COMPLETE,9_0
14,-1.28976933413643,2023-04-25 18:39:01.050913,2023-04-25 18:40:09.806183,0 days 00:01:08.755270,0.4536060321700534,11,335,37,1.8133581793497127e-07,0.024777742183496643,16.633582293987274,0.5460811853408813,-1.28976933413643,-1.4124595629018875,-1.6717667961646192,-1.0244907584872525,-1.0503602189919612,0.6843547218413215,0.14636486788309627,0.2686374882361042,COMPLETE,9_0
15,-1.2008397316120316,2023-04-25 18:39:25.573241,2023-04-25 18:40:14.600204,0 days 00:00:49.026963,0.20642852636570505,11,387,5,0.0007531206336838139,1127581.1858784289,11.852357506752014,0.39669638872146606,-1.2008397316120316,-1.4206936220716209,-1.1722669277056206,-1.0649763473057097,-1.1454220293651753,6.123109105612768,0.03486060331948334,0.13293054501390927,COMPLETE,9_0
16,-1.1997769929933582,2023-04-25 18:40:07.417015,2023-04-25 18:40:42.713480,0 days 00:00:35.296465,0.7387931183275193,9,373,5,0.0002023985020571524,2708354.1546488157,8.39890992641449,0.41717416048049927,-1.1997769929933582,-1.4073744106600414,-1.1923281058137336,-1.0558644846553455,-1.1435409708443127,0.14327689914290376,0.025609133768716975,0.12944639236511826,COMPLETE,9_0
17,-1.1949839826612103,2023-04-25 18:40:09.807586,2023-04-25 18:40:47.194006,0 days 00:00:37.386420,0.5341813025166082,9,395,5,0.00015062971283416628,5528743.67943276,8.94633400440216,0.3920019865036011,-1.1949839826612103,-1.4370610319425023,-1.1422831380435337,-1.0592211091560344,-1.1413706515027715,0.31181489408380353,0.033841230446243306,0.14377467085029305,COMPLETE,9_0
18,-1.185734254443516,2023-04-25 18:40:14.605349,2023-04-25 18:41:17.049161,0 days 00:01:02.443812,0.5943309105735923,11,390,15,0.0005708508077628812,6740123.727633285,14.753019094467163,0.8501959443092346,-1.185734254443516,-1.441911492622883,-1.127914618721512,-1.046494457210928,-1.1266164492187418,0.2884622992409243,0.07846780945238682,0.15153590635902103,COMPLETE,9_0
19,-1.18851735795803,2023-04-25 18:40:42.717094,2023-04-25 18:41:48.086302,0 days 00:01:05.369208,0.5281933043556769,17,420,15,0.29280888397018645,6985874.35497011,15.353545010089874,0.979653000831604,-1.18851735795803,-1.444567955438016,-1.1267564889798507,-1.0526127834429606,-1.1301322039712927,1.2095035083560008,0.10742073457973055,0.151042372355388,COMPLETE,9_0
20,-1.1760464342918011,2023-04-25 18:40:47.196105,2023-04-25 18:42:00.269173,0 days 00:01:13.073068,0.9847440224954299,17,429,16,0.0804018637238501,5193914.858447885,17.045286059379578,1.2130717039108276,-1.1760464342918011,-1.4046506890132058,-1.1543129114592827,-1.0323673431621783,-1.112854793532538,1.1706971214540152,0.33183052075626673,0.13907652208507618,COMPLETE,9_0
21,-1.365148106515584,2023-04-25 18:41:15.451350,2023-04-25 18:41:50.021941,0 days 00:00:34.570591,0.07896620079945979,22,245,15,0.4361796941153761,9951593.113324419,8.196701526641846,0.4368232488632202,-1.365148106515584,-1.5589747873305444,-1.2482378136765166,-1.289202028123184,-1.3641777969320907,1.1834498932217892,0.1509443279762001,0.11937917227403343,COMPLETE,9_0
22,-1.1734601916702678,2023-04-25 18:41:17.050696,2023-04-25 18:42:03.010658,0 days 00:00:45.959962,0.08652570394968508,20,243,14,0.038720409748166845,97714.53592312773,10.874414503574371,0.608086884021759,-1.1734601916702678,-1.3604609012008755,-1.2410931392089566,-1.0173829637563157,-1.0749037625149238,1.2312326110068714,0.13293793123587658,0.1356622200161838,COMPLETE,9_0
23,-1.18141803827113,2023-04-25 18:41:48.091144,2023-04-25 18:42:34.166409,0 days 00:00:46.075265,0.10101445806456875,29,247,16,0.29679520062487785,35246.5993050717,10.880419075489044,0.6294366717338562,-1.18141803827113,-1.341323860261823,-1.3605199971928532,-0.9909303366717999,-1.0328979589580431,0.5218617469240237,0.20072569611698934,0.17028737623197357,COMPLETE,9_0
24,-1.1826342772951235,2023-04-25 18:41:50.024991,2023-04-25 18:43:13.230861,0 days 00:01:23.205870,0.11476639098290049,17,436,17,0.022045732888526782,113476.01969134001,19.76969027519226,1.0236236453056335,-1.1826342772951235,-1.3291662856822453,-1.3545160704663477,-1.013664207999087,-1.0331905450328134,0.3522667330209341,0.21978787282506818,0.15960834387346065,COMPLETE,9_0
25,-1.1837854253907096,2023-04-25 18:42:00.275638,2023-04-25 18:43:19.585871,0 days 00:01:19.310233,0.12089511733841617,17,422,17,0.05202699299828871,121201.84062205485,18.829053044319153,0.9878894090652466,-1.1837854253907096,-1.3302557824970302,-1.3665356983357615,-1.0065019704632177,-1.0318482502668296,1.0157602577647562,0.06785689208162748,0.16535231805753187,COMPLETE,9_0
26,-1.1793767775002124,2023-04-25 18:42:03.013142,2023-04-25 18:42:56.314369,0 days 00:00:53.301227,0.09829377303614344,29,252,21,10.360016895166078,214211.8413663693,12.649562120437622,0.6669122576713562,-1.1793767775002124,-1.3873704829853124,-1.187038241188751,-1.0643904057509617,-1.0787079800758248,0.5665081310234046,0.07643575669381591,0.12910862869131035,COMPLETE,9_0
27,-1.1666511452793769,2023-04-25 18:42:34.170379,2023-04-25 18:43:29.840761,0 days 00:00:55.670382,0.13831846894596644,30,256,21,11.034656115406406,196663.35406297585,13.051867008209229,0.8573187589645386,-1.1666511452793769,-1.3586081675660522,-1.218894237186081,-1.0437869978597465,-1.0453151785056274,0.6963399857128959,0.13529597702082377,0.1317145157255006,COMPLETE,9_0
28,-1.1911666686651716,2023-04-25 18:42:56.319094,2023-04-25 18:43:23.187025,0 days 00:00:26.867931,0.10080070933614588,29,103,23,64.82144875226193,184953.0469269991,6.367083549499512,0.34083276987075806,-1.1911666686651716,-1.4312481277751368,-1.1429180763201925,-1.0674790143231847,-1.1230214562421728,0.6028820489232136,0.07599879555363087,0.14134128862830592,COMPLETE,9_0
29,-1.2593547428854783,2023-04-25 18:43:13.234803,2023-04-25 18:43:31.523462,0 days 00:00:18.288659,0.03421948338653156,29,78,21,12.349439336146512,253389.52254275527,4.417173981666565,0.14524400234222412,-1.2593547428854783,-1.4833496349242903,-1.160349765909953,-1.1801763359199984,-1.2135432347876716,0.2706728897156669,0.020199690128791584,0.13071305551587978,COMPLETE,9_0
30,-1.2620161070489284,2023-04-25 18:43:19.589713,2023-04-25 18:43:40.018300,0 days 00:00:20.428587,0.03159147241123428,29,95,22,6.5129408961338795,333991.4578171253,4.924765586853027,0.17206865549087524,-1.2620161070489284,-1.4837843060989744,-1.162995383649295,-1.1825298078204378,-1.2187549306270065,0.3155249095445338,0.023037789700065217,0.129591511028826,COMPLETE,9_0
31,-1.2121052117958722,2023-04-25 18:43:23.191465,2023-04-25 18:44:04.417912,0 days 00:00:41.226447,0.02736132783312268,28,278,10,2.40110228728006,298153.8268705347,9.844355762004852,0.4532727599143982,-1.2121052117958722,-1.450051349251844,-1.1292388460464926,-1.100900435172411,-1.1682302167127405,0.270106335803118,0.0874545760647619,0.13944238634660638,COMPLETE,9_0
32,-1.5485603561996237,2023-04-25 18:43:29.844232,2023-04-25 18:43:52.591257,0 days 00:00:22.747025,0.0002626327755919858,25,90,24,4.17171124278862,6810.3210211746655,5.435250878334045,0.2426220178604126,-1.5485603561996237,-1.6877160219640683,-1.432794726130404,-1.4944077715802564,-1.5793229051237665,0.4016687172090843,0.04808426313663755,0.09571418031950292,COMPLETE,9_0
33,-1.5158918489393818,2023-04-25 18:43:31.525341,2023-04-25 18:44:42.955927,0 days 00:01:11.430586,0.00029255783809598366,26,280,25,321.10319677969966,3331.7695787565244,17.049070358276367,0.797252893447876,-1.5158918489393818,-1.657059253510751,-1.4067729046032929,-1.4564924013311231,-1.54324283631236,1.0278718361696815,0.139174882768865,0.09501519748556302,COMPLETE,9_0
34,-1.4944660375114491,2023-04-25 18:43:40.025783,2023-04-25 18:44:46.405463,0 days 00:01:06.379680,0.00045920646841379585,33,277,25,176.90771411340967,7193.738236439795,16.000212252140045,0.5846531987190247,-1.4944660375114491,-1.6378125306256797,-1.3892632634899738,-1.4335310767029747,-1.5172572792271684,0.48832668894835723,0.09147858777558618,0.09466830369457933,COMPLETE,9_0
35,-1.2460684218762195,2023-04-25 18:43:52.596064,2023-04-25 18:44:49.899381,0 days 00:00:57.303317,0.19036583152156433,33,271,28,176.2964824808021,1232.9058001134838,13.700754761695862,0.61617511510849,-1.2460684218762195,-1.3719323423995324,-1.5730762422828333,-0.9840523246647276,-1.0552127781577845,0.2762288671904236,0.0897951164568742,0.2386703547959524,COMPLETE,9_0
36,-1.2337742863816077,2023-04-25 18:44:04.422707,2023-04-25 18:44:55.982955,0 days 00:00:51.560248,0.23025177773854577,33,216,27,110.23194628462036,10126.485330877736,12.124925017356873,0.7506844401359558,-1.2337742863816077,-1.3727261362532912,-1.544052528698845,-0.9943930564973185,-1.0239254240769764,0.6505924841719665,0.166099976701593,0.23287342187854976,COMPLETE,9_0
37,-1.26422527422646,2023-04-25 18:44:42.961281,2023-04-25 18:45:16.496033,0 days 00:00:33.534752,0.27835353870802887,33,215,19,0.09968225369607714,67.12659798558452,8.056849300861359,0.3150702714920044,-1.26422527422646,-1.4030470595774436,-1.608895855447078,-0.9990447185631993,-1.045913463318119,0.24459158255066893,0.02005548617373304,0.2530069522419039,COMPLETE,9_0
38,-1.2573419269928414,2023-04-25 18:44:46.408686,2023-04-25 18:45:20.719959,0 days 00:00:34.311273,0.2316102037956323,19,212,19,0.9308964625221128,86.50682760892326,8.211283922195435,0.3583245277404785,-1.2573419269928414,-1.4057339008658858,-1.5980868794223546,-0.9958415546391295,-1.029705373043996,0.4294249013787871,0.025373418884080786,0.25412995983894004,COMPLETE,9_0
39,-1.3573461888634855,2023-04-25 18:44:49.901249,2023-04-25 18:45:17.603101,0 days 00:00:27.701852,0.01087698634423653,20,203,19,0.07071292474797392,835330.2196591744,6.606339514255524,0.30986571311950684,-1.3573461888634855,-1.5494474520737342,-1.2427956156988542,-1.282944148583851,-1.3541975390975023,0.7782228431627979,0.09166134319276463,0.1178667751451188,COMPLETE,9_0
40,-1.236282161903605,2023-04-25 18:44:55.987028,2023-04-25 18:45:41.418079,0 days 00:00:45.431051,0.012819015909081351,20,221,19,0.0868378383365442,141.84036581085826,10.812007009983063,0.535843551158905,-1.236282161903605,-1.3678470768175028,-1.425770276322307,-1.0453693388373846,-1.1061419556372256,0.688134780734426,0.18414561150753186,0.163247704149573,COMPLETE,9_0
41,-1.2587905335949718,2023-04-25 18:45:16.501759,2023-04-25 18:46:28.956573,0 days 00:01:12.454814,0.010792145650406105,20,498,13,1.3196632218168742,730011.1648957559,17.284432411193848,0.8190090656280518,-1.2587905335949718,-1.4837003339243446,-1.1615389724974383,-1.1735276062317814,-1.2163952217263228,0.6161504385267497,0.0996357299492059,0.13144334679918793,COMPLETE,9_0
42,-1.2514361443511697,2023-04-25 18:45:17.606342,2023-04-25 18:45:46.732437,0 days 00:00:29.126095,0.009165742679382425,21,175,12,0.5971860742235685,43623.23399363123,6.9581592082977295,0.3089338541030884,-1.2514361443511697,-1.4593817746337485,-1.169535033033986,-1.158424219780045,-1.2184035499568988,0.6512635488245299,0.06474269778307512,0.12215926857329502,COMPLETE,9_0
43,-1.225727014579084,2023-04-25 18:45:20.723816,2023-04-25 18:45:50.891411,0 days 00:00:30.167595,0.0164453065621378,14,174,12,2038.6088575048536,43644.50232258424,7.220949828624725,0.31178247928619385,-1.225727014579084,-1.4412452863619987,-1.1773192742761605,-1.1067308740294302,-1.1776126236487465,0.5869711722637677,0.0369785626674033,0.1277365559206133,COMPLETE,9_0
44,-1.166892944267958,2023-04-25 18:45:41.422849,2023-04-25 18:46:12.535145,0 days 00:00:31.112296,0.06332852790073719,26,176,13,0.7437224728233407,44624.13757995357,7.402732312679291,0.366810142993927,-1.166892944267958,-1.3636904623883432,-1.2318598371062484,-1.0079784366615394,-1.0640430409157011,0.5655635658714512,0.03860521399807959,0.14034055334325526,COMPLETE,9_0
45,-1.184626078792602,2023-04-25 18:45:46.739744,2023-04-25 18:46:58.122990,0 days 00:01:11.383246,0.10670241271064662,25,500,12,0.011339659234341075,808390.3476291588,16.79306298494339,1.0425307154655457,-1.184626078792602,-1.4227378485810593,-1.1553446287785059,-1.0443469966300236,-1.1160748411808186,1.173330776927177,0.21406895694475517,0.14311892895176542,COMPLETE,9_0
