number,value,datetime_start,datetime_complete,duration,params_learning_rate,params_max_depth,params_n_estimators,params_num_leaves,params_reg_alpha,params_reg_lambda,user_attrs_mean_fit_time,user_attrs_mean_score_time,user_attrs_mean_test_score,user_attrs_split0_test_score,user_attrs_split1_test_score,user_attrs_split2_test_score,user_attrs_split3_test_score,user_attrs_std_fit_time,user_attrs_std_score_time,user_attrs_std_test_score,state,key
33,-1.1113835474366542,2023-04-25 20:43:06.673876,2023-04-25 20:43:12.113513,0 days 00:00:05.439637,0.10422624517243768,38,39,19,0.7109545472528747,9.938083593271706,1.2972549796104431,0.055404484272003174,-1.1113835474366542,-0.9381125153995831,-1.454628879175319,-0.8825879657030414,-1.1702048294686735,0.044746967607699875,0.015118414186500069,0.22563663806233378,COMPLETE,0_0
34,-1.2137071320476878,2023-04-25 20:43:06.791981,2023-04-25 20:43:15.118657,0 days 00:00:08.326676,0.10416857718982875,40,26,47,0.8322783059108791,7.231076368753315,2.022763431072235,0.05258673429489136,-1.2137071320476878,-0.9542066126046728,-1.6542295338411408,-0.9253564877464161,-1.3210358939985218,0.5806150251448279,0.007808362989088751,0.2983563570983214,COMPLETE,0_0
35,-1.1252236402377596,2023-04-25 20:43:07.097878,2023-04-25 20:43:15.305044,0 days 00:00:08.207166,0.04851751774467984,40,34,47,263.4069739581886,6.505659664585174,1.9916621446609497,0.05438798666000366,-1.1252236402377596,-0.9659582343580561,-1.4588773473173455,-0.9688483532647382,-1.1072106260108983,0.07016897309088106,0.0013267104312581625,0.2009153831936524,COMPLETE,0_0
36,-1.1212840633381005,2023-04-25 20:43:11.700618,2023-04-25 20:43:47.226177,0 days 00:00:35.525559,0.0443119364758513,45,159,47,274.06973654315135,6.236067613763648,8.559828102588654,0.31489109992980957,-1.1212840633381005,-0.9365755719441513,-1.519805561761856,-0.9268858302411555,-1.1018692894052389,0.3903562008489285,0.06667186767040564,0.24036650035779855,COMPLETE,0_0
37,-1.326871037708396,2023-04-25 20:43:12.114923,2023-04-25 20:43:22.314142,0 days 00:00:10.199219,0.9946994546006802,45,156,46,229.96034887053236,2.9792271090282,2.461188495159149,0.08251047134399414,-1.326871037708396,-1.0112637533901048,-1.6964683633266568,-0.9550081643634415,-1.6447438697533812,0.2648063497572191,0.016614063005200616,0.34479532876171715,COMPLETE,0_0
38,-1.2268979031673197,2023-04-25 20:43:15.121328,2023-04-25 20:43:25.712649,0 days 00:00:10.591321,0.8243319627833878,45,154,45,357.1399618067286,0.1874352709490666,2.5830386877059937,0.0581701397895813,-1.2268979031673197,-1.0017804195242963,-1.5940726562915577,-0.9229785263996304,-1.3887600104537943,1.0073820888380514,0.015294922840690403,0.27570886371483005,COMPLETE,0_0
39,-1.0466249802286065,2023-04-25 20:43:15.306437,2023-04-25 20:43:22.910738,0 days 00:00:07.604301,0.6415227526006875,35,156,11,483.1146805463328,0.10524563853521764,1.8279342651367188,0.06737154722213745,-1.0466249802286065,-0.9285002951420329,-1.3889138636953338,-0.9048795615891568,-0.9642062004879024,0.30037895628710176,0.008662210614976918,0.19874590557475677,COMPLETE,0_0
40,-1.0228386451367353,2023-04-25 20:43:22.315877,2023-04-25 20:43:30.992027,0 days 00:00:08.676150,0.035634997290885595,35,80,14,823.2828588416033,0.2410014036468242,2.0861971378326416,0.07646185159683228,-1.0228386451367353,-0.9338562798849619,-1.280633118580641,-0.916609760096194,-0.9602554219851442,0.0736456977238255,0.021246361833477518,0.14964715809281093,COMPLETE,0_0
41,-1.2481987927662002,2023-04-25 20:43:22.912929,2023-04-25 20:43:27.762958,0 days 00:00:04.850029,0.007081079425795596,45,82,14,38326.75021571517,25.577990221645408,1.161109983921051,0.0459367036819458,-1.2481987927662002,-1.1788747520405507,-1.4129377855088714,-1.245903973018018,-1.1550786604973606,0.0897245786518159,0.003484042317769626,0.10077373614172024,COMPLETE,0_0
42,-1.1155276607047362,2023-04-25 20:43:25.715609,2023-04-25 20:43:32.003557,0 days 00:00:06.287948,0.03901959829120379,41,82,16,26961.647455828188,62.426228815308306,1.5111095905303955,0.054647743701934814,-1.1155276607047362,-1.04391430489497,-1.3474894383079585,-0.9876394361044977,-1.0830674635115187,0.3838304587468625,0.009981971209107396,0.13815191040337316,COMPLETE,0_0
43,-1.0451430511136781,2023-04-25 20:43:27.764920,2023-04-25 20:43:41.825187,0 days 00:00:14.060267,0.035408697979793916,12,89,41,2233.8321144965994,128.5673919642497,3.4122813940048218,0.09662789106369019,-1.0451430511136781,-0.9604261191631898,-1.3029433988998018,-0.9329797920921004,-0.9842228942996201,0.16870544688034195,0.0028963856085922066,0.14994152198302257,COMPLETE,0_0
44,-0.9743303859445356,2023-04-25 20:43:30.996756,2023-04-25 20:43:37.438124,0 days 00:00:06.441368,0.037372096856860874,43,94,7,1841.0348743451577,0.8026926718290649,1.5427443385124207,0.061611711978912354,-0.9743303859445356,-0.9484447566505928,-1.2298142858823011,-0.847828177594533,-0.8712343236507155,0.04800995767882572,0.00539830674346761,0.15212962869644453,COMPLETE,0_0
45,-0.9784717686709943,2023-04-25 20:43:32.005501,2023-04-25 20:43:38.926194,0 days 00:00:06.920693,0.031000449789204323,35,98,8,1860.1481993218192,0.6253933282889677,1.652840256690979,0.07055127620697021,-0.9784717686709943,-0.9345014713863283,-1.2414916971155268,-0.8309488246057798,-0.9069450815763422,0.15201150343345382,0.011630866387922363,0.1565183342253181,COMPLETE,0_0
46,-0.9671398528104536,2023-04-25 20:43:37.439852,2023-04-25 20:43:42.464778,0 days 00:00:05.024926,0.29176742881571716,34,94,8,2182.399133756266,2.5070858620674645,1.1936249136924744,0.055906593799591064,-0.9671398528104536,-0.9353026227217031,-1.2225169693076803,-0.8335016445956301,-0.877238174616801,0.047742134086455654,0.018856149290434672,0.15179967332562486,COMPLETE,0_0
47,-1.1192532220507585,2023-04-25 20:43:38.927350,2023-04-25 20:43:46.233325,0 days 00:00:07.305975,0.006767725555623901,33,98,8,49.61476842504213,0.025262832448136978,1.7489920258522034,0.0704047679901123,-1.1192532220507585,-1.0945268470481,-1.2652112935029005,-1.0362907604458522,-1.0809839872061815,0.04070559310934317,0.01023904716262743,0.08698053893534982,COMPLETE,0_0
48,-1.1492782696750286,2023-04-25 20:43:41.827242,2023-04-25 20:43:48.782139,0 days 00:00:06.954897,0.005484532535111136,35,101,8,47.569349025262994,0.03806736881593684,1.6708983182907104,0.0614132285118103,-1.1492782696750286,-1.124674336308213,-1.2839827981619938,-1.0815486668114005,-1.1069072774185071,0.3429974092412568,0.008835741398729143,0.07926736973824933,COMPLETE,0_0
49,-0.9949918315299127,2023-04-25 20:43:42.468564,2023-04-25 20:43:49.879846,0 days 00:00:07.411282,0.26017806679891825,34,103,8,18.24370214974766,1.8006456787266247,1.7918850183486938,0.05399823188781738,-0.9949918315299127,-0.9283345169418054,-1.3950219117810398,-0.8474463484616077,-0.8091645489351978,1.3220210312033813,0.003557598892655841,0.23493015516543242,COMPLETE,0_0
0,-2.4779539609639447,2023-04-25 20:43:51.864729,2023-04-25 20:43:54.030473,0 days 00:00:02.165744,0.00027110791463756185,4,85,5,0.041906410059280454,0.001058479386459438,0.5278837084770203,0.012144744396209717,-2.4779539609639447,-2.390248174281063,-2.2095188972420154,-2.838724571730537,-2.4733242006021623,0.060292241182009966,0.0022286582217374376,0.22908871465382524,COMPLETE,0_1
1,-2.477145014124483,2023-04-25 20:43:51.866376,2023-04-25 20:44:07.762894,0 days 00:00:15.896518,9.92374624697574e-05,37,353,18,9310.489154334662,3.642322449975877e-07,3.8988609313964844,0.07430005073547363,-2.477145014124483,-2.385316904368216,-2.208618826114112,-2.8402721814057417,-2.4743721446098617,0.790519130842413,0.01858518741280836,0.23043857305790102,COMPLETE,0_1
2,-2.4802491136201574,2023-04-25 20:43:51.867456,2023-04-25 20:44:05.597745,0 days 00:00:13.730289,3.1323978318948576e-05,46,391,10,0.20221426245206284,0.09826358979947736,3.386215329170227,0.04544413089752197,-2.4802491136201574,-2.395708616486186,-2.2091268433139777,-2.8414873012408783,-2.4746736934395868,0.25039170978797937,0.0076047330849330855,0.22977080679305698,COMPLETE,0_1
3,-2.4807829502212746,2023-04-25 20:43:51.868421,2023-04-25 20:44:13.578977,0 days 00:00:21.710556,2.4116958149734576e-05,17,422,38,5792.821713552501,2.290210254660744e-07,5.328570544719696,0.09782248735427856,-2.4807829502212746,-2.396112306141852,-2.2101949615282446,-2.840234301382038,-2.476590231832964,0.8498446020337053,0.018911196091118937,0.2289158307831428,COMPLETE,0_1
4,-2.482609105510271,2023-04-25 20:43:54.032273,2023-04-25 20:43:56.738836,0 days 00:00:02.706563,3.9493324902880814e-05,32,283,27,5852838.729396214,7.666960542422693e-07,0.6683396100997925,0.007266104221343994,-2.482609105510271,-2.4002038375417674,-2.211188063835051,-2.841240693831478,-2.4778038268327873,0.08683784704897661,0.0013696140784248997,0.2286371125265879,COMPLETE,0_1
5,-2.4826073239155555,2023-04-25 20:43:56.740195,2023-04-25 20:43:57.954532,0 days 00:00:01.214337,1.060696243816491e-06,19,6,42,3.6273734717397543e-06,0.00020683624277665965,0.29481250047683716,0.00791633129119873,-2.4826073239155555,-2.4002001453447184,-2.211187402292162,-2.841240570010115,-2.477801178015228,0.02243361857041266,0.0015261793353067933,0.22863760691145665,COMPLETE,0_1
6,-2.4824412344590643,2023-04-25 20:43:57.955821,2023-04-25 20:44:26.627693,0 days 00:00:28.671872,6.868910001529942e-06,15,230,50,0.0002423285137684165,34264.1745626388,7.08640444278717,0.08038479089736938,-2.4824412344590643,-2.3998647788351852,-2.2111034432072083,-2.8412374179761035,-2.477559297817762,0.08564758400077525,0.018248944150870246,0.22869280847711457,COMPLETE,0_1
7,-2.4553536923657777,2023-04-25 20:44:05.599727,2023-04-25 20:44:39.573973,0 days 00:00:33.974246,0.0005960483386348856,18,339,38,434.08960263066035,5213.481312631707,8.385762631893158,0.10639715194702148,-2.4553536923657777,-2.3408955249032326,-2.19865804003595,-2.8334355246876455,-2.448425679836281,0.28397076159344814,0.005435190919896242,0.2355775877038123,COMPLETE,0_1
8,-2.4819059401287547,2023-04-25 20:44:07.764771,2023-04-25 20:44:12.925840,0 days 00:00:05.161069,2.708527626583356e-05,5,84,26,9.063874480202196,3.4269968574291636,1.2694011330604553,0.01990300416946411,-2.4819059401287547,-2.398934634260241,-2.2108608847884392,-2.8409490405919993,-2.4768792008743397,0.07762917653515305,0.0020357081783978484,0.2287394127166067,COMPLETE,0_1
9,-2.4423871705634723,2023-04-25 20:44:12.927362,2023-04-25 20:44:49.854425,0 days 00:00:36.927063,0.0010130643531487764,35,427,32,977.3523437723962,0.0003210304450351808,9.107129693031311,0.12366729974746704,-2.4423871705634723,-2.2834955055468598,-2.185287043095901,-2.8422485498702383,-2.4585175837408912,0.15732969666718594,0.03516946456322138,0.2507470586297956,COMPLETE,0_1
10,-2.5150034027634653,2023-04-25 20:44:13.580652,2023-04-25 20:44:38.015483,0 days 00:00:24.434831,0.002841130629832025,44,428,20,2.3291954384478143e-06,0.0001828376920018994,6.019642472267151,0.08827352523803711,-2.5150034027634653,-2.408652664763908,-2.2580383055793694,-2.9823211118726083,-2.4110015288379776,0.2841382497680314,0.015748664774244737,0.2768319759668818,COMPLETE,0_1
11,-2.4764552827379607,2023-04-25 20:44:26.629204,2023-04-25 20:44:30.008630,0 days 00:00:03.379426,0.0002674852481646383,8,121,7,0.006083616210674627,0.0005472833083097676,0.8272547125816345,0.016681790351867676,-2.4764552827379607,-2.386468169032425,-2.207766893114728,-2.8378215291157676,-2.4737645396889225,0.05349032869768381,0.002006757301114348,0.22961050469802166,COMPLETE,0_1
12,-2.4821282122958515,2023-04-25 20:44:30.010093,2023-04-25 20:44:41.118262,0 days 00:00:11.108169,0.00010919450739471236,39,189,20,4.23444701073929e-06,317569.67935870634,2.7312845587730408,0.04484701156616211,-2.4821282122958515,-2.3991922841099744,-2.2109629799397212,-2.8412895835785688,-2.477068001555141,0.12281077773907101,0.009798819935833926,0.22881840385840324,COMPLETE,0_1
13,-2.8756547896241553,2023-04-25 20:44:38.016741,2023-04-25 20:44:44.818781,0 days 00:00:06.802040,0.1289507146279756,0,166,13,1.264736604493388e-07,134.7073936262077,1.665598213672638,0.030447542667388916,-2.8756547896241553,-2.681500892423903,-2.5717295895749768,-3.346731618333845,-2.9026570581638955,0.018294387896927927,0.004237601892688448,0.2969464446985559,COMPLETE,0_1
14,-2.4732117226975,2023-04-25 20:44:39.575972,2023-04-25 20:44:56.879885,0 days 00:00:17.303913,0.02904936567474059,9,232,35,0.005979955019509858,5812014.551104381,4.257580459117889,0.06341099739074707,-2.4732117226975,-2.381208147645311,-2.2073334700758798,-2.8405745767638106,-2.463730696304999,0.7830286793604317,0.014663604991061544,0.23140940962324255,COMPLETE,0_1
15,-2.938872310684965,2023-04-25 20:44:41.120055,2023-04-25 20:45:28.142535,0 days 00:00:47.022480,0.07632777469018931,10,500,38,0.002408582690655165,229.4499407902407,11.614617466926575,0.13690054416656494,-2.938872310684965,-2.846885654583619,-2.492922903322484,-3.67277156376106,-2.7429091210726964,0.19263654453974316,0.025929901068274266,0.44281545370964626,COMPLETE,0_1
16,-2.4806225906901007,2023-04-25 20:44:44.820524,2023-04-25 20:45:06.482066,0 days 00:00:21.661542,0.002779169471825035,10,307,36,0.004720997937059935,3406454.3023875393,5.3252317905426025,0.08669126033782959,-2.4806225906901007,-2.3960295540553322,-2.210218617940673,-2.8415474750439613,-2.4746947157204344,0.9773521750025931,0.010387054743764631,0.22944291347373758,COMPLETE,0_1
17,-2.482084160321633,2023-04-25 20:44:49.856048,2023-04-25 20:45:10.179729,0 days 00:00:20.323681,0.001965781107209338,27,322,35,46.76994328921276,9715660.1467828,4.992809593677521,0.0840420126914978,-2.482084160321633,-2.3991061587354716,-2.2109252021975805,-2.841319205089893,-2.476986075263587,0.9930936484041611,0.01567350753359503,0.2288494795597466,COMPLETE,0_1
18,-2.5049571998674085,2023-04-25 20:44:56.882173,2023-04-25 20:45:40.316921,0 days 00:00:43.434748,0.0024669772768148752,26,495,33,22.896748127072954,1218.082321752137,10.735620498657227,0.11806297302246094,-2.5049571998674085,-2.3350445254119196,-2.2355264277263194,-3.0195714589462184,-2.429686387385176,0.11415537666108366,0.014485848284895787,0.3049413012270264,COMPLETE,0_1
19,-2.4781361086730866,2023-04-25 20:45:06.483720,2023-04-25 20:46:04.340498,0 days 00:00:57.856778,0.0022035982237590427,27,484,47,11.902768706213712,1986.4812056707347,14.301979959011078,0.15765368938446045,-2.4781361086730866,-2.2927532781892865,-2.211446781382102,-3.001854992787536,-2.406489382333423,0.2449163412688974,0.026369000456209483,0.3102034469918,COMPLETE,0_1
20,-2.8363642029128675,2023-04-25 20:45:10.181138,2023-04-25 20:45:17.116188,0 days 00:00:06.935050,0.9647061548926403,25,491,45,291.17947702797414,948.2893229372055,1.714045226573944,0.015505790710449219,-2.8363642029128675,-2.6064706116506944,-2.4810901988862826,-3.3364862910171063,-2.921409710097386,0.13532515729701253,0.0018742101563393864,0.3303125499214785,COMPLETE,0_1
21,-2.4825830858454316,2023-04-25 20:45:17.117838,2023-04-25 20:45:58.496984,0 days 00:00:41.379146,2.0609601841901995e-07,28,480,32,3.694619027237677,0.7828183076742286,10.239331185817719,0.10127109289169312,-2.4825830858454316,-2.400143608129529,-2.2111811420067604,-2.8412400192341747,-2.477767574011264,0.12291961192815554,0.023609240389436615,0.22864452083284348,COMPLETE,0_1
22,-2.4453648379773005,2023-04-25 20:45:28.144039,2023-04-25 20:45:58.903132,0 days 00:00:30.759093,0.001375891737353432,30,367,31,1.7976280427435176,0.37995657356465956,7.604039549827576,0.08131170272827148,-2.4453648379773005,-2.324997670638209,-2.197906054993389,-2.870475578492516,-2.388080047785088,0.19167290723981203,0.010513427450342092,0.2548160086895426,COMPLETE,0_1
23,-2.482593710480282,2023-04-25 20:45:40.318736,2023-04-25 20:46:11.693945,0 days 00:00:31.375209,1.5273523990222913e-07,31,371,30,2.1681155108877257,0.15697188215632712,7.759938478469849,0.08012276887893677,-2.482593710480282,-2.400171512792757,-2.211181749822028,-2.841238521672451,-2.4777830576338933,0.0932156036565636,0.006419043211935788,0.22864115663845075,COMPLETE,0_1
24,-2.455303260896512,2023-04-25 20:45:58.499271,2023-04-25 20:46:26.061916,0 days 00:00:27.562645,0.0010005147520214229,20,355,30,0.18875256150490383,43789.40627685923,6.772670209407806,0.11287182569503784,-2.455303260896512,-2.3431765912652227,-2.2018845515244947,-2.841578802608991,-2.4345730981873395,0.22960609332908555,0.02559434112470581,0.23792433990325637,COMPLETE,0_1
25,-2.441043129758407,2023-04-25 20:45:58.905227,2023-04-25 20:46:28.598269,0 days 00:00:29.693042,0.0008652474950713874,33,367,29,1.3577049679048605,0.03354063362352153,7.339502215385437,0.07962393760681152,-2.441043129758407,-2.3156798166798875,-2.188548754027332,-2.8501316167659567,-2.409812331560452,0.29137329125837924,0.011612695597551756,0.24889662663446027,COMPLETE,0_1
26,-2.440995292882166,2023-04-25 20:46:04.342483,2023-04-25 20:46:35.641637,0 days 00:00:31.299154,0.0006996445401640998,34,370,30,0.3676075009294134,12.325094687128981,7.718619763851166,0.10128152370452881,-2.440995292882166,-2.3168035195874284,-2.189318301413296,-2.8489839322034762,-2.4088754183244627,0.17316441845009817,0.03937296803876659,0.24811858089720418,COMPLETE,0_1
27,-2.4505451872269175,2023-04-25 20:46:11.695895,2023-04-25 20:46:56.303375,0 days 00:00:44.607480,0.0005436893321691342,21,416,41,880.2937525438861,14.865432696036038,11.024486660957336,0.12299031019210815,-2.4505451872269175,-2.322456148223474,-2.1813350761846553,-2.8455126112644002,-2.45287691323514,0.11310618715125083,0.01775570504567823,0.24742958028356019,COMPLETE,0_1
28,-2.800600747866106,2023-04-25 20:46:26.063944,2023-04-25 20:46:56.499660,0 days 00:00:30.435716,0.01210431866093731,37,436,25,0.2978548022481472,14.731496078889075,7.489810049533844,0.11306613683700562,-2.800600747866106,-2.737442414536466,-2.4026554297826075,-3.4364276407731547,-2.625877506372195,0.1160576973324479,0.01502529323454439,0.3863785385200392,COMPLETE,0_1
29,-2.7530868613763606,2023-04-25 20:46:28.599960,2023-04-25 20:46:57.385676,0 days 00:00:28.785716,0.009315943611583454,36,421,24,0.7322608433666382,0.036194293207132126,7.073716044425964,0.1177757978439331,-2.7530868613763606,-2.6904836825330647,-2.3911387332057306,-3.323050554954676,-2.607674474811971,0.31647672776898705,0.031154668890944925,0.3467452161354557,COMPLETE,0_1
30,-2.74358023238716,2023-04-25 20:46:35.643317,2023-04-25 20:47:04.381827,0 days 00:00:28.738510,0.008878159472872809,36,422,24,0.3738012767475757,0.018642759857543524,7.045006811618805,0.13468033075332642,-2.74358023238716,-2.6817106674180407,-2.389987042881511,-3.312792698837499,-2.5898305204115886,0.1711492611975581,0.03685889980431142,0.34514409767128257,COMPLETE,0_1
31,-2.764544926275392,2023-04-25 20:46:56.305183,2023-04-25 20:47:26.180895,0 days 00:00:29.875712,0.009745485011589127,36,433,24,0.454336398918707,0.019184790133138726,7.332948625087738,0.1304650902748108,-2.764544926275392,-2.701016618310953,-2.3885158420029104,-3.3735631677629367,-2.5950840770247665,0.1399682597364495,0.008521466178352845,0.36913883432421135,COMPLETE,0_1
32,-2.636984112587051,2023-04-25 20:46:56.502456,2023-04-25 20:47:14.861542,0 days 00:00:18.359086,0.0086049330607554,41,276,23,0.09011585905342932,0.010558351004732005,4.5232232213020325,0.06227421760559082,-2.636984112587051,-2.6047929603056446,-2.34295682568303,-3.1558215696654233,-2.4443650946941053,0.11859169928237229,0.011687860671140936,0.3137605411181188,COMPLETE,0_1
33,-2.469127818070058,2023-04-25 20:46:57.387658,2023-04-25 20:47:15.758241,0 days 00:00:18.370583,0.0002078831412602119,42,281,22,0.11191787530548225,0.022728047237272682,4.525747776031494,0.06052529811859131,-2.469127818070058,-2.371375052536022,-2.2045211092018437,-2.837098761412831,-2.463516349129536,0.14524732149213784,0.0054619368758424885,0.23184392232483736,COMPLETE,0_1
34,-2.462099716982976,2023-04-25 20:47:04.384072,2023-04-25 20:47:26.202384,0 days 00:00:21.818312,0.0003277516086321771,41,275,29,0.029625307276492773,0.015269702638770795,5.391760587692261,0.05812633037567139,-2.462099716982976,-2.356508737263602,-2.2010679057333227,-2.842652065666005,-2.4481701592689746,0.08191262553335407,0.011410677052488246,0.23680222979769908,COMPLETE,0_1
35,-2.461395118727083,2023-04-25 20:47:14.863330,2023-04-25 20:47:45.503942,0 days 00:00:30.640612,0.000243047447505604,32,387,29,0.031759421940768195,0.004056139363735933,7.57776552438736,0.07750320434570312,-2.461395118727083,-2.355023975209823,-2.2006978227722263,-2.8428354501696274,-2.447023226756655,0.07649086231986685,0.014330510318640166,0.23716090425128641,COMPLETE,0_1
36,-2.4419645601120346,2023-04-25 20:47:15.760270,2023-04-25 20:47:46.980949,0 days 00:00:31.220679,0.0007514681418119728,33,382,29,2.680803068005249,0.0021082704297634525,7.716294169425964,0.08379673957824707,-2.4419645601120346,-2.3175061951603064,-2.190209561374594,-2.8480880652818734,-2.412054418631363,0.16422839980216475,0.013770985905505694,0.24733650256814907,COMPLETE,0_1
37,-2.4415656637258163,2023-04-25 20:47:26.183883,2023-04-25 20:47:57.221768,0 days 00:00:31.037885,0.0006369060080590994,32,378,29,73.98775154950239,0.6409686433940346,7.661781668663025,0.09245216846466064,-2.4415656637258163,-2.318879375967408,-2.1892630375632804,-2.848145060985656,-2.4099751803869203,0.3203142727787286,0.014143726648078813,0.24749409350841628,COMPLETE,0_1
38,-2.4483076344705177,2023-04-25 20:47:26.204277,2023-04-25 20:47:43.767835,0 days 00:00:17.563558,0.001002327125570281,32,383,15,2.2000344796138647,0.0020936859220592897,4.324136793613434,0.06141573190689087,-2.4483076344705177,-2.319481347781509,-2.1986756234976874,-2.825822087503872,-2.449251479099001,0.10330901831540781,0.006133729237794688,0.23528196176937016,COMPLETE,0_1
