number,value,datetime_start,datetime_complete,duration,params_learning_rate,params_max_depth,params_n_estimators,params_num_leaves,params_reg_alpha,params_reg_lambda,user_attrs_mean_fit_time,user_attrs_mean_score_time,user_attrs_mean_test_score,user_attrs_split0_test_score,user_attrs_split1_test_score,user_attrs_split2_test_score,user_attrs_split3_test_score,user_attrs_std_fit_time,user_attrs_std_score_time,user_attrs_std_test_score,state,key
36,-0.929094885537259,2023-04-25 18:01:24.174335,2023-04-25 18:02:15.040076,0 days 00:00:50.865741,0.051384503734868935,30,485,17,21.676791938960626,4.331016128180697e-06,12.22263365983963,0.4871874451637268,-0.929094885537259,-0.9386999602574297,-0.8693624910679287,-1.0226791354016866,-0.885637955421991,1.1416154634835054,0.03963860714893016,0.05980537811758792,COMPLETE,4_0
37,-0.9158987732046967,2023-04-25 18:01:55.041617,2023-04-25 18:02:56.338165,0 days 00:01:01.296548,0.05149609333588244,30,487,14,9.264308635408684,4346.022727257008,14.193945229053497,1.1228931546211243,-0.9158987732046967,-0.9020937537010358,-0.8436059234507403,-0.9550248641848588,-0.9628705514821521,1.8977034827632804,0.5252815463754967,0.047838357097048506,COMPLETE,4_0
38,-0.9200388002069584,2023-04-25 18:02:09.396228,2023-04-25 18:02:31.175924,0 days 00:00:21.779696,0.26297539141600423,29,495,14,1186.8718134899525,166.78550114506575,5.330895125865936,0.10754799842834473,-0.9200388002069584,-0.9505582113678309,-0.9060566437860691,-0.944657059875561,-0.8788832857983727,0.6581880561391679,0.02836042924595173,0.02926931085254083,COMPLETE,4_0
39,-0.876253347605335,2023-04-25 18:02:15.041632,2023-04-25 18:02:31.577643,0 days 00:00:16.536011,0.5050008962138306,27,353,24,1730.1227145849282,0.0012229726394795556,4.05778169631958,0.07029128074645996,-0.876253347605335,-0.9431542020906687,-0.8079830606878592,-0.9212171751283791,-0.8326589525144333,0.2771765756809211,0.02105938740231974,0.05713749529758447,COMPLETE,4_0
40,-1.3219829484385741,2023-04-25 18:02:31.179577,2023-04-25 18:03:07.486105,0 days 00:00:36.306528,0.0012061727996846264,33,365,8,4.4192842092577775,1.2824606589177457e-07,8.688469111919403,0.38130658864974976,-1.3219829484385741,-1.359482314921888,-1.3049690498704711,-1.3022149920286676,-1.32126543693327,1.5522546060565956,0.12670552757599846,0.022841640454003005,COMPLETE,4_0
41,-0.9219947824689342,2023-04-25 18:02:31.579601,2023-04-25 18:03:23.835537,0 days 00:00:52.255936,0.5855480813681713,32,354,24,5.709240847220994,2883.486719369668,12.570358455181122,0.4853605031967163,-0.9219947824689342,-0.8079712962464791,-0.8702045678030963,-1.0889172137393501,-0.9208860520868112,1.8847166503194421,0.08960842275959166,0.10434067889579661,COMPLETE,4_0
42,-0.9826645837876402,2023-04-25 18:02:50.544733,2023-04-25 18:03:41.157324,0 days 00:00:50.612591,0.9946558731846443,33,366,24,9.841814376798043,4298.835982406164,12.111400663852692,0.5337103605270386,-0.9826645837876402,-1.0174223223504255,-0.9467701046342447,-1.0393443010446228,-0.9271216071212677,0.05922401060344204,0.05900957165755824,0.046888502399269415,COMPLETE,4_0
43,-0.9069602764296523,2023-04-25 18:02:56.339356,2023-04-25 18:03:38.399095,0 days 00:00:42.059739,0.49852897827352766,16,353,25,0.02013105500559438,0.001722532885675475,10.221144020557404,0.28635478019714355,-0.9069602764296523,-0.9772114947578237,-0.80249223515825,-0.937515638009725,-0.9106217377928102,0.22888234507064364,0.023257096590827753,0.06479938607787634,COMPLETE,4_0
44,-0.9034260506660238,2023-04-25 18:03:07.488277,2023-04-25 18:03:19.684698,0 days 00:00:12.196421,0.4888159056425989,20,337,23,4525.2399684843585,0.0007970482483616904,2.9783071279525757,0.064719557762146,-0.9034260506660238,-0.9513300394231554,-0.8368529824135327,-0.9500664693372051,-0.8754547114902017,0.1779720534239154,0.009476095565802091,0.04920490327321604,COMPLETE,4_0
45,-0.8866844838231528,2023-04-25 18:03:19.686533,2023-04-25 18:03:37.609616,0 days 00:00:17.923083,0.1758975278315517,26,389,28,4465.9925902081,0.15468645461681163,4.330595791339874,0.14321672916412354,-0.8866844838231528,-0.909775886908805,-0.8303315146260033,-0.9597642726339334,-0.8468662611238695,0.26347389123809384,0.07849687228191711,0.051563107997280755,COMPLETE,4_0
46,-0.8906772426471827,2023-04-25 18:03:23.837054,2023-04-25 18:03:45.913238,0 days 00:00:22.076184,0.17457267753512706,16,388,27,2767.5939968827433,1.4405552203364933e-05,5.363578200340271,0.14812827110290527,-0.8906772426471827,-0.9330764900803099,-0.8186071980216177,-0.9408680473507824,-0.8701572351360206,0.6762759139092918,0.036624172469408744,0.04982964755113041,COMPLETE,4_0
47,-0.9071007705430234,2023-04-25 18:03:37.612707,2023-04-25 18:03:52.347300,0 days 00:00:14.734593,0.3153553602541061,16,381,27,7701.67241194843,0.0018584873357168602,3.622573971748352,0.05352109670639038,-0.9071007705430234,-0.9256003228060884,-0.8257894596756208,-0.984926076146145,-0.8920872235442393,0.5383222008850805,0.004229250275787957,0.05752379397826006,COMPLETE,4_0
48,-0.8693479927866223,2023-04-25 18:03:38.401616,2023-04-25 18:03:56.478140,0 days 00:00:18.076524,0.1880018142968745,26,392,28,746.2068029495574,0.1416566367293462,4.392632722854614,0.11921221017837524,-0.8693479927866223,-0.9521817585273028,-0.7597146250768143,-0.9374792070865469,-0.8280163804558254,1.3966797866161182,0.028063687935195418,0.07942145900514141,COMPLETE,4_0
49,-1.5338989735728124,2023-04-25 18:03:41.159829,2023-04-25 18:03:53.215280,0 days 00:00:12.055451,0.1526607661889751,43,313,29,205159.63429228967,0.289790550949162,2.9375337958335876,0.06903111934661865,-1.5338989735728124,-1.5585595678278505,-1.4737498205372117,-1.5292038820181022,-1.5740826239080847,0.6227852383969911,0.02557350976740828,0.03828457639469933,COMPLETE,4_0
0,-1.279749796911224,2023-04-25 18:04:02.397603,2023-04-25 18:04:35.330129,0 days 00:00:32.932526,7.962940461174878e-07,5,318,22,1.9335355327256077e-06,70.32721401500572,7.830438911914825,0.399239718914032,-1.279749796911224,-1.2397448693013617,-1.4236374276031396,-1.2228770809416643,-1.23273980979873,0.4559631344614811,0.05567202357925369,0.08328938889389584,COMPLETE,5_0
1,-1.2796083739942166,2023-04-25 18:04:02.400138,2023-04-25 18:04:38.156634,0 days 00:00:35.756496,2.595999213873801e-06,30,174,42,240.64081493176604,5.4958727124166075e-06,8.63853406906128,0.2976920008659363,-1.2796083739942166,-1.2395476018111773,-1.4234887586515355,-1.222740690228521,-1.2326564452856326,0.3408190308401582,0.03128830826085732,0.08328392345370524,COMPLETE,5_0
2,-1.2798051952522156,2023-04-25 18:04:02.401746,2023-04-25 18:05:18.596948,0 days 00:01:16.195202,3.236286600421001e-07,35,418,35,3.147632400221537e-06,4.091143593521806e-07,18.337388455867767,0.7079505920410156,-1.2798051952522156,-1.239808901744989,-1.4237006957340792,-1.2229275039940746,-1.2327836795357199,0.13562785444822,0.0629655203524461,0.08329422737557401,COMPLETE,5_0
3,-1.279569087527906,2023-04-25 18:04:02.402938,2023-04-25 18:05:06.697725,0 days 00:01:04.294787,1.2676699841978173e-06,47,483,25,9.00654392084809e-07,6631.575379459602,15.50736552476883,0.5631470084190369,-1.279569087527906,-1.2394760719852305,-1.4234308522819001,-1.2227420800720443,-1.232627345772449,0.4848745216328904,0.045914638038850396,0.08327138336316886,COMPLETE,5_0
4,-0.957099903688116,2023-04-25 18:04:35.334704,2023-04-25 18:04:52.253081,0 days 00:00:16.918377,0.03128887681871345,39,143,18,26.65899467022181,0.030407794006093482,3.980491518974304,0.2466374635696411,-0.957099903688116,-0.7821662672175779,-1.0062100673612986,-1.0049553896700325,-1.035067890503555,0.17319439505651282,0.023512292613551863,0.1017137402854588,COMPLETE,5_0
5,-1.1478417345506031,2023-04-25 18:04:38.158160,2023-04-25 18:04:47.735301,0 days 00:00:09.577141,0.008415570630662502,8,170,5,4.1484601547584536e-07,533413.8376822517,2.2497764229774475,0.14166057109832764,-1.1478417345506031,-1.0725926330955877,-1.2773538601218017,-1.121898715273208,-1.1195217297118152,0.2828446239993965,0.014086786927537617,0.07731571777952621,COMPLETE,5_0
6,-1.2798299626289238,2023-04-25 18:04:47.737296,2023-04-25 18:05:10.122337,0 days 00:00:22.385041,5.351268975684416e-07,43,184,18,2.965369299984001e-07,0.04130173676086491,5.308466255664825,0.285159707069397,-1.2798299626289238,-1.2398455723201562,-1.423727963175666,-1.222950937491596,-1.232795377528277,0.25966759653234395,0.04623433730961527,0.08329595087079095,COMPLETE,5_0
7,-1.2727776914362987,2023-04-25 18:04:52.254361,2023-04-25 18:05:03.646864,0 days 00:00:11.392503,0.0009267490925777452,8,124,26,3.69789790097515e-06,1136970.891705525,2.7010947465896606,0.1444300413131714,-1.2727776914362987,-1.2300406414314031,-1.4151827774151933,-1.2202936022690274,-1.2255937446295715,0.8107261698705447,0.021891049092679235,0.08228998785963491,COMPLETE,5_0
8,-1.2799906421586542,2023-04-25 18:05:03.650378,2023-04-25 18:05:10.065917,0 days 00:00:06.415539,0.00019310214679411187,8,192,18,976752.5071133944,136.6733526222515,1.5138813853263855,0.08768105506896973,-1.2799906421586542,-1.2386764991504606,-1.4237933779139065,-1.2241864155908466,-1.2333062759794033,0.09305701396104187,0.03849409040151347,0.08318597684042961,COMPLETE,5_0
9,-1.2795157600198872,2023-04-25 18:05:06.699131,2023-04-25 18:06:05.886381,0 days 00:00:59.187250,1.746913755911684e-06,9,388,27,0.03320590100313397,4663.035362294063,14.191374242305756,0.6018311977386475,-1.2795157600198872,-1.239404060893676,-1.4233805253141192,-1.2226890457366013,-1.232589408135152,0.2678066013600564,0.04488347189311647,0.0832727102017827,COMPLETE,5_0
10,-1.1686677182341791,2023-04-25 18:05:10.067288,2023-04-25 18:05:19.659485,0 days 00:00:09.592197,0.010920003266210341,30,212,37,123493.98679812717,39285.03430740101,2.2786352038383484,0.11667799949645996,-1.1686677182341791,-1.110017465199484,-1.3201785194258153,-1.1169893166083487,-1.1274855717030685,0.2826918896700104,0.010012659892002864,0.08769549795496312,COMPLETE,5_0
11,-0.9735267241703045,2023-04-25 18:05:10.123827,2023-04-25 18:05:28.968630,0 days 00:00:18.844803,0.005246259784561022,32,365,5,55.30484518165075,93.86239713023235,4.427702963352203,0.2802942395210266,-0.9735267241703045,-0.8370536439458377,-1.0061345543681326,-0.9943412817556773,-1.0565774166115707,0.12073818675241971,0.029803274429552298,0.08218703598897567,COMPLETE,5_0
12,-1.2680524503695596,2023-04-25 18:05:18.599791,2023-04-25 18:05:26.980304,0 days 00:00:08.380513,0.0007032106166299685,13,29,41,0.02855047335833192,4070.733105099782,2.029843509197235,0.06270122528076172,-1.2680524503695596,-1.2243767966531782,-1.4113031739132584,-1.211278702924282,-1.22525112798752,0.1286036663199821,0.0014704562363928389,0.08289080787394032,COMPLETE,5_0
13,-1.0102758503560372,2023-04-25 18:05:19.660914,2023-04-25 18:05:22.231193,0 days 00:00:02.570279,0.8575408541181909,19,7,7,0.06874974541783782,0.007813621239227624,0.5982387661933899,0.03882181644439697,-1.0102758503560372,-0.8702422607778043,-1.0174962078271874,-1.0939767730774423,-1.0593881597417139,0.05747238442252424,0.002787024880116427,0.08526342001378028,COMPLETE,5_0
14,-1.0364732563995318,2023-04-25 18:05:22.232848,2023-04-25 18:05:24.894840,0 days 00:00:02.661992,0.7834638150026234,19,12,6,0.11983914392500315,0.008461004437729198,0.6211509108543396,0.03856503963470459,-1.0364732563995318,-0.8562491713936325,-1.1760896735703792,-1.1230428624202091,-0.9905113182139069,0.04029788322194953,0.002788402098324049,0.12407685240224321,COMPLETE,5_0
15,-0.99245613531048,2023-04-25 18:05:24.898567,2023-04-25 18:05:27.650446,0 days 00:00:02.751879,0.6995945800267893,17,9,12,0.553267398450721,0.0017030411347386312,0.6415494680404663,0.04035836458206177,-0.99245613531048,-0.9175876429665705,-0.9746617597553415,-1.055815523852593,-1.0217596146674155,0.05081923593217297,0.0019207118474540603,0.05194958365112308,COMPLETE,5_0
16,-1.021925418121241,2023-04-25 18:05:26.983084,2023-04-25 18:05:34.204657,0 days 00:00:07.221573,0.5348513577723393,19,88,10,28.97280514865287,0.00038969586807055865,1.7294301986694336,0.06994897127151489,-1.021925418121241,-0.8870951143992987,-1.103959815133743,-1.0806784836617807,-1.0159682592901416,0.11091066637553744,0.004598676726499557,0.08425595460664179,COMPLETE,5_0
17,-0.9505223760331336,2023-04-25 18:05:27.653370,2023-04-25 18:05:36.204783,0 days 00:00:08.551413,0.15812740882250415,-1,74,13,30.634290289877303,5.1265061479418945e-05,2.0392923951148987,0.09311676025390625,-0.9505223760331336,-0.7341361595919146,-1.0086751174403146,-1.0370092894866532,-1.022268937613652,0.22539212850648913,0.013196790972524757,0.1253318507964558,COMPLETE,5_0
18,-0.9452601297930383,2023-04-25 18:05:28.970009,2023-04-25 18:05:55.578504,0 days 00:00:26.608495,0.032037390964391066,38,315,12,67.00270008242771,2.36572029869266,6.27557635307312,0.37039095163345337,-0.9452601297930383,-0.7468453028185704,-0.994122366134363,-1.013937768007556,-1.0261350822116635,0.2593384787869603,0.06570116253294322,0.11512312715417196,COMPLETE,5_0
19,-0.9394851841095447,2023-04-25 18:05:34.206081,2023-04-25 18:05:55.474057,0 days 00:00:21.267976,0.05194951294729889,39,293,13,3827.39257568429,2.999184315246437,5.002861320972443,0.30752086639404297,-0.9394851841095447,-0.7132467079560821,-0.9948858746361298,-1.0135950867073924,-1.0362130671385748,0.38607758458021063,0.05802284592136604,0.1314359593313446,COMPLETE,5_0
20,-0.9497942560473012,2023-04-25 18:05:36.206598,2023-04-25 18:05:46.239610,0 days 00:00:10.033012,0.061841995282093956,-1,97,15,10188.26783110751,1.3985223003003147,2.37898451089859,0.12289875745773315,-0.9497942560473012,-0.7699889144634062,-0.9565027122149063,-1.0308745477214667,-1.0418108497894254,0.12213928255868683,0.013806565238013737,0.10887611247207156,COMPLETE,5_0
21,-0.9568274884816881,2023-04-25 18:05:46.241404,2023-04-25 18:06:00.103661,0 days 00:00:13.862257,0.0778610672938363,0,275,50,14949.393423401767,1.3146980299810394,3.261930465698242,0.1977183222770691,-0.9568274884816881,-0.770252784135335,-0.9596941965836354,-1.0415351628991636,-1.0558278103086185,0.23129798243934468,0.09035237986523925,0.1137923461225794,COMPLETE,5_0
22,-0.9432746542680666,2023-04-25 18:05:55.479535,2023-04-25 18:06:13.331730,0 days 00:00:17.852195,0.10781252136540628,25,274,32,4400.752084438607,0.5710172365741955,4.261561989784241,0.19601929187774658,-0.9432746542680666,-0.7316046213885706,-0.9990879551105981,-1.0113974917937223,-1.031008548779375,0.1387594170055385,0.08180478388334397,0.12273679624384662,COMPLETE,5_0
23,-0.9446168405269162,2023-04-25 18:05:55.580088,2023-04-25 18:06:12.124429,0 days 00:00:16.544341,0.12853774138530483,25,291,50,6418.497033923296,1.484015141544735,3.9302045702934265,0.19853919744491577,-0.9446168405269162,-0.7474821626796392,-0.97058390192727,-1.0288769404463936,-1.0315243570543624,0.8571871373336916,0.12800590083302638,0.11639270848632237,COMPLETE,5_0
24,-0.940298479964367,2023-04-25 18:06:00.105751,2023-04-25 18:06:20.904381,0 days 00:00:20.798630,0.07196036758700576,26,265,15,6616.343499032223,1.1715662828419071,4.92662787437439,0.26666492223739624,-0.940298479964367,-0.7491447253697557,-0.965511774092533,-1.0198071110895623,-1.026730309305617,0.6067742944283325,0.10221290153019613,0.11287997125607317,COMPLETE,5_0
25,-0.9349816143659695,2023-04-25 18:06:05.887980,2023-04-25 18:06:28.627808,0 days 00:00:22.739828,0.06850739413554803,38,268,15,1745.924296076742,0.661209796985123,5.389650404453278,0.28860825300216675,-0.9349816143659695,-0.707967644116036,-0.9914283332689597,-1.0045232593880769,-1.0360072206908055,0.3937438409866586,0.05573477364750246,0.13206417785420885,COMPLETE,5_0
26,-1.2798910730878017,2023-04-25 18:06:12.129595,2023-04-25 18:06:19.192914,0 days 00:00:07.063319,0.15429619268007688,26,277,32,1916873.4447523274,0.18532503662966326,1.7268292903900146,0.03252154588699341,-1.2798910730878017,-1.2399192929303944,-1.4237933779139065,-1.2230085574267044,-1.2328430640802017,0.12766907841284125,0.0014115405949041524,0.0832987879304547,COMPLETE,5_0
27,-1.2798910730878017,2023-04-25 18:06:13.333151,2023-04-25 18:06:20.007846,0 days 00:00:06.674695,0.18119489766011537,29,247,32,4917748.173359944,0.3470373220311589,1.6313125491142273,0.030641496181488037,-1.2798910730878017,-1.2399192929303944,-1.4237933779139065,-1.2230085574267044,-1.2328430640802017,0.14773892151656237,0.0014500985911488525,0.0832987879304547,COMPLETE,5_0
28,-1.2798910730878017,2023-04-25 18:06:19.194788,2023-04-25 18:06:25.332587,0 days 00:00:06.137799,0.22913921425353845,26,244,47,8831336.74760873,8.252195190005276,1.49406099319458,0.03408849239349365,-1.2798910730878017,-1.2399192929303944,-1.4237933779139065,-1.2230085574267044,-1.2328430640802017,0.09564809444893813,0.00190802358442112,0.0832987879304547,COMPLETE,5_0
29,-0.9353362274889305,2023-04-25 18:06:20.009343,2023-04-25 18:07:07.939482,0 days 00:00:47.930139,0.01961420909971288,24,331,49,3974.4235068849493,10.17014143509887,11.358517229557037,0.6168449521064758,-0.9353362274889305,-0.7158445291480169,-0.9907863102320207,-1.0015832469893535,-1.0331308235863308,0.26364450192724886,0.04129554046155568,0.12767514238814975,COMPLETE,5_0
30,-0.9410839545111696,2023-04-25 18:06:20.906454,2023-04-25 18:06:54.394920,0 days 00:00:33.488466,0.018440504782331352,23,239,22,1603.6634468226925,32.13082785544871,7.9844706654548645,0.37775617837905884,-0.9410839545111696,-0.7180285230449014,-0.998365403878019,-1.0029768781606925,-1.0449650129610657,0.4326964317688878,0.03846784173000512,0.13005469834912384,COMPLETE,5_0
31,-0.9379699976700386,2023-04-25 18:06:25.334377,2023-04-25 18:07:13.499376,0 days 00:00:48.164999,0.027259302762246446,35,351,23,850.9233918597275,17.34513303096363,11.436405539512634,0.5976612567901611,-0.9379699976700386,-0.7374540423118703,-1.0052439277184895,-0.9888772442773008,-1.020304776372494,0.2727018680137687,0.05911006661263123,0.11630025102990718,COMPLETE,5_0
32,-1.8237050882962351,2023-04-25 18:06:28.629118,2023-04-25 18:06:42.769009,0 days 00:00:14.139891,0.018714488870994125,43,317,21,173457.08199589493,16.08319424143063,3.342485547065735,0.18611299991607666,-1.8237050882962351,-2.3888524265477407,-2.483457823627594,-1.2098091865156146,-1.2127009164939908,0.5223003529267839,0.045973972902473244,0.6133635671224612,COMPLETE,5_0
33,-0.9789585399744618,2023-04-25 18:06:42.770781,2023-04-25 18:07:37.829488,0 days 00:00:55.058707,0.0037140426179854934,36,361,23,301.8593405568643,266.99417116889936,13.222994446754456,0.5343167781829834,-0.9789585399744618,-0.8375154991880438,-1.0390810437248585,-0.979692704102854,-1.0595449128820906,0.5278296529682074,0.0489747131639314,0.08676916465470266,COMPLETE,5_0
34,-0.9491146868569311,2023-04-25 18:06:54.398497,2023-04-25 18:07:47.513839,0 days 00:00:53.115342,0.005652703292341117,35,351,23,985.8275961893213,52.46021263394043,12.559850454330444,0.7110710144042969,-0.9491146868569311,-0.7603635138519995,-1.0008202037730458,-0.9876852531186755,-1.0475897766840037,0.5468545397849631,0.14673018022642867,0.11122668035199766,COMPLETE,5_0
35,-1.0123836095367547,2023-04-25 18:07:07.966705,2023-04-25 18:07:33.529551,0 days 00:00:25.562846,0.003015841441724745,35,341,9,625.2243831907073,227.42045489949842,6.083219766616821,0.29977017641067505,-1.0123836095367547,-0.8923600268764926,-1.0932837984535302,-0.9937667849358955,-1.0701238278811007,0.49536359741081376,0.011175990423675945,0.07847136409870582,COMPLETE,5_0
36,-0.9540495563942926,2023-04-25 18:07:13.501278,2023-04-25 18:08:06.599368,0 days 00:00:53.098090,0.005745426072955974,35,357,24,772.700821035656,220.1859931821654,12.712266564369202,0.5543292164802551,-0.9540495563942926,-0.7830954377177505,-0.9979978830728692,-0.9847838949094645,-1.0503210098770863,0.3844861260567105,0.05014195628306889,0.101697539830095,COMPLETE,5_0
37,-0.9463106769863235,2023-04-25 18:07:33.531769,2023-04-25 18:08:30.054570,0 days 00:00:56.522801,0.03794916562594857,40,432,23,432.31231455321955,9.730867196499139,13.346016943454742,0.7776728272438049,-0.9463106769863235,-0.7756328534321407,-1.0013116888968692,-0.9909806446954121,-1.017317520920872,0.33561567926317304,0.16856442697288943,0.09898662619901373,COMPLETE,5_0
38,-1.0419516562822124,2023-04-25 18:07:37.831959,2023-04-25 18:07:58.709091,0 days 00:00:20.877132,0.02634083523790373,42,441,20,61979.86998383734,10.678373271264746,4.912279486656189,0.30001527070999146,-1.0419516562822124,-0.9416667784644218,-1.1314045590215547,-1.0485115825427236,-1.0462237051001495,0.6019284156940652,0.10469612339778117,0.06730557473395052,COMPLETE,5_0
39,-1.0212547388532633,2023-04-25 18:07:47.515534,2023-04-25 18:08:04.116612,0 days 00:00:16.601078,0.03631638361030776,42,475,20,43330.00806532464,0.10640347564925204,4.01201468706131,0.13184970617294312,-1.0212547388532633,-0.8994272305187921,-1.0884416127537644,-1.0428077411595071,-1.0543423709809898,0.8350820391891078,0.06725734466490696,0.07231068579356059,COMPLETE,5_0
40,-1.015186602302581,2023-04-25 18:07:58.712293,2023-04-25 18:08:13.866077,0 days 00:00:15.153784,0.03853448047939162,46,426,30,40098.31918175781,0.07580592077162404,3.6510030031204224,0.12784159183502197,-1.015186602302581,-0.8858725420243496,-1.0778731493109102,-1.0410184485320573,-1.0559822693430068,0.5047092400106057,0.04802241491679673,0.07580122045581804,COMPLETE,5_0
41,-0.967853162693378,2023-04-25 18:08:04.118461,2023-04-25 18:09:09.166668,0 days 00:01:05.048207,0.011307619333769036,47,392,29,5.00408715002556,0.12404728405738863,15.601243495941162,0.6533135771751404,-0.967853162693378,-0.8264908110224999,-1.0175990400810953,-0.9959082750946316,-1.031414524575285,0.9644315777787185,0.05917471160602988,0.08259101470971969,COMPLETE,5_0
42,-1.905079868294289,2023-04-25 18:08:06.601054,2023-04-25 18:08:16.734025,0 days 00:00:10.132971,0.31108044754102976,32,392,30,459720.6756057484,0.06702303478943217,2.444050967693329,0.08183157444000244,-1.905079868294289,-1.8805335599059774,-1.687815127810045,-1.9773526859654003,-2.0746180994957335,0.3368067506054008,0.062406954387664,0.14297994678119735,COMPLETE,5_0
