number,value,datetime_start,datetime_complete,duration,params_learning_rate,params_max_depth,params_n_estimators,params_num_leaves,params_reg_alpha,params_reg_lambda,user_attrs_mean_fit_time,user_attrs_mean_score_time,user_attrs_mean_test_score,user_attrs_split0_test_score,user_attrs_split1_test_score,user_attrs_split2_test_score,user_attrs_split3_test_score,user_attrs_std_fit_time,user_attrs_std_score_time,user_attrs_std_test_score,state,key
0,-1.1906934730953247,2023-04-25 17:09:36.465886,2023-04-25 17:10:31.652446,0 days 00:00:55.186560,3.8201878191101865e-06,44,387,35,4.521988639101608,0.1929944348819715,13.518637716770172,0.27516281604766846,-1.1906934730953247,-1.160047449942254,-1.4385544736847171,-1.1483181012821886,-1.0158538674721396,0.7296398851093687,0.01308954175692797,0.15389835458757006,COMPLETE,1_0
1,-1.1910817565532403,2023-04-25 17:09:36.467319,2023-04-25 17:09:44.745706,0 days 00:00:08.278387,0.3451915537647719,28,409,17,176562.08317097957,4.520273143539669,2.0448830127716064,0.022291243076324463,-1.1910817565532403,-1.1603021194569356,-1.4386586729587563,-1.1488300103172966,-1.0165362234799726,0.1436409142506603,0.0025701966506084576,0.15369862456481337,COMPLETE,1_0
2,-1.1910817565532403,2023-04-25 17:09:36.470209,2023-04-25 17:09:45.942456,0 days 00:00:09.472247,0.3097150091101042,14,469,9,82763.94449483023,0.000409649724961753,2.3463889956474304,0.01948457956314087,-1.1910817565532403,-1.1603021194569356,-1.4386586729587563,-1.1488300103172966,-1.0165362234799726,0.16526581285203104,0.0005964481043523504,0.15369862456481337,COMPLETE,1_0
3,-1.1767785055535374,2023-04-25 17:09:36.470581,2023-04-25 17:09:48.423632,0 days 00:00:11.953051,0.014294354606710656,7,426,22,65632.14583100127,2.819048380106176,2.8949241042137146,0.09088146686553955,-1.1767785055535374,-1.1454363501684361,-1.437821076220687,-1.1465216254897659,-0.9773349703352603,0.4537087581484256,0.032350027056913686,0.165694566096972,COMPLETE,1_0
4,-1.435013036550362,2023-04-25 17:09:44.749864,2023-04-25 17:10:37.443870,0 days 00:00:52.694006,0.03888763561593094,10,321,50,0.040360230486190536,0.02318019949352364,12.890340745449066,0.2807016372680664,-1.435013036550362,-1.4880035974903705,-1.5798475183188334,-1.24145409804428,-1.4307469323479638,0.3229751989681241,0.03198433520266875,0.12376215998695377,COMPLETE,1_0
5,-1.1655796260046405,2023-04-25 17:09:45.945057,2023-04-25 17:10:08.985686,0 days 00:00:23.040629,0.00029796932217572846,13,409,10,0.0020576047055155472,3.7431034591424744e-05,5.597207844257355,0.16126495599746704,-1.1655796260046405,-1.1511469048836505,-1.4274982296649419,-1.1151729917629032,-0.968500377707066,0.1898325080617037,0.013282268366745498,0.1659749358091724,COMPLETE,1_0
6,-1.1870517300582895,2023-04-25 17:09:48.425041,2023-04-25 17:10:11.314002,0 days 00:00:22.888961,0.00011639502729768737,46,130,46,0.0017866600307077049,777.7499494703608,5.60923558473587,0.11132943630218506,-1.1870517300582895,-1.157545773795323,-1.4371041218602478,-1.143242767499083,-1.0103142570785042,0.20527532364731788,0.01697326337642517,0.15536421696827946,COMPLETE,1_0
7,-1.1856371835923902,2023-04-25 17:10:08.988354,2023-04-25 17:10:24.479244,0 days 00:00:15.490890,0.004765144757698621,34,143,22,0.8669005630375184,4.9631267697799745e-05,3.7827868461608887,0.08842092752456665,-1.1856371835923902,-1.1680764610606142,-1.4789985067526459,-1.0713628855848543,-1.0241108809714463,0.1359383824566914,0.011074091046167247,0.1771430259180995,COMPLETE,1_0
8,-1.1910817565532403,2023-04-25 17:10:11.315592,2023-04-25 17:10:17.837672,0 days 00:00:06.522080,1.0546804028814298e-07,21,377,33,757445.9387383248,5.043172211522191e-07,1.6082943677902222,0.02046060562133789,-1.1910817565532403,-1.1603021194569356,-1.4386586729587563,-1.1488300103172966,-1.0165362234799726,0.10078196952517397,0.0017830059754072166,0.15369862456481337,COMPLETE,1_0
9,-1.3033221639224604,2023-04-25 17:10:17.839818,2023-04-25 17:10:32.730952,0 days 00:00:14.891134,0.1310718522172889,28,453,12,293.5758811963088,27.334753836782927,3.6157535314559937,0.10541105270385742,-1.3033221639224604,-1.312360452554594,-1.437932634446277,-1.162663448726876,-1.3003321199620945,0.22224088411091958,0.006952850336207149,0.09746215157613555,COMPLETE,1_0
10,-1.2748405304620383,2023-04-25 17:10:24.482264,2023-04-25 17:11:24.590548,0 days 00:01:00.108284,0.10804922264908694,41,435,34,0.00022321383794605436,25649.509360594984,14.61781895160675,0.40637511014938354,-1.2748405304620383,-1.1144703978830859,-1.5089100082474487,-1.2566252171572796,-1.2193564985603393,0.2851720694278828,0.035748050486925045,0.14484247934306493,COMPLETE,1_0
11,-1.1910817565532403,2023-04-25 17:10:31.653581,2023-04-25 17:10:37.636772,0 days 00:00:05.983191,0.024984577666776864,11,347,40,1153397.9347594923,0.007202278573354794,1.4745463132858276,0.019534170627593994,-1.1910817565532403,-1.1603021194569356,-1.4386586729587563,-1.1488300103172966,-1.0165362234799726,0.08066602221048559,0.0012980672484701715,0.15369862456481337,COMPLETE,1_0
12,-1.166839635427925,2023-04-25 17:10:32.734001,2023-04-25 17:10:41.020184,0 days 00:00:08.286183,0.0005492957952686949,47,150,7,2.6843084781566238,0.0008419214640430131,2.007814586162567,0.06173121929168701,-1.166839635427925,-1.1407556339418943,-1.4267944313643737,-1.119985799513604,-0.9798226768918274,0.13261422238038129,0.009257934325264963,0.16234800259308893,COMPLETE,1_0
13,-1.1906900157686984,2023-04-25 17:10:37.444962,2023-04-25 17:10:49.081099,0 days 00:00:11.636137,0.00028758574233824646,-1,246,6,5.322376583859649e-06,4390365.880135587,2.820164740085602,0.08354705572128296,-1.1906900157686984,-1.15965052548034,-1.438511464948591,-1.1485578025671241,-1.016040270078738,0.04845941371603812,0.009511139857751733,0.1538315456024982,COMPLETE,1_0
14,-1.188127214945046,2023-04-25 17:10:37.638099,2023-04-25 17:10:51.401947,0 days 00:00:13.763848,0.0010519081296296417,-1,245,25,1.0528946757448757e-06,2021770.3801377497,3.338773548603058,0.0917588472366333,-1.188127214945046,-1.1553101380956183,-1.437649381643651,-1.146771253427959,-1.0127780866129554,0.3478267494011701,0.011462083686185915,0.1547545674339973,COMPLETE,1_0
15,-1.1908376386985116,2023-04-25 17:10:41.024458,2023-04-25 17:10:42.258077,0 days 00:00:01.233619,0.0005234000806690285,1,3,7,1.6248047230996024e-06,6.756503634640223e-07,0.28357982635498047,0.019657671451568604,-1.1908376386985116,-1.1598374085442722,-1.4386316880908054,-1.148783419823272,-1.0160980383356963,0.04031878592489211,0.0005064343254464617,0.15383870647857883,COMPLETE,1_0
16,-1.1884561213504763,2023-04-25 17:10:42.259323,2023-04-25 17:10:50.941526,0 days 00:00:08.682203,0.00028884972043832124,37,219,5,0.0007663181686646863,483898.9236030801,2.092780113220215,0.07156914472579956,-1.1884561213504763,-1.1558813571460729,-1.4380968194593844,-1.1466770215279154,-1.0131692872685325,0.1626808478792847,0.007895274346802544,0.1548003236428544,COMPLETE,1_0
17,-1.1890542688166756,2023-04-25 17:10:49.082751,2023-04-25 17:11:09.861539,0 days 00:00:20.778788,3.534583657472309e-05,37,246,15,0.000674211534036509,9.536122308604655e-05,5.050589919090271,0.13907331228256226,-1.1890542688166756,-1.1596226207199618,-1.4380882846865772,-1.145479280346419,-1.0130268895137442,0.07437352038124032,0.022015920393786616,0.15473249566139968,COMPLETE,1_0
18,-1.1901355190227854,2023-04-25 17:10:50.942597,2023-04-25 17:11:02.528243,0 days 00:00:11.585646,2.7053756672658162e-05,19,139,14,65.44032854024563,3.77257979038872e-05,2.812343955039978,0.07843250036239624,-1.1901355190227854,-1.160047604700046,-1.4383004958742422,-1.1475990395754612,-1.0145949359413917,0.11355423923508949,0.003070505151431955,0.15420358841180135,COMPLETE,1_0
19,-1.1900730586457788,2023-04-25 17:10:51.403758,2023-04-25 17:11:05.559889,0 days 00:00:14.156131,2.80378969872301e-05,21,145,18,104.61871521109694,4.049197265452953e-05,3.420214593410492,0.11267834901809692,-1.1900730586457788,-1.1597383625938114,-1.438379395216904,-1.147289541590233,-1.0148849351821672,0.1309374911087589,0.031076803272307597,0.15418944394824985,COMPLETE,1_0
20,-1.1625408211655348,2023-04-25 17:11:02.529415,2023-04-25 17:11:10.249172,0 days 00:00:07.719757,0.0020696054559377806,17,72,19,0.0004135037382128046,1.1128468485954898e-07,1.8722277879714966,0.05275237560272217,-1.1625408211655348,-1.1433043489970987,-1.4351850607772036,-1.0956647178106045,-0.9760091570772326,0.14590290730436842,0.0034719603501525914,0.1687982509998272,COMPLETE,1_0
21,-1.1839818202762404,2023-04-25 17:11:05.562906,2023-04-25 17:11:11.514718,0 days 00:00:05.951812,0.0006875360352339011,41,37,30,0.00012282076471870892,0.0036072334252546896,1.445210576057434,0.03685116767883301,-1.1839818202762404,-1.1558754016246748,-1.4377477536211256,-1.1366142080381436,-1.0056899178210172,0.1053813036641797,0.006748705369516396,0.1574950894996883,COMPLETE,1_0
22,-1.1635734515851923,2023-04-25 17:11:09.865673,2023-04-25 17:11:16.680012,0 days 00:00:06.814339,0.003178659435689245,27,43,30,0.0343960587877498,1.0304123671085e-07,1.6554662585258484,0.04230856895446777,-1.1635734515851923,-1.1463899137153906,-1.4379140911923394,-1.0964256481832304,-0.973564153249809,0.04668205872200242,0.008918580677746805,0.17041891141345983,COMPLETE,1_0
23,-1.1834707983762536,2023-04-25 17:11:10.250270,2023-04-25 17:11:12.638512,0 days 00:00:02.388242,0.0027160747695810414,17,10,30,1.8793739976850886e-05,1.0467159173449937e-06,0.567614734172821,0.024104833602905273,-1.1834707983762536,-1.1553453266721885,-1.4377203174910334,-1.1358179288278105,-1.004999620513982,0.024531580598838164,0.0014065485029290939,0.15776296890622057,COMPLETE,1_0
24,-1.1516425730397934,2023-04-25 17:11:11.516291,2023-04-25 17:11:17.710832,0 days 00:00:06.194541,0.003981685840677063,16,74,11,0.02139766062233128,1.5471711984623579e-07,1.5000554919242859,0.04346752166748047,-1.1516425730397934,-1.156093259780717,-1.4237928724931752,-1.0893795461560118,-0.9373046137292691,0.05547424114799276,0.005005947834072126,0.17599931777080963,COMPLETE,1_0
25,-1.152933282547638,2023-04-25 17:11:12.640309,2023-04-25 17:11:18.309160,0 days 00:00:05.668851,0.0032537985961924986,28,77,11,0.0150169065006113,1.031204298609369e-07,1.3624369502067566,0.05003625154495239,-1.152933282547638,-1.15218698052082,-1.4238595374150869,-1.0944589483841956,-0.9412276638704491,0.03953996470465576,0.015049250639032145,0.17438471068199066,COMPLETE,1_0
26,-1.1545400783160926,2023-04-25 17:11:16.682064,2023-04-25 17:11:25.656210,0 days 00:00:08.974146,0.00381405538526125,27,82,21,0.02365382390162171,3.866850969324329e-06,2.1818074584007263,0.056091248989105225,-1.1545400783160926,-1.1385941839206515,-1.4418335226768535,-1.0667545854778555,-0.9709780211890101,0.10483381490010726,0.009152671601922393,0.176205218630379,COMPLETE,1_0
27,-1.162792638800383,2023-04-25 17:11:17.712407,2023-04-25 17:11:26.232045,0 days 00:00:08.519638,0.005331156895400816,26,72,21,0.0569604175214629,1.6660465006019781e-07,2.077155649662018,0.04663431644439697,-1.162792638800383,-1.160060825935261,-1.447431809081397,-1.0662606285859224,-0.9774172915989523,0.16150369337698514,0.006075215655726912,0.17657106813255802,COMPLETE,1_0
28,-1.1720080148264012,2023-04-25 17:11:18.310642,2023-04-25 17:11:24.909772,0 days 00:00:06.599130,0.007684418396927873,24,61,20,2.2529422916562397e-07,2.848516704967427e-06,1.604393184185028,0.039594054222106934,-1.1720080148264012,-1.1726113019046323,-1.4545194304145352,-1.070891019047399,-0.9900103079390388,0.1504511229667652,0.0039426099074327675,0.17547141935407828,COMPLETE,1_0
29,-1.1890602076223242,2023-04-25 17:11:24.592210,2023-04-25 17:11:35.745383,0 days 00:00:11.153173,0.006416379995750256,24,95,23,1.3098954067533445e-07,3.654995367157398e-06,2.726321041584015,0.05644863843917847,-1.1890602076223242,-1.1967552164306754,-1.4733092412168518,-1.068525274667061,-1.0176510981747093,0.14736466992351338,0.006384205519444077,0.17661149390975217,COMPLETE,1_0
30,-1.1578211980362259,2023-04-25 17:11:24.911344,2023-04-25 17:11:31.594841,0 days 00:00:06.683497,0.0019019455692006202,32,87,12,0.019496513129421713,3.0111582566643113e-06,1.6218270063400269,0.04404854774475098,-1.1578211980362259,-1.145540352129515,-1.4198458824967366,-1.1046213049479803,-0.9612772525706709,0.0704118263777993,0.005816839203977438,0.1660327569838121,COMPLETE,1_0
31,-1.5751539821478207,2023-04-25 17:11:25.657536,2023-04-25 17:11:32.201519,0 days 00:00:06.543983,0.9138489152977463,31,99,13,0.02158154837764691,2.707428993028399e-06,1.5720514059066772,0.05890190601348877,-1.5751539821478207,-1.6224195935235415,-1.7973232823738639,-1.4884970675973004,-1.392375985096576,0.05499538753695617,0.03100122051792366,0.15207765535009685,COMPLETE,1_0
32,-1.5368988325649773,2023-04-25 17:11:26.233449,2023-04-25 17:11:43.745522,0 days 00:00:17.512073,0.9512705581609213,31,191,25,0.6164848460525457,4.961445619214066e-06,4.25640344619751,0.11547064781188965,-1.5368988325649773,-1.5002019534819038,-1.6890688071020161,-1.5062768411131653,-1.4520477285628237,0.13801782611136829,0.017420286455406258,0.0903324115363637,COMPLETE,1_0
33,-1.328412936846939,2023-04-25 17:11:31.597359,2023-04-25 17:11:53.826873,0 days 00:00:22.229514,0.015310309198103052,31,186,25,0.44109266246811196,5.8812213343120285e-06,5.420737862586975,0.13059651851654053,-1.328412936846939,-1.3656690057382517,-1.5135838352188176,-1.1497591658909607,-1.284639740539726,0.3271174976359103,0.017248358806963814,0.13182330869844655,COMPLETE,1_0
34,-1.25508598251503,2023-04-25 17:11:32.202988,2023-04-25 17:11:47.968333,0 days 00:00:15.765345,0.009521736554887432,33,188,16,0.3634202988502515,4.343364380644186e-06,3.8197112679481506,0.1153305172920227,-1.25508598251503,-1.220161439316301,-1.4650431837759446,-1.114762787828629,-1.2203765191392457,0.12541838737723765,0.022040442174632094,0.12864398148940798,COMPLETE,1_0
35,-1.256018513728716,2023-04-25 17:11:35.746942,2023-04-25 17:11:45.651149,0 days 00:00:09.904207,0.015563189569971169,31,113,16,0.3683622893220674,3.7422423051452106e-06,2.407361388206482,0.06350386142730713,-1.256018513728716,-1.2253657834216685,-1.4665685843354401,-1.1170948805908256,-1.2150448065669308,0.06582598094309011,0.006416859367228111,0.12869493252512312,COMPLETE,1_0
36,-1.150252935639962,2023-04-25 17:11:43.749159,2023-04-25 17:11:56.693330,0 days 00:00:12.944171,0.0017070535899062211,31,178,11,0.004394489370189636,9.331981998619211e-06,3.1349287629127502,0.09430718421936035,-1.150252935639962,-1.153610894162705,-1.4243561702997805,-1.0876457237273054,-0.9353989543700577,0.11572784104920185,0.016124634243341696,0.17693625645089014,COMPLETE,1_0
37,-1.1444973056457535,2023-04-25 17:11:45.653151,2023-04-25 17:12:05.981901,0 days 00:00:20.328750,0.0017243557162918907,34,296,11,0.0063403090545342995,4.71127774041566e-07,4.923265516757965,0.15350300073623657,-1.1444973056457535,-1.1586450450831092,-1.413850169242902,-1.064320859008895,-0.9411731492481081,0.20378000869629442,0.029273076559257167,0.17358002392938143,COMPLETE,1_0
38,-1.1474286516602317,2023-04-25 17:11:47.969779,2023-04-25 17:12:08.890379,0 days 00:00:20.920600,0.001316392675784111,37,301,11,0.0091446493518912,0.06479054083596737,5.096977531909943,0.127097487449646,-1.1474286516602317,-1.154980132236234,-1.4224383482051524,-1.0772339658204844,-0.9350621603790559,0.20450320314453987,0.008896788900182463,0.17728097655405503,COMPLETE,1_0
39,-1.1749745323068774,2023-04-25 17:11:53.829234,2023-04-25 17:11:56.982470,0 days 00:00:03.153236,0.0018848093002307882,5,32,10,0.016518344759097817,0.00032098845282802223,0.7540362477302551,0.02779155969619751,-1.1749745323068774,-1.1493948416772481,-1.4318502319777693,-1.1294980850782677,-0.9891549704942243,0.029121354139976477,0.0013508806935452746,0.16065215720532725,COMPLETE,1_0
40,-1.2637608517052554,2023-04-25 17:11:56.695471,2023-04-25 17:12:13.600836,0 days 00:00:16.905365,0.036554527540905796,7,279,10,0.006823967307791698,0.00029753808389772543,4.078401803970337,0.14120739698410034,-1.2637608517052554,-1.2527435845593755,-1.4342251134912123,-1.1367049138570868,-1.231369794913347,0.19544775584756424,0.011878366614611521,0.10767060488379504,COMPLETE,1_0
41,-1.2391691194476544,2023-04-25 17:11:56.986832,2023-04-25 17:12:12.633372,0 days 00:00:15.646540,0.05570451343439714,36,286,9,0.004445413469420701,5.201687784700959e-07,3.760912835597992,0.14425575733184814,-1.2391691194476544,-1.2748984344966032,-1.427752259546353,-1.0844767860068076,-1.1695489977408533,0.12592236994349487,0.02709004709563168,0.1280789444592634,COMPLETE,1_0
42,-1.2604369021706725,2023-04-25 17:12:05.983611,2023-04-25 17:12:22.863879,0 days 00:00:16.880268,0.04632170599732716,36,311,9,0.003909090718836609,3.8315863909754123e-07,4.0803133845329285,0.13415378332138062,-1.2604369021706725,-1.230585986791719,-1.4203812403093736,-1.1303443553899162,-1.260436026191681,0.16140417659286696,0.00937429047672044,0.10416014014518607,COMPLETE,1_0
43,-1.2434818849525837,2023-04-25 17:12:08.893065,2023-04-25 17:12:26.530689,0 days 00:00:17.637624,0.041721201491320636,36,314,9,0.0030106655531114287,0.1636176721658393,4.259812533855438,0.14384502172470093,-1.2434818849525837,-1.259590049863977,-1.4311581827530702,-1.0825420600909257,-1.2006372471023616,0.2545031287762581,0.01547109101725219,0.1257170990278643,COMPLETE,1_0
44,-1.1365272254906067,2023-04-25 17:12:12.636126,2023-04-25 17:12:31.889804,0 days 00:00:19.253678,0.001639828720881107,40,294,10,0.003339818734974437,0.10688741573140335,4.6733521819114685,0.1338023543357849,-1.1365272254906067,-1.149551492663573,-1.4048263867372848,-1.064243622477725,-0.9274874000838449,0.10127962479192129,0.0202122268507868,0.17398034323715791,COMPLETE,1_0
45,-1.143800990047902,2023-04-25 17:12:13.602913,2023-04-25 17:12:36.009695,0 days 00:00:22.406782,0.0014691023787413843,41,322,11,0.001755218634845629,0.1604278467979553,5.450693607330322,0.14510983228683472,-1.143800990047902,-1.1528487387513076,-1.415212991450597,-1.068230047272452,-0.9389121827172519,0.17226882585748818,0.017153164974637237,0.17423886407986247,COMPLETE,1_0
46,-1.1477232191376179,2023-04-25 17:12:22.867048,2023-04-25 17:12:45.638828,0 days 00:00:22.771780,0.0013191883442802016,40,321,12,8.412005366211521e-05,0.07645112251398938,5.524859547615051,0.16199254989624023,-1.1477232191376179,-1.139901128826419,-1.42544321509785,-1.0813898515406186,-0.9441586810855834,0.25082777057783967,0.027680807001259307,0.175376892763902,COMPLETE,1_0
47,-1.2734405460419809,2023-04-25 17:12:26.532666,2023-04-25 17:12:50.466992,0 days 00:00:23.934326,0.01137672866604407,41,369,13,6.918008403862937e-05,1.3335278294166573e-05,5.761018693447113,0.21644121408462524,-1.2734405460419809,-1.285954894026199,-1.4374130574148438,-1.1524485461159861,-1.2179456866108944,1.0615241721617856,0.05698303580970277,0.10578555768719297,COMPLETE,1_0
48,-1.1310316506860565,2023-04-25 17:12:31.891465,2023-04-25 17:12:43.687400,0 days 00:00:11.795935,0.001265229084483294,42,282,5,0.00010086660204140805,0.09375839767928858,2.8541080951690674,0.08865314722061157,-1.1310316506860565,-1.0943919453935438,-1.3986868097365825,-1.0782998509312163,-0.952747996682883,0.0814767822899423,0.003895523565690592,0.16397214409800864,COMPLETE,1_0
49,-1.159737148605766,2023-04-25 17:12:36.011487,2023-04-25 17:12:55.289439,0 days 00:00:19.277952,0.001042230479566429,41,363,14,9.169102213703838e-05,0.0641458256119402,4.649712383747101,0.16316378116607666,-1.159737148605766,-1.1676957089005193,-1.4311570496706192,-1.0919492159006923,-0.9481466199512326,1.8442926080745659,0.03176856870763755,0.17542652095161698,COMPLETE,1_0
0,-2.2110571540154167,2023-04-25 17:12:58.277650,2023-04-25 17:13:02.642533,0 days 00:00:04.364883,2.1973593714702894e-05,13,472,27,95393.23754431814,0.17199097861177873,1.0724165439605713,0.017805099487304688,-2.2110571540154167,-2.215724113213906,-2.920247777840801,-2.018420988433855,-1.6898357365731052,0.20743246979272625,0.007680415875893799,0.4504868421276412,COMPLETE,1_3
1,-2.212462479464853,2023-04-25 17:12:58.279663,2023-04-25 17:12:58.812813,0 days 00:00:00.533150,3.655561496990226e-05,17,23,44,7477681.917773894,6108609.5475227535,0.12733501195907593,0.005162179470062256,-2.212462479464853,-2.217459915102135,-2.920247777840801,-2.017254701428145,-1.6948875234883316,0.03678280067578141,0.0008836582255693685,0.4491589124742504,COMPLETE,1_3
2,-2.2123493952620867,2023-04-25 17:12:58.280625,2023-04-25 17:13:02.086273,0 days 00:00:03.805648,1.0098979581804628e-06,2,235,35,0.7311248926351489,0.0002144081646381566,0.9337736964225769,0.016882002353668213,-2.2123493952620867,-2.217555653355329,-2.9200594075093838,-2.017193790791901,-1.6945887293917323,0.23513469504903314,0.0008077595840302849,0.4491776885701913,COMPLETE,1_3
3,-2.6715775120320444,2023-04-25 17:12:58.281613,2023-04-25 17:13:10.683364,0 days 00:00:12.401751,0.8728099044527212,41,144,37,0.026942251670683363,6.128681705981775e-07,3.0815210938453674,0.01761603355407715,-2.6715775120320444,-3.5706700378905687,-2.6080150862260703,-2.3769589407825586,-2.1306659832289787,0.08600196870918622,0.0013996021583620511,0.5458463466366151,COMPLETE,1_3
4,-2.212430125372687,2023-04-25 17:12:58.902887,2023-04-25 17:13:13.863727,0 days 00:00:14.960840,2.486755746604994e-07,13,220,25,1.555590810043467e-07,0.0010657529232094432,3.7071257829666138,0.03196650743484497,-2.212430125372687,-2.2174704619105357,-2.920209921949859,-2.0172396426084305,-1.6948004750219217,0.06821951332111692,0.008530574696021257,0.44917074284709285,COMPLETE,1_3
