number,value,datetime_start,datetime_complete,duration,params_learning_rate,params_max_depth,params_n_estimators,params_num_leaves,params_reg_alpha,params_reg_lambda,user_attrs_mean_fit_time,user_attrs_mean_score_time,user_attrs_mean_test_score,user_attrs_split0_test_score,user_attrs_split1_test_score,user_attrs_split2_test_score,user_attrs_split3_test_score,user_attrs_std_fit_time,user_attrs_std_score_time,user_attrs_std_test_score,state,key
43,-2.262072433056579,2023-04-25 18:08:13.867387,2023-04-25 18:08:22.324878,0 days 00:00:08.457491,0.3323224222365077,39,303,16,289594.3435145499,8.384851801936193,2.057771325111389,0.050415217876434326,-2.262072433056579,-2.154402835672469,-2.290388620254685,-2.1980599265459504,-2.405438349753212,0.2627177246319285,0.012724803220475442,0.09623660389676797,COMPLETE,5_0
44,-0.9421976506754459,2023-04-25 18:08:16.738902,2023-04-25 18:08:39.246292,0 days 00:00:22.507390,0.06093277478574526,38,303,16,5101.672568619745,4.508026387533933,5.349999129772186,0.2713426351547241,-0.9421976506754459,-0.7435688712058522,-0.9908497272340466,-1.0103896870024616,-1.0239823172594236,0.5938282883765049,0.06316893466765215,0.11528150555674772,COMPLETE,5_0
45,-0.9375725672554465,2023-04-25 18:08:22.326383,2023-04-25 18:08:41.383340,0 days 00:00:19.056957,0.06375151378235307,28,226,15,5403.614299579399,2.8741871105188928,4.524416208267212,0.23239338397979736,-0.9375725672554465,-0.7359998991547383,-0.9799177326664745,-1.0077738305596498,-1.026598806640923,0.5248600667932614,0.03935671889876562,0.11755694601718762,COMPLETE,5_0
46,-0.9323330692184074,2023-04-25 18:08:30.056471,2023-04-25 18:08:49.281710,0 days 00:00:19.225239,0.0682839647607828,31,218,16,3058.060001428201,0.5408896917527801,4.5766900181770325,0.22278118133544922,-0.9323330692184074,-0.7064079048122752,-0.9783428838037972,-1.0090453015703293,-1.035536186687228,0.3279032814646033,0.02467113396432975,0.131998800181875,COMPLETE,5_0
47,-0.9623081433109952,2023-04-25 18:08:39.248652,2023-04-25 18:09:05.272942,0 days 00:00:26.024290,0.008680007773671082,32,216,18,6.302467064224103,0.6048487025396112,6.164712727069855,0.3339068293571472,-0.9623081433109952,-0.7912452002095604,-1.0211612674386341,-0.9838124902197231,-1.0530136153760636,0.12742337404406492,0.10716489002071812,0.10175477915143082,COMPLETE,5_0
48,-0.9591048743937156,2023-04-25 18:08:41.385371,2023-04-25 18:09:15.640269,0 days 00:00:34.254898,0.014031677345115021,31,207,38,153.17601139598312,0.6222367247328403,8.207035839557648,0.34780412912368774,-0.9591048743937156,-0.8077768305794402,-1.0076587779825084,-0.9795393652655404,-1.0414445237473735,2.5789092896919925,0.038309965175240844,0.09007641848902392,COMPLETE,5_0
49,-0.9597569286326408,2023-04-25 18:08:49.283316,2023-04-25 18:09:12.223592,0 days 00:00:22.940276,0.012789671479888229,29,210,18,3.1163790344222346,0.5199605176190581,5.466776788234711,0.2608870267868042,-0.9597569286326408,-0.7845519410329809,-1.0138879333451658,-0.9939037880239303,-1.0466840521284866,0.8295277036148299,0.01872354413914125,0.102894710938579,COMPLETE,5_0
0,-1.033557105425147,2023-04-25 18:09:20.272277,2023-04-25 18:09:30.883345,0 days 00:00:10.611068,1.787655945278378e-07,28,113,22,130.3894420337961,8.557610459580909,2.6059811115264893,0.04526311159133911,-1.033557105425147,-0.892520909157646,-1.1816296513626656,-0.9789169568999232,-1.0811609042803532,0.30282761658104057,0.010892421752562994,0.10847621284679082,COMPLETE,6_0
1,-1.0335677132899268,2023-04-25 18:09:20.274905,2023-04-25 18:09:22.011235,0 days 00:00:01.736330,3.449299756438301e-05,45,50,11,72162.40515161892,661036.2818908162,0.4177629351615906,0.013979494571685791,-1.0335677132899268,-0.8925437605185491,-1.1816393199982391,-0.9789214491491269,-1.0811663234937916,0.11057033548054744,0.0010726361171395523,0.10847211375087426,COMPLETE,6_0
2,-1.0210685286631396,2023-04-25 18:09:20.277487,2023-04-25 18:09:39.541532,0 days 00:00:19.264045,8.384352228426189e-05,22,500,45,7357.907920451098,1.7895429382129533e-06,4.700907051563263,0.11298805475234985,-1.0210685286631396,-0.8677629356419091,-1.1724495332924625,-0.9708877276683802,-1.073173918049806,0.4613880201116856,0.031832642737984126,0.1136352693992781,COMPLETE,6_0
3,-1.007663262608878,2023-04-25 18:09:20.277880,2023-04-25 18:09:32.597660,0 days 00:00:12.319780,0.0003752715325572588,43,348,29,641.883192294632,47853.41078138589,3.0019772052764893,0.07597243785858154,-1.007663262608878,-0.8454295480252316,-1.1621397536876927,-0.9681144676099825,-1.0549692811126048,0.555246311613825,0.013503946951413735,0.11617307241371681,COMPLETE,6_0
4,-1.1116991471041346,2023-04-25 18:09:22.013180,2023-04-25 18:10:05.698843,0 days 00:00:43.685663,0.007281976692374163,19,303,40,1.2592564555925354,3.899869872313606e-05,10.743438184261322,0.17646074295043945,-1.1116991471041346,-0.7776805662890455,-1.187606892308313,-1.3708028296122579,-1.1107063002069224,0.19098499987709847,0.03418568684455046,0.21474758563598587,COMPLETE,6_0
5,-1.0259420515985918,2023-04-25 18:09:30.885394,2023-04-25 18:09:53.358951,0 days 00:00:22.473557,0.00397527847503786,5,346,18,0.0032106882591016787,28.067028057818746,5.49027806520462,0.12666571140289307,-1.0259420515985918,-0.6436361027078767,-1.1469021364930776,-1.249569937047511,-1.0636600301459012,0.42371744908988707,0.012131125944058256,0.23033739261730904,COMPLETE,6_0
6,-0.9421500538716667,2023-04-25 18:09:32.600560,2023-04-25 18:09:39.066695,0 days 00:00:06.466135,0.6944947881452564,18,425,26,28707.157672314217,122202.69714686052,1.5934365391731262,0.021912992000579834,-0.9421500538716667,-0.6743830512213336,-1.1023789254934904,-0.9761643652684757,-1.015673873503367,0.10053195035784689,0.0038210144983870605,0.16119490100696443,COMPLETE,6_0
7,-1.0335677132899268,2023-04-25 18:09:39.068911,2023-04-25 18:09:40.172073,0 days 00:00:01.103162,9.21604762695407e-06,30,15,42,8518126.211892536,2087.844704784277,0.26146823167800903,0.012846291065216064,-1.0335677132899268,-0.8925437605185491,-1.1816393199982391,-0.9789214491491269,-1.0811663234937916,0.015121344800136676,0.0013074266576315581,0.10847211375087426,COMPLETE,6_0
8,-1.03353822121846,2023-04-25 18:09:39.543244,2023-04-25 18:09:55.000290,0 days 00:00:15.457046,1.944194147787108e-07,4,306,16,382.95141069260063,5.3800702386694576e-05,3.768281877040863,0.09454375505447388,-1.03353822121846,-0.8924774572993222,-1.1816211147461546,-0.9789075179385347,-1.081146794889829,0.9219381855103362,0.030029084853260713,0.10848706432205027,COMPLETE,6_0
9,-1.0334357214332643,2023-04-25 18:09:40.173875,2023-04-25 18:09:50.483221,0 days 00:00:10.309346,1.6970217184768489e-06,6,288,46,10690.758650247179,1.2415119524114626e-07,2.504090428352356,0.07151561975479126,-1.0334357214332643,-0.8922833338219556,-1.1815356965054886,-0.9788319752591549,-1.0810918801464589,0.4195653028806516,0.015034131125825143,0.1085245107156793,COMPLETE,6_0
10,-0.9438203948895327,2023-04-25 18:09:50.485454,2023-04-25 18:10:28.679073,0 days 00:00:38.193619,0.0005863125736709984,9,422,24,1.709205831551109e-07,0.10303054879700692,9.37309181690216,0.17354583740234375,-0.9438203948895327,-0.666837948946496,-1.0985221549730784,-0.9734911147300561,-1.0364303609085006,0.3163911811985522,0.029951705267488752,0.165913281080376,COMPLETE,6_0
11,-1.0335677132899268,2023-04-25 18:09:53.360770,2023-04-25 18:09:55.696531,0 days 00:00:02.335761,0.2738690103267602,16,129,11,359210.2435756637,725.3541099795984,0.5693733096122742,0.013087987899780273,-1.0335677132899268,-0.8925437605185491,-1.1816393199982391,-0.9789214491491269,-1.0811663234937916,0.07638936740243142,0.0008248632500487274,0.10847211375087426,COMPLETE,6_0
12,-0.9174106495650747,2023-04-25 18:09:55.003552,2023-04-25 18:10:07.124906,0 days 00:00:12.121354,0.003490650586292982,14,463,46,21411.352368805805,1091.805261654241,2.945518970489502,0.08347630500793457,-0.9174106495650747,-0.6227029074140809,-1.1005793884017947,-0.9597299551825655,-0.9866303472618575,0.3456972312790671,0.007737478612424904,0.1781752861285424,COMPLETE,6_0
13,-0.9180651457209215,2023-04-25 18:09:55.698492,2023-04-25 18:10:26.744550,0 days 00:00:31.046058,0.5809881381564843,15,483,33,5.01420152509401e-07,2703629.1678920803,7.609754204750061,0.1464713215827942,-0.9180651457209215,-0.4833932983877764,-1.0183188829287473,-1.3053527057379202,-0.865195695829242,0.3519643604531093,0.032796347689021,0.29655406739914814,COMPLETE,6_0
14,-1.0015863773275122,2023-04-25 18:10:05.702168,2023-04-25 18:10:42.722340,0 days 00:00:37.020172,0.6925079064726998,46,458,31,1.6789989223817526e-07,1453448.0751960338,9.041827082633972,0.20908570289611816,-1.0015863773275122,-0.6062655343017817,-1.135733342171668,-1.3735017092535795,-0.8908449235830201,0.3464023169576203,0.053024037124633175,0.28498186819804594,COMPLETE,6_0
15,-0.9173709223958753,2023-04-25 18:10:07.127940,2023-04-25 18:10:41.154296,0 days 00:00:34.026356,0.7647772174567977,15,493,31,2.8850169166228988e-05,3666294.039270768,8.358174264431,0.1441730260848999,-0.9173709223958753,-0.49427627120703044,-1.0131924323046722,-1.3101258439573586,-0.8518891421144401,0.4892335451786587,0.01620253579654909,0.2944211004604651,COMPLETE,6_0
16,-0.9843632760268539,2023-04-25 18:10:26.747102,2023-04-25 18:10:38.958563,0 days 00:00:12.211461,0.06648139977026592,12,499,34,6.580603769805692e-07,9032067.549200512,2.96514755487442,0.08327770233154297,-0.9843632760268539,-0.8012564328988996,-1.1260152522184455,-0.9686879921331053,-1.0414934268569656,0.38860753106850054,0.00883701858317154,0.11948113555943612,COMPLETE,6_0
17,-0.9001167810803965,2023-04-25 18:10:28.681209,2023-04-25 18:10:49.522524,0 days 00:00:20.841315,0.08491647063804601,12,499,34,1.0579522970578683e-07,979933.0392699516,5.076568901538849,0.12834322452545166,-0.9001167810803965,-0.4761297676538845,-1.071646652351053,-1.159633939210996,-0.8930567651056522,0.7404215727609684,0.022578474768207298,0.2629574506846153,COMPLETE,6_0
18,-0.9884906278704071,2023-04-25 18:10:38.960613,2023-04-25 18:10:45.106141,0 days 00:00:06.145528,0.041101225647068466,0,207,35,0.0001390612521878234,2579254.4207621496,1.4877710342407227,0.04197722673416138,-0.9884906278704071,-0.811721424690068,-1.1308583585375362,-0.9683048038757691,-1.0430779243782549,0.1796120308356579,0.004490498705659046,0.11715711924451967,COMPLETE,6_0
19,-1.1004277201206818,2023-04-25 18:10:41.157228,2023-04-25 18:11:14.311695,0 days 00:00:33.154467,0.03501775399677113,30,208,50,0.0002655326529241454,9471.702548345438,8.160459458827972,0.12322181463241577,-1.1004277201206818,-0.67033467396338,-1.2152516731435044,-1.4062871580589493,-1.1098373753168937,0.8939305902153102,0.04399407791517893,0.2700940141540899,COMPLETE,6_0
20,-1.0948058985195461,2023-04-25 18:10:42.725635,2023-04-25 18:11:10.912811,0 days 00:00:28.187176,0.03526019407306514,-1,193,49,0.0006613520243859228,13215.888732127112,6.953155994415283,0.08855456113815308,-1.0948058985195461,-0.6414272939501235,-1.244884941583289,-1.3873654722507585,-1.1055458862940133,0.8544692793399163,0.017192943799858147,0.2800813853897783,COMPLETE,6_0
21,-1.0956430187342874,2023-04-25 18:10:45.108734,2023-04-25 18:11:35.551422,0 days 00:00:50.442688,0.016555015482707564,27,391,50,0.5416766476676506,9731.228501069774,12.393316447734833,0.21229946613311768,-1.0956430187342874,-0.6581635698113841,-1.224962454729377,-1.3920807150075067,-1.1073653353888817,0.718121937090191,0.04186092804131649,0.27208661545337876,COMPLETE,6_0
22,-1.0800575514956556,2023-04-25 18:10:49.524319,2023-04-25 18:11:31.805927,0 days 00:00:42.281608,0.09506861941380572,28,389,38,2.5917679251702383e-05,54570.981825404044,10.29776132106781,0.2672732472419739,-1.0800575514956556,-0.6133408738671694,-1.2786133870126144,-1.4113204539657926,-1.0169554911370458,0.3106480574489402,0.024936485912550717,0.3045348328060565,COMPLETE,6_0
23,-1.1117735283006502,2023-04-25 18:11:10.917093,2023-04-25 18:11:22.463633,0 days 00:00:11.546540,0.12912795515347975,28,389,5,9.966950753330369e-06,54606.01719278519,2.776311755180359,0.10544133186340332,-1.1117735283006502,-0.7332036471069288,-1.270665890509202,-1.461869118857668,-0.9813554567288019,0.10141370139962512,0.019509605990911182,0.27755077627131075,COMPLETE,6_0
24,-0.9459914928100175,2023-04-25 18:11:14.313949,2023-04-25 18:11:27.908450,0 days 00:00:13.594501,0.0034762648207594935,12,404,38,1.2182495291280933e-05,160751.0796121657,3.299610197544098,0.09434407949447632,-0.9459914928100175,-0.7059083720864987,-1.107285657238922,-0.9630983668842594,-1.00767357503039,0.5507800095912689,0.012813934204757285,0.14811569527129373,COMPLETE,6_0
25,-0.9288402460348963,2023-04-25 18:11:22.465770,2023-04-25 18:11:36.255124,0 days 00:00:13.789354,0.007637204432874987,11,436,37,0.02992047115894121,294729.6482591159,3.344718635082245,0.09661638736724854,-0.9288402460348963,-0.6550010565470168,-1.0931487155084798,-0.9742811682877874,-0.992930043796301,0.5042132423414689,0.02568796585901965,0.16443657928850666,COMPLETE,6_0
26,-1.174084127439262,2023-04-25 18:11:27.910147,2023-04-25 18:12:21.274552,0 days 00:00:53.364405,0.168992011054979,22,450,37,0.14038362402172025,1101.05357282445,13.105740249156952,0.22999083995819092,-1.174084127439262,-0.8489847868489019,-1.2485643158663882,-1.4823457689161277,-1.11644163812563,0.20548222661217988,0.024658021219913704,0.22890214934591105,COMPLETE,6_0
27,-1.0226325513111352,2023-04-25 18:11:31.808091,2023-04-25 18:11:42.491582,0 days 00:00:10.683491,0.013080389687669019,23,452,44,0.3383327159984278,9159351.083333375,2.571479320526123,0.09474682807922363,-1.0226325513111352,-0.8754371900050771,-1.1689742336069084,-0.9743464768433799,-1.071772304789175,0.3166341301901696,0.013957027376695408,0.10934877997326506,COMPLETE,6_0
28,-0.9455454736075831,2023-04-25 18:11:35.552896,2023-04-25 18:11:47.810531,0 days 00:00:12.257635,0.1543776544725235,22,449,28,1.9849261395722693e-06,8323416.702534906,2.980953574180603,0.0778685212135315,-0.9455454736075831,-0.6942197221597564,-1.0953663474144837,-0.9761927840894128,-1.0164030407666798,0.43811542915819773,0.0031011615225271755,0.15130348643748562,COMPLETE,6_0
29,-0.9312875504259227,2023-04-25 18:11:36.258074,2023-04-25 18:11:50.619265,0 days 00:00:14.361191,0.19772011814100227,23,461,44,2.11104685243252e-06,8593468.605849277,3.482764780521393,0.10156947374343872,-0.9312875504259227,-0.6527759877599341,-1.089308530714657,-0.9845023894595577,-0.9985632937695423,0.3574410552094674,0.012829687893094632,0.1657537069614702,COMPLETE,6_0
30,-1.1844711182404422,2023-04-25 18:11:42.493834,2023-04-25 18:12:22.589464,0 days 00:00:40.095630,0.1793290311957616,37,469,30,3.578208610266485e-06,597.6218896825848,9.815429925918579,0.20164966583251953,-1.1844711182404422,-0.8951092104383226,-1.2405740240473866,-1.4825823984695736,-1.1196188400064855,0.44810911982006835,0.015037484385666659,0.2121049287020763,COMPLETE,6_0
31,-0.9255259509555658,2023-04-25 18:11:47.812198,2023-04-25 18:12:16.356249,0 days 00:00:28.544051,0.0019144502877658101,8,351,31,1.0372920310561933e-07,655.7018811361685,7.009554505348206,0.12149953842163086,-0.9255259509555658,-0.5395422204908897,-1.070516894169095,-1.0625522409680164,-1.0294924481942622,0.27296821449222036,0.035704242911846394,0.22337807104773996,COMPLETE,6_0
32,-0.9213248770705302,2023-04-25 18:11:50.622091,2023-04-25 18:12:19.996288,0 days 00:00:29.374197,0.0015184253424308266,39,354,21,15.78882967990426,417.98499196928185,7.220805525779724,0.11745667457580566,-0.9213248770705302,-0.5542789224830615,-1.0730720476358855,-1.030136683101017,-1.0278118550621567,0.20017739316061717,0.03254475943567416,0.2126789964753352,COMPLETE,6_0
33,-1.0230159428186427,2023-04-25 18:12:16.358233,2023-04-25 18:12:22.807383,0 days 00:00:06.449150,0.001284624313983656,37,255,19,52.870256399234385,456802.4925341357,1.5458422303199768,0.061171650886535645,-1.0230159428186427,-0.8757386313771357,-1.1695166203220781,-0.9746146761979944,-1.0721938433773626,0.29588578751082745,0.01836232261870474,0.1094465662872192,COMPLETE,6_0
34,-1.0593586868167815,2023-04-25 18:12:19.997977,2023-04-25 18:13:09.633999,0 days 00:00:49.636022,0.7442060273198179,16,484,33,1.1007782428323231e-06,711399.4764628151,12.127001464366913,0.2766305208206177,-1.0593586868167815,-0.7100446355321992,-1.2189136961295526,-1.4013594037869468,-0.9071170118184272,0.42969892761795836,0.04916141340035003,0.26815113529316725,COMPLETE,6_0
35,-1.0606633505099854,2023-04-25 18:12:21.275909,2023-04-25 18:13:13.742078,0 days 00:00:52.466169,0.7175996752194598,15,499,33,1.398134232219018e-06,641088.5241660426,12.793226778507233,0.3176462650299072,-1.0606633505099854,-0.695901990026249,-1.2192896575393803,-1.393784621133779,-0.9336771333405339,0.11649961035780552,0.05249829734637979,0.26707135548236355,COMPLETE,6_0
36,-1.0767472795546822,2023-04-25 18:12:22.591582,2023-04-25 18:13:08.352821,0 days 00:00:45.761239,0.9879347076111146,15,499,33,5.200771202452329e-05,705533.8803578245,11.119715690612793,0.3148640990257263,-1.0767472795546822,-0.7516761217188983,-1.2308824212068328,-1.4201375109659289,-0.9042930643270691,0.47368725934340056,0.04724276006684409,0.26319489305800897,COMPLETE,6_0
37,-1.0743752821759645,2023-04-25 18:12:22.809001,2023-04-25 18:13:09.939029,0 days 00:00:47.130028,0.7533933595243676,15,498,33,2.7270367985441416e-05,296796.9798502831,11.48660010099411,0.2882951498031616,-1.0743752821759645,-0.7124276412585312,-1.2363810569513007,-1.4274375503824048,-0.9212548801116214,0.2323008693221044,0.022286407466511206,0.27629277432900534,COMPLETE,6_0
38,-1.0258166820631192,2023-04-25 18:13:08.356846,2023-04-25 18:13:44.128863,0 days 00:00:35.772017,0.36832365682442314,15,485,25,6.159562033388713e-07,592997.3489899061,8.610109746456146,0.3275524973869324,-1.0258166820631192,-0.6049283009626265,-1.193659181514778,-1.3797713572906547,-0.9249078884844179,0.13680839443855283,0.1594996739643007,0.2918838085199797,COMPLETE,6_0
39,-0.9009506111993079,2023-04-25 18:13:09.635174,2023-04-25 18:13:37.578153,0 days 00:00:27.942979,0.29395046387285634,19,477,25,1.902259579827369e-05,1878825.6367517102,6.817863464355469,0.12651824951171875,-0.9009506111993079,-0.4445965873295081,-1.0158840032429677,-1.272683174720478,-0.8706386795042778,0.3660932880316831,0.019880379140655626,0.3002384850805791,COMPLETE,6_0
40,-0.9625756408896903,2023-04-25 18:13:09.940857,2023-04-25 18:13:44.160166,0 days 00:00:34.219309,0.3804848425783255,18,418,41,6.455636560619416e-07,1043089.1116226165,8.305606245994568,0.24397796392440796,-0.9625756408896903,-0.5289455794452709,-1.0915476706447211,-1.3321343286073213,-0.8976749848614478,0.3853047842351278,0.09135619276920963,0.2938769017241306,COMPLETE,6_0
41,-1.0946299919796187,2023-04-25 18:13:13.743837,2023-04-25 18:13:54.796196,0 days 00:00:41.052359,0.33082554978843104,19,418,26,0.0020718199237535107,32923.71089086748,9.931723952293396,0.3243972063064575,-1.0946299919796187,-0.6391060905615037,-1.3055545429544428,-1.4341861855884461,-0.9996731488140824,0.22083963489180197,0.0854058345192336,0.30671909039428547,COMPLETE,6_0
42,-1.122694713569058,2023-04-25 18:13:37.580025,2023-04-25 18:14:14.974128,0 days 00:00:37.394103,0.3249260339599456,19,410,25,0.002540732341572905,29888.716307226805,9.124371111392975,0.2177189588546753,-1.122694713569058,-0.6365713933893834,-1.357704253947173,-1.4566690740306767,-1.0398341329089984,0.18539286515834416,0.03206032052275222,0.3201367347573193,COMPLETE,6_0
43,-1.097344670985363,2023-04-25 18:13:44.130798,2023-04-25 18:14:32.213621,0 days 00:00:48.082823,0.05814444665575608,19,417,41,0.0015925956854456638,27294.183975341195,11.696185946464539,0.3160223364830017,-1.097344670985363,-0.6374600174795096,-1.277205842741388,-1.4060384544859525,-1.0686743692346017,0.5403859070066827,0.019341428455946923,0.2915294898505285,COMPLETE,6_0
44,-1.0744898255945436,2023-04-25 18:13:44.161819,2023-04-25 18:14:18.684438,0 days 00:00:34.522619,0.0665247248128008,20,465,23,0.0015065339520157878,55717.99968796348,8.398536264896393,0.226917564868927,-1.0744898255945436,-0.6150644411938441,-1.2598160578000002,-1.4054811776998655,-1.017597625684465,0.203263549358278,0.0332692556710514,0.29925302578015767,COMPLETE,6_0
45,-1.032440696478234,2023-04-25 18:13:54.797912,2023-04-25 18:14:37.919804,0 days 00:00:43.121892,0.07180941557951838,10,471,27,5.492513613422472e-06,113770.63330680568,10.525729477405548,0.24867379665374756,-1.032440696478234,-0.5729628231942218,-1.2116592750746689,-1.369524538303563,-0.9756161493404824,0.41032833404147034,0.031672931952168214,0.30003906434365313,COMPLETE,6_0
46,-1.0392167016954652,2023-04-25 18:14:14.978032,2023-04-25 18:14:44.944592,0 days 00:00:29.966560,0.07253004281162759,9,467,23,6.562828000383005e-06,107484.0134868124,7.325288712978363,0.1596897840499878,-1.0392167016954652,-0.5795487402414599,-1.2221760621175726,-1.3741979339002706,-0.9809440705225576,2.086849432846226,0.027581677963975357,0.30015699551510167,COMPLETE,6_0
47,-0.9850899775977282,2023-04-25 18:14:18.685954,2023-04-25 18:14:21.549939,0 days 00:00:02.863985,0.07836686260679071,10,94,29,4.717602694696918e-06,2026614.8293463555,0.6886472702026367,0.022186696529388428,-0.9850899775977282,-0.8028140212239842,-1.1274926893003343,-0.9686324600849716,-1.0414207397816229,0.14449876969480152,0.002896400548571496,0.11931791695206527,COMPLETE,6_0
48,-0.9156953474196055,2023-04-25 18:14:21.551542,2023-04-25 18:14:36.810178,0 days 00:00:15.258636,0.017424846106593804,7,370,14,8.776530968839897e-05,137463.47366265138,3.701288938522339,0.10846251249313354,-0.9156953474196055,-0.4866616209299399,-1.0836379084443104,-1.1340899122784418,-0.9583919480257299,0.48076599905575773,0.023348569857441933,0.25582896040731257,COMPLETE,6_0
