number,value,datetime_start,datetime_complete,duration,params_learning_rate,params_max_depth,params_n_estimators,params_num_leaves,params_reg_alpha,params_reg_lambda,user_attrs_mean_fit_time,user_attrs_mean_score_time,user_attrs_mean_test_score,user_attrs_split0_test_score,user_attrs_split1_test_score,user_attrs_split2_test_score,user_attrs_split3_test_score,user_attrs_std_fit_time,user_attrs_std_score_time,user_attrs_std_test_score,state,key
28,-2.4597536430823554,2023-04-25 19:59:43.403651,2023-04-25 20:00:31.956156,0 days 00:00:48.552505,0.003812797711953942,27,399,13,5.07217006869705e-05,0.4449016726193089,11.638143539428711,0.4932471513748169,-2.4597536430823554,-2.3639328167522953,-2.437580065498101,-2.1573239221619036,-2.880177767917121,0.18663447388358492,0.022070635263098912,0.2635780146088448,COMPLETE,13_2
29,-2.4704615640517633,2023-04-25 19:59:43.865030,2023-04-25 20:00:47.927306,0 days 00:01:04.062276,0.003551821712497353,26,394,14,3.699776680363839e-05,0.42696848660381975,15.552198827266693,0.45686304569244385,-2.4704615640517633,-2.380811096152999,-2.4627319460362807,-2.181866014359824,-2.8564371996579494,7.619505946553341,0.014996708538991963,0.24513340040308904,COMPLETE,13_2
30,-2.525495945162091,2023-04-25 20:00:04.434016,2023-04-25 20:00:37.393260,0 days 00:00:32.959244,0.003908419590836404,27,182,25,1.980245983013746e-05,9.672268956542723,7.958885967731476,0.27438026666641235,-2.525495945162091,-2.473204218134094,-2.544278345152216,-2.292360063421334,-2.792141153940721,0.2540513387944835,0.032448386134437304,0.17926182665629,COMPLETE,13_2
31,-2.5290465339641877,2023-04-25 20:00:31.959706,2023-04-25 20:01:08.850764,0 days 00:00:36.891058,0.0036601227478981766,26,188,26,3.8260987064987223e-05,0.1831324687415598,8.887121558189392,0.3289732336997986,-2.5290465339641877,-2.473953206740229,-2.555745440408743,-2.300425775419893,-2.7860617132878853,0.5662705435913872,0.0215669747033052,0.1746942757720631,COMPLETE,13_2
32,-2.5732812064612713,2023-04-25 20:00:37.395153,2023-04-25 20:01:01.683816,0 days 00:00:24.288663,0.002332194269183336,28,200,13,2.7312332517134052e-05,1877.3452166815377,5.805654525756836,0.2603302001953125,-2.5732812064612713,-2.591742393388663,-2.643041828033608,-2.3738775693861096,-2.6844630350367047,0.23980086037829446,0.03805909092691373,0.11971901397554477,COMPLETE,13_2
33,-2.595657603853649,2023-04-25 20:00:39.526501,2023-04-25 20:01:10.173835,0 days 00:00:30.647334,0.0012147655051671803,22,261,12,1.2309464069985546e-07,0.23209901776116376,7.357494831085205,0.29735249280929565,-2.595657603853649,-2.6402391240759098,-2.6263379306182344,-2.41429132358478,-2.7017620371356728,0.4323940124596691,0.027795161875491498,0.10849040600022546,COMPLETE,13_2
34,-2.51444706182334,2023-04-25 20:00:47.930761,2023-04-25 20:01:39.343607,0 days 00:00:51.412846,0.0013743993426156877,22,446,12,1.7138659683931546e-07,0.12142205218988787,12.337735533714294,0.5068414807319641,-2.51444706182334,-2.5172550727100096,-2.5469718826988856,-2.2985766360099613,-2.694984655874503,0.4305039641123226,0.023264237752504618,0.1416506375777726,COMPLETE,13_2
35,-2.631898147288312,2023-04-25 20:01:01.685552,2023-04-25 20:01:33.144633,0 days 00:00:31.459081,0.0008322836112603428,22,281,11,1.6424765444598642e-07,0.3096715151147762,7.484111666679382,0.3732900619506836,-2.631898147288312,-2.686351793221055,-2.669293207641304,-2.4532180487584014,-2.718729539532487,0.2165098375673402,0.0653936540979867,0.1046779088249913,COMPLETE,13_2
36,-2.6180894584417667,2023-04-25 20:01:08.854376,2023-04-25 20:01:42.045799,0 days 00:00:33.191423,0.0009466211785796385,21,279,11,2.3655124988065114e-07,0.02096486339135287,7.968564808368683,0.32162195444107056,-2.6180894584417667,-2.6690771578758983,-2.6567960145812317,-2.436898759052961,-2.709585902256975,0.34168740822143245,0.07601534815802706,0.10641852723750336,COMPLETE,13_2
37,-2.581916130551668,2023-04-25 20:01:10.175407,2023-04-25 20:01:54.844845,0 days 00:00:44.669438,0.000912170127370391,22,387,11,2.9019206129478455e-06,0.013823111298507645,10.73408591747284,0.42359238862991333,-2.581916130551668,-2.622285726233236,-2.6225842353018183,-2.3908611081847635,-2.6919334524868535,0.6395578936211637,0.08475423291153067,0.11389625948299519,COMPLETE,13_2
38,-2.601327333690329,2023-04-25 20:01:33.151017,2023-04-25 20:02:04.841734,0 days 00:00:31.690717,0.0008122172163120784,17,446,5,5.068814990527576e-06,0.0038828231260005655,7.571904957294464,0.3443197011947632,-2.601327333690329,-2.6560091333657057,-2.6078357797547596,-2.4377151805734494,-2.703749241067401,0.5690574067851082,0.08589993395501996,0.10036389147025236,COMPLETE,13_2
39,-2.736873705185669,2023-04-25 20:01:39.346433,2023-04-25 20:01:53.842603,0 days 00:00:14.496170,0.0005069888583050979,1,326,6,2.4218964111560208e-06,0.014226673561636791,3.463231921195984,0.1532609462738037,-2.736873705185669,-2.787918461011646,-2.7825284115120303,-2.6022770430596007,-2.7747709051593983,0.17201054841188573,0.014015699956424387,0.07784982101522092,COMPLETE,13_2
40,-2.679321238932621,2023-04-25 20:01:42.048879,2023-04-25 20:02:06.909451,0 days 00:00:24.860572,0.00046701395068735854,17,330,5,3.3954728640277257e-06,0.0029023673982302217,5.987123727798462,0.22073757648468018,-2.679321238932621,-2.752257400480266,-2.7198829646653206,-2.5206421675436093,-2.724502423041289,0.5425695874452608,0.03315517173883975,0.09244636870918639,COMPLETE,13_2
41,-2.506637346504789,2023-04-25 20:01:53.847058,2023-04-25 20:02:52.786849,0 days 00:00:58.939791,0.004242406301587982,17,391,20,4.866151700660376e-06,23.239609402202287,13.982434451580048,0.7456345558166504,-2.506637346504789,-2.3811789990108236,-2.486550604536648,-2.221258574807163,-2.9375612076645203,0.5423578487349554,0.07507230086661415,0.26612012870659957,COMPLETE,13_2
42,-2.5043349711756853,2023-04-25 20:01:54.846384,2023-04-25 20:02:45.498172,0 days 00:00:50.651788,0.004161283288041049,17,331,20,8.627520017567566e-05,23.10033064559762,12.193836271762848,0.4613698720932007,-2.5043349711756853,-2.3954425929099017,-2.4853601553955116,-2.248072367138133,-2.8884647692591945,0.5347032956714571,0.049493087375923624,0.23740462173368432,COMPLETE,13_2
43,-2.5020390502536927,2023-04-25 20:02:04.843825,2023-04-25 20:02:54.076998,0 days 00:00:49.233173,0.00372305250554576,11,330,20,4.9095969326829405e-05,0.0003764076379187277,11.842257618904114,0.4586845636367798,-2.5020390502536927,-2.4013431919078885,-2.4947700805850315,-2.2483025271439283,-2.863740401377923,0.06959973100916636,0.04638045551447837,0.22660680945912007,COMPLETE,13_2
44,-2.5029362957911765,2023-04-25 20:02:06.911780,2023-04-25 20:03:08.937226,0 days 00:01:02.025446,0.0028432780256113436,12,396,20,7.376727250792653e-07,26.058301095319447,14.8673574924469,0.630974531173706,-2.5029362957911765,-2.4138983606256215,-2.4956234302172104,-2.254555151059599,-2.847668241262274,0.8363809883694924,0.0871896523605553,0.21709130520814565,COMPLETE,13_2
45,-2.5015447842420993,2023-04-25 20:02:45.502579,2023-04-25 20:03:48.128570,0 days 00:01:02.625991,0.0035948346474682425,11,382,20,4.915915354415142e-05,22.643927995788346,15.000074326992035,0.6486697196960449,-2.5015447842420993,-2.3897955135605384,-2.4857790610798727,-2.242461894450726,-2.8881426678772595,0.9835376630323766,0.0907770260874886,0.23943596478939963,COMPLETE,13_2
46,-2.5211385553157766,2023-04-25 20:02:52.788973,2023-04-25 20:04:08.821661,0 days 00:01:16.032688,0.005510694125013172,12,393,20,7.462681284096985e-07,13.64742568633316,18.361997723579407,0.6373867392539978,-2.5211385553157766,-2.371560510955812,-2.4894307877115813,-2.199290502645993,-3.0242724199497197,10.964438899411766,0.2566809793970607,0.30826483282634276,COMPLETE,13_2
47,-2.505330458508173,2023-04-25 20:02:54.078677,2023-04-25 20:03:34.094223,0 days 00:00:40.015546,0.006814785713905517,12,242,20,8.769398045501754e-05,4.306636302296247e-05,9.531695067882538,0.4643714427947998,-2.505330458508173,-2.3791503313254605,-2.484659648002576,-2.2234204489721,-2.934091405732556,0.45743644242233783,0.052275909279895186,0.26441345949297984,COMPLETE,13_2
48,-2.7098358660287767,2023-04-25 20:03:08.941841,2023-04-25 20:04:05.190802,0 days 00:00:56.248961,0.00016413438307447646,13,461,14,1.0168071462357969e-06,6.199311946756356e-05,13.570457637310028,0.4835869073867798,-2.7098358660287767,-2.778146773689186,-2.754281859828144,-2.546215645392926,-2.7606991852048495,1.8991160519812829,0.10454970553629131,0.09486896266526519,COMPLETE,13_2
49,-2.700269534975046,2023-04-25 20:03:34.097745,2023-04-25 20:04:07.688033,0 days 00:00:33.590288,0.00018326799862991306,7,459,8,6.758051784701826e-07,1.2313628402959047e-05,8.04410594701767,0.3449247479438782,-2.700269534975046,-2.7720042447532323,-2.751637781990012,-2.537137227362676,-2.740298885794263,1.4102169490533742,0.07264937572613772,0.09486709664353594,COMPLETE,13_2
0,-1.4821137682214018,2023-04-25 20:04:18.275025,2023-04-25 20:04:50.281113,0 days 00:00:32.006088,9.879234992658384e-07,43,271,38,4.85297683243678e-07,128629.83112750413,7.668852150440216,0.3288090229034424,-1.4821137682214018,-1.6568548946423243,-1.4504368497053604,-1.4231818058754842,-1.3979815226624386,2.0501335275706896,0.09987045450485897,0.10257814016429022,COMPLETE,14_0
1,-1.2324093345542757,2023-04-25 20:04:18.277269,2023-04-25 20:04:26.274975,0 days 00:00:07.997706,0.1381322564486966,36,39,8,0.00041427678257279784,48388.16923735934,1.905715525150299,0.08959168195724487,-1.2324093345542757,-1.3566506130058125,-1.1404820976077725,-1.1129586706080221,-1.3195459569954961,0.2944390233751914,0.01672473145695299,0.10694363498071711,COMPLETE,14_0
2,-1.4821807240258165,2023-04-25 20:04:18.278627,2023-04-25 20:04:24.867418,0 days 00:00:06.588791,0.08279917524570182,47,95,15,1087512.1806504994,1.5116913657558704,1.5959023237228394,0.04815781116485596,-1.4821807240258165,-1.6569199836417376,-1.4505145749782555,-1.4232631428877132,-1.3980251945955589,0.30589265880032596,0.006099840559289025,0.1025792234659078,COMPLETE,14_0
3,-1.3886009264596126,2023-04-25 20:04:18.280173,2023-04-25 20:04:57.457618,0 days 00:00:39.177445,0.34157732567665217,18,254,25,0.009189358300094048,3.3325306587589507e-06,9.41511344909668,0.3758862614631653,-1.3886009264596126,-1.4954594749811418,-1.3005625028347425,-1.2802531618740225,-1.478128566148544,0.9528163740589864,0.10522639996846009,0.09864576750353468,COMPLETE,14_0
4,-1.4815468945372825,2023-04-25 20:04:24.873056,2023-04-25 20:04:42.567485,0 days 00:00:17.694429,1.0042038822454128e-05,15,373,46,313385.97870124533,0.0471776781524182,4.213828086853027,0.20577162504196167,-1.4815468945372825,-1.6569199836417376,-1.448778974997658,-1.4228098063264683,-1.3976788131832663,0.5543776460042524,0.10125119715370477,0.10285105436319471,COMPLETE,14_0
5,-1.469186542022535,2023-04-25 20:04:26.279605,2023-04-25 20:04:34.157638,0 days 00:00:07.878033,0.0009235656843777994,8,35,11,0.00013660129755574754,1864.282504022941,1.8835155367851257,0.08153802156448364,-1.469186542022535,-1.6427860572939312,-1.4354528110609874,-1.4076183798200745,-1.3908889199151475,0.21213567825412624,0.013104366083883174,0.10148388114832516,COMPLETE,14_0
6,-1.3961099880639543,2023-04-25 20:04:34.161852,2023-04-25 20:04:38.875455,0 days 00:00:04.713603,0.6620376486029621,41,12,19,0.8021554847201783,0.007987964425902522,1.1189717054367065,0.05673152208328247,-1.3961099880639543,-1.515733190303723,-1.3211658234834487,-1.1679754908175366,-1.579565447651109,0.03683407242423422,0.015133182002077755,0.16250199445312696,COMPLETE,14_0
7,-1.3478013232897041,2023-04-25 20:04:38.878870,2023-04-25 20:06:14.072333,0 days 00:01:35.193463,0.020191680819259178,24,476,34,1.4630534641015044e-06,1.4330486051666362,22.854725778102875,0.9381169676780701,-1.3478013232897041,-1.4670847246029735,-1.2307437768887945,-1.217204299825661,-1.4761724918413877,0.853942458865779,0.07197627765065476,0.12396142388991037,COMPLETE,14_0
8,-1.4820790791844283,2023-04-25 20:04:42.569086,2023-04-25 20:04:47.173278,0 days 00:00:04.604192,4.049846438143145e-06,1,71,45,3.7579958384583613e-07,4.359765365361927,1.0813682079315186,0.06475412845611572,-1.4820790791844283,-1.6568087359034678,-1.450415212844756,-1.4231498405389813,-1.397942527450508,0.061935064707388625,0.019457738682968576,0.10257273988947636,COMPLETE,14_0
9,-1.4780398214814447,2023-04-25 20:04:47.174647,2023-04-25 20:06:42.961925,0 days 00:01:55.787278,1.76817939134909e-05,30,456,40,0.011617311191862933,0.019961186031606317,28.086210191249847,0.8573282957077026,-1.4780398214814447,-1.652534429924678,-1.4463356911193659,-1.4192147375736475,-1.3940744273080874,1.1690795746841862,0.055537179691344946,0.10242570255216663,COMPLETE,14_0
10,-1.481522161657716,2023-04-25 20:04:50.284530,2023-04-25 20:05:18.889363,0 days 00:00:28.604833,1.0594621033145315e-05,21,128,32,9.069188190673932e-05,0.0005563867394094175,6.931086599826813,0.21600306034088135,-1.481522161657716,-1.6562156418086433,-1.4498074887010965,-1.4226866611768698,-1.3973788549442545,0.46169920058379676,0.045453180857877355,0.10254918901373022,COMPLETE,14_0
11,-1.263301737937116,2023-04-25 20:04:57.459275,2023-04-25 20:05:08.979167,0 days 00:00:11.519892,0.01849675611281767,5,125,24,38608.98754679092,63.41419222905547,2.760057508945465,0.11739790439605713,-1.263301737937116,-1.398736652468059,-1.21486301239044,-1.1521321040984394,-1.2874751827915263,0.3213493282954714,0.03502395225921017,0.09169510500913429,COMPLETE,14_0
12,-1.482115527438804,2023-04-25 20:05:08.981240,2023-04-25 20:05:26.175739,0 days 00:00:17.194499,1.2302812209066191e-06,38,114,16,0.04339606647715103,0.1785581654007432,4.161232769489288,0.13497203588485718,-1.482115527438804,-1.6568566579320294,-1.4504536779750918,-1.4231915354390245,-1.3979602384090708,0.17983275804028565,0.010052954317046859,0.1025805596864986,COMPLETE,14_0
13,-1.4551315300391685,2023-04-25 20:05:18.892951,2023-04-25 20:05:49.739140,0 days 00:00:30.846189,0.005109613849957051,35,456,6,132.42058747152024,6989106.028326093,7.381771802902222,0.32264721393585205,-1.4551315300391685,-1.6275144396026215,-1.4237209078859585,-1.3916705461244183,-1.3776202265436759,0.1369911198409408,0.07958430736833577,0.1009180278030292,COMPLETE,14_0
14,-1.4528645582095217,2023-04-25 20:05:26.177004,2023-04-25 20:05:39.979571,0 days 00:00:13.802567,0.01258709531707368,33,185,7,64.72134813138665,6387963.3019100195,3.2957539558410645,0.1497631072998047,-1.4528645582095217,-1.625014982016843,-1.4214556112420338,-1.389010615513537,-1.375977024065673,0.3738601901504315,0.011016291912162027,0.10076123916366643,COMPLETE,14_0
15,-1.2658623175060797,2023-04-25 20:05:39.981710,2023-04-25 20:05:55.089288,0 days 00:00:15.107578,0.017639499193683093,28,181,5,216.0696902745316,327.3943547689733,3.6276689767837524,0.14275377988815308,-1.2658623175060797,-1.378501069503045,-1.196368467231653,-1.1368027212467569,-1.351777012042864,0.5191012424635627,0.004010434519408762,0.10192472443103132,COMPLETE,14_0
16,-1.254487002156878,2023-04-25 20:05:49.743061,2023-04-25 20:06:21.562496,0 days 00:00:31.819435,0.03826603188475985,29,194,23,4389.744634776556,385.0664921754864,7.563177764415741,0.3857582211494446,-1.254487002156878,-1.382640931974426,-1.1603301191481123,-1.1345916578041475,-1.3403852997008254,0.23724605023810066,0.06377776141597459,0.10844625335162084,COMPLETE,14_0
17,-1.2511287245828049,2023-04-25 20:05:55.091765,2023-04-25 20:06:07.203204,0 days 00:00:12.111439,0.0797757473903699,-1,184,24,23038.215358351757,493.0901991257979,2.9036410450935364,0.11826848983764648,-1.2511287245828049,-1.3824806427551943,-1.17407067263154,-1.1354857600091868,-1.3124778229352982,0.17545638031424393,0.01851702868666423,0.10040950764510417,COMPLETE,14_0
18,-1.2676836202989052,2023-04-25 20:06:07.204624,2023-04-25 20:06:27.491884,0 days 00:00:20.287260,0.6504391490916438,27,363,33,2640.5346544688678,24194.115859639416,4.970689833164215,0.0951685905456543,-1.2676836202989052,-1.4239833106567463,-1.1493269270759134,-1.1665148323558818,-1.3309094111070794,0.5249956927461377,0.0028339233397946476,0.11475029881640596,COMPLETE,14_0
19,-1.2394449792627085,2023-04-25 20:06:14.074217,2023-04-25 20:06:26.677714,0 days 00:00:12.603497,0.7354129272029097,11,313,21,20139.78748485738,26148.548148403082,3.084836959838867,0.059678077697753906,-1.2394449792627085,-1.3845487483624221,-1.159672376795036,-1.1285219208107014,-1.2850368710826738,0.23231972246403484,0.024471521194639856,0.10222685240126383,COMPLETE,14_0
20,-1.4821807240258165,2023-04-25 20:06:21.564174,2023-04-25 20:06:34.624750,0 days 00:00:13.060576,0.9339504399542544,13,332,30,4703544.423375436,11699.76556607726,3.2132397890090942,0.04529893398284912,-1.4821807240258165,-1.6569199836417376,-1.4505145749782555,-1.4232631428877132,-1.3980251945955589,0.16491289715072036,0.01056144867188297,0.1025792234659078,COMPLETE,14_0
21,-1.4821807240258165,2023-04-25 20:06:26.679348,2023-04-25 20:06:39.908610,0 days 00:00:13.229262,0.619797726796932,12,335,12,5720867.427637481,36171.907600987484,3.260575294494629,0.039929747581481934,-1.4821807240258165,-1.6569199836417376,-1.4505145749782555,-1.4232631428877132,-1.3980251945955589,0.03191172846155517,0.0019543907629060884,0.1025792234659078,COMPLETE,14_0
22,-1.4821807240258165,2023-04-25 20:06:27.494591,2023-04-25 20:06:41.180553,0 days 00:00:13.685962,0.0022112952223530932,12,348,12,1695390.2700436476,569420.7328656386,3.3789731860160828,0.03714573383331299,-1.4821807240258165,-1.6569199836417376,-1.4505145749782555,-1.4232631428877132,-1.3980251945955589,0.050357440780558566,0.004951246308443246,0.1025792234659078,COMPLETE,14_0
23,-1.3940037240833858,2023-04-25 20:06:34.626412,2023-04-25 20:07:06.082216,0 days 00:00:31.455804,0.0020033543386610343,11,297,13,6.808252434091952,238812.6358640099,7.584828495979309,0.2724236249923706,-1.3940037240833858,-1.570707413283349,-1.350667494797459,-1.3144865459779678,-1.340153442274767,1.0741100521237124,0.028994317945492447,0.10286527233512292,COMPLETE,14_0
24,-1.2812273203130449,2023-04-25 20:06:39.916019,2023-04-25 20:07:01.334220,0 days 00:00:21.418201,0.15368638435870055,-1,287,20,73105.36100655528,600592.214826547,5.093981444835663,0.25302112102508545,-1.2812273203130449,-1.4290981308132,-1.23410536743547,-1.1766346693022256,-1.285071113701284,0.329947808381294,0.07655077797884363,0.09359574300422492,COMPLETE,14_0
25,-1.3246575526756361,2023-04-25 20:06:41.182423,2023-04-25 20:07:22.420837,0 days 00:00:41.238414,0.12541368850092402,0,283,21,7.4241069165589515,2250.960586427081,9.85763430595398,0.4455156922340393,-1.3246575526756361,-1.4756734446015587,-1.2216303288516515,-1.1864592300492478,-1.4148672072000865,0.21771921848756207,0.055396757378269386,0.12314317541913089,COMPLETE,14_0
26,-1.322123610187965,2023-04-25 20:06:42.963250,2023-04-25 20:07:24.339754,0 days 00:00:41.376504,0.10239395387729415,0,296,20,5.898671820012106,4402.945562409581,9.912731051445007,0.4245274066925049,-1.322123610187965,-1.514164203994088,-1.225599444567301,-1.187094114079169,-1.3616366781113018,0.3332522811935563,0.06348188597115624,0.12844332560927718,COMPLETE,14_0
27,-1.3351046188724651,2023-04-25 20:07:01.338254,2023-04-25 20:07:38.366203,0 days 00:00:37.027949,0.11472261143883618,6,227,28,11.414347047200387,3761.436623873823,8.861371517181396,0.3883554935455322,-1.3351046188724651,-1.5140158549785512,-1.2536929467359568,-1.1721728773857116,-1.4005367963896411,0.24992721885047406,0.035346091383365,0.13178127048599841,COMPLETE,14_0
28,-1.244620246743192,2023-04-25 20:07:06.083925,2023-04-25 20:07:31.326263,0 days 00:00:25.242338,0.06989913595739264,4,410,28,4629.851563148363,2433.616203333597,6.041825294494629,0.2619912624359131,-1.244620246743192,-1.3692303734920748,-1.1495080242110134,-1.136651911734944,-1.3230906775347355,0.4887564721999877,0.057853941048476694,0.10294268846844706,COMPLETE,14_0
29,-1.2386217262265589,2023-04-25 20:07:22.426241,2023-04-25 20:07:42.082838,0 days 00:00:19.656597,0.08872090013039932,5,215,27,6559.577250136622,36.93689626032971,4.683001518249512,0.2241876721382141,-1.2386217262265589,-1.381491344978424,-1.1335837237515873,-1.1328174153753827,-1.3065944208008415,0.16527543719739654,0.09455291134266443,0.1086963078128881,COMPLETE,14_0
30,-1.2761727574199826,2023-04-25 20:07:24.342029,2023-04-25 20:08:02.161247,0 days 00:00:37.819218,0.05978003186052637,5,225,28,2535.089002200995,43.0258520731725,9.06449443101883,0.38332605361938477,-1.2761727574199826,-1.3968554094078347,-1.1841343699060014,-1.1599705556574094,-1.3637306947086847,3.1043901279225175,0.07542746507498956,0.10512458245305525,COMPLETE,14_0
31,-1.296769628979915,2023-04-25 20:07:31.329249,2023-04-25 20:07:52.949866,0 days 00:00:21.620617,0.23888892484928678,5,418,30,2105.740648616795,24.53275085323896,5.278362989425659,0.11845153570175171,-1.296769628979915,-1.3988027123361138,-1.2282332224586727,-1.1630798799826818,-1.3969627011421915,0.22991200215470592,0.02780131449253264,0.10370582169564582,COMPLETE,14_0
32,-1.4536540987385849,2023-04-25 20:07:38.368050,2023-04-25 20:09:16.180079,0 days 00:01:37.812029,0.00019100612067555282,19,405,37,1398.5192727959572,29.575453627277533,23.70400047302246,0.7414271831512451,-1.4536540987385849,-1.6203912593374064,-1.4230395286569144,-1.3904540354928396,-1.3807315714671795,0.49826549470336484,0.05627908604497739,0.09753265556181395,COMPLETE,14_0
33,-1.3512709052866216,2023-04-25 20:07:42.085895,2023-04-25 20:07:53.165859,0 days 00:00:11.079964,0.30076509018795156,18,225,37,116220.58665076706,35.13237935523515,2.685762047767639,0.07721304893493652,-1.3512709052866216,-1.52102973032862,-1.3066638311278904,-1.2633194672491073,-1.3140705924408684,0.07601488355532042,0.031022077122887525,0.09990891911302388,COMPLETE,14_0
