number,value,datetime_start,datetime_complete,duration,params_learning_rate,params_max_depth,params_n_estimators,params_num_leaves,params_reg_alpha,params_reg_lambda,user_attrs_mean_fit_time,user_attrs_mean_score_time,user_attrs_mean_test_score,user_attrs_split0_test_score,user_attrs_split1_test_score,user_attrs_split2_test_score,user_attrs_split3_test_score,user_attrs_std_fit_time,user_attrs_std_score_time,user_attrs_std_test_score,state,key
11,-1.3082336960072876,2023-04-25 17:17:56.477919,2023-04-25 17:19:28.177462,0 days 00:01:31.699543,0.0002077819832218861,21,282,49,0.005600636387557998,222.45299061833057,22.270708680152893,0.6487798690795898,-1.3082336960072876,-1.2425216193684,-1.2688665282897333,-1.310411103140686,-1.4111355332303306,1.2654923293140345,0.10865511466213457,0.06415095501237546,COMPLETE,2_0
12,-1.1255399423547585,2023-04-25 17:18:05.819891,2023-04-25 17:19:24.305076,0 days 00:01:18.485185,0.08031995072132987,41,373,41,6.394624801390417e-06,2.2603366341643317e-05,18.92380529642105,0.6924872398376465,-1.1255399423547585,-1.060368253491308,-0.9847579406420597,-1.172257953740328,-1.284775621545339,1.0762396862335482,0.05430944024807843,0.11358421451796943,COMPLETE,2_0
13,-0.9806582516663045,2023-04-25 17:18:07.535360,2023-04-25 17:19:59.937759,0 days 00:01:52.402399,0.8825206546580305,0,480,50,0.008283544636800779,5408787.246175255,26.670255482196808,1.422483503818512,-0.9806582516663045,-0.8859094333386505,-0.8253355968565376,-1.1035149448000765,-1.1078730316699532,1.335328186249524,0.199826720448302,0.1268659065418911,COMPLETE,2_0
14,-0.9709519830185822,2023-04-25 17:18:24.058848,2023-04-25 17:20:03.082822,0 days 00:01:39.023974,0.5950267486234927,11,495,50,0.003962359706527511,6659839.820721553,23.55103725194931,1.1967166066169739,-0.9709519830185822,-0.8654946995478193,-0.819130502072295,-1.098445790115206,-1.1007369403390082,1.4057297796425416,0.16839725009622478,0.12968211780003885,COMPLETE,2_0
15,-1.0646091413626326,2023-04-25 17:19:24.309139,2023-04-25 17:20:25.676416,0 days 00:01:01.367277,0.019826895705669118,11,497,48,0.000981589751065977,2126638.090238191,14.69294947385788,0.6414501070976257,-1.0646091413626326,-0.9712663571632332,-0.930671083620297,-1.166412242116657,-1.1900868825503426,1.291358702684804,0.0947442965797404,0.11484861071274308,COMPLETE,2_0
16,-1.1951817910335023,2023-04-25 17:19:28.179228,2023-04-25 17:20:13.296866,0 days 00:00:45.117638,0.02097449935014723,11,486,49,0.004874677122070276,7510596.044575073,10.853244304656982,0.4164174199104309,-1.1951817910335023,-1.1133318130175245,-1.1156336529790127,-1.236099938411494,-1.3156617597259788,0.7998889720385165,0.017792130705613772,0.08546496769165032,COMPLETE,2_0
17,-0.9697127297620824,2023-04-25 17:19:59.941668,2023-04-25 17:21:26.345778,0 days 00:01:26.404110,0.5411143621523713,-1,479,47,0.11474057239099003,9107353.636119235,20.621148824691772,0.9711155295372009,-0.9697127297620824,-0.8562815116433175,-0.8080268963695935,-1.1091673841297789,-1.1053751269056402,1.4125480430966137,0.16353433009686702,0.13861893502267342,COMPLETE,2_0
18,-0.9711573779706846,2023-04-25 17:20:03.083993,2023-04-25 17:21:39.351159,0 days 00:01:36.267166,0.8882013494695603,-1,480,48,0.009458490690961779,9390405.791699132,22.382931649684906,1.6760791540145874,-0.9711573779706846,-0.8684554000793018,-0.8227357023128655,-1.0958231804640337,-1.0976152290265377,1.229782470107182,0.5541799185351497,0.12659960552155367,COMPLETE,2_0
19,-0.9867156209806978,2023-04-25 17:20:13.299426,2023-04-25 17:22:09.282142,0 days 00:01:55.982716,0.7375077826951069,-1,464,50,0.010881066256566312,3365459.9597059935,27.352044582366943,1.6360259056091309,-0.9867156209806978,-0.8841690690338947,-0.8336433956957557,-1.1119254180351834,-1.1171246011579572,1.4223579157261055,0.6210673385800841,0.1290648062594532,COMPLETE,2_0
20,-1.0621801557314543,2023-04-25 17:20:25.678035,2023-04-25 17:22:04.548617,0 days 00:01:38.870582,0.2717826421493129,-1,427,35,0.1301950589895735,128217.92877568661,22.837826311588287,1.8713361620903015,-1.0621801557314543,-0.9700539050931846,-0.8958897895947775,-1.1473896806860873,-1.2353872475517675,0.9415323765478087,0.5156871881223432,0.13546317924659448,COMPLETE,2_0
21,-1.0674718821521259,2023-04-25 17:21:26.349519,2023-04-25 17:23:12.122579,0 days 00:01:45.773060,0.1299375239394285,0,432,35,0.35697185591566655,59412.62315933774,25.058965921401978,1.375175952911377,-1.0674718821521259,-0.9988381507454944,-0.8295041567891543,-1.1901859233278753,-1.251359297745979,0.4042106753386333,0.147267569033157,0.16599137396013558,COMPLETE,2_0
22,-1.0577349351024736,2023-04-25 17:21:39.352379,2023-04-25 17:22:37.493575,0 days 00:00:58.141196,0.08517290390169899,5,405,35,0.10235298312460943,62887.129111834794,13.917704045772552,0.6107132434844971,-1.0577349351024736,-0.9858098112183135,-0.8580587070193749,-1.1885301425115793,-1.1985410796606273,0.6676245107421307,0.015018645107044884,0.14315863240979224,COMPLETE,2_0
23,-1.0261474188035178,2023-04-25 17:22:04.552135,2023-04-25 17:23:20.439854,0 days 00:01:15.887719,0.07575465664412945,6,412,44,21.984652891290438,88660.03925061558,18.189931750297546,0.7745651006698608,-1.0261474188035178,-0.9524602492174322,-0.837296753354001,-1.1224996599029238,-1.1923330127397145,0.7090374116241263,0.06440626427219012,0.13963862180566158,COMPLETE,2_0
24,-1.0216899908576615,2023-04-25 17:22:09.284156,2023-04-25 17:23:25.700159,0 days 00:01:16.416003,0.0775100418886103,6,409,44,0.00020617866856777477,112616.61216461814,18.33999478816986,0.7553877830505371,-1.0216899908576615,-0.9198007435392562,-0.8337186674177437,-1.1507423162560122,-1.1824982362176342,0.14496917959524752,0.048822539441841006,0.14851635568291824,COMPLETE,2_0
25,-0.9761044143212465,2023-04-25 17:22:37.497528,2023-04-25 17:23:37.967184,0 days 00:01:00.469656,0.09827514381908521,5,434,43,0.0006047085363737122,381774.34890020674,14.42516142129898,0.6838827729225159,-0.9761044143212465,-0.8505938054103822,-0.8015306752063055,-1.1088953917954159,-1.1433977848728825,0.31542893033822506,0.03482511368471335,0.15153334523036485,COMPLETE,2_0
26,-1.018153055768741,2023-04-25 17:23:12.127024,2023-04-25 17:23:42.868160,0 days 00:00:30.741136,0.03133506724366838,6,217,44,0.0001563163809758714,717904.3120237144,7.385124683380127,0.29273927211761475,-1.018153055768741,-0.9026270397911541,-0.8634198609873139,-1.15086952841383,-1.1556957938826657,0.7027790005420261,0.021043203296987015,0.1358494468650416,COMPLETE,2_0
27,-0.9720242616959467,2023-04-25 17:23:20.442992,2023-04-25 17:24:03.770524,0 days 00:00:43.327532,0.9409404965018339,12,241,44,0.00025635200995146777,9399632.514120622,10.370588779449463,0.45261722803115845,-0.9720242616959467,-0.8520882915304643,-0.8027946395050277,-1.1205605051435645,-1.1126536106047304,0.8789387268740615,0.03376936755628302,0.1456562145588501,COMPLETE,2_0
28,-1.03765653678121,2023-04-25 17:23:25.702392,2023-04-25 17:24:22.713841,0 days 00:00:57.011449,0.9327582881137149,13,206,45,0.00029903532367884096,435823.5727719258,13.607872903347015,0.6367293000221252,-1.03765653678121,-0.936301807567309,-0.8660322708535556,-1.1538369455018618,-1.194455123202114,0.10374795655785282,0.0634265453198699,0.13947343283159777,COMPLETE,2_0
29,-0.9744235336475187,2023-04-25 17:23:37.971867,2023-04-25 17:25:12.512698,0 days 00:01:34.540831,0.9700279737187313,13,461,46,0.06595199130952947,8757595.436869977,22.337170004844666,1.289783775806427,-0.9744235336475187,-0.8730765089963016,-0.8309814260249311,-1.0929865412185282,-1.1006496583503136,1.3981766357580248,0.23701489435230017,0.12332586809610667,COMPLETE,2_0
30,-0.970659035021851,2023-04-25 17:23:42.869721,2023-04-25 17:25:03.424442,0 days 00:01:20.554721,0.3968338185689808,13,453,46,0.2405999715102058,6504141.109296468,19.128421008586884,1.0012426972389221,-0.970659035021851,-0.8557754794052826,-0.8045019037498674,-1.1149637105886474,-1.1073950463436066,2.0752077886770763,0.12803546833992074,0.14171009121288963,COMPLETE,2_0
31,-1.1019979251294665,2023-04-25 17:24:03.775284,2023-04-25 17:24:49.351442,0 days 00:00:45.576158,0.35206485738165816,14,457,12,0.09228750248616513,7559.614509659159,10.813478112220764,0.5713441967964172,-1.1019979251294665,-0.9941956181385702,-0.9110430845714768,-1.2501259318957938,-1.2526270659120258,0.9021765344552378,0.1542901971626086,0.15224661980364615,COMPLETE,2_0
32,-1.0997517076448522,2023-04-25 17:24:22.715536,2023-04-25 17:26:00.557364,0 days 00:01:37.841828,0.2949924740601208,16,457,38,0.08084034731007508,7698.5779459170535,23.3428812623024,1.1082580089569092,-1.0997517076448522,-1.0536288623778032,-0.8965774333682552,-1.1796886080330435,-1.2691119268003066,0.7323757528781117,0.376238803638305,0.14007131617448054,COMPLETE,2_0
33,-0.9800599459703057,2023-04-25 17:24:49.355050,2023-04-25 17:25:28.890254,0 days 00:00:39.535204,0.006549529280694104,3,458,38,0.7146798879741554,8105.838926737025,9.474659323692322,0.4004872441291809,-0.9800599459703057,-0.9080513603753414,-0.8390506362035607,-1.0769902893593821,-1.0961474979429389,0.8247488232076567,0.0495063412780875,0.10947679324039893,COMPLETE,2_0
34,-0.9772954546934383,2023-04-25 17:25:03.426469,2023-04-25 17:26:23.205510,0 days 00:01:19.779041,0.3198899607017246,17,499,39,0.9664701161227875,9944610.38660657,18.964764535427094,0.9715552926063538,-0.9772954546934383,-0.8471694717326792,-0.8124686886255738,-1.127162403575045,-1.122381254840455,1.3498033901852953,0.048752990996997245,0.147995461100397,COMPLETE,2_0
35,-0.9675342159534908,2023-04-25 17:25:12.516096,2023-04-25 17:25:52.684441,0 days 00:00:40.168345,0.2853861546489005,3,493,40,1.3068736664436345,982840.2556999105,9.566761016845703,0.46667611598968506,-0.9675342159534908,-0.8720289174316685,-0.8012951836900956,-1.0919965553074247,-1.1048162073847743,0.5191976873731676,0.07874224152701906,0.1333171941108923,COMPLETE,2_0
36,-0.9860572257677258,2023-04-25 17:25:28.895250,2023-04-25 17:27:25.697673,0 days 00:01:56.802423,0.2822095517194193,17,497,40,0.019218408871489588,1194397.8693952535,27.633484482765198,1.5581817626953125,-0.9860572257677258,-0.8752459695739387,-0.8236985055717376,-1.1123206128983911,-1.1329638150268353,0.32330879263507567,0.16908572758786472,0.13798865661747098,COMPLETE,2_0
37,-0.9747117761393445,2023-04-25 17:25:52.688292,2023-04-25 17:27:14.631829,0 days 00:01:21.943537,0.25987390201768884,9,385,39,3.3143948029576165,1336272.3050645737,19.485481202602386,0.9921057224273682,-0.9747117761393445,-0.871248638676083,-0.824684986542619,-1.0908357188949356,-1.1120777604437402,0.45790386726128146,0.09403586545480837,0.12803011573010972,COMPLETE,2_0
38,-0.9891230848431708,2023-04-25 17:26:00.560602,2023-04-25 17:27:32.489714,0 days 00:01:31.929112,0.2260607727247015,10,391,40,6.371466985624305,806405.189441884,21.59320503473282,1.3809309601783752,-0.9891230848431708,-0.8826412242633332,-0.8257084127930613,-1.1064489240131166,-1.1416937783031722,0.8872228361763248,0.31203009667641074,0.13700904232347813,COMPLETE,2_0
39,-0.9929469241037612,2023-04-25 17:26:23.209610,2023-04-25 17:27:58.853679,0 days 00:01:35.644069,0.25071970547944605,9,383,41,4.595179499827841,508308.43565179256,22.46185952425003,1.439213752746582,-0.9929469241037612,-0.8694739887222215,-0.8210419123599992,-1.10338268473315,-1.1778891105996738,1.4009242583153934,0.17810010988620717,0.150993847892917,COMPLETE,2_0
40,-0.9522606750463967,2023-04-25 17:27:14.635479,2023-04-25 17:27:34.737616,0 days 00:00:20.102137,0.18340479770810544,2,300,47,62.70952836160209,960062.4480899142,4.793888688087463,0.22399204969406128,-0.9522606750463967,-0.8893376838009579,-0.7962517695300454,-1.0498865913939879,-1.0735666554605958,0.642414503896549,0.024738943318507654,0.11461243590317799,COMPLETE,2_0
41,-1.1113255312375907,2023-04-25 17:27:25.701261,2023-04-25 17:28:54.032586,0 days 00:01:28.331325,0.04026068317038491,8,392,47,37.66283949287251,27.110775621097552,21.037905037403107,1.0355995297431946,-1.1113255312375907,-1.048597609594026,-0.9612552505106647,-1.1871555228767334,-1.2482937419689395,5.5130786403869205,0.1916545480443197,0.11287865131870507,COMPLETE,2_0
42,-0.9772621597651157,2023-04-25 17:27:32.492521,2023-04-25 17:27:48.492190,0 days 00:00:15.999669,0.03811364533912297,3,161,47,182.18596664300202,3.0788155286111016,3.8237332105636597,0.16887205839157104,-0.9772621597651157,-0.9119510084051521,-0.8004995774202478,-1.0679816704189542,-1.1286163828161087,0.4191778603172047,0.0099284042818749,0.12908203540562097,COMPLETE,2_0
43,-0.9544155882995495,2023-04-25 17:27:34.739308,2023-04-25 17:27:56.602389,0 days 00:00:21.863081,0.03318614076540655,2,327,47,44.869729251229145,4.084140081083412,5.140750467777252,0.31678783893585205,-0.9544155882995495,-0.8678675851406508,-0.7958962665158998,-1.0867025769900487,-1.067195924551599,0.20624099675053267,0.07577402693681963,0.12533772761170778,COMPLETE,2_0
44,-0.9439380096062091,2023-04-25 17:27:48.495885,2023-04-25 17:28:12.848600,0 days 00:00:24.352715,0.19096348360644613,2,330,47,1.4373251014359727,469265.80374819174,5.785220801830292,0.29397547245025635,-0.9439380096062091,-0.8601945433941998,-0.8142292697799178,-1.0388807585630835,-1.0624474666876356,0.19958823020187777,0.02621394731902864,0.10827735487828122,COMPLETE,2_0
45,-0.9459299844366824,2023-04-25 17:27:56.607378,2023-04-25 17:28:30.049192,0 days 00:00:33.441814,0.13377654592082758,2,305,42,44.46624366159109,302559.0699677488,8.06581848859787,0.28545624017715454,-0.9459299844366824,-0.8867319982596016,-0.8000537107878825,-1.0406145393684607,-1.0563196893307847,4.7285838263145425,0.01864033678877012,0.10716265752387508,COMPLETE,2_0
46,-1.0168747413533548,2023-04-25 17:27:58.859052,2023-04-25 17:28:22.680921,0 days 00:00:23.821869,0.13023799630986851,2,313,27,34.579774273460735,60.349453416423046,5.665148437023163,0.28248608112335205,-1.0168747413533548,-0.9501942256185785,-0.8811838441545162,-1.1227688818583472,-1.113352013781977,0.0820959629036523,0.02863335825055384,0.10413902228492353,COMPLETE,2_0
47,-0.9768007575452269,2023-04-25 17:28:12.852686,2023-04-25 17:28:35.284600,0 days 00:00:22.431914,0.011551739415611204,2,299,29,100.51901083369447,12498.381613592906,5.349726021289825,0.24967968463897705,-0.9768007575452269,-0.8875174008211262,-0.8432400547641495,-1.1120545247919222,-1.064391049803709,0.22150501114242427,0.030053867967163993,0.11377128368754554,COMPLETE,2_0
48,-0.9692907525999773,2023-04-25 17:28:22.682574,2023-04-25 17:28:43.968982,0 days 00:00:21.286408,0.011759892717381265,2,321,32,983.4519786551994,0.019472215343785466,5.068738758563995,0.24390727281570435,-0.9692907525999773,-0.8642544817382485,-0.8345653148304057,-1.1154506702852838,-1.062892543545971,0.6447951306439944,0.00927410750649793,0.12176573674972595,COMPLETE,2_0
49,-0.9633224686974867,2023-04-25 17:28:30.053098,2023-04-25 17:28:48.098304,0 days 00:00:18.045206,0.013983565256292485,2,324,32,1293.9962495963412,17866.655923854643,4.282702803611755,0.2197677493095398,-0.9633224686974867,-0.8732838215220456,-0.8283890540059133,-1.097074770573978,-1.05454222868801,0.9795389398601534,0.00909879388652496,0.114591347028801,COMPLETE,2_0
0,-1.7018895256458533,2023-04-25 17:28:59.489395,2023-04-25 17:29:34.862514,0 days 00:00:35.373119,0.003734356894981654,20,327,24,273.9288064873642,0.021121126770590228,8.567766964435577,0.2731485962867737,-1.7018895256458533,-1.6203260385445275,-1.7224892023448686,-1.9117825993234454,-1.5529602623705714,0.369925555492323,0.05409242737448789,0.13538092271972577,COMPLETE,2_3
1,-1.7309964058408225,2023-04-25 17:28:59.491439,2023-04-25 17:29:09.480570,0 days 00:00:09.989131,0.05244405103509031,8,195,7,0.012069532592174843,13.733599645495485,2.396720767021179,0.09862440824508667,-1.7309964058408225,-1.619175925783787,-1.648297888225741,-2.024317719632138,-1.6321940897216236,0.1342064144421173,0.027574173401965923,0.16966301554161647,COMPLETE,2_3
2,-1.8869714654477023,2023-04-25 17:28:59.492641,2023-04-25 17:29:10.125908,0 days 00:00:10.633267,2.326390332737876e-06,35,126,39,8080.322411424597,32890.499556628034,2.5669972896575928,0.08889853954315186,-1.8869714654477023,-1.9480284487075967,-1.9766987361348127,-1.7780488061119204,-1.8451098708364795,0.24561958133356337,0.006676334211306456,0.0796797921839819,COMPLETE,2_3
3,-1.8617750244283564,2023-04-25 17:28:59.493751,2023-04-25 17:29:28.457371,0 days 00:00:28.963620,0.00013639130007430755,42,382,15,79.35069783190274,17.18861938749853,7.018531024456024,0.2202777862548828,-1.8617750244283564,-1.9068270241713523,-1.95175103110372,-1.7795045545590178,-1.809017487879336,0.2901439828795991,0.03823786254967071,0.07013763671049049,COMPLETE,2_3
4,-1.887007077648431,2023-04-25 17:29:09.482645,2023-04-25 17:29:42.186570,0 days 00:00:32.703925,3.509185759858119e-07,-1,207,38,1.801692458533588e-06,0.0008579967211071616,7.963057160377502,0.21082526445388794,-1.887007077648431,-1.9480436291275418,-1.9767564800812185,-1.7780687702059534,-1.8451594311790096,0.25520761877387804,0.06871585932956668,0.07968562636537098,COMPLETE,2_3
5,-1.8867213263417955,2023-04-25 17:29:10.128045,2023-04-25 17:29:53.811554,0 days 00:00:43.683509,1.7102081098691871e-06,30,346,29,3.419424111065008e-05,25.638977921786775,10.667501986026764,0.2513800859451294,-1.8867213263417955,-1.9476101060164215,-1.976460630785106,-1.77804641808884,-1.844768150476814,0.48302426599814363,0.03995581685012206,0.07957840614950244,COMPLETE,2_3
6,-1.8862625708189606,2023-04-25 17:29:28.460480,2023-04-25 17:29:46.472428,0 days 00:00:18.011948,3.4936911951030594e-06,13,490,5,518.4701313570847,13.477514322191793,4.364471852779388,0.13642001152038574,-1.8862625708189606,-1.946930545231261,-1.9760577467913938,-1.777832783419564,-1.8442292078336233,0.16495438232147303,0.01162071722162912,0.0794789266827177,COMPLETE,2_3
7,-1.7617848547303858,2023-04-25 17:29:34.864027,2023-04-25 17:29:42.934979,0 days 00:00:08.070952,0.14604541565374748,24,206,5,2.343451075655937e-05,0.003913353531598155,1.9438650012016296,0.07224398851394653,-1.7617848547303858,-1.690479389853289,-1.687433395974117,-2.0702498015481083,-1.5989768315460289,0.10750138653342002,0.004240413802949448,0.1818444971459011,COMPLETE,2_3
8,-1.815336861870352,2023-04-25 17:29:42.189374,2023-04-25 17:30:13.640844,0 days 00:00:31.451470,0.001228941428962757,17,290,29,9.578640396020624,37273.15917124736,7.659776329994202,0.2008013129234314,-1.815336861870352,-1.8700917527598426,-1.8996096131524367,-1.759548238878345,-1.7320978426907834,0.3978787404658988,0.0020098782333173052,0.07095967068394028,COMPLETE,2_3
9,-1.6958346925203143,2023-04-25 17:29:42.936980,2023-04-25 17:30:05.905313,0 days 00:00:22.968333,0.011840246555075219,8,365,12,0.16564221383216907,7.323411772260638,5.5250164270401,0.21510553359985352,-1.6958346925203143,-1.5435579365466674,-1.6384730106084937,-2.0194676928978583,-1.5818401300282376,0.15072152522073784,0.014428415374368623,0.18987604652295,COMPLETE,2_3
10,-1.7779199768005327,2023-04-25 17:29:46.474019,2023-04-25 17:29:49.900063,0 days 00:00:03.426044,0.0026478567921771326,1,122,14,0.06337137026163925,2.4150790328353783e-06,0.820614755153656,0.03396570682525635,-1.7779199768005327,-1.7834192641416684,-1.850560681202496,-1.7415823133311326,-1.7361176485268344,0.046500718587952884,0.0023071959027261275,0.04575689711068484,COMPLETE,2_3
11,-1.7368650856731769,2023-04-25 17:29:49.901881,2023-04-25 17:30:38.554995,0 days 00:00:48.653114,0.007265687127152016,27,373,33,0.26184814035644327,3.709165421208968,11.858748733997345,0.3021770715713501,-1.7368650856731769,-1.6565192789925927,-1.6800699774857346,-2.044558937697942,-1.5663121485164382,0.09205317951002852,0.019838895198061646,0.18265058438984358,COMPLETE,2_3
12,-1.8512380593922,2023-04-25 17:29:53.813798,2023-04-25 17:30:50.160482,0 days 00:00:56.346684,0.5859925340880227,41,445,38,50.67581007284439,7.538126740468535,13.743621706962585,0.340793251991272,-1.8512380593922,-1.8080222586332133,-1.7835728549442498,-2.185989640929142,-1.6273674830621954,0.2808627396109535,0.029946739006810455,0.205318558352646,COMPLETE,2_3
13,-1.8870504891356161,2023-04-25 17:30:05.907209,2023-04-25 17:30:07.204441,0 days 00:00:01.297232,0.7730492816198045,12,2,49,3304821.9018714153,1095023.421518227,0.2986053228378296,0.020750880241394043,-1.8870504891356161,-1.948109730416098,-1.9767982000948263,-1.7780730961618587,-1.8452209298696813,0.03887868081233284,0.0004817625565235268,0.0797004811401806,COMPLETE,2_3
14,-1.7063378190867613,2023-04-25 17:30:07.206193,2023-04-25 17:30:40.142935,0 days 00:00:32.936742,0.0026715244854927057,19,340,22,1.460433572316421,0.050152819408992806,7.988109111785889,0.24084913730621338,-1.7063378190867613,-1.6408480940206294,-1.7327278633313006,-1.892107033554412,-1.5596682854407036,0.24419511138728228,0.015222863149870482,0.12349847333909264,COMPLETE,2_3
15,-1.6951636522125504,2023-04-25 17:30:13.642857,2023-04-25 17:30:50.885858,0 days 00:00:37.243001,0.011260663077437639,22,430,19,0.35703211199632073,0.09182792423540631,8.973892331123352,0.3315575122833252,-1.6951636522125504,-1.4927421892784056,-1.683276623244681,-2.045777859138018,-1.5588579371890967,0.1536262794684971,0.02054134539555381,0.21367341912373644,COMPLETE,2_3
16,-1.8563655245938313,2023-04-25 17:30:38.556928,2023-04-25 17:31:20.496550,0 days 00:00:41.939622,0.00012812273792729722,19,451,19,0.002299953623518995,0.01996830888886417,10.202595353126526,0.2777100205421448,-1.8563655245938313,-1.9018289651954317,-1.9422750697285893,-1.7778620500108826,-1.8034960134404217,0.3918604455805413,0.029321823621981085,0.06783316870785348,COMPLETE,2_3
17,-1.8507080466688268,2023-04-25 17:30:40.144747,2023-04-25 17:31:18.692815,0 days 00:00:38.548068,0.00017032814709911555,6,459,20,0.003557128442523548,3.2547546135057003e-05,9.382482469081879,0.24939972162246704,-1.8507080466688268,-1.8935317821870639,-1.939998574334008,-1.7775191328205873,-1.791782697333648,0.19838320994941155,0.021154338817384093,0.0682559238436861,COMPLETE,2_3
