number,value,datetime_start,datetime_complete,duration,params_learning_rate,params_max_depth,params_n_estimators,params_num_leaves,params_reg_alpha,params_reg_lambda,user_attrs_mean_fit_time,user_attrs_mean_score_time,user_attrs_mean_test_score,user_attrs_split0_test_score,user_attrs_split1_test_score,user_attrs_split2_test_score,user_attrs_split3_test_score,user_attrs_std_fit_time,user_attrs_std_score_time,user_attrs_std_test_score,state,key
0,-2.3916458823430236,2023-04-25 19:19:37.203886,2023-04-25 19:19:38.298265,0 days 00:00:01.094379,0.11709340893292194,45,191,13,6370656.863965633,3242728.063807656,0.26869142055511475,0.0039101243019104,-2.3916458823430236,-2.3825698367655668,-2.2528976183382796,-2.5394701919252234,,0.05457079068841181,0.0014501452282330435,0.11716865603494854,COMPLETE,11_1
1,-2.390945131018565,2023-04-25 19:19:37.206874,2023-04-25 19:19:48.346484,0 days 00:00:11.139610,0.0001981270353223069,18,383,50,0.7395502231062243,1191593.8477851797,2.770425021648407,0.013613283634185791,-2.390945131018565,-2.3819088239642108,-2.252201189020562,-2.538725380070923,,0.3655252269073082,0.008249259686463388,0.11714739760419024,COMPLETE,11_1
2,-1.3384012483053758,2023-04-25 19:19:37.208100,2023-04-25 19:19:40.734517,0 days 00:00:03.526417,0.2106715815736868,29,176,10,52.05568537163751,1.3714888929223987,0.8756107091903687,0.005267024040222168,-1.3384012483053758,-1.654446032451138,-1.287996758054913,-1.0727609544100765,,0.1070442994699298,0.0015926236922028528,0.24013168884588548,COMPLETE,11_1
3,-2.3915195668684412,2023-04-25 19:19:37.209915,2023-04-25 19:19:57.501294,0 days 00:00:20.291379,1.6895492004519947e-07,42,486,16,12.525003148470715,511.29976041857947,5.0537720918655396,0.018198907375335693,-2.3915195668684412,-2.38244367931248,-2.25277205400015,-2.539342967292694,,0.26473642034950556,0.010606013560607315,0.11716797311986764,COMPLETE,11_1
4,-2.3557874654802218,2023-04-25 19:19:38.299456,2023-04-25 19:19:43.716377,0 days 00:00:05.416921,0.00010425706946755031,11,190,12,0.00011558802450677749,0.00019878519695497933,1.3465512990951538,0.006730496883392334,-2.3557874654802218,-2.3448109788556497,-2.2162192936168714,-2.5063321239681438,,0.06430359178911643,0.0037710063949308943,0.11869211158166348,COMPLETE,11_1
5,-2.391638868474464,2023-04-25 19:19:40.736189,2023-04-25 19:19:47.455576,0 days 00:00:06.719387,1.7448612947733608e-07,25,249,49,125.63572747395361,60343.83286572855,1.6665388345718384,0.012518465518951416,-2.391638868474464,-2.382563198736729,-2.252890601461293,-2.5394628052253694,,0.18691303771078024,0.009239915335713004,0.11716849072579524,COMPLETE,11_1
6,-2.3914672006867175,2023-04-25 19:19:43.717704,2023-04-25 19:19:54.952339,0 days 00:00:11.234635,7.175438848900327e-07,12,495,42,952.591784234495,12977.039508052536,2.7892547845840454,0.018352508544921875,-2.3914672006867175,-2.3823999913126293,-2.2527175675194804,-2.5392840432280432,,0.36158168597293133,0.011051382913874731,0.11716582825033857,COMPLETE,11_1
7,-2.3462829858488607,2023-04-25 19:19:47.457509,2023-04-25 19:19:58.617727,0 days 00:00:11.160218,7.884403120318696e-05,17,317,13,1.5306567674079704e-06,3.251782641820201e-05,2.7787179946899414,0.01055079698562622,-2.3462829858488607,-2.335013004710331,-2.2063410617138115,-2.49749489112244,,0.15981136069622395,0.006461832955864132,0.1191298939560632,COMPLETE,11_1
8,-2.355582180236904,2023-04-25 19:19:48.347778,2023-04-25 19:19:57.809647,0 days 00:00:09.461869,0.00012971796829651044,18,149,24,0.059398456785521005,0.41918693754836633,2.357301115989685,0.007466614246368408,-2.355582180236904,-2.345970960257624,-2.215208210771045,-2.5055673696820424,,0.0721237205210375,0.004261380195677195,0.11873329202598858,COMPLETE,11_1
9,-2.3916458823430236,2023-04-25 19:19:54.953984,2023-04-25 19:19:55.206507,0 days 00:00:00.252523,1.0421384983068394e-07,19,30,8,476882.20628691337,0.0002852849329650995,0.06011021137237549,0.002254486083984375,-2.3916458823430236,-2.3825698367655668,-2.2528976183382796,-2.5394701919252234,,0.011292563513470225,0.0011292175697063564,0.11716865603494854,COMPLETE,11_1
10,-2.386972592828586,2023-04-25 19:19:55.207540,2023-04-25 19:19:58.874731,0 days 00:00:03.667191,1.3217220160866985e-05,28,239,7,1093.3549277096704,0.00015553819950273845,0.9086742401123047,0.007494807243347168,-2.386972592828586,-2.3778847446493723,-2.24820267711519,-2.5348303567211943,,0.05743886493733212,0.0044073508477655505,0.11719157653880775,COMPLETE,11_1
11,-2.3904402280514194,2023-04-25 19:19:57.502494,2023-04-25 19:20:03.540135,0 days 00:00:06.037641,9.178680691473267e-06,19,89,35,6.295264784658217e-07,630.722870128517,1.5028249621391296,0.00600743293762207,-2.3904402280514194,-2.381372927617428,-2.2516816928521055,-2.5382660636847256,,0.16449806964660307,0.004125504027968468,0.11717312648172186,COMPLETE,11_1
12,-2.391065745182271,2023-04-25 19:19:57.811375,2023-04-25 19:20:11.531825,0 days 00:00:13.720450,2.3533990823652055e-06,46,129,47,0.7416121098613864,7.4970882767852505,3.4206408262252808,0.008673667907714844,-2.391065745182271,-2.3819847832300396,-2.252303695875694,-2.5389087564410806,,0.0690617158039787,0.0028445595178350483,0.11718208932513438,COMPLETE,11_1
13,-1.4727434434274684,2023-04-25 19:19:58.619087,2023-04-25 19:20:01.884298,0 days 00:00:03.265211,0.6846624832276486,33,43,32,0.008353236394022282,1.7482295023761837e-07,0.8094018697738647,0.003423452377319336,-1.4727434434274684,-1.6593187898184873,-1.5467210567810323,-1.2121904836828852,,0.051934123698425864,0.0018366391594263835,0.18988671358653164,COMPLETE,11_1
14,-1.3045890260324742,2023-04-25 19:19:58.876097,2023-04-25 19:20:00.936182,0 days 00:00:02.060085,0.016670949521663293,1,366,23,4.100133383790365e-07,2.3036681577327057e-07,0.5027367472648621,0.00806659460067749,-1.3045890260324742,-1.5323289632961115,-1.0304119908497553,-1.351026123951556,,0.03343676611720858,0.004750632613519773,0.20752102681381282,COMPLETE,11_1
15,-1.4178444354260602,2023-04-25 19:20:00.937651,2023-04-25 19:20:19.786169,0 days 00:00:18.848518,0.0801213834101243,-1,369,27,1.0540873041906439e-07,2.1395646891413166e-07,4.691023528575897,0.01729947328567505,-1.4178444354260602,-1.6499250151067937,-1.4179827557520475,-1.1856255354193397,,0.16656303595717312,0.010252903384650885,0.1895494940798569,COMPLETE,11_1
16,-1.3414168970552884,2023-04-25 19:20:01.885641,2023-04-25 19:20:21.696411,0 days 00:00:19.810770,0.013625637317306035,35,367,22,1.384921692360702e-07,1.8406590156107652,4.931202173233032,0.017670631408691406,-1.3414168970552884,-1.6451505128976878,-1.2751382689354283,-1.1039619093327497,,0.10361764294793255,0.010746966009761903,0.22585529078922778,COMPLETE,11_1
17,-1.3119940990877101,2023-04-25 19:20:03.541924,2023-04-25 19:20:24.052783,0 days 00:00:20.510859,0.01115540553569428,-1,354,23,0.0006420749219076242,0.36142680587049875,5.108105003833771,0.015320777893066406,-1.3119940990877101,-1.5899634300967682,-1.2334365015054658,-1.1125823656608964,,0.35898493924096686,0.008855824408706069,0.20265182337184778,COMPLETE,11_1
18,-1.3252830433262908,2023-04-25 19:20:11.533035,2023-04-25 19:20:35.352252,0 days 00:00:23.819217,0.010783149175218136,-1,392,23,0.0001592514365509196,0.07502134304876121,5.926962196826935,0.023589789867401123,-1.3252830433262908,-1.6123439030790994,-1.2504122873406776,-1.1130929395590952,,0.6627224444358274,0.015831042962879883,0.2105818981145753,COMPLETE,11_1
19,-1.24371855146807,2023-04-25 19:20:19.787495,2023-04-25 19:20:28.095594,0 days 00:00:08.308099,0.007645722687304839,4,316,20,0.0001505329032094012,0.09846348673049278,2.060809016227722,0.012246847152709961,-1.24371855146807,-1.4931855033861388,-1.0503545629207471,-1.187615588097324,,0.09675450388973793,0.006629947583662672,0.18508640744726096,COMPLETE,11_1
20,-1.5525604998718088,2023-04-25 19:20:21.698068,2023-04-25 19:20:24.089041,0 days 00:00:02.390973,0.003669575060436928,1,303,18,0.00045813203744507437,0.024712400896605126,0.5867310166358948,0.006995499134063721,-1.5525604998718088,-1.6402997916787354,-1.3110503395637718,-1.7063313683729198,,0.09502046026217446,0.003940986386909348,0.17288803781482462,COMPLETE,11_1
21,-1.3096509631394149,2023-04-25 19:20:24.054434,2023-04-25 19:20:48.147772,0 days 00:00:24.093338,0.0033261134606539684,-1,429,20,5.82190944908177e-05,0.013933048064733649,5.9994757771492,0.01879018545150757,-1.3096509631394149,-1.4647358551372511,-1.1430409474783756,-1.3211760868026177,,0.48631036680351586,0.009575048842231822,0.13158400297909115,COMPLETE,11_1
22,-1.5808661829774024,2023-04-25 19:20:24.090547,2023-04-25 19:20:53.837393,0 days 00:00:29.746846,0.0014897693287091336,6,446,30,7.218764886694153e-05,0.019873151269510628,7.412298500537872,0.019320189952850342,-1.5808661829774024,-1.6097735546332668,-1.4340774586816725,-1.6987475356172679,,0.3537378606909988,0.01159093913145483,0.1099675391750105,COMPLETE,11_1
23,-1.6239304236405914,2023-04-25 19:20:28.096986,2023-04-25 19:20:56.550143,0 days 00:00:28.453157,0.0014282076938998336,6,425,38,1.879601543658243e-05,0.00805159730751423,7.085829555988312,0.023311972618103027,-1.6239304236405914,-1.6456914602389623,-1.4836597058942393,-1.7424401047885727,,0.20508155226763544,0.013197771607742208,0.10676135614336085,COMPLETE,11_1
24,-1.4549794574142274,2023-04-25 19:20:35.353622,2023-04-25 19:21:06.363686,0 days 00:00:31.010064,0.0020480479994644477,6,434,31,1.2541942279636658e-05,0.005144135209911062,7.723250925540924,0.025196850299835205,-1.4549794574142274,-1.516891555217781,-1.308998132993758,-1.5390486840311437,,0.7162325450880034,0.014969504326610546,0.10361996235918636,COMPLETE,11_1
25,-1.7553557584082158,2023-04-25 19:20:48.150457,2023-04-25 19:21:03.054083,0 days 00:00:14.903626,0.0010910927466480373,4,433,31,6.048630767114763e-06,0.004755689149398328,3.70126873254776,0.019668996334075928,-1.7553557584082158,-1.7568226217876064,-1.6076510415797163,-1.9015936118573245,,0.811327848805651,0.010464281226827788,0.12000603435239414,COMPLETE,11_1
26,-1.4841158701933297,2023-04-25 19:20:53.838701,2023-04-25 19:21:12.124792,0 days 00:00:18.286091,0.0019080847128906673,5,436,18,7.687216443548874e-06,0.00257619837094602,4.546969652175903,0.01979196071624756,-1.4841158701933297,-1.5447524057183835,-1.321303868672712,-1.5862913361888933,,0.26572929529681394,0.011785054329216485,0.11636775488516463,COMPLETE,11_1
27,-1.295221892317837,2023-04-25 19:20:56.551586,2023-04-25 19:21:04.816800,0 days 00:00:08.265214,0.0355171063886387,4,309,18,2.1568312499682074e-06,1.7336992731987643e-05,2.0475489497184753,0.014370620250701904,-1.295221892317837,-1.5962630353632592,-1.1932436085155202,-1.096159033074731,,0.10841418775970058,0.009132932913317881,0.21652664355178158,COMPLETE,11_1
28,-1.3557817578144222,2023-04-25 19:21:03.056648,2023-04-25 19:21:16.175850,0 days 00:00:13.119202,0.0365659021617624,10,293,18,5.046836310538567e-06,2.504263154508152e-06,3.2625632882118225,0.012109220027923584,-1.3557817578144222,-1.6647127673680735,-1.294616066286041,-1.108016439789152,,0.178360711201609,0.007011299111561189,0.2313491324817295,COMPLETE,11_1
29,-1.3802758710209442,2023-04-25 19:21:04.818020,2023-04-25 19:21:21.616036,0 days 00:00:16.798016,0.04155666727367517,11,302,27,2.9238924030464087e-06,3.1465497010091e-06,4.179715156555176,0.015561282634735107,-1.3802758710209442,-1.64717821212689,-1.3569631692586044,-1.136686231677338,,0.20569350640081258,0.009960384761686179,0.2090584082235095,COMPLETE,11_1
30,-1.3638057944629836,2023-04-25 19:21:06.365632,2023-04-25 19:21:18.547334,0 days 00:00:12.181702,0.0469257085657318,11,294,17,2.1196398004139738e-06,5.001120735969964e-06,3.027442216873169,0.013078749179840088,-1.3638057944629836,-1.6694618559529424,-1.3000805394376393,-1.121874987998369,,0.222503108071068,0.005653720749559672,0.22804754706728556,COMPLETE,11_1
31,-1.355141704648337,2023-04-25 19:21:12.126152,2023-04-25 19:21:32.869332,0 days 00:00:20.743180,0.022729578784323676,11,313,27,1.3998085648108224e-06,3.355515723006254e-06,5.164429605007172,0.01737731695175171,-1.355141704648337,-1.6258591311991302,-1.3173697991584135,-1.122196183587468,,0.18586976843635752,0.010470686593951957,0.20734693765518017,COMPLETE,11_1
32,-1.394350722775063,2023-04-25 19:21:16.177749,2023-04-25 19:21:37.223993,0 days 00:00:21.046244,0.04660711898173405,14,330,27,5.12750181161251e-07,3.4422586961430674e-06,5.23798006772995,0.019193530082702637,-1.394350722775063,-1.6417909830192687,-1.3922925470041636,-1.1489686383017559,,0.27345619044225716,0.01198773985996656,0.20119914335278982,COMPLETE,11_1
33,-1.3381827272678688,2023-04-25 19:21:18.548579,2023-04-25 19:21:34.214750,0 days 00:00:15.666171,0.01986448103072474,14,225,27,4.2768436944267307e-07,1.9141782163144097e-06,3.8982160687446594,0.01344841718673706,-1.3381827272678688,-1.6196447505544895,-1.2745500959413658,-1.1203533353077513,,0.16543107149756278,0.00845380579082179,0.20874196697026642,COMPLETE,11_1
34,-1.2929259945365716,2023-04-25 19:21:21.618474,2023-04-25 19:21:26.650196,0 days 00:00:05.031722,0.006435734130387768,3,337,21,0.002226585614352013,0.0007006544139258798,1.243274986743927,0.010538220405578613,-1.2929259945365716,-1.4754102617664495,-1.0992588104083119,-1.3041089114349536,,0.0690433540714335,0.006243478398535945,0.1537666453048806,COMPLETE,11_1
35,-1.3373800789191863,2023-04-25 19:21:26.651725,2023-04-25 19:21:31.648802,0 days 00:00:04.997077,0.14714978661841854,3,334,15,0.00252676278972651,2.712030617513138e-05,1.2331745028495789,0.011490464210510254,-1.3373800789191863,-1.6204275097917364,-1.302067742871804,-1.0896449840940188,,0.06067709509955636,0.006552557235435433,0.21812495379843566,COMPLETE,11_1
36,-2.2032164774864604,2023-04-25 19:21:31.650417,2023-04-25 19:21:44.095967,0 days 00:00:12.445550,0.00047547026800934516,8,223,25,3.5286819606095866e-07,0.0007327782974203415,3.0968249440193176,0.009624004364013672,-2.2032164774864604,-2.193109555901053,-2.058168430639151,-2.3583714459191776,,0.10285781851621108,0.004519355949230313,0.12276556247242189,COMPLETE,11_1
37,-1.2779574205390856,2023-04-25 19:21:32.872328,2023-04-25 19:21:48.004094,0 days 00:00:15.131766,0.007045561677640606,8,268,21,0.004888743981873695,1.0010468691620463e-07,3.767226994037628,0.011153697967529297,-1.2779574205390856,-1.4727389659144565,-1.1369900432746733,-1.2241432524281266,,0.1578142640016215,0.006305212148924839,0.142252845971647,COMPLETE,11_1
38,-1.2804547236702242,2023-04-25 19:21:34.216372,2023-04-25 19:21:48.210265,0 days 00:00:13.993893,0.00685977392477392,8,270,20,0.003117260099777461,5.692272175061561e-07,3.4832761883735657,0.010930299758911133,-1.2804547236702242,-1.4772565208902073,-1.1317368666762253,-1.2323707834442397,,0.21937636953312198,0.006323195068065611,0.14509768397595568,COMPLETE,11_1
39,-1.2988744517394115,2023-04-25 19:21:37.225364,2023-04-25 19:21:47.346341,0 days 00:00:10.120977,0.005891954879807916,8,274,14,3.8033284481063814e-05,0.0008823480500630566,2.515549898147583,0.010201036930084229,-1.2988744517394115,-1.4895676953898742,-1.1003619161988882,-1.3066937436294719,,0.09379421313171916,0.006078833971680376,0.15898876403310627,COMPLETE,11_1
40,-1.353984137049202,2023-04-25 19:21:44.098449,2023-04-25 19:21:46.787939,0 days 00:00:02.689490,0.007106295173635278,2,274,21,3.563344248295467e-05,4.0151051882398885e-05,0.6599939465522766,0.007603347301483154,-1.353984137049202,-1.5242087931682116,-1.115455517895212,-1.422288100084183,,0.049890724075355636,0.004297495365721482,0.17372177667430216,COMPLETE,11_1
41,-1.4433483349393672,2023-04-25 19:21:46.789329,2023-04-25 19:21:56.793154,0 days 00:00:10.003825,0.36810720888082354,23,402,12,0.013556969312493635,0.0005420685099814225,2.4850282669067383,0.011682212352752686,-1.4433483349393672,-1.6451892154389802,-1.4694120318100392,-1.2154437575690824,,0.07847059969563229,0.006397534878131456,0.17640819493601903,COMPLETE,11_1
42,-1.435001402746451,2023-04-25 19:21:47.348058,2023-04-25 19:21:56.013366,0 days 00:00:08.665308,0.2793068224090926,8,268,12,0.018222280590381758,0.0010117489027888457,2.150236189365387,0.008593559265136719,-1.435001402746451,-1.7106286311288574,-1.4043452949207897,-1.1900302821897064,,0.03974528028771763,0.004838593502948392,0.21363599562465505,COMPLETE,11_1
43,-1.478359300313877,2023-04-25 19:21:48.008898,2023-04-25 19:21:59.116660,0 days 00:00:11.107762,0.3189005803181954,15,396,11,0.02953284659811174,8.286271936624009e-05,2.754377782344818,0.014157116413116455,-1.478359300313877,-1.759745388255458,-1.4696531200668652,-1.205679392619308,,0.22142983257030266,0.009204686477323226,0.22628025405226979,COMPLETE,11_1
44,-1.3675632673052978,2023-04-25 19:21:48.211785,2023-04-25 19:21:54.804478,0 days 00:00:06.592693,0.006175297630607614,15,202,11,0.015742519476162693,5.504995299934011e-07,1.6334241032600403,0.010384559631347656,-1.3675632673052978,-1.5039215081363986,-1.1728842881072115,-1.4258840056722835,,0.3013733988257374,0.00457052481485971,0.14129730276716987,COMPLETE,11_1
45,-1.44640612212514,2023-04-25 19:21:54.806106,2023-04-25 19:22:06.811429,0 days 00:00:12.005323,0.26078357050201284,9,271,20,0.10563672880037422,4.76854947141334e-05,2.986057758331299,0.010576486587524414,-1.44640612212514,-1.6747312082150105,-1.455968002468055,-1.2085191556923547,,0.2016454875517658,0.006098117569373972,0.19045032886313792,COMPLETE,11_1
46,-1.9779166578836733,2023-04-25 19:21:56.014978,2023-04-25 19:22:10.702574,0 days 00:00:14.687596,0.0006595574154716612,23,398,20,0.13200493651596856,5.294071928376353e-05,3.6502697467803955,0.017332732677459717,-1.9779166578836733,-1.9657309201353195,-1.8316192771306032,-2.136399776385097,,1.2880251966786658,0.011374009911422298,0.12472411510959795,COMPLETE,11_1
47,-1.3049977333709746,2023-04-25 19:21:56.794891,2023-04-25 19:22:01.137861,0 days 00:00:04.342970,0.08145213845901006,4,172,20,0.0014201690037298825,2.0365820971113813e-05,1.0736035108566284,0.00783073902130127,-1.3049977333709746,-1.58596015719993,-1.2445128245533623,-1.0845202183596314,,0.1344744641584127,0.0045087944551975,0.20913204953178385,COMPLETE,11_1
48,-1.3103428154215524,2023-04-25 19:21:59.118068,2023-04-25 19:22:05.642129,0 days 00:00:06.524061,0.005308217519286167,3,342,20,0.21380948587454868,1.6347962746497383e-05,1.6159839630126953,0.010150015354156494,-1.3103428154215524,-1.4710122167362667,-1.1149400690531017,-1.3450761604752888,,0.05514097025430125,0.005666184476504895,0.1474260210702119,COMPLETE,11_1
49,-2.120354372426625,2023-04-25 19:22:01.139269,2023-04-25 19:22:10.087955,0 days 00:00:08.948686,0.00047382342474392407,8,343,16,0.2374414707581776,7.153717270774078e-07,2.221488296985626,0.011231005191802979,-2.120354372426625,-2.103734247449074,-1.976293206117035,-2.2810356637137663,,0.6496765361553902,0.0064229787908576105,0.12496442902209133,COMPLETE,11_1
0,-0.8824324636954992,2023-04-25 19:22:14.360484,2023-04-25 19:22:22.009642,0 days 00:00:07.649158,0.5489543405390667,21,418,25,11825.201512715183,114.40085701064366,1.8873202204704285,0.023352324962615967,-0.8824324636954992,-1.0914793464714307,-0.8965364500644438,-0.7153287569359695,-0.8263853013101528,0.13117949769521747,0.0046148130938941136,0.13689818740039414,COMPLETE,12_0
1,-1.1604322259104416,2023-04-25 19:22:14.363526,2023-04-25 19:22:18.693279,0 days 00:00:04.329753,0.0027304767872489686,18,34,19,0.02630151993517578,6658.023693390076,1.0576429963111877,0.023427903652191162,-1.1604322259104416,-1.2193933672511272,-1.1269051171167979,-1.122150166915211,-1.1732802523586299,0.20286020547364905,0.003973309385829958,0.03946856672335846,COMPLETE,12_0
2,-1.203519882112593,2023-04-25 19:22:14.364751,2023-04-25 19:22:16.917435,0 days 00:00:02.552684,1.3150250300661824e-06,44,44,19,62446.1462916379,33.87537708942471,0.6143566370010376,0.021679580211639404,-1.203519882112593,-1.2658876063097475,-1.1600370941619327,-1.18598294642762,-1.2021718815510722,0.10997704109550807,0.005468055228867109,0.039018736166831325,COMPLETE,12_0
3,-1.2010385605993132,2023-04-25 19:22:14.365559,2023-04-25 19:22:39.384713,0 days 00:00:25.019154,1.4039900800124079e-05,27,260,20,5.522234368346606e-06,609.0608987238489,6.099712014198303,0.15293192863464355,-1.2010385605993132,-1.2636222795047325,-1.1571299420110481,-1.1827128186510238,-1.200689202230449,0.2422814015007214,0.014842439545749505,0.039308534466409015,COMPLETE,12_0
4,-0.9023485938021772,2023-04-25 19:22:16.923817,2023-04-25 19:22:48.596821,0 days 00:00:31.673004,0.005947861141505747,39,296,26,0.0019944444540107476,2.592180606341476e-05,7.682130336761475,0.2341030240058899,-0.9023485938021772,-1.2345635989222206,-0.6709030685725109,-0.6768017544307667,-1.0271259532832109,0.16564947434803903,0.034574043908009416,0.2399867740966356,COMPLETE,12_0
5,-0.9303617656701451,2023-04-25 19:22:18.695699,2023-04-25 19:22:25.330121,0 days 00:00:06.634422,0.5496864238599333,43,225,32,452.8433301279874,0.007710703152569165,1.6268189549446106,0.030423343181610107,-0.9303617656701451,-1.3280375084871208,-0.6686601242030034,-0.6989531950277722,-1.025796234962684,0.0891098875822502,0.005012491398590946,0.2689290845499629,COMPLETE,12_0
6,-1.0513505941687746,2023-04-25 19:22:22.011962,2023-04-25 19:22:50.562495,0 days 00:00:28.550533,0.000750702359165132,17,375,14,0.003123122303651148,3.983317584827846e-06,6.956241190433502,0.17937982082366943,-1.0513505941687746,-1.146112362752021,-0.9750528092433067,-0.9723495172399507,-1.11188768743982,0.15220857956929135,0.026634193164243973,0.07859238924218255,COMPLETE,12_0
7,-0.9404244249401417,2023-04-25 19:22:25.331832,2023-04-25 19:22:41.414405,0 days 00:00:16.082573,0.07956364365009859,34,116,37,0.03767631934324336,0.31447969435885365,3.9307040572166443,0.08851373195648193,-0.9404244249401417,-1.346823833365155,-0.6675827809451567,-0.7320667575720372,-1.0152243278782178,0.22283961813672337,0.009676411197101196,0.2686126322870493,COMPLETE,12_0
