number,value,datetime_start,datetime_complete,duration,params_learning_rate,params_max_depth,params_n_estimators,params_num_leaves,params_reg_alpha,params_reg_lambda,user_attrs_mean_fit_time,user_attrs_mean_score_time,user_attrs_mean_test_score,user_attrs_split0_test_score,user_attrs_split1_test_score,user_attrs_split2_test_score,user_attrs_split3_test_score,user_attrs_std_fit_time,user_attrs_std_score_time,user_attrs_std_test_score,state,key
11,-2.833460476494615,2023-04-25 20:30:08.783848,2023-04-25 20:30:14.349895,0 days 00:00:05.566047,0.0022261062393539167,6,114,22,0.11847161355825733,1.3970960824939487e-05,1.387284755706787,0.0036712288856506348,-2.833460476494615,-2.7504247634928265,-2.9164961894964034,,,0.11334373723594332,0.0034602474057345584,0.08303571300178847,COMPLETE,15_3
12,-2.8328233983047753,2023-04-25 20:30:12.426800,2023-04-25 20:30:13.801285,0 days 00:00:01.374485,0.2311543739396899,35,147,47,258.1302039429156,5871403.503072497,0.33963316679000854,0.00331956148147583,-2.8328233983047753,-2.7503535165069413,-2.9152932801026092,,,0.0543203488155189,0.0033531441951998313,0.08246988179783399,COMPLETE,15_3
13,-2.8839718263815737,2023-04-25 20:30:13.802955,2023-04-25 20:30:38.781498,0 days 00:00:24.978543,0.004292404534678053,18,342,38,0.030262961753634493,0.7118559993039071,6.228968441486359,0.011953234672546387,-2.8839718263815737,-2.825485850854986,-2.9424578019081613,,,0.18981035666146104,0.011670932779945993,0.05848597552658763,COMPLETE,15_3
14,-2.830696283519454,2023-04-25 20:30:14.351083,2023-04-25 20:30:17.544040,0 days 00:00:03.192957,0.00844952860857462,24,260,49,1423.4327283674647,2416.678760357422,0.790117084980011,0.004584014415740967,-2.830696283519454,-2.745864753625678,-2.915527813413229,,,0.27638565494142253,0.005912832620836978,0.08483152989377563,COMPLETE,15_3
15,-2.833342809939391,2023-04-25 20:30:15.193941,2023-04-25 20:30:16.296488,0 days 00:00:01.102547,0.009704749827237059,23,227,50,12540.133018284663,2997.756910800942,0.2710266709327698,0.0013290047645568848,-2.833342809939391,-2.7511578064655526,-2.915527813413229,,,0.03692468330489114,0.001084112341810929,0.08218500347383828,COMPLETE,15_3
16,-2.840952095976837,2023-04-25 20:30:15.283945,2023-04-25 20:30:19.157221,0 days 00:00:03.873276,0.007552739056755212,31,301,50,876.0250818305979,0.5548608285775615,0.9608185291290283,0.004087686538696289,-2.840952095976837,-2.766376378540445,-2.915527813413229,,,0.3411677420766615,0.0046342325102360785,0.07457571743639213,COMPLETE,15_3
17,-2.8672037973394113,2023-04-25 20:30:16.297893,2023-04-25 20:30:23.414565,0 days 00:00:07.116672,0.014071368387230495,31,313,38,247.80612261520346,1.5013610178121894,1.7679492235183716,0.007734835147857666,-2.8672037973394113,-2.8155014949505865,-2.9189060997282357,,,0.32485669865797456,0.008122786458332528,0.05170230238882456,COMPLETE,15_3
18,-2.8345306078423262,2023-04-25 20:30:17.545542,2023-04-25 20:30:21.986217,0 days 00:00:04.440675,0.004554032388555736,14,344,37,1123.0516961058613,2.3051483195574582,1.1026951670646667,0.00412440299987793,-2.8345306078423262,-2.7535334022714233,-2.915527813413229,,,0.4530879556039229,0.005441751827897352,0.08099720557090295,COMPLETE,15_3
19,-2.8536898570371805,2023-04-25 20:30:19.158739,2023-04-25 20:30:58.276131,0 days 00:00:39.117392,0.0016736751257763578,14,464,36,0.6734275023879117,5.207640652072056,9.76149332523346,0.014023661613464355,-2.8536898570371805,-2.7813419119551215,-2.9260378021192395,,,0.5138911423803667,0.013765411589841367,0.072347945082059,COMPLETE,15_3
20,-2.832105835521202,2023-04-25 20:30:21.988008,2023-04-25 20:30:32.681200,0 days 00:00:10.693192,0.0008201329470110033,16,497,37,0.9329018219802742,35460.42683542567,2.6599045395851135,0.010013043880462646,-2.832105835521202,-2.74929586225545,-2.914915808786954,,,0.8007665557294419,0.01077099530775597,0.0828099732657519,COMPLETE,15_3
21,-2.832428055309733,2023-04-25 20:30:23.415789,2023-04-25 20:30:32.994395,0 days 00:00:09.578606,0.0005742849353216803,16,478,42,0.5149870162846067,33234.28569766974,2.38199520111084,0.008808434009552002,-2.832428055309733,-2.7497910246536663,-2.915065085965799,,,0.7533307937533702,0.008985946458174498,0.08263703065606642,COMPLETE,15_3
22,-2.833342809939391,2023-04-25 20:30:32.682718,2023-04-25 20:30:34.367616,0 days 00:00:01.684898,0.02557578842565578,18,421,44,51903.93709563067,2.305022209807885e-07,0.4164400100708008,0.0015349388122558594,-2.833342809939391,-2.7511578064655526,-2.915527813413229,,,0.017400843272417164,0.0012533180214935149,0.08218500347383828,COMPLETE,15_3
23,-2.833342809939391,2023-04-25 20:30:32.995946,2023-04-25 20:30:35.009802,0 days 00:00:02.013856,0.01792958639070287,28,430,31,2198917.9660058105,2.3360183079916166e-07,0.4986904263496399,0.0015794038772583008,-2.833342809939391,-2.7511578064655526,-2.915527813413229,,,0.07709467316145915,0.0013711935914776663,0.08218500347383828,COMPLETE,15_3
24,-2.83208439996697,2023-04-25 20:30:34.368927,2023-04-25 20:30:44.536752,0 days 00:00:10.167825,0.0009474393531614714,12,478,33,1.8091158190348509,39087.3939516463,2.529281795024872,0.00866687297821045,-2.83208439996697,-2.7492661243735306,-2.9149026755604095,,,0.8666789910925822,0.008782360719300013,0.08281827559343946,COMPLETE,15_3
25,-2.831887744027095,2023-04-25 20:30:35.011414,2023-04-25 20:30:45.313306,0 days 00:00:10.301892,0.0011910375309498772,0,500,32,1.066066876659851,43775.6187065884,2.5607851147651672,0.010957598686218262,-2.831887744027095,-2.7489729698051986,-2.9148025182489916,,,0.8471501723920741,0.011765577362460937,0.08291477422189653,COMPLETE,15_3
26,-2.8319159921125867,2023-04-25 20:30:38.782881,2023-04-25 20:30:43.553594,0 days 00:00:04.770713,0.0009222438687514782,-1,255,33,1.7275096978608608,18365.616495611113,1.1833370327949524,0.005619227886199951,-2.8319159921125867,-2.7488922082872578,-2.9149397759379156,,,0.3067664340155099,0.005472265379052271,0.08302378382532893,COMPLETE,15_3
27,-2.838522226916523,2023-04-25 20:30:43.555452,2023-04-25 20:30:58.071076,0 days 00:00:14.515624,0.0015769154977793643,-1,254,32,15.501453980811055,31.567946958336165,3.617646872997284,0.007090389728546143,-2.838522226916523,-2.755964250087979,-2.921080203745068,,,0.24870995160367157,0.006955672129885958,0.08255797682854449,COMPLETE,15_3
28,-2.9191883807996453,2023-04-25 20:30:44.538542,2023-04-25 20:31:00.760365,0 days 00:00:16.221823,0.03745869188842486,8,266,32,29.247135788495846,39.091064551869856,4.042869985103607,0.00874316692352295,-2.9191883807996453,-2.8894901372817947,-2.9488866243174963,,,0.8057967882197783,0.008695255578929561,0.029698243517850775,COMPLETE,15_3
29,-2.831192255209573,2023-04-25 20:30:45.314549,2023-04-25 20:30:48.705924,0 days 00:00:03.391375,0.02974862318265708,9,205,42,20.741643635457088,270402.31053551007,0.8393052220344543,0.004567444324493408,-2.831192255209573,-2.748050391336879,-2.914334119082267,,,0.43202434004611484,0.004393359530010234,0.08314186387269396,COMPLETE,15_3
30,-2.8315851365752547,2023-04-25 20:30:48.707482,2023-04-25 20:30:51.515372,0 days 00:00:02.807890,0.06838817417707581,9,176,42,29.312103049749112,657233.5104005906,0.6940634250640869,0.004038572311401367,-2.8315851365752547,-2.748638865977966,-2.914531407172544,,,0.3938991007291586,0.003785430566179048,0.08294627059728898,COMPLETE,15_3
31,-2.916051917430811,2023-04-25 20:30:51.516579,2023-04-25 20:31:11.700150,0 days 00:00:20.183571,0.039290059020792134,27,280,45,33.22799248044214,34.50690950383165,5.033338129520416,0.008628487586975098,-2.916051917430811,-2.8860416228387793,-2.946062212022843,,,1.6215741515675552,0.008502460392305643,0.03001029459203175,COMPLETE,15_3
32,-2.833342809939391,2023-04-25 20:30:58.072522,2023-04-25 20:30:59.346286,0 days 00:00:01.273764,0.038802629880267704,20,210,46,6093.25835323297,3506.420074766758,0.31103265285491943,0.002005636692047119,-2.833342809939391,-2.7511578064655526,-2.915527813413229,,,0.11227776046846669,0.0016203656098695474,0.08218500347383828,COMPLETE,15_3
33,-2.833342809939391,2023-04-25 20:30:58.277554,2023-04-25 20:30:59.463923,0 days 00:00:01.186369,0.036238681430080105,28,206,46,8734.09023123513,2168.972813875746,0.2910647392272949,0.001462399959564209,-2.833342809939391,-2.7511578064655526,-2.915527813413229,,,0.05938298839335532,0.001209306513563702,0.08218500347383828,COMPLETE,15_3
34,-2.828686208020885,2023-04-25 20:30:59.347739,2023-04-25 20:31:02.193924,0 days 00:00:02.846185,0.08182342548323583,9,172,42,36.66117406748207,269099.4372406457,0.7026061415672302,0.0047876834869384766,-2.828686208020885,-2.7441174808633075,-2.9132549351784625,,,0.2674017634163262,0.004391685584442176,0.08456872715757746,COMPLETE,15_3
35,-2.827866433059956,2023-04-25 20:30:59.465196,2023-04-25 20:31:03.108874,0 days 00:00:03.643678,0.07175968439106607,10,175,42,23.273770112938102,160860.64737485963,0.9023615717887878,0.004247725009918213,-2.827866433059956,-2.7432445813107544,-2.9124882848091582,,,0.3105046745861131,0.003989136090529287,0.08462185174920189,COMPLETE,15_3
36,-2.82821072568685,2023-04-25 20:31:00.761646,2023-04-25 20:31:04.259701,0 days 00:00:03.498055,0.08420690154374752,3,287,41,21.280084052284625,412677.4283046182,0.8653767704963684,0.0053337812423706055,-2.82821072568685,-2.7433557412497964,-2.9130657101239037,,,0.07049080179026232,0.005084364495902639,0.08485498443705364,COMPLETE,15_3
37,-2.8356430196053934,2023-04-25 20:31:02.195629,2023-04-25 20:31:03.639949,0 days 00:00:01.444320,0.8110367085896706,2,167,41,116.54930727406608,426254.6725080973,0.3537757992744446,0.0031719207763671875,-2.8356430196053934,-2.754615814190069,-2.916670225020718,,,0.031580928635967356,0.002909241166994681,0.08102720541532449,COMPLETE,15_3
38,-2.8403060159571205,2023-04-25 20:31:03.110264,2023-04-25 20:31:04.681657,0 days 00:00:01.571393,0.5221043905035418,2,160,40,217.55630949376157,192536.36513689594,0.38578569889068604,0.003100275993347168,-2.8403060159571205,-2.7654380820837052,-2.915173949830536,,,0.017133134841166187,0.0028515218415353996,0.07486793387341528,COMPLETE,15_3
39,-2.8291705502569897,2023-04-25 20:31:03.641239,2023-04-25 20:31:05.960933,0 days 00:00:02.319694,0.0818362152791082,26,141,47,5.079413180196337,258615.57955990473,0.5724418759346008,0.0031828880310058594,-2.8291705502569897,-2.7449176178234915,-2.9134234826904875,,,0.23903565922112052,0.0029815540005254607,0.08425293243349796,COMPLETE,15_3
40,-2.8330430312597934,2023-04-25 20:31:04.260956,2023-04-25 20:31:05.036865,0 days 00:00:00.775909,0.28924322274931613,3,60,29,3.76288030361265,7067249.113092527,0.18787497282028198,0.00203704833984375,-2.8330430312597934,-2.7507757437950366,-2.91531031872455,,,0.03672034423647801,0.001742766614582247,0.08226728746475676,COMPLETE,15_3
41,-2.8331278960680963,2023-04-25 20:31:04.682962,2023-04-25 20:31:05.978888,0 days 00:00:01.295926,0.09633862672821986,12,71,27,6.137212949833445,4047991.163074817,0.31670325994491577,0.0031322836875915527,-2.8331278960680963,-2.7508929698917792,-2.915362822244414,,,0.1804393409144846,0.0030340612059894254,0.08223492617631734,COMPLETE,15_3
42,-2.832428208593953,2023-04-25 20:31:05.038293,2023-04-25 20:31:07.239406,0 days 00:00:02.201113,0.08925450233855163,12,135,27,4.850189756209191,1365611.250686307,0.5425981283187866,0.00341188907623291,-2.832428208593953,-2.7498976152775043,-2.9149588019104016,,,0.32366492460073704,0.003216643645813396,0.08253059331644863,COMPLETE,15_3
43,-2.8326335823948936,2023-04-25 20:31:05.962608,2023-04-25 20:31:07.414389,0 days 00:00:01.451781,0.11740161704820602,12,89,26,0.06968682203536047,1602631.241554826,0.3560708165168762,0.0026140213012695312,-2.8326335823948936,-2.75018784222948,-2.9150793225603078,,,0.18854844973854576,0.0024464399059606085,0.08244574016541395,COMPLETE,15_3
44,-2.828356641954474,2023-04-25 20:31:05.980441,2023-04-25 20:31:09.381393,0 days 00:00:03.400952,0.07916413773470624,7,139,44,0.1528046060385971,191971.9732096498,0.8419788479804993,0.0037680864334106445,-2.828356641954474,-2.743738972409246,-2.9129743114997013,,,0.21277009105752562,0.0034447430191406475,0.08461766954522765,COMPLETE,15_3
45,-2.830407694307657,2023-04-25 20:31:07.240916,2023-04-25 20:31:10.420408,0 days 00:00:03.179492,0.2961222140056211,7,92,44,0.12865352666004518,137722.25222876153,0.7876021265983582,0.002994835376739502,-2.830407694307657,-2.7456134939221344,-2.915201894693179,,,0.1234722815086528,0.0027344504168332054,0.08479420038552221,COMPLETE,15_3
46,-2.84670099641214,2023-04-25 20:31:07.415891,2023-04-25 20:31:15.343806,0 days 00:00:07.927915,0.3365494822957637,26,186,44,0.26901179167399136,159753.7725371911,1.9726389050483704,0.005065262317657471,-2.84670099641214,-2.7700591695219194,-2.923342823302361,,,0.3249460364103739,0.004844265421610543,0.0766418268902207,COMPLETE,15_3
47,-2.8323605695341803,2023-04-25 20:31:09.382677,2023-04-25 20:31:13.112083,0 days 00:00:03.729406,0.4143053417377655,5,230,44,0.21798576539028833,9948789.93837593,0.9233443140983582,0.004724979400634766,-2.8323605695341803,-2.7498042627419235,-2.9149168763264366,,,0.32073480616017813,0.004592702908741108,0.08255630679225656,COMPLETE,15_3
48,-2.9119230827892473,2023-04-25 20:31:10.421588,2023-04-25 20:31:16.149690,0 days 00:00:05.728102,0.5093380956952287,5,188,35,0.015833759615043276,13249.539162359759,1.4207406640052795,0.006959676742553711,-2.9119230827892473,-2.878676024684122,-2.9451701408943722,,,0.5613640596603897,0.006754285580087269,0.03324705810512518,COMPLETE,15_3
49,-2.8290266627299534,2023-04-25 20:31:11.701623,2023-04-25 20:31:15.563395,0 days 00:00:03.861772,0.37836335085578543,6,230,40,0.005453207515476377,1866724.2837808942,0.9556776881217957,0.005424201488494873,-2.8290266627299534,-2.744768686942946,-2.913284638516961,,,0.34159977460217467,0.005225469277423508,0.08425797578700744,COMPLETE,15_3
0,-1.5111563211956283,2023-04-25 20:31:19.087294,2023-04-25 20:31:39.107046,0 days 00:00:20.019752,0.0034235035747713022,16,215,17,0.00015037391024958331,1.1605505065199706,4.853350877761841,0.14870601892471313,-1.5111563211956283,-1.6023761740395022,-1.5824398626097327,-1.3057406284502808,-1.5540686196829976,0.10332013010031826,0.04080926278927318,0.1198326718980621,COMPLETE,15_1
1,-1.6407164344561305,2023-04-25 20:31:19.089759,2023-04-25 20:31:41.217724,0 days 00:00:22.127965,6.517293220780764e-06,26,462,7,97.59571538476024,3649.322189295559,5.355042397975922,0.1740550994873047,-1.6407164344561305,-1.6423151173719381,-1.7151354747105896,-1.6173849296958853,-1.5880302160461088,0.29840902973574035,0.029246722298547627,0.04706629915392208,COMPLETE,15_1
2,-1.4895179137308572,2023-04-25 20:31:19.090907,2023-04-25 20:31:59.382836,0 days 00:00:40.291929,0.17332342201771966,42,368,27,3354.3436547278493,2728671.3137266287,9.739795565605164,0.3310418128967285,-1.4895179137308572,-1.5124847859723953,-1.5364928195483276,-1.3545928568179255,-1.5545011925847803,2.8698260015481143,0.06776744096319169,0.07931222558767961,COMPLETE,15_1
3,-1.5663996651519274,2023-04-25 20:31:19.092090,2023-04-25 20:31:35.818946,0 days 00:00:16.726856,0.004359072270858835,26,79,49,48.04668965966411,0.0001975958497017214,4.094051420688629,0.0854913592338562,-1.5663996651519274,-1.615265132798247,-1.62115585669066,-1.464708150875845,-1.5644695202429566,0.14001220746028903,0.012951289014162759,0.06271156985607237,COMPLETE,15_1
4,-1.5605909780356655,2023-04-25 20:31:35.823179,2023-04-25 20:31:46.363407,0 days 00:00:10.540228,0.02067453238702489,13,83,26,0.04893057119175583,0.932836689759456,2.547984480857849,0.08563774824142456,-1.5605909780356655,-1.7565190817415761,-1.626079653685722,-1.2851688712493432,-1.5745963054660201,0.05200722655435983,0.026899585688149468,0.17228615336355396,COMPLETE,15_1
5,-1.6324032871068663,2023-04-25 20:31:39.109280,2023-04-25 20:31:51.875843,0 days 00:00:12.766563,0.00032590461922794763,9,70,44,0.0087289535427238,3.6093922907819612e-06,3.1226367354393005,0.06745654344558716,-1.6324032871068663,-1.63539933327985,-1.7069737387301829,-1.603923206213489,-1.5833168702039437,0.21479119964201393,0.007076593035701552,0.04687835289351815,COMPLETE,15_1
6,-1.6375920340894738,2023-04-25 20:31:41.220164,2023-04-25 20:31:58.776842,0 days 00:00:17.556678,9.856021903171916e-05,42,102,39,0.009154133650861606,1.7394996401607834e-06,4.295472741127014,0.0919538140296936,-1.6375920340894738,-1.6399068654114435,-1.7117894475241493,-1.6123537377545676,-1.5863180856677352,0.30858481909829566,0.010424526131214773,0.04684176553325297,COMPLETE,15_1
7,-1.6417459110322632,2023-04-25 20:31:46.365490,2023-04-25 20:31:54.506365,0 days 00:00:08.140875,4.2433987448441684e-07,2,257,37,0.06537216664629536,16191.89545887118,1.9553189277648926,0.07840704917907715,-1.6417459110322632,-1.6433237022202947,-1.7162120094817612,-1.6187458793482565,-1.5887020530787412,0.17949311979262356,0.010765137686661127,0.047144303917286995,COMPLETE,15_1
8,-1.6415272192149661,2023-04-25 20:31:51.879835,2023-04-25 20:32:05.499090,0 days 00:00:13.619255,2.8237184232323595e-06,37,232,10,0.11323414467688403,594.0032409700746,3.290936231613159,0.11200356483459473,-1.6415272192149661,-1.643113765477247,-1.7159764329973568,-1.6184526626827698,-1.5885660157024912,0.10677562856594155,0.02681064029606682,0.047123579019705666,COMPLETE,15_1
9,-1.6345423468180116,2023-04-25 20:31:54.508843,2023-04-25 20:33:10.648880,0 days 00:01:16.140037,3.980981848542e-05,39,454,43,8.869015920413485e-07,1.2120795060870799e-06,18.638320803642273,0.3943021893501282,-1.6345423468180116,-1.637273995271058,-1.7088362037276223,-1.6076825287037764,-1.5843766595695898,0.304760673737429,0.01392199548817656,0.046811016555969524,COMPLETE,15_1
10,-1.6397751515668433,2023-04-25 20:31:58.779200,2023-04-25 20:32:29.763888,0 days 00:00:30.984688,1.0119531387873173e-05,20,408,15,1.119481782106848e-07,1.9419216219177323e-05,7.515635013580322,0.2286509871482849,-1.6397751515668433,-1.6417820054019032,-1.7141538422887108,-1.6152563001932188,-1.58790845838354,0.3940001674476585,0.032747602755796135,0.04697750799655974,COMPLETE,15_1
11,-1.5389018426559897,2023-04-25 20:31:59.384576,2023-04-25 20:32:35.244786,0 days 00:00:35.860210,0.0035462186694890803,42,311,26,0.03339288536007522,2.4822685154757074e-06,8.713297307491302,0.24904578924179077,-1.5389018426559897,-1.7068465118967797,-1.5848503785413484,-1.2957493150714166,-1.5681611651144143,0.25943092919191113,0.01975808836278992,0.15024641384896606,COMPLETE,15_1
12,-1.9223549879016626,2023-04-25 20:32:05.500416,2023-04-25 20:32:13.945306,0 days 00:00:08.444890,0.28741517550413676,7,492,30,252099.7741280536,0.042201670321005906,2.089143693447113,0.020691990852355957,-1.9223549879016626,-1.6433542456916976,-1.7162538633523858,-1.6187825629943235,-2.7110292795682427,0.1164397379468317,0.0017435806898946841,0.4567500528719432,COMPLETE,15_1
13,-1.500234407769003,2023-04-25 20:32:13.947754,2023-04-25 20:32:48.998364,0 days 00:00:35.050610,0.6932163525150695,46,379,23,1.490933104366807e-07,7985203.4596266085,8.441338539123535,0.31586432456970215,-1.500234407769003,-1.5485013519044608,-1.5395102441884028,-1.3420665732937118,-1.5708594616894362,0.2498186484571606,0.03571974129244734,0.09202886955527334,COMPLETE,15_1
14,-1.6417805185952394,2023-04-25 20:32:29.765472,2023-04-25 20:32:35.340720,0 days 00:00:05.575248,0.8121057496445597,47,303,20,116211.58695984966,5660973.073425224,1.369008183479309,0.019963562488555908,-1.6417805185952394,-1.6433542456916976,-1.7162538633523858,-1.6187825629943235,-1.5887314023425503,0.13768078681957946,0.004713350176175336,0.04714835732372852,COMPLETE,15_1
15,-1.6417805185952394,2023-04-25 20:32:35.247353,2023-04-25 20:32:41.284580,0 days 00:00:06.037227,0.5744391879083414,32,345,17,3667748.7490056874,1122832.7903685768,1.48622727394104,0.017983555793762207,-1.6417805185952394,-1.6433542456916976,-1.7162538633523858,-1.6187825629943235,-1.5887314023425503,0.06960518257439902,0.0012500501247859515,0.04714835732372852,COMPLETE,15_1
16,-1.6095817367718346,2023-04-25 20:32:35.342405,2023-04-25 20:32:48.263954,0 days 00:00:12.921549,0.04799263658780566,31,165,18,1.2492460344083745e-05,8432510.667805025,3.1105799674987793,0.11555451154708862,-1.6095817367718346,-1.6075800908617786,-1.6820365369465653,-1.5787321686465408,-1.569978150632454,0.17499914694374152,0.018557383984097932,0.044084704102800465,COMPLETE,15_1
17,-1.6550341396950592,2023-04-25 20:32:41.286730,2023-04-25 20:33:04.859881,0 days 00:00:23.573151,0.04328482736056926,17,177,32,4.530973767349651e-05,41.99713679125889,5.710376262664795,0.1779555082321167,-1.6550341396950592,-1.9166533975146711,-1.7067062483189543,-1.3638038207193162,-1.632973092227295,0.2908359963553709,0.017365296126018285,0.19774758619121763,COMPLETE,15_1
18,-1.679299638428917,2023-04-25 20:32:48.265374,2023-04-25 20:33:12.411123,0 days 00:00:24.145749,0.059698657575406294,17,187,33,904.1172185752204,69.67448762857235,5.826892256736755,0.20393794775009155,-1.679299638428917,-1.8968857839125468,-1.747344561145397,-1.3027571558119626,-1.7702110528457615,0.10639878442054695,0.020713490616051267,0.224734826351261,COMPLETE,15_1
19,-1.6157999476342055,2023-04-25 20:32:48.999740,2023-04-25 20:33:33.912076,0 days 00:00:44.912336,0.1257093381582717,47,361,32,25.817354591268877,110894.60322180139,10.838818192481995,0.384297251701355,-1.6157999476342055,-1.7464896564259877,-1.700069931568969,-1.451511019401358,-1.565129183140508,0.18097311342136221,0.0432236243382752,0.11590902519942048,COMPLETE,15_1
20,-1.6201256817556895,2023-04-25 20:33:04.862371,2023-04-25 20:33:44.914947,0 days 00:00:40.052576,0.09261080951105544,47,396,23,11.179518724350935,98490.69032813108,9.67926687002182,0.32769864797592163,-1.6201256817556895,-1.7378213879823576,-1.7103919503869784,-1.4515815317594518,-1.5807078568939705,0.1936279089530402,0.03422139651008199,0.11397496866811765,COMPLETE,15_1
