number,value,datetime_start,datetime_complete,duration,params_learning_rate,params_max_depth,params_n_estimators,params_num_leaves,params_reg_alpha,params_reg_lambda,user_attrs_mean_fit_time,user_attrs_mean_score_time,user_attrs_mean_test_score,user_attrs_split0_test_score,user_attrs_split1_test_score,user_attrs_split2_test_score,user_attrs_split3_test_score,user_attrs_std_fit_time,user_attrs_std_score_time,user_attrs_std_test_score,state,key
14,-1.2782746009871258,2023-04-25 19:28:37.596123,2023-04-25 19:29:38.469905,0 days 00:01:00.873782,0.6341766314398452,30,382,23,0.032220333881862656,4.0301596060264756e-07,14.620018720626831,0.5905405282974243,-1.2782746009871258,-1.3432871506905086,-1.4574249060401325,-1.3473984867497113,-0.9649878604681498,0.8181879863482662,0.12419716949342725,0.1865798467060707,COMPLETE,13_0
15,-1.1052190059884115,2023-04-25 19:29:15.647800,2023-04-25 19:30:42.891039,0 days 00:01:27.243239,0.4683491488777632,30,379,21,0.004061783073508446,498052.2470989675,20.270270466804504,1.5306321382522583,-1.1052190059884115,-1.065778264471861,-1.1638154568503654,-1.2090007778382232,-0.9822815247931966,0.5198356710255618,0.18582732955097453,0.08785413563956865,COMPLETE,13_0
16,-1.032666046715569,2023-04-25 19:29:38.475361,2023-04-25 19:31:08.438304,0 days 00:01:29.962943,0.5908318388345518,29,359,35,0.015394483562267778,2650123.3241001554,21.0866801738739,1.3941876292228699,-1.032666046715569,-0.9730391347869809,-0.9762027214351923,-1.209080553656612,-0.9723417769834911,0.5411738341420653,0.15713961596515752,0.10186335394269257,COMPLETE,13_0
17,-1.0384455261610481,2023-04-25 19:30:07.396571,2023-04-25 19:31:18.707479,0 days 00:01:11.310908,0.2803111030815816,29,345,18,0.007805109055488521,1284189.4378503596,16.677341759204865,1.1418489813804626,-1.0384455261610481,-0.9777711466472612,-0.9911670320092921,-1.1990123736522242,-0.9858315523354145,0.22036499851307043,0.2653996022585887,0.09282588417787861,COMPLETE,13_0
18,-1.0394971022899817,2023-04-25 19:30:26.847619,2023-04-25 19:32:43.511176,0 days 00:02:16.663557,0.9417995834802796,26,485,38,6.14777381470967e-05,4191763.5346229356,32.19780075550079,1.9563714861869812,-1.0394971022899817,-1.0017218562847012,-0.9851380456609331,-1.2163525118612546,-0.9547759953530375,1.3215478101254876,0.37723113437695016,0.1034859629413615,COMPLETE,13_0
19,-1.0531085593105123,2023-04-25 19:30:42.895917,2023-04-25 19:32:18.058312,0 days 00:01:35.162395,0.16360302246469285,25,471,39,1.1119372695070923e-07,4467510.754884697,22.564987540245056,1.2166956067085266,-1.0531085593105123,-0.9568463631607889,-1.0159795181974924,-1.2268476514719646,-1.012760704411803,1.5492424181482394,0.14839746483174515,0.10302693536346827,COMPLETE,13_0
20,-1.0373444240078233,2023-04-25 19:31:08.442318,2023-04-25 19:33:21.828357,0 days 00:02:13.386039,0.9606942449188026,36,499,39,1.3340740715695798e-07,4987911.047907351,31.30395781993866,2.0317274928092957,-1.0373444240078233,-0.9927440457925164,-0.9808745820774366,-1.2155221263749267,-0.9602369417864131,0.7796057362215367,0.3174627724890588,0.1035264389177186,COMPLETE,13_0
21,-1.0887192310377007,2023-04-25 19:31:18.709731,2023-04-25 19:31:54.736661,0 days 00:00:36.026930,0.1649112337435158,39,218,35,0.1268210333117597,3961127.761468688,8.588883936405182,0.408610999584198,-1.0887192310377007,-0.9945432289638014,-1.0616323510732113,-1.2594685057556694,-1.0392328383581213,1.0049171758101196,0.08188865306326228,0.10149758163373106,COMPLETE,13_0
22,-1.1436669461952036,2023-04-25 19:31:54.742422,2023-04-25 19:32:40.470337,0 days 00:00:45.727915,0.102430008597203,27,335,39,3.228334163076995e-07,8352437.096517883,10.918660998344421,0.5040282011032104,-1.1436669461952036,-1.0367595609444116,-1.1325908304547225,-1.307577513040617,-1.0977398803410634,0.8637654366573078,0.16176553977211064,0.10065763590335942,COMPLETE,13_0
23,-1.194103096609727,2023-04-25 19:32:18.062113,2023-04-25 19:34:05.387308,0 days 00:01:47.325195,0.10193907472723486,39,331,39,0.14279405060288006,18650.089717829735,24.76430094242096,2.056228756904602,-1.194103096609727,-1.2636676192703868,-1.3459329529107058,-1.2022247195261266,-0.9645870947316894,0.6230694018277413,0.4242374578934086,0.1419815867940777,COMPLETE,13_0
24,-1.183301847989973,2023-04-25 19:32:40.475064,2023-04-25 19:34:32.912046,0 days 00:01:52.436982,0.47637829040150415,36,430,28,0.00012318964865684571,100041.10550629858,25.517079293727875,2.5824461579322815,-1.183301847989973,-1.1408728696054542,-1.3450421385994615,-1.240789672268532,-1.0065027114864442,0.2905041892030076,0.3026831687782578,0.12502292232014062,COMPLETE,13_0
25,-1.1770853310200489,2023-04-25 19:32:43.515274,2023-04-25 19:34:27.008686,0 days 00:01:43.493412,0.9387184108207687,37,422,27,0.23336361497768396,109622.37293440057,24.07280796766281,1.7908070087432861,-1.1770853310200489,-1.1074383139215516,-1.2663211483026984,-1.3085658900139367,-1.0260159718420085,1.3075815167992173,0.21359498487227674,0.11502480901161037,COMPLETE,13_0
26,-1.149212800414326,2023-04-25 19:33:21.832696,2023-04-25 19:35:22.579362,0 days 00:02:00.746666,0.10709800665177166,37,436,28,0.08272493667369173,98020.9959726548,28.08244675397873,2.0946664810180664,-1.149212800414326,-1.1353788085627166,-1.3029738529115082,-1.1847398020526883,-0.9737587381303915,1.7860653385731537,0.24705047265245628,0.11819489880377515,COMPLETE,13_0
27,-1.1800871249492115,2023-04-25 19:34:05.391898,2023-04-25 19:35:56.835881,0 days 00:01:51.443983,0.8342073947084377,37,438,27,1.6126783675146526e-06,113280.86541861741,25.629282414913177,2.2206143140792847,-1.1800871249492115,-1.1262136106849854,-1.3210235334010179,-1.2774132472605326,-0.9956981084503106,0.9777539372674265,0.3500077639700461,0.1286828565272608,COMPLETE,13_0
28,-1.2479849313039668,2023-04-25 19:34:27.012313,2023-04-25 19:34:58.132329,0 days 00:00:31.120016,0.0035097467934420185,36,202,43,2.5671884648599013e-06,279939.24770829023,7.435504734516144,0.3355555534362793,-1.2479849313039668,-1.132621622721265,-1.2620916933183668,-1.3940905938444692,-1.203135815331766,0.10128077828405775,0.06041458052598448,0.09600260612551836,COMPLETE,13_0
29,-1.203980691477621,2023-04-25 19:34:32.914173,2023-04-25 19:35:39.275790,0 days 00:01:06.361617,0.07680885534977645,42,190,43,1.6662985430497337e-06,2931.7725472685206,15.437936842441559,1.1425275802612305,-1.203980691477621,-1.266887504330356,-1.397446857955464,-1.2186110479401782,-0.932977355684486,0.7468328893626974,0.32115641684586327,0.16959015302793204,COMPLETE,13_0
30,-1.2249917592899806,2023-04-25 19:34:58.136889,2023-04-25 19:36:45.815028,0 days 00:01:47.678139,0.06598662338753136,7,385,42,0.0030373150918722005,1534.8921260884767,25.00726866722107,1.9022045731544495,-1.2249917592899806,-1.2416032851433658,-1.4560121021010062,-1.24681748519921,-0.9555341647163399,1.8625712536342518,0.2658018511945671,0.17799585610947435,COMPLETE,13_0
31,-1.1917063708652105,2023-04-25 19:35:22.583133,2023-04-25 19:37:08.953716,0 days 00:01:46.370583,0.043409085462307734,43,382,36,0.004149826459048674,3614.7541141716138,24.44443827867508,2.1388617753982544,-1.1917063708652105,-1.2632171542239363,-1.3927936484428989,-1.1961146141175927,-0.9147000666764131,1.301002868341229,0.3034597821206439,0.17485837877343313,COMPLETE,13_0
32,-1.1395255099218795,2023-04-25 19:35:39.281679,2023-04-25 19:37:43.319351,0 days 00:02:04.037672,0.002322750265504474,15,363,36,0.002243282977199755,386.6908511480527,29.734587013721466,1.2650554776191711,-1.1395255099218795,-1.1183904060681087,-1.2710164567464344,-1.237387031906492,-0.9313081449664828,0.8318156260426638,0.18847315927245345,0.13291718311211798,COMPLETE,13_0
33,-1.2388528741485456,2023-04-25 19:35:56.839776,2023-04-25 19:37:26.822739,0 days 00:01:29.982963,0.26657505525475855,13,373,35,0.0022188160177629046,2295.4300985529308,21.462521851062775,1.0233526229858398,-1.2388528741485456,-1.285586605820421,-1.4609247449814895,-1.2426400432975238,-0.9662601024947481,0.7899585635229391,0.17870095968575328,0.1773563639253501,COMPLETE,13_0
34,-1.0594723217157285,2023-04-25 19:36:45.818792,2023-04-25 19:38:57.777730,0 days 00:02:11.958938,0.2810178827728164,29,457,35,0.0008548595497287814,836890.1735422999,30.946453154087067,2.033963203430176,-1.0594723217157285,-1.02243326386744,-1.0511847915127595,-1.1843503092906829,-0.9799209221920312,1.1214086998215733,0.18103627637803651,0.07642563691279149,COMPLETE,13_0
35,-1.0513393512568128,2023-04-25 19:37:08.957673,2023-04-25 19:39:19.078869,0 days 00:02:10.121196,0.23027386333471922,29,497,32,0.0003106493029848793,859432.5556331977,30.042989313602448,2.4767326712608337,-1.0513393512568128,-1.0153641079612314,-1.0277581643378124,-1.1804537651773455,-0.9817813675508616,0.5953895297907796,0.3338450471896022,0.07641847859968999,COMPLETE,13_0
36,-1.0630543957461502,2023-04-25 19:37:26.826549,2023-04-25 19:39:35.625053,0 days 00:02:08.798504,0.29399155944465793,28,454,31,0.0002854309549908783,824224.4858773916,30.21954244375229,1.9686137437820435,-1.0630543957461502,-1.0256362740988945,-1.054688193072774,-1.1861204693719232,-0.9857726464410094,0.41630681235490935,0.3737092831476452,0.07514625145026803,COMPLETE,13_0
37,-1.0486256446047015,2023-04-25 19:37:43.323202,2023-04-25 19:40:20.372439,0 days 00:02:37.049237,0.2812501938641458,28,472,31,1.526478677032089e-05,1354203.4866093541,36.80318474769592,2.4480271339416504,-1.0486256446047015,-1.0069953198307515,-0.9996440428259742,-1.2038064358343996,-0.9840567799276806,11.813166388872867,0.19305127692597396,0.08997568769666192,COMPLETE,13_0
38,-1.0665906623800323,2023-04-25 19:38:57.782084,2023-04-25 19:41:30.523817,0 days 00:02:32.741733,0.2663620525197875,33,498,33,1.2452146123312325e-05,740172.3933158652,35.629106521606445,2.546482264995575,-1.0665906623800323,-1.0252958170576352,-1.0739616417076505,-1.1815461257112818,-0.9855590650435616,2.453051953991009,0.5600490862277403,0.07338336647880611,COMPLETE,13_0
39,-1.0746298961741676,2023-04-25 19:39:19.083853,2023-04-25 19:40:09.967552,0 days 00:00:50.883699,0.33008088087914883,33,302,30,1.556829714455022e-05,9035573.436604433,12.024978518486023,0.6854161620140076,-1.0746298961741676,-0.9853565683626466,-1.0421055589135937,-1.248773082622567,-1.0222843747978638,2.28069016910789,0.1323884269734787,0.1025834569598601,COMPLETE,13_0
40,-1.2685345089543698,2023-04-25 19:39:35.629210,2023-04-25 19:40:09.799835,0 days 00:00:34.170625,0.02428887321180895,32,305,23,1.2603026878880897e-05,8473882.382606542,8.177770733833313,0.3546033501625061,-1.2685345089543698,-1.1593465180671763,-1.277380200503179,-1.4176324981166772,-1.219778819130447,1.5946652059929565,0.040708427019855706,0.09566555189226769,COMPLETE,13_0
41,-1.2071769068224816,2023-04-25 19:40:09.804750,2023-04-25 19:41:41.823387,0 days 00:01:32.018637,0.0009860852756278767,21,402,15,9.245053247115957e-06,13830.052349771599,22.101265013217926,0.8912554383277893,-1.2071769068224816,-1.0904922433719835,-1.2318813009362906,-1.3515130165709448,-1.1548210664107073,1.4133061094406008,0.05517014449518488,0.09721067890878812,COMPLETE,13_0
42,-1.1733302477701453,2023-04-25 19:40:09.969798,2023-04-25 19:42:37.032799,0 days 00:02:27.063001,0.04828415217888583,23,405,45,0.017376559913154496,32528.69320663536,34.32506948709488,2.4300283789634705,-1.1733302477701453,-1.245928408943019,-1.2994111305731482,-1.1664221655272182,-0.9815592860371956,2.4037447283594715,0.4201480445806856,0.12040629694738,COMPLETE,13_0
43,-1.1270452254395187,2023-04-25 19:40:20.385088,2023-04-25 19:42:58.654911,0 days 00:02:38.269823,0.03460959175440571,24,407,47,0.02930602056615884,13972.93821287255,36.932736814022064,2.618969440460205,-1.1270452254395187,-1.2179091697863564,-1.1957271807218943,-1.1742295138671734,-0.9203150373826502,2.6344729941082843,0.29111533582665916,0.12035073233276128,COMPLETE,13_0
44,-1.221952429159568,2023-04-25 19:41:30.528946,2023-04-25 19:43:40.097126,0 days 00:02:09.568180,0.7913995828367855,22,399,46,8.303137608093423e-05,18853.13115693864,30.343633234500885,2.038107693195343,-1.221952429159568,-1.2124830994410618,-1.3463297891784018,-1.2443392535442106,-1.0846575744745974,1.5188253980238253,0.2482475590688875,0.09342168233280806,COMPLETE,13_0
45,-1.2219569103374988,2023-04-25 19:41:41.839003,2023-04-25 19:42:29.141244,0 days 00:00:47.302241,0.9017877234393767,25,124,47,9.288275025032547e-05,41792.58186887653,11.209305822849274,0.6057422161102295,-1.2219569103374988,-1.1760200927666729,-1.3951596452647579,-1.2481559836171985,-1.0684919197013665,0.727029574743066,0.041708177604842966,0.11868790311830538,COMPLETE,13_0
46,-1.091156209991244,2023-04-25 19:42:29.148871,2023-04-25 19:43:53.353457,0 days 00:01:24.204586,0.042092189735439704,24,458,41,0.0180474844466747,1904564.8868074468,20.160578727722168,0.8797536492347717,-1.091156209991244,-0.9959587237853132,-1.0602137378021426,-1.2532031524951877,-1.055249225882332,1.5400274107460081,0.17523410122961103,0.09691300357508244,COMPLETE,13_0
47,-1.052921880499162,2023-04-25 19:42:37.035026,2023-04-25 19:44:25.738291,0 days 00:01:48.703265,0.961191697782742,25,456,41,6.229702941082422e-05,2640541.635402283,25.43717259168625,1.7297659516334534,-1.052921880499162,-1.0315064662224798,-1.0087901047988452,-1.2197098258744146,-0.951681125100909,6.3877884285773145,0.3991761763434542,0.10059093258243026,COMPLETE,13_0
48,-1.0370291361139012,2023-04-25 19:42:58.660400,2023-04-25 19:43:45.815845,0 days 00:00:47.155445,0.619286918245086,17,465,5,7.176175057334556e-05,2216869.72548331,11.100819826126099,0.6772800087928772,-1.0370291361139012,-0.9529027652292248,-1.076806233258678,-1.1745609151830978,-0.9438466307846041,0.780071468597609,0.056548327861923216,0.09520692370945763,COMPLETE,13_0
49,-1.0674009257450847,2023-04-25 19:43:40.100840,2023-04-25 19:44:48.232418,0 days 00:01:08.131578,0.9421717270498948,19,459,41,0.0007384588390460914,2179639.5316721317,15.773419678211212,1.2493154406547546,-1.0674009257450847,-1.036029624303921,-1.052048712139213,-1.2247815229097898,-0.9567438436274147,4.214115102824801,0.12283354925075779,0.09776693101891433,COMPLETE,13_0
0,-2.404634099238953,2023-04-25 19:45:02.855343,2023-04-25 19:45:19.799189,0 days 00:00:16.943846,0.00013349698163557974,6,216,5,4.819430349425166e-05,7.554701994434293e-05,4.067418813705444,0.16518115997314453,-2.404634099238953,-2.387185002260638,-2.3856275758010894,-2.4559845286792936,-2.3897392902147914,0.2649245712489111,0.013733856602968438,0.029683500712206882,COMPLETE,13_1
1,-2.198378008729539,2023-04-25 19:45:02.857449,2023-04-25 19:45:38.253828,0 days 00:00:35.396379,0.7234405445919265,18,363,49,715.2412626710719,37567.76017499621,8.556991815567017,0.28907692432403564,-2.198378008729539,-2.3186411237790456,-1.6285274278855368,-2.133784539989623,-2.7125589432639505,0.6524961217587845,0.07521915291801055,0.38979072942163234,COMPLETE,13_1
2,-2.427971775385701,2023-04-25 19:45:02.858687,2023-04-25 19:45:17.595747,0 days 00:00:14.737060,0.7344016078487305,12,461,19,2896211.7485580756,3.0006733167780575e-06,3.649927854537964,0.03202486038208008,-2.427971775385701,-2.4134521136595946,-2.411840452316769,-2.478336715105522,-2.4082578204609177,0.13691773356661874,0.0022351604397669368,0.02913892299121745,COMPLETE,13_1
3,-2.427971775385701,2023-04-25 19:45:02.859830,2023-04-25 19:45:15.976740,0 days 00:00:13.116910,0.12870308017962434,20,406,7,4346214.592969822,74102.60975540572,3.2407302260398865,0.03565162420272827,-2.427971775385701,-2.4134521136595946,-2.411840452316769,-2.478336715105522,-2.4082578204609177,0.256551247848263,0.005594521196633094,0.02913892299121745,COMPLETE,13_1
4,-2.4226448000481717,2023-04-25 19:45:15.986689,2023-04-25 19:45:59.377499,0 days 00:00:43.390810,1.4765216097739993e-05,21,417,15,193.24161488342634,0.010997385760912068,10.426378190517426,0.4190264344215393,-2.4226448000481717,-2.4084655990253663,-2.405184878696279,-2.47308497201539,-2.4038437504556516,0.12461340363158786,0.04920769231553828,0.02917014316523987,COMPLETE,13_1
5,-2.2967114246011646,2023-04-25 19:45:17.597720,2023-04-25 19:45:52.930419,0 days 00:00:35.332699,0.2336620413564796,0,371,18,0.07434472247645256,0.00016327982507149862,8.499629318714142,0.3313000202178955,-2.2967114246011646,-2.4322433774347827,-1.6855600330895062,-2.1988821148966293,-2.8701601729837405,0.32183540215338347,0.0618743371666082,0.4272847336508582,COMPLETE,13_1
6,-2.0761887717069443,2023-04-25 19:45:19.802573,2023-04-25 19:46:07.001494,0 days 00:00:47.198921,0.01394067266136655,25,378,18,0.004830897880059423,1.1756655965490697e-05,11.206860959529877,0.5905591249465942,-2.0761887717069443,-2.1538562182688032,-1.6028948769851918,-1.9967990107474785,-2.551204980826303,0.1895173175978493,0.10143800630376928,0.33984646390232315,COMPLETE,13_1
7,-2.1229992966216247,2023-04-25 19:45:38.266968,2023-04-25 19:45:49.219139,0 days 00:00:10.952171,0.016749224046049383,42,38,46,0.00018455806094508592,0.01658691813490732,2.6676160097122192,0.06866270303726196,-2.1229992966216247,-2.1059724213397235,-1.9298055115210508,-2.1767660436896157,-2.2794532099361073,0.15014132093074503,0.002303108889910476,0.12745827078405023,COMPLETE,13_1
8,-1.9221854148164466,2023-04-25 19:45:49.220591,2023-04-25 19:47:24.178211,0 days 00:01:34.957620,0.35142316685766767,9,469,50,0.003102080776909134,2545730.6699172077,22.714725136756897,1.0216251015663147,-1.9221854148164466,-1.8550696757242708,-1.6588169818649883,-1.9573636201652993,-2.217491381511228,0.7316126295631605,0.059865747297631694,0.2014389324375387,COMPLETE,13_1
9,-2.4279677897439074,2023-04-25 19:45:52.933857,2023-04-25 19:46:00.913823,0 days 00:00:07.979966,1.933366198547516e-06,27,111,5,17.895317495371533,5624401.437826101,1.922060489654541,0.07063114643096924,-2.4279677897439074,-2.4134483852801116,-2.411835700875685,-2.4783328357285765,-2.4082542370912554,0.05345962412855869,0.007946417548992182,0.029138974812363584,COMPLETE,13_1
10,-1.9071382240193935,2023-04-25 19:45:59.379126,2023-04-25 19:46:50.562932,0 days 00:00:51.183806,0.9751243356162584,23,436,31,7679.3714201656085,9523442.324811047,12.008135199546814,0.7854479551315308,-1.9071382240193935,-1.7986841861717,-1.716993021052309,-1.998237220155416,-2.1146384686981494,0.7808784685680514,0.07251239747650771,0.1575379757198223,COMPLETE,13_1
11,-1.98755249538674,2023-04-25 19:46:00.915816,2023-04-25 19:46:36.519403,0 days 00:00:35.603587,0.009967836257639686,45,492,8,63.93457176482928,0.09316767497822531,8.46718168258667,0.43097424507141113,-1.98755249538674,-1.919440917579386,-1.6459124024543896,-1.9606042977954883,-2.4242523637176974,0.314734517164618,0.048485750344308035,0.2796382129126511,COMPLETE,13_1
12,-2.4279476116609047,2023-04-25 19:46:07.003152,2023-04-25 19:46:57.160283,0 days 00:00:50.157131,1.0629128060340551e-07,7,244,41,0.007001640386975071,0.0006275420646384226,12.190297961235046,0.346072793006897,-2.4279476116609047,-2.413427310889328,-2.4118090217603148,-2.478317637851089,-2.4082364761428874,0.5780087198123146,0.03976759613877087,0.029141729617019833,COMPLETE,13_1
13,-2.3009147609108505,2023-04-25 19:46:36.523599,2023-04-25 19:47:18.229840,0 days 00:00:41.706241,0.000791810739950655,44,217,36,1.4147051711098782e-07,9.451759455641401,10.085049569606781,0.33590251207351685,-2.3009147609108505,-2.2769609392382915,-2.2462313752938643,-2.3673867394404002,-2.3130799896708467,0.3437759931488254,0.02504292058408182,0.045084850436906,COMPLETE,13_1
14,-1.9293215968313413,2023-04-25 19:46:50.565274,2023-04-25 19:48:11.641344,0 days 00:01:21.076070,0.004897279855591864,38,494,36,6004.45835306217,62.00347325473485,19.232192277908325,1.0302038192749023,-1.9293215968313413,-1.8669901519922891,-1.6629586013822266,-2.022134527606249,-2.1652031063446007,0.4430262434492072,0.156013346795172,0.18647304162373612,COMPLETE,13_1
15,-1.9365321067886048,2023-04-25 19:46:57.164500,2023-04-25 19:47:58.805593,0 days 00:01:01.641093,0.0037756132500406272,37,500,33,22098.316184722076,42.17908726895987,14.716848731040955,0.6876030564308167,-1.9365321067886048,-1.8497718556336096,-1.7986906955796507,-2.028589475879874,-2.0690764000612845,0.5068907900725608,0.04418290050230413,0.11464090097748067,COMPLETE,13_1
16,-1.9531559337846487,2023-04-25 19:47:18.234777,2023-04-25 19:48:25.386407,0 days 00:01:07.151630,0.01671911253675547,34,489,29,8876.8979836273,17.34886911373315,15.971218228340149,0.8113065958023071,-1.9531559337846487,-1.9211805713268568,-1.5842870966789702,-1.9944305076469755,-2.3127255594857923,0.7455529637920353,0.05545873007441436,0.2588824776642772,COMPLETE,13_1
17,-2.1179672075636855,2023-04-25 19:47:24.180610,2023-04-25 19:47:51.438695,0 days 00:00:27.258085,0.07833596395360619,33,306,29,33787.84470763087,3724050.874199232,6.373780012130737,0.43544119596481323,-2.1179672075636855,-2.1030120444472526,-2.0367572532739007,-2.180452470146284,-2.1516470623873056,0.3201065924784127,0.15235184495720153,0.054445969181713676,COMPLETE,13_1
18,-2.0564299581212695,2023-04-25 19:47:51.440857,2023-04-25 19:49:20.866437,0 days 00:01:29.425580,0.002076360357970115,33,492,33,0.6716472056579437,205.35104211007777,21.612775146961212,0.7386138439178467,-2.0564299581212695,-2.0482525277786556,-1.8205209811091372,-2.091092398319147,-2.265853925278138,0.5089928308086576,0.0968196727914887,0.15872917074541754,COMPLETE,13_1
19,-2.3076589719132685,2023-04-25 19:47:58.811591,2023-04-25 19:48:42.212892,0 days 00:00:43.401301,0.7343837663216356,13,328,25,1.1738242873112923,3240.717347215358,10.423094511032104,0.40404820442199707,-2.3076589719132685,-2.4498183950808308,-1.7191764026905263,-2.26810103493902,-2.793540054942698,0.27450908916399214,0.10748271247650543,0.3886406737263367,COMPLETE,13_1
20,-2.2339699224808403,2023-04-25 19:48:11.644113,2023-04-25 19:48:50.395796,0 days 00:00:38.751683,0.9671191995727091,15,295,25,5.156379402106348,20420.6432389621,9.240671336650848,0.4414699673652649,-2.2339699224808403,-2.410217745204441,-1.6488397926558633,-2.1543717653901924,-2.7224503866728633,0.291964574308349,0.048359169795297766,0.39318875694546696,COMPLETE,13_1
